[90m2026-06-15T22:03:57+05:30[0m [32mINF[0m [1m🌸 Starting Kloset API Server...[0m
[90m2026-06-15T22:03:57+05:30[0m [32mINF[0m [1m✅ All critical configuration parameters verified.[0m
[90m2026-06-15T22:03:59+05:30[0m [32mINF[0m [1mConnected to PostgreSQL[0m [36mdb=[0mpostgres [36mhost=[0maws-1-ap-southeast-1.pooler.supabase.com
[90m2026-06-15T22:03:59+05:30[0m [32mINF[0m [1mRunning GORM auto-migrations...[0m

2026/06/15 22:03:59 [32mY:/swetha/Kloset/backend/cmd/server/main.go:69 [33mSLOW SQL >= 200ms
[0m[31;1m[259.871ms] [33m[rows:1][35m SELECT count(*) FROM information_schema.tables WHERE table_schema = CURRENT_SCHEMA() AND table_name = 'notifications' AND table_type = 'BASE TABLE'[0m

2026/06/15 22:04:01 [32mY:/swetha/Kloset/backend/cmd/server/main.go:69 [33mSLOW SQL >= 200ms
[0m[31;1m[1877.216ms] [33m[rows:1][35m SELECT CURRENT_DATABASE()[0m

2026/06/15 22:04:01 [32mY:/swetha/Kloset/backend/cmd/server/main.go:69 [33mSLOW SQL >= 200ms
[0m[31;1m[231.770ms] [33m[rows:-][35m SELECT c.column_name, c.is_nullable = 'YES', c.udt_name, c.character_maximum_length, c.numeric_precision, c.numeric_precision_radix, c.numeric_scale, c.datetime_precision, 8 * typlen, c.column_default, pd.description, c.identity_increment FROM information_schema.columns AS c JOIN pg_type AS pgt ON c.udt_name = pgt.typname LEFT JOIN pg_catalog.pg_description as pd ON pd.objsubid = c.ordinal_position AND pd.objoid = (SELECT oid FROM pg_catalog.pg_class WHERE relname = c.table_name AND relnamespace = (SELECT oid FROM pg_catalog.pg_namespace WHERE nspname = c.table_schema)) where table_catalog = 'postgres' AND table_schema = CURRENT_SCHEMA() AND table_name = 'notifications'[0m

2026/06/15 22:04:02 [32mY:/swetha/Kloset/backend/cmd/server/main.go:69 [33mSLOW SQL >= 200ms
[0m[31;1m[272.149ms] [33m[rows:-][35m SELECT constraint_name FROM information_schema.table_constraints tc JOIN information_schema.constraint_column_usage AS ccu USING (constraint_schema, constraint_catalog, table_name, constraint_name) JOIN information_schema.columns AS c ON c.table_schema = tc.constraint_schema AND tc.table_name = c.table_name AND ccu.column_name = c.column_name WHERE constraint_type IN ('PRIMARY KEY', 'UNIQUE') AND c.table_catalog = 'postgres' AND c.table_schema = CURRENT_SCHEMA() AND c.table_name = 'notifications' AND constraint_type = 'UNIQUE'[0m

2026/06/15 22:04:02 [32mY:/swetha/Kloset/backend/cmd/server/main.go:69 [33mSLOW SQL >= 200ms
[0m[31;1m[235.107ms] [33m[rows:-][35m SELECT c.column_name, constraint_name, constraint_type FROM information_schema.table_constraints tc JOIN information_schema.constraint_column_usage AS ccu USING (constraint_schema, constraint_catalog, table_name, constraint_name) JOIN information_schema.columns AS c ON c.table_schema = tc.constraint_schema AND tc.table_name = c.table_name AND ccu.column_name = c.column_name WHERE constraint_type IN ('PRIMARY KEY', 'UNIQUE') AND c.table_catalog = 'postgres' AND c.table_schema = CURRENT_SCHEMA() AND c.table_name = 'notifications'[0m

2026/06/15 22:04:04 [32mY:/swetha/Kloset/backend/cmd/server/main.go:69 [33mSLOW SQL >= 200ms
[0m[31;1m[734.127ms] [33m[rows:0][35m SELECT description FROM pg_catalog.pg_description WHERE objsubid = (SELECT ordinal_position FROM information_schema.columns WHERE table_schema = CURRENT_SCHEMA() AND table_name = 'notifications' AND column_name = 'is_read') AND objoid = (SELECT oid FROM pg_catalog.pg_class WHERE relname = 'notifications' AND relnamespace = (SELECT oid FROM pg_catalog.pg_namespace WHERE nspname = CURRENT_SCHEMA()))[0m

2026/06/15 22:04:04 [32m [33mSLOW SQL >= 200ms
[0m[31;1m[424.426ms] [33m[rows:1][35m SELECT CURRENT_DATABASE()[0m

2026/06/15 22:04:05 [32mY:/swetha/Kloset/backend/cmd/server/main.go:69 [33mSLOW SQL >= 200ms
[0m[31;1m[829.834ms] [33m[rows:0][35m SELECT description FROM pg_catalog.pg_description WHERE objsubid = (SELECT ordinal_position FROM information_schema.columns WHERE table_schema = CURRENT_SCHEMA() AND table_name = 'notifications' AND column_name = 'created_at') AND objoid = (SELECT oid FROM pg_catalog.pg_class WHERE relname = 'notifications' AND relnamespace = (SELECT oid FROM pg_catalog.pg_namespace WHERE nspname = CURRENT_SCHEMA()))[0m

2026/06/15 22:04:06 [32mY:/swetha/Kloset/backend/cmd/server/main.go:69 [33mSLOW SQL >= 200ms
[0m[31;1m[600.971ms] [33m[rows:1][35m SELECT count(*) FROM pg_indexes WHERE tablename = 'notifications' AND indexname = 'idx_notifications_is_read' AND schemaname = CURRENT_SCHEMA()[0m

2026/06/15 22:04:09 [32m [33mSLOW SQL >= 200ms
[0m[31;1m[205.208ms] [33m[rows:-][35m SELECT constraint_name FROM information_schema.table_constraints tc JOIN information_schema.constraint_column_usage AS ccu USING (constraint_schema, constraint_catalog, table_name, constraint_name) JOIN information_schema.columns AS c ON c.table_schema = tc.constraint_schema AND tc.table_name = c.table_name AND ccu.column_name = c.column_name WHERE constraint_type IN ('PRIMARY KEY', 'UNIQUE') AND c.table_catalog = 'postgres' AND c.table_schema = CURRENT_SCHEMA() AND c.table_name = 'system_logs' AND constraint_type = 'UNIQUE'[0m

2026/06/15 22:04:10 [32m [33mSLOW SQL >= 200ms
[0m[31;1m[782.530ms] [33m[rows:-][35m SELECT c.column_name, constraint_name, constraint_type FROM information_schema.table_constraints tc JOIN information_schema.constraint_column_usage AS ccu USING (constraint_schema, constraint_catalog, table_name, constraint_name) JOIN information_schema.columns AS c ON c.table_schema = tc.constraint_schema AND tc.table_name = c.table_name AND ccu.column_name = c.column_name WHERE constraint_type IN ('PRIMARY KEY', 'UNIQUE') AND c.table_catalog = 'postgres' AND c.table_schema = CURRENT_SCHEMA() AND c.table_name = 'system_logs'[0m

2026/06/15 22:04:10 [32m [33mSLOW SQL >= 200ms
[0m[31;1m[207.219ms] [33m[rows:-][35m SELECT a.attname as column_name, format_type(a.atttypid, a.atttypmod) AS data_type
		FROM pg_attribute a JOIN pg_class b ON a.attrelid = b.oid AND relnamespace = (SELECT oid FROM pg_catalog.pg_namespace WHERE nspname = CURRENT_SCHEMA())
		WHERE a.attnum > 0 -- hide internal columns
		AND NOT a.attisdropped -- hide deleted columns
		AND b.relname = 'system_logs'[0m

2026/06/15 22:04:12 [32mY:/swetha/Kloset/backend/cmd/server/main.go:69 [33mSLOW SQL >= 200ms
[0m[31;1m[1432.257ms] [33m[rows:0][35m SELECT description FROM pg_catalog.pg_description WHERE objsubid = (SELECT ordinal_position FROM information_schema.columns WHERE table_schema = CURRENT_SCHEMA() AND table_name = 'system_logs' AND column_name = 'timestamp') AND objoid = (SELECT oid FROM pg_catalog.pg_class WHERE relname = 'system_logs' AND relnamespace = (SELECT oid FROM pg_catalog.pg_namespace WHERE nspname = CURRENT_SCHEMA()))[0m

2026/06/15 22:04:12 [32m [33mSLOW SQL >= 200ms
[0m[31;1m[220.151ms] [33m[rows:1][35m SELECT CURRENT_DATABASE()[0m

2026/06/15 22:04:13 [32m [33mSLOW SQL >= 200ms
[0m[31;1m[266.171ms] [33m[rows:-][35m SELECT c.column_name, c.is_nullable = 'YES', c.udt_name, c.character_maximum_length, c.numeric_precision, c.numeric_precision_radix, c.numeric_scale, c.datetime_precision, 8 * typlen, c.column_default, pd.description, c.identity_increment FROM information_schema.columns AS c JOIN pg_type AS pgt ON c.udt_name = pgt.typname LEFT JOIN pg_catalog.pg_description as pd ON pd.objsubid = c.ordinal_position AND pd.objoid = (SELECT oid FROM pg_catalog.pg_class WHERE relname = c.table_name AND relnamespace = (SELECT oid FROM pg_catalog.pg_namespace WHERE nspname = c.table_schema)) where table_catalog = 'postgres' AND table_schema = CURRENT_SCHEMA() AND table_name = 'system_logs'[0m

2026/06/15 22:04:13 [32m [33mSLOW SQL >= 200ms
[0m[31;1m[331.163ms] [33m[rows:-][35m SELECT * FROM "system_logs" LIMIT 1[0m

2026/06/15 22:04:13 [32m [33mSLOW SQL >= 200ms
[0m[31;1m[211.514ms] [33m[rows:-][35m SELECT constraint_name FROM information_schema.table_constraints tc JOIN information_schema.constraint_column_usage AS ccu USING (constraint_schema, constraint_catalog, table_name, constraint_name) JOIN information_schema.columns AS c ON c.table_schema = tc.constraint_schema AND tc.table_name = c.table_name AND ccu.column_name = c.column_name WHERE constraint_type IN ('PRIMARY KEY', 'UNIQUE') AND c.table_catalog = 'postgres' AND c.table_schema = CURRENT_SCHEMA() AND c.table_name = 'system_logs' AND constraint_type = 'UNIQUE'[0m

2026/06/15 22:04:13 [32m [33mSLOW SQL >= 200ms
[0m[31;1m[277.547ms] [33m[rows:-][35m SELECT c.column_name, constraint_name, constraint_type FROM information_schema.table_constraints tc JOIN information_schema.constraint_column_usage AS ccu USING (constraint_schema, constraint_catalog, table_name, constraint_name) JOIN information_schema.columns AS c ON c.table_schema = tc.constraint_schema AND tc.table_name = c.table_name AND ccu.column_name = c.column_name WHERE constraint_type IN ('PRIMARY KEY', 'UNIQUE') AND c.table_catalog = 'postgres' AND c.table_schema = CURRENT_SCHEMA() AND c.table_name = 'system_logs'[0m

2026/06/15 22:04:14 [32m [33mSLOW SQL >= 200ms
[0m[31;1m[329.270ms] [33m[rows:-][35m SELECT a.attname as column_name, format_type(a.atttypid, a.atttypmod) AS data_type
		FROM pg_attribute a JOIN pg_class b ON a.attrelid = b.oid AND relnamespace = (SELECT oid FROM pg_catalog.pg_namespace WHERE nspname = CURRENT_SCHEMA())
		WHERE a.attnum > 0 -- hide internal columns
		AND NOT a.attisdropped -- hide deleted columns
		AND b.relname = 'system_logs'[0m

2026/06/15 22:04:14 [32mY:/swetha/Kloset/backend/cmd/server/main.go:69 [33mSLOW SQL >= 200ms
[0m[31;1m[207.770ms] [33m[rows:0][35m ALTER TABLE "system_logs" ALTER COLUMN "severity" TYPE varchar(20) USING "severity"::varchar(20)[0m

2026/06/15 22:04:15 [32mY:/swetha/Kloset/backend/cmd/server/main.go:69 [33mSLOW SQL >= 200ms
[0m[31;1m[744.044ms] [33m[rows:0][35m SELECT description FROM pg_catalog.pg_description WHERE objsubid = (SELECT ordinal_position FROM information_schema.columns WHERE table_schema = CURRENT_SCHEMA() AND table_name = 'system_logs' AND column_name = 'severity') AND objoid = (SELECT oid FROM pg_catalog.pg_class WHERE relname = 'system_logs' AND relnamespace = (SELECT oid FROM pg_catalog.pg_namespace WHERE nspname = CURRENT_SCHEMA()))[0m

2026/06/15 22:04:17 [32mY:/swetha/Kloset/backend/cmd/server/main.go:69 [33mSLOW SQL >= 200ms
[0m[31;1m[312.562ms] [33m[rows:1][35m SELECT count(*) FROM information_schema.tables WHERE table_schema = CURRENT_SCHEMA() AND table_name = 'otp_verifications' AND table_type = 'BASE TABLE'[0m

2026/06/15 22:04:19 [32mY:/swetha/Kloset/backend/cmd/server/main.go:69 [33mSLOW SQL >= 200ms
[0m[31;1m[230.150ms] [33m[rows:1][35m SELECT CURRENT_DATABASE()[0m

2026/06/15 22:04:21 [32mY:/swetha/Kloset/backend/cmd/server/main.go:69 [33mSLOW SQL >= 200ms
[0m[31;1m[353.390ms] [33m[rows:-][35m SELECT a.attname as column_name, format_type(a.atttypid, a.atttypmod) AS data_type
		FROM pg_attribute a JOIN pg_class b ON a.attrelid = b.oid AND relnamespace = (SELECT oid FROM pg_catalog.pg_namespace WHERE nspname = CURRENT_SCHEMA())
		WHERE a.attnum > 0 -- hide internal columns
		AND NOT a.attisdropped -- hide deleted columns
		AND b.relname = 'ai_cache'[0m

2026/06/15 22:04:22 [32mY:/swetha/Kloset/backend/cmd/server/main.go:69 [33mSLOW SQL >= 200ms
[0m[31;1m[225.124ms] [33m[rows:1][35m SELECT CURRENT_DATABASE()[0m

2026/06/15 22:04:25 [32mY:/swetha/Kloset/backend/cmd/server/main.go:69 [33mSLOW SQL >= 200ms
[0m[31;1m[954.561ms] [33m[rows:0][35m SELECT description FROM pg_catalog.pg_description WHERE objsubid = (SELECT ordinal_position FROM information_schema.columns WHERE table_schema = CURRENT_SCHEMA() AND table_name = 'users' AND column_name = 'created_at') AND objoid = (SELECT oid FROM pg_catalog.pg_class WHERE relname = 'users' AND relnamespace = (SELECT oid FROM pg_catalog.pg_namespace WHERE nspname = CURRENT_SCHEMA()))[0m

2026/06/15 22:04:26 [32m [33mSLOW SQL >= 200ms
[0m[31;1m[842.246ms] [33m[rows:-][35m SELECT constraint_name FROM information_schema.table_constraints tc JOIN information_schema.constraint_column_usage AS ccu USING (constraint_schema, constraint_catalog, table_name, constraint_name) JOIN information_schema.columns AS c ON c.table_schema = tc.constraint_schema AND tc.table_name = c.table_name AND ccu.column_name = c.column_name WHERE constraint_type IN ('PRIMARY KEY', 'UNIQUE') AND c.table_catalog = 'postgres' AND c.table_schema = CURRENT_SCHEMA() AND c.table_name = 'users' AND constraint_type = 'UNIQUE'[0m

2026/06/15 22:04:27 [32mY:/swetha/Kloset/backend/cmd/server/main.go:69 [33mSLOW SQL >= 200ms
[0m[31;1m[493.567ms] [33m[rows:0][35m SELECT description FROM pg_catalog.pg_description WHERE objsubid = (SELECT ordinal_position FROM information_schema.columns WHERE table_schema = CURRENT_SCHEMA() AND table_name = 'users' AND column_name = 'updated_at') AND objoid = (SELECT oid FROM pg_catalog.pg_class WHERE relname = 'users' AND relnamespace = (SELECT oid FROM pg_catalog.pg_namespace WHERE nspname = CURRENT_SCHEMA()))[0m

2026/06/15 22:04:32 [32mY:/swetha/Kloset/backend/cmd/server/main.go:69 [33mSLOW SQL >= 200ms
[0m[31;1m[913.068ms] [33m[rows:0][35m SELECT description FROM pg_catalog.pg_description WHERE objsubid = (SELECT ordinal_position FROM information_schema.columns WHERE table_schema = CURRENT_SCHEMA() AND table_name = 'user_addresses' AND column_name = 'created_at') AND objoid = (SELECT oid FROM pg_catalog.pg_class WHERE relname = 'user_addresses' AND relnamespace = (SELECT oid FROM pg_catalog.pg_namespace WHERE nspname = CURRENT_SCHEMA()))[0m
[90m2026-06-15T22:04:32+05:30[0m [32mINF[0m [1m🚀 Starting background Email Retry Worker...[0m
[90m2026-06-15T22:04:32+05:30[0m [32mINF[0m [1m🤖 AI Stylist service initialized[0m
[90m2026-06-15T22:04:32+05:30[0m [32mINF[0m [1m🚀 Kloset API is running[0m [36menv=[0mdevelopment [36mport=[0m8085
[90m2026-06-15T22:04:32+05:30[0m [31mFTL[0m [1mServer failed to start[0m [36merror=[0m[31m[1m"failed to listen: listen tcp4 :8085: bind: Only one usage of each socket address (protocol/network address/port) is normally permitted."[0m[0m
exit status 1
