▲ Next.js 16.2.6 (Turbopack)
- Local:         http://localhost:3000
- Network:       http://10.220.85.202:3000
- Environments: .env.local
✓ Ready in 1119ms
[@sentry/nextjs] DEPRECATION WARNING: disableLogger is deprecated and will be removed in a future version. Use webpack.treeshake.removeDebugLogging instead. (Not supported with Turbopack.)
[@sentry/nextjs] DEPRECATION WARNING: automaticVercelMonitors is deprecated and will be removed in a future version. Use webpack.automaticVercelMonitors instead. (Not supported with Turbopack.)
⚠ The "middleware" file convention is deprecated. Please use "proxy" instead. Learn more: https://nextjs.org/docs/messages/middleware-to-proxy
- Experiments (use with caution):
  · clientTraceMetadata

 GET / 200 in 3.5s (next.js: 3.0s, application-code: 417ms)
 GET / 200 in 670ms (next.js: 15ms, application-code: 655ms)
 GET / 200 in 338ms (next.js: 19ms, application-code: 319ms)
 GET /api/admin/health 404 in 2.5s (next.js: 1606ms, application-code: 884ms)
 POST /api/auth/login 404 in 2.2s (next.js: 1420ms, application-code: 791ms)
 GET /cart 404 in 2.2s (next.js: 1603ms, application-code: 621ms)
 GET /discover 200 in 2.5s (next.js: 2.0s, application-code: 513ms)
 GET /login 200 in 3.0s (next.js: 2.3s, proxy.ts: 351ms, application-code: 403ms)
 POST /api/seller/listings 404 in 152ms (next.js: 17ms, application-code: 135ms)
 GET /discover 200 in 190ms (next.js: 29ms, application-code: 161ms)
 GET /login 200 in 158ms (next.js: 16ms, proxy.ts: 16ms, application-code: 127ms)
 POST /api/auth/login 404 in 281ms (next.js: 17ms, application-code: 264ms)
 GET /api/aiops/health 404 in 148ms (next.js: 20ms, application-code: 128ms)
 GET /auth/login?redirect=%2Fadmin 200 in 1485ms (next.js: 1188ms, proxy.ts: 25ms, application-code: 271ms)
 GET /auth/login?redirect=%2Fseller 200 in 1049ms (next.js: 738ms, proxy.ts: 76ms, application-code: 235ms)
  Reload env: .env.local
  Reload env: .env.local
 GET / 200 in 5.3s (next.js: 1577ms, application-code: 3.7s)
 GET /api/aiops/health 200 in 3.9s (next.js: 3.9s, application-code: 52ms)
 POST /api/auth/login 200 in 4.0s (next.js: 4.0s, application-code: 20ms)
 GET /api/admin/health 200 in 4.1s (next.js: 4.1s, application-code: 51ms)
○ Compiling /api/aiops/health ...
 GET /discover 200 in 6.3s (next.js: 1111ms, application-code: 5.1s)
 GET /login 200 in 8.3s (next.js: 3.0s, proxy.ts: 886ms, application-code: 4.4s)
 GET /cart 200 in 7.4s (next.js: 4.9s, application-code: 2.5s)
 GET /auth/login?redirect=%2Fadmin 200 in 7.4s (next.js: 5.7s, proxy.ts: 186ms, application-code: 1542ms)
 GET /auth/login?redirect=%2Fseller 200 in 7.5s (next.js: 5.9s, proxy.ts: 159ms, application-code: 1456ms)
 POST /api/aiops 200 in 469ms (next.js: 450ms, application-code: 19ms)
 POST /api/seller/listings 201 in 516ms (next.js: 493ms, application-code: 22ms)
 GET / 200 in 736ms (next.js: 11ms, application-code: 726ms)
 GET /discover 200 in 548ms (next.js: 37ms, application-code: 511ms)
 POST /api/aiops 200 in 116ms (next.js: 83ms, application-code: 32ms)
 GET /discover?sort=newest 200 in 421ms (next.js: 71ms, application-code: 350ms)
[browser] Could not load trending outfits, using fallbacks. AxiosError: Network Error
    at async Object.getTrending (lib/api.ts:285:22)
    at async loadData (app/page.tsx:157:27)
  283 |
  284 |   getTrending: async (limit = 12): Promise<Outfit[]> => {
> 285 |     const { data } = await client.get<APIResponse<Outfit[]>>(`/outfits/trending?limit=${l...
      |                      ^
  286 |     return data.data || [];
  287 |   },
  288 | (app/page.tsx:162:17)
[browser] API error browsing outfits, using mock fallback list AxiosError: Network Error
    at async Object.browse (lib/api.ts:275:22)
    at async DiscoverContent.useCallback[fetchOutfits] (app/discover/page.tsx:83:20)
    at async init (app/discover/page.tsx:95:7)
  273 |       });
  274 |     }
> 275 |     const { data } = await client.get<APIResponse<Outfit[]>>(`/outfits?${params.toString(...
      |                      ^
  276 |     return { outfits: data.data || [], meta: data.meta || { page: 1, per_page: 20, total:...
  277 |   },
  278 | (app/discover/page.tsx:86:15)
[browser] Could not load new arrivals, using fallbacks. AxiosError: Network Error
    at async Object.browse (lib/api.ts:275:22)
    at async loadData (app/page.tsx:166:30)
  273 |       });
  274 |     }
> 275 |     const { data } = await client.get<APIResponse<Outfit[]>>(`/outfits?${params.toString(...
      |                      ^
  276 |     return { outfits: data.data || [], meta: data.meta || { page: 1, per_page: 20, total:...
  277 |   },
  278 | (app/page.tsx:171:17)
 GET /robots.txt 404 in 447ms (next.js: 150ms, application-code: 297ms)
⨯ Error: ENOENT: no such file or directory, open 'Y:\swetha\Kloset\frontend\.next\dev\server\app\discover\page\build-manifest.json'
    at ignore-listed frames {
  errno: -4058,
  code: 'ENOENT',
  syscall: 'open',
  path: 'Y:\\swetha\\Kloset\\frontend\\.next\\dev\\server\\app\\discover\\page\\build-manifest.json'
}

thread 'tokio-runtime-worker' (32476) panicked at turbopack\crates\turbo-tasks-backend\src\backend\operation\mod.rs:197:17:
Failed to restore task data (corrupted database or bug): Data for TaskId 468569)

Caused by:
    0: Looking up task storage for TaskId 468569 from database failed
    1: Unable to open static sorted file referenced from 00000417.meta
    2: Unable to open static sorted file 00000408.sst
    3: Failed to open SST file Y:\swetha\Kloset\frontend\.next\dev\cache/turbopack\ee6e79b1\00000408.sst
    4: The system cannot find the path specified. (os error 3)
note: run with `RUST_BACKTRACE=1` environment variable to display a backtrace

-----
[1m[31mFATAL[39m[0m: An unexpected Turbopack error occurred. A panic log has been written to C:\Users\alany\AppData\Local\Temp\next-panic-833027b06ee2d0d423d67ba65ae2d637.log.

To help make Turbopack better, report this error by ]8;;https://bugs.nextjs.org/search?category=turbopack-error-report&title=Turbopack%20Error%3A%20Failed%20to%20restore%20task%20data%20%28corrupted%20database%20or%20bug%29%3A%20Data%20for%20TaskId%20468569%29&body=Turbopack%20version%3A%20%60ee6e79b1%60%0ANext.js%20version%3A%20%600.0.0%60%0A%0AError%20message%3A%0A%60%60%60%0AFailed%20to%20restore%20task%20data%20%28corrupted%20database%20or%20bug%29%3A%20Data%20for%20TaskId%20468569%29%0A%0ADebug%20info%3A%0A-%20Execution%20of%20get_written_endpoint_with_issues_operation%20failed%0A-%20Execution%20of%20endpoint_write_to_disk%20failed%0A-%20Failed%20to%20restore%20task%20data%20%28corrupted%20database%20or%20bug%29%3A%20Data%20for%20TaskId%20468569%29%0A%20%20%0A%20%20Caused%20by%3A%0A%20%20%20%20%20%200%3A%20Looking%20up%20task%20storage%20for%20TaskId%20468569%20from%20database%20failed%0A%20%20%20%20%20%201%3A%20Unable%20to%20open%20static%20sorted%20file%20referenced%20from%2000000417.meta%0A%20%20%20%20%20%202%3A%20Unable%20to%20open%20static%20sorted%20file%2000000408.sst%0A%20%20%20%20%20%203%3A%20Failed%20to%20open%20SST%20file%20Y%3A%5Cswetha%5CKloset%5Cfrontend%5C.next%5Cdev%5Ccache%2Fturbopack%5Cee6e79b1%5C00000408.sst%0A%20%20%20%20%20%204%3A%20The%20system%20cannot%20find%20the%20path%20specified.%20%28os%20error%203%29%0A%60%60%60&labels=Turbopack,Turbopack%20Panic%20Backtrace\clicking here.]8;;\
-----

⨯ Error [TurbopackInternalError]: Failed to restore task data (corrupted database or bug): Data for TaskId 468569)

Debug info:
- Execution of get_written_endpoint_with_issues_operation failed
- Execution of endpoint_write_to_disk failed
- Failed to restore task data (corrupted database or bug): Data for TaskId 468569)
  
  Caused by:
      0: Looking up task storage for TaskId 468569 from database failed
      1: Unable to open static sorted file referenced from 00000417.meta
      2: Unable to open static sorted file 00000408.sst
      3: Failed to open SST file Y:\swetha\Kloset\frontend\.next\dev\cache/turbopack\ee6e79b1\00000408.sst
      4: The system cannot find the path specified. (os error 3)
    at <unknown> (TurbopackInternalError: Failed to restore task data (corrupted database or bug): Data for TaskId 468569)) {
  location: 'turbopack\\crates\\turbo-tasks-backend\\src\\backend\\operation\\mod.rs:197:17'
}
Error: ENOENT: no such file or directory, open 'Y:\swetha\Kloset\frontend\.next\dev\server\app\discover\page\build-manifest.json'
    at ignore-listed frames {
  errno: -4058,
  code: 'ENOENT',
  syscall: 'open',
  path: 'Y:\\swetha\\Kloset\\frontend\\.next\\dev\\server\\app\\discover\\page\\build-manifest.json'
}
⨯ Error [TurbopackInternalError]: Failed to restore task data (corrupted database or bug): Data for TaskId 468569)

Debug info:
- Execution of get_written_endpoint_with_issues_operation failed
- Execution of endpoint_write_to_disk failed
- Failed to restore task data (corrupted database or bug): Data for TaskId 468569)
  
  Caused by:
      0: Looking up task storage for TaskId 468569 from database failed
      1: Unable to open static sorted file referenced from 00000417.meta
      2: Unable to open static sorted file 00000408.sst
      3: Failed to open SST file Y:\swetha\Kloset\frontend\.next\dev\cache/turbopack\ee6e79b1\00000408.sst
      4: The system cannot find the path specified. (os error 3)
    at <unknown> (TurbopackInternalError: Failed to restore task data (corrupted database or bug): Data for TaskId 468569)) {
  location: 'turbopack\\crates\\turbo-tasks-backend\\src\\backend\\operation\\mod.rs:197:17'
}
Error [TurbopackInternalError]: Failed to restore task data (corrupted database or bug): Data for TaskId 468569)

Debug info:
- Execution of get_written_endpoint_with_issues_operation failed
- Execution of endpoint_write_to_disk failed
- Failed to restore task data (corrupted database or bug): Data for TaskId 468569)
  
  Caused by:
      0: Looking up task storage for TaskId 468569 from database failed
      1: Unable to open static sorted file referenced from 00000417.meta
      2: Unable to open static sorted file 00000408.sst
      3: Failed to open SST file Y:\swetha\Kloset\frontend\.next\dev\cache/turbopack\ee6e79b1\00000408.sst
      4: The system cannot find the path specified. (os error 3)
    at <unknown> (TurbopackInternalError: Failed to restore task data (corrupted database or bug): Data for TaskId 468569)) {
  location: 'turbopack\\crates\\turbo-tasks-backend\\src\\backend\\operation\\mod.rs:197:17'
}
⨯ Error: ENOENT: no such file or directory, open 'Y:\swetha\Kloset\frontend\.next\dev\server\app\_not-found\page\build-manifest.json'
    at ignore-listed frames {
  errno: -4058,
  code: 'ENOENT',
  syscall: 'open',
  path: 'Y:\\swetha\\Kloset\\frontend\\.next\\dev\\server\\app\\_not-found\\page\\build-manifest.json'
}
Error [TurbopackInternalError]: Failed to restore task data (corrupted database or bug): Data for TaskId 468569)

Debug info:
- Execution of get_written_endpoint_with_issues_operation failed
- Execution of endpoint_write_to_disk failed
- Failed to restore task data (corrupted database or bug): Data for TaskId 468569)
  
  Caused by:
      0: Looking up task storage for TaskId 468569 from database failed
      1: Unable to open static sorted file referenced from 00000417.meta
      2: Unable to open static sorted file 00000408.sst
      3: Failed to open SST file Y:\swetha\Kloset\frontend\.next\dev\cache/turbopack\ee6e79b1\00000408.sst
      4: The system cannot find the path specified. (os error 3)
    at <unknown> (TurbopackInternalError: Failed to restore task data (corrupted database or bug): Data for TaskId 468569)) {
  location: 'turbopack\\crates\\turbo-tasks-backend\\src\\backend\\operation\\mod.rs:197:17'
}
⨯ Error [TurbopackInternalError]: Failed to restore task data (corrupted database or bug): Data for TaskId 468569)

Debug info:
- Execution of get_written_endpoint_with_issues_operation failed
- Execution of endpoint_write_to_disk failed
- Failed to restore task data (corrupted database or bug): Data for TaskId 468569)
  
  Caused by:
      0: Looking up task storage for TaskId 468569 from database failed
      1: Unable to open static sorted file referenced from 00000417.meta
      2: Unable to open static sorted file 00000408.sst
      3: Failed to open SST file Y:\swetha\Kloset\frontend\.next\dev\cache/turbopack\ee6e79b1\00000408.sst
      4: The system cannot find the path specified. (os error 3)
    at <unknown> (TurbopackInternalError: Failed to restore task data (corrupted database or bug): Data for TaskId 468569)) {
  location: 'turbopack\\crates\\turbo-tasks-backend\\src\\backend\\operation\\mod.rs:197:17'
}
Error [TurbopackInternalError]: Failed to restore task data (corrupted database or bug): Data for TaskId 468569)

Debug info:
- Execution of get_written_endpoint_with_issues_operation failed
- Execution of endpoint_write_to_disk failed
- Failed to restore task data (corrupted database or bug): Data for TaskId 468569)
  
  Caused by:
      0: Looking up task storage for TaskId 468569 from database failed
      1: Unable to open static sorted file referenced from 00000417.meta
      2: Unable to open static sorted file 00000408.sst
      3: Failed to open SST file Y:\swetha\Kloset\frontend\.next\dev\cache/turbopack\ee6e79b1\00000408.sst
      4: The system cannot find the path specified. (os error 3)
    at <unknown> (TurbopackInternalError: Failed to restore task data (corrupted database or bug): Data for TaskId 468569)) {
  location: 'turbopack\\crates\\turbo-tasks-backend\\src\\backend\\operation\\mod.rs:197:17'
}
Persisting failed: Unable to write SST file 00000425.sst

Caused by:
    The system cannot find the path specified. (os error 3)
Compaction failed: Another write batch or compaction is already active (Only a single write operations is allowed at a time)
Persisting failed: Another write batch or compaction is already active (Only a single write operations is allowed at a time)
Compaction failed: Another write batch or compaction is already active (Only a single write operations is allowed at a time)
Persisting failed: Another write batch or compaction is already active (Only a single write operations is allowed at a time)
Compaction failed: Another write batch or compaction is already active (Only a single write operations is allowed at a time)
Persisting failed: Another write batch or compaction is already active (Only a single write operations is allowed at a time)
Compaction failed: Another write batch or compaction is already active (Only a single write operations is allowed at a time)
Persisting failed: Another write batch or compaction is already active (Only a single write operations is allowed at a time)
Persisting failed: Another write batch or compaction is already active (Only a single write operations is allowed at a time)
Compaction failed: Another write batch or compaction is already active (Only a single write operations is allowed at a time)
⨯ Error: ENOENT: no such file or directory, open 'Y:\swetha\Kloset\frontend\.next\dev\server\app\page\build-manifest.json'
    at ignore-listed frames {
  errno: -4058,
  code: 'ENOENT',
  syscall: 'open',
  path: 'Y:\\swetha\\Kloset\\frontend\\.next\\dev\\server\\app\\page\\build-manifest.json'
}

-----
[1m[31mFATAL[39m[0m: An unexpected Turbopack error occurred. A panic log has been written to C:\Users\alany\AppData\Local\Temp\next-panic-833027b06ee2d0d423d67ba65ae2d637.log.

To help make Turbopack better, report this error by ]8;;https://bugs.nextjs.org/search?category=turbopack-error-report&title=Turbopack%20Error%3A%20Failed%20to%20restore%20task%20data%20%28corrupted%20database%20or%20bug%29%3A%20Data%20for%20TaskId%20468569%29&body=Turbopack%20version%3A%20%60ee6e79b1%60%0ANext.js%20version%3A%20%600.0.0%60%0A%0AError%20message%3A%0A%60%60%60%0AFailed%20to%20restore%20task%20data%20%28corrupted%20database%20or%20bug%29%3A%20Data%20for%20TaskId%20468569%29%0A%0ADebug%20info%3A%0A-%20Execution%20of%20get_written_endpoint_with_issues_operation%20failed%0A-%20Execution%20of%20endpoint_write_to_disk%20failed%0A-%20Failed%20to%20restore%20task%20data%20%28corrupted%20database%20or%20bug%29%3A%20Data%20for%20TaskId%20468569%29%0A%20%20%0A%20%20Caused%20by%3A%0A%20%20%20%20%20%200%3A%20Looking%20up%20task%20storage%20for%20TaskId%20468569%20from%20database%20failed%0A%20%20%20%20%20%201%3A%20Unable%20to%20open%20static%20sorted%20file%20referenced%20from%2000000417.meta%0A%20%20%20%20%20%202%3A%20Unable%20to%20open%20static%20sorted%20file%2000000408.sst%0A%20%20%20%20%20%203%3A%20Failed%20to%20open%20SST%20file%20Y%3A%5Cswetha%5CKloset%5Cfrontend%5C.next%5Cdev%5Ccache%2Fturbopack%5Cee6e79b1%5C00000408.sst%0A%20%20%20%20%20%204%3A%20The%20system%20cannot%20find%20the%20path%20specified.%20%28os%20error%203%29%0A%60%60%60&labels=Turbopack,Turbopack%20Panic%20Backtrace\clicking here.]8;;\
-----

⨯ Error [TurbopackInternalError]: Failed to restore task data (corrupted database or bug): Data for TaskId 468569)

Debug info:
- Execution of get_written_endpoint_with_issues_operation failed
- Execution of endpoint_write_to_disk failed
- Failed to restore task data (corrupted database or bug): Data for TaskId 468569)
  
  Caused by:
      0: Looking up task storage for TaskId 468569 from database failed
      1: Unable to open static sorted file referenced from 00000417.meta
      2: Unable to open static sorted file 00000408.sst
      3: Failed to open SST file Y:\swetha\Kloset\frontend\.next\dev\cache/turbopack\ee6e79b1\00000408.sst
      4: The system cannot find the path specified. (os error 3)
    at <unknown> (TurbopackInternalError: Failed to restore task data (corrupted database or bug): Data for TaskId 468569)) {
  location: 'turbopack\\crates\\turbo-tasks-backend\\src\\backend\\operation\\mod.rs:197:17'
}
Error: ENOENT: no such file or directory, open 'Y:\swetha\Kloset\frontend\.next\dev\server\app\page\build-manifest.json'
    at ignore-listed frames {
  errno: -4058,
  code: 'ENOENT',
  syscall: 'open',
  path: 'Y:\\swetha\\Kloset\\frontend\\.next\\dev\\server\\app\\page\\build-manifest.json'
}
⨯ Error: ENOENT: no such file or directory, open 'Y:\swetha\Kloset\frontend\.next\dev\server\app\discover\page\build-manifest.json'
    at ignore-listed frames {
  errno: -4058,
  code: 'ENOENT',
  syscall: 'open',
  path: 'Y:\\swetha\\Kloset\\frontend\\.next\\dev\\server\\app\\discover\\page\\build-manifest.json'
}
⨯ Error [TurbopackInternalError]: Failed to restore task data (corrupted database or bug): Data for TaskId 468569)

Debug info:
- Execution of get_written_endpoint_with_issues_operation failed
- Execution of endpoint_write_to_disk failed
- Failed to restore task data (corrupted database or bug): Data for TaskId 468569)
  
  Caused by:
      0: Looking up task storage for TaskId 468569 from database failed
      1: Unable to open static sorted file referenced from 00000417.meta
      2: Unable to open static sorted file 00000408.sst
      3: Failed to open SST file Y:\swetha\Kloset\frontend\.next\dev\cache/turbopack\ee6e79b1\00000408.sst
      4: The system cannot find the path specified. (os error 3)
    at <unknown> (TurbopackInternalError: Failed to restore task data (corrupted database or bug): Data for TaskId 468569)) {
  location: 'turbopack\\crates\\turbo-tasks-backend\\src\\backend\\operation\\mod.rs:197:17'
}
⨯ Error [TurbopackInternalError]: Failed to restore task data (corrupted database or bug): Data for TaskId 468569)

Debug info:
- Execution of get_written_endpoint_with_issues_operation failed
- Execution of endpoint_write_to_disk failed
- Failed to restore task data (corrupted database or bug): Data for TaskId 468569)
  
  Caused by:
      0: Looking up task storage for TaskId 468569 from database failed
      1: Unable to open static sorted file referenced from 00000417.meta
      2: Unable to open static sorted file 00000408.sst
      3: Failed to open SST file Y:\swetha\Kloset\frontend\.next\dev\cache/turbopack\ee6e79b1\00000408.sst
      4: The system cannot find the path specified. (os error 3)
    at <unknown> (TurbopackInternalError: Failed to restore task data (corrupted database or bug): Data for TaskId 468569)) {
  location: 'turbopack\\crates\\turbo-tasks-backend\\src\\backend\\operation\\mod.rs:197:17'
}
Error [TurbopackInternalError]: Failed to restore task data (corrupted database or bug): Data for TaskId 468569)

Debug info:
- Execution of get_written_endpoint_with_issues_operation failed
- Execution of endpoint_write_to_disk failed
- Failed to restore task data (corrupted database or bug): Data for TaskId 468569)
  
  Caused by:
      0: Looking up task storage for TaskId 468569 from database failed
      1: Unable to open static sorted file referenced from 00000417.meta
      2: Unable to open static sorted file 00000408.sst
      3: Failed to open SST file Y:\swetha\Kloset\frontend\.next\dev\cache/turbopack\ee6e79b1\00000408.sst
      4: The system cannot find the path specified. (os error 3)
    at <unknown> (TurbopackInternalError: Failed to restore task data (corrupted database or bug): Data for TaskId 468569)) {
  location: 'turbopack\\crates\\turbo-tasks-backend\\src\\backend\\operation\\mod.rs:197:17'
}
Error: ENOENT: no such file or directory, open 'Y:\swetha\Kloset\frontend\.next\dev\server\app\discover\page\build-manifest.json'
    at ignore-listed frames {
  errno: -4058,
  code: 'ENOENT',
  syscall: 'open',
  path: 'Y:\\swetha\\Kloset\\frontend\\.next\\dev\\server\\app\\discover\\page\\build-manifest.json'
}
⨯ Error [TurbopackInternalError]: Failed to restore task data (corrupted database or bug): Data for TaskId 468569)

Debug info:
- Execution of get_written_endpoint_with_issues_operation failed
- Execution of endpoint_write_to_disk failed
- Failed to restore task data (corrupted database or bug): Data for TaskId 468569)
  
  Caused by:
      0: Looking up task storage for TaskId 468569 from database failed
      1: Unable to open static sorted file referenced from 00000417.meta
      2: Unable to open static sorted file 00000408.sst
      3: Failed to open SST file Y:\swetha\Kloset\frontend\.next\dev\cache/turbopack\ee6e79b1\00000408.sst
      4: The system cannot find the path specified. (os error 3)
    at <unknown> (TurbopackInternalError: Failed to restore task data (corrupted database or bug): Data for TaskId 468569)) {
  location: 'turbopack\\crates\\turbo-tasks-backend\\src\\backend\\operation\\mod.rs:197:17'
}
Error [TurbopackInternalError]: Failed to restore task data (corrupted database or bug): Data for TaskId 468569)

Debug info:
- Execution of get_written_endpoint_with_issues_operation failed
- Execution of endpoint_write_to_disk failed
- Failed to restore task data (corrupted database or bug): Data for TaskId 468569)
  
  Caused by:
      0: Looking up task storage for TaskId 468569 from database failed
      1: Unable to open static sorted file referenced from 00000417.meta
      2: Unable to open static sorted file 00000408.sst
      3: Failed to open SST file Y:\swetha\Kloset\frontend\.next\dev\cache/turbopack\ee6e79b1\00000408.sst
      4: The system cannot find the path specified. (os error 3)
    at <unknown> (TurbopackInternalError: Failed to restore task data (corrupted database or bug): Data for TaskId 468569)) {
  location: 'turbopack\\crates\\turbo-tasks-backend\\src\\backend\\operation\\mod.rs:197:17'
}
Persisting failed: Another write batch or compaction is already active (Only a single write operations is allowed at a time)
Compaction failed: Another write batch or compaction is already active (Only a single write operations is allowed at a time)
Persisting failed: Another write batch or compaction is already active (Only a single write operations is allowed at a time)
Compaction failed: Another write batch or compaction is already active (Only a single write operations is allowed at a time)
Persisting failed: Another write batch or compaction is already active (Only a single write operations is allowed at a time)
Compaction failed: Another write batch or compaction is already active (Only a single write operations is allowed at a time)
Persisting failed: Another write batch or compaction is already active (Only a single write operations is allowed at a time)
Persisting failed: Another write batch or compaction is already active (Only a single write operations is allowed at a time)
Compaction failed: Another write batch or compaction is already active (Only a single write operations is allowed at a time)
Persisting failed: Another write batch or compaction is already active (Only a single write operations is allowed at a time)
Compaction failed: Another write batch or compaction is already active (Only a single write operations is allowed at a time)
Persisting failed: Another write batch or compaction is already active (Only a single write operations is allowed at a time)
Compaction failed: Another write batch or compaction is already active (Only a single write operations is allowed at a time)

thread 'tokio-runtime-worker' (13516) panicked at turbopack\crates\turbo-tasks-backend\src\backend\operation\mod.rs:197:17:
Failed to restore task data (corrupted database or bug): Meta for TaskId 468583)

Caused by:
    0: Looking up task storage for TaskId 468583 from database failed
    1: Unable to open static sorted file referenced from 00000312.meta
    2: Unable to open static sorted file 00000308.sst
    3: Failed to open SST file Y:\swetha\Kloset\frontend\.next\dev\cache/turbopack\ee6e79b1\00000308.sst
    4: The system cannot find the path specified. (os error 3)

thread 'tokio-runtime-worker' (13516) panicked at turbopack\crates\turbo-tasks-backend\src\backend\operation\mod.rs:619:14:
Failed to lookup task ids: Looking up task id for CachedTaskType { native_fn: NativeFunction { name: "get_source_map_rope", global_name: "next_napi_bindings::next_api::project::get_source_map_rope", .. }, this: None, arg: (Vc(RawVc::TaskCell(1, "next_api::project::ProjectContainer#0")), "file://Y:\\swetha\\Kloset\\frontend\\node_modules\\next\\dist\\server\\base-server.js") } from database failed

Caused by:
    0: Unable to open static sorted file referenced from 00000011.meta
    1: Unable to open static sorted file 00000007.sst
    2: Failed to open SST file Y:\swetha\Kloset\frontend\.next\dev\cache/turbopack\ee6e79b1\00000007.sst
    3: The system cannot find the path specified. (os error 3)

thread '<unnamed>' (10508) panicked at turbopack\crates\turbo-tasks-backend\src\backend\operation\mod.rs:197:17:
Failed to restore task data (corrupted database or bug): Meta for TaskId 468587)

Caused by:
    0: Looking up task storage for TaskId 468587 from database failed
    1: Unable to open static sorted file referenced from 00000377.meta
    2: Unable to open static sorted file 00000373.sst
    3: Failed to open SST file Y:\swetha\Kloset\frontend\.next\dev\cache/turbopack\ee6e79b1\00000373.sst
    4: The system cannot find the path specified. (os error 3)

thread '<unnamed>' (10508) panicked at turbopack\crates\turbo-tasks-backend\src\backend\operation\mod.rs:197:17:
Failed to restore task data (corrupted database or bug): Meta for TaskId 468587)

Caused by:
    0: Looking up task storage for TaskId 468587 from database failed
    1: Unable to open static sorted file referenced from 00000377.meta
    2: Unable to open static sorted file 00000373.sst
    3: Failed to open SST file Y:\swetha\Kloset\frontend\.next\dev\cache/turbopack\ee6e79b1\00000373.sst
    4: The system cannot find the path specified. (os error 3)

thread '<unnamed>' (10508) panicked at turbopack\crates\turbo-tasks-backend\src\backend\operation\mod.rs:619:14:
Failed to lookup task ids: Looking up task id for CachedTaskType { native_fn: NativeFunction { name: "get_source_map_rope_operation", global_name: "next_napi_bindings::next_api::project::get_source_map_rope_operation", .. }, this: None, arg: (ResolvedVc(RawVc::TaskCell(1, "next_api::project::ProjectContainer#0")), "file://Y:\\swetha\\Kloset\\frontend\\node_modules\\next\\dist\\server\\lib\\router-server.js") } from database failed

Caused by:
    0: Unable to open static sorted file referenced from 00000146.meta
    1: Unable to open static sorted file 00000142.sst
    2: Failed to open SST file Y:\swetha\Kloset\frontend\.next\dev\cache/turbopack\ee6e79b1\00000142.sst
    3: The system cannot find the path specified. (os error 3)

thread '<unnamed>' (10508) panicked at turbopack\crates\turbo-tasks-backend\src\backend\operation\mod.rs:619:14:
Failed to lookup task ids: Looking up task id for CachedTaskType { native_fn: NativeFunction { name: "get_source_map_rope_operation", global_name: "next_napi_bindings::next_api::project::get_source_map_rope_operation", .. }, this: None, arg: (ResolvedVc(RawVc::TaskCell(1, "next_api::project::ProjectContainer#0")), "file://Y:\\swetha\\Kloset\\frontend\\node_modules\\next\\dist\\server\\lib\\router-server.js") } from database failed

Caused by:
    0: Unable to open static sorted file referenced from 00000146.meta
    1: Unable to open static sorted file 00000142.sst
    2: Failed to open SST file Y:\swetha\Kloset\frontend\.next\dev\cache/turbopack\ee6e79b1\00000142.sst
    3: The system cannot find the path specified. (os error 3)
⨯ Error: ENOENT: no such file or directory, open 'Y:\swetha\Kloset\frontend\.next\dev\server\edge\chunks\node_modules_@sentry_core_build_esm_0p8kaw~._.js'
    at ignore-listed frames

-----
[1m[31mFATAL[39m[0m: An unexpected Turbopack error occurred. A panic log has been written to C:\Users\alany\AppData\Local\Temp\next-panic-833027b06ee2d0d423d67ba65ae2d637.log.

To help make Turbopack better, report this error by ]8;;https://bugs.nextjs.org/search?category=turbopack-error-report&title=Turbopack%20Error%3A%20Failed%20to%20restore%20task%20data%20%28corrupted%20database%20or%20bug%29%3A%20Data%20for%20TaskId%20468569%29&body=Turbopack%20version%3A%20%60ee6e79b1%60%0ANext.js%20version%3A%20%600.0.0%60%0A%0AError%20message%3A%0A%60%60%60%0AFailed%20to%20restore%20task%20data%20%28corrupted%20database%20or%20bug%29%3A%20Data%20for%20TaskId%20468569%29%0A%0ADebug%20info%3A%0A-%20Execution%20of%20get_written_endpoint_with_issues_operation%20failed%0A-%20Execution%20of%20endpoint_write_to_disk%20failed%0A-%20Failed%20to%20restore%20task%20data%20%28corrupted%20database%20or%20bug%29%3A%20Data%20for%20TaskId%20468569%29%0A%20%20%0A%20%20Caused%20by%3A%0A%20%20%20%20%20%200%3A%20Looking%20up%20task%20storage%20for%20TaskId%20468569%20from%20database%20failed%0A%20%20%20%20%20%201%3A%20Unable%20to%20open%20static%20sorted%20file%20referenced%20from%2000000417.meta%0A%20%20%20%20%20%202%3A%20Unable%20to%20open%20static%20sorted%20file%2000000408.sst%0A%20%20%20%20%20%203%3A%20Failed%20to%20open%20SST%20file%20Y%3A%5Cswetha%5CKloset%5Cfrontend%5C.next%5Cdev%5Ccache%2Fturbopack%5Cee6e79b1%5C00000408.sst%0A%20%20%20%20%20%204%3A%20The%20system%20cannot%20find%20the%20path%20specified.%20%28os%20error%203%29%0A%60%60%60&labels=Turbopack,Turbopack%20Panic%20Backtrace\clicking here.]8;;\
-----

⨯ Error [TurbopackInternalError]: Failed to restore task data (corrupted database or bug): Data for TaskId 468569)

Debug info:
- Execution of get_written_endpoint_with_issues_operation failed
- Execution of endpoint_write_to_disk failed
- Failed to restore task data (corrupted database or bug): Data for TaskId 468569)
  
  Caused by:
      0: Looking up task storage for TaskId 468569 from database failed
      1: Unable to open static sorted file referenced from 00000417.meta
      2: Unable to open static sorted file 00000408.sst
      3: Failed to open SST file Y:\swetha\Kloset\frontend\.next\dev\cache/turbopack\ee6e79b1\00000408.sst
      4: The system cannot find the path specified. (os error 3)
    at <unknown> (TurbopackInternalError: Failed to restore task data (corrupted database or bug): Data for TaskId 468569)) {
  location: 'turbopack\\crates\\turbo-tasks-backend\\src\\backend\\operation\\mod.rs:197:17'
}
Error [TurbopackInternalError]: Failed to restore task data (corrupted database or bug): Data for TaskId 468569)

Debug info:
- Execution of get_written_endpoint_with_issues_operation failed
- Execution of endpoint_write_to_disk failed
- Failed to restore task data (corrupted database or bug): Data for TaskId 468569)
  
  Caused by:
      0: Looking up task storage for TaskId 468569 from database failed
      1: Unable to open static sorted file referenced from 00000417.meta
      2: Unable to open static sorted file 00000408.sst
      3: Failed to open SST file Y:\swetha\Kloset\frontend\.next\dev\cache/turbopack\ee6e79b1\00000408.sst
      4: The system cannot find the path specified. (os error 3)
    at <unknown> (TurbopackInternalError: Failed to restore task data (corrupted database or bug): Data for TaskId 468569)) {
  location: 'turbopack\\crates\\turbo-tasks-backend\\src\\backend\\operation\\mod.rs:197:17'
}
⨯ Error [TurbopackInternalError]: Failed to restore task data (corrupted database or bug): Data for TaskId 468569)

Debug info:
- Execution of get_written_endpoint_with_issues_operation failed
- Execution of endpoint_write_to_disk failed
- Failed to restore task data (corrupted database or bug): Data for TaskId 468569)
  
  Caused by:
      0: Looking up task storage for TaskId 468569 from database failed
      1: Unable to open static sorted file referenced from 00000417.meta
      2: Unable to open static sorted file 00000408.sst
      3: Failed to open SST file Y:\swetha\Kloset\frontend\.next\dev\cache/turbopack\ee6e79b1\00000408.sst
      4: The system cannot find the path specified. (os error 3)
    at <unknown> (TurbopackInternalError: Failed to restore task data (corrupted database or bug): Data for TaskId 468569)) {
  location: 'turbopack\\crates\\turbo-tasks-backend\\src\\backend\\operation\\mod.rs:197:17'
}
Error [TurbopackInternalError]: Failed to restore task data (corrupted database or bug): Data for TaskId 468569)

Debug info:
- Execution of get_written_endpoint_with_issues_operation failed
- Execution of endpoint_write_to_disk failed
- Failed to restore task data (corrupted database or bug): Data for TaskId 468569)
  
  Caused by:
      0: Looking up task storage for TaskId 468569 from database failed
      1: Unable to open static sorted file referenced from 00000417.meta
      2: Unable to open static sorted file 00000408.sst
      3: Failed to open SST file Y:\swetha\Kloset\frontend\.next\dev\cache/turbopack\ee6e79b1\00000408.sst
      4: The system cannot find the path specified. (os error 3)
    at <unknown> (TurbopackInternalError: Failed to restore task data (corrupted database or bug): Data for TaskId 468569)) {
  location: 'turbopack\\crates\\turbo-tasks-backend\\src\\backend\\operation\\mod.rs:197:17'
}
⨯ Error [TurbopackInternalError]: Failed to restore task data (corrupted database or bug): Data for TaskId 468569)

Debug info:
- Execution of get_written_endpoint_with_issues_operation failed
- Execution of endpoint_write_to_disk failed
- Failed to restore task data (corrupted database or bug): Data for TaskId 468569)
  
  Caused by:
      0: Looking up task storage for TaskId 468569 from database failed
      1: Unable to open static sorted file referenced from 00000417.meta
      2: Unable to open static sorted file 00000408.sst
      3: Failed to open SST file Y:\swetha\Kloset\frontend\.next\dev\cache/turbopack\ee6e79b1\00000408.sst
      4: The system cannot find the path specified. (os error 3)
    at <unknown> (TurbopackInternalError: Failed to restore task data (corrupted database or bug): Data for TaskId 468569)) {
  location: 'turbopack\\crates\\turbo-tasks-backend\\src\\backend\\operation\\mod.rs:197:17'
}
⨯ Error: ENOENT: no such file or directory, open 'Y:\swetha\Kloset\frontend\.next\dev\server\app\page\build-manifest.json'
    at ignore-listed frames {
  errno: -4058,
  code: 'ENOENT',
  syscall: 'open',
  path: 'Y:\\swetha\\Kloset\\frontend\\.next\\dev\\server\\app\\page\\build-manifest.json'
}
Error [TurbopackInternalError]: Failed to restore task data (corrupted database or bug): Data for TaskId 468569)

Debug info:
- Execution of get_written_endpoint_with_issues_operation failed
- Execution of endpoint_write_to_disk failed
- Failed to restore task data (corrupted database or bug): Data for TaskId 468569)
  
  Caused by:
      0: Looking up task storage for TaskId 468569 from database failed
      1: Unable to open static sorted file referenced from 00000417.meta
      2: Unable to open static sorted file 00000408.sst
      3: Failed to open SST file Y:\swetha\Kloset\frontend\.next\dev\cache/turbopack\ee6e79b1\00000408.sst
      4: The system cannot find the path specified. (os error 3)
    at <unknown> (TurbopackInternalError: Failed to restore task data (corrupted database or bug): Data for TaskId 468569)) {
  location: 'turbopack\\crates\\turbo-tasks-backend\\src\\backend\\operation\\mod.rs:197:17'
}
⨯ Error [TurbopackInternalError]: Failed to restore task data (corrupted database or bug): Data for TaskId 468569)

Debug info:
- Execution of get_written_endpoint_with_issues_operation failed
- Execution of endpoint_write_to_disk failed
- Failed to restore task data (corrupted database or bug): Data for TaskId 468569)
  
  Caused by:
      0: Looking up task storage for TaskId 468569 from database failed
      1: Unable to open static sorted file referenced from 00000417.meta
      2: Unable to open static sorted file 00000408.sst
      3: Failed to open SST file Y:\swetha\Kloset\frontend\.next\dev\cache/turbopack\ee6e79b1\00000408.sst
      4: The system cannot find the path specified. (os error 3)
    at <unknown> (TurbopackInternalError: Failed to restore task data (corrupted database or bug): Data for TaskId 468569)) {
  location: 'turbopack\\crates\\turbo-tasks-backend\\src\\backend\\operation\\mod.rs:197:17'
}
⨯ Error: ENOENT: no such file or directory, open 'Y:\swetha\Kloset\frontend\.next\dev\server\app\discover\page\build-manifest.json'
    at ignore-listed frames {
  errno: -4058,
  code: 'ENOENT',
  syscall: 'open',
  path: 'Y:\\swetha\\Kloset\\frontend\\.next\\dev\\server\\app\\discover\\page\\build-manifest.json'
}
⨯ Error: ENOENT: no such file or directory, open 'Y:\swetha\Kloset\frontend\.next\dev\server\app\cart\page\build-manifest.json'
    at ignore-listed frames {
  errno: -4058,
  code: 'ENOENT',
  syscall: 'open',
  path: 'Y:\\swetha\\Kloset\\frontend\\.next\\dev\\server\\app\\cart\\page\\build-manifest.json'
}
Error: ENOENT: no such file or directory, open 'Y:\swetha\Kloset\frontend\.next\dev\server\app\page\build-manifest.json'
    at ignore-listed frames {
  errno: -4058,
  code: 'ENOENT',
  syscall: 'open',
  path: 'Y:\\swetha\\Kloset\\frontend\\.next\\dev\\server\\app\\page\\build-manifest.json'
}
⨯ Error [TurbopackInternalError]: Failed to restore task data (corrupted database or bug): Data for TaskId 468569)

Debug info:
- Execution of get_written_endpoint_with_issues_operation failed
- Execution of endpoint_write_to_disk failed
- Failed to restore task data (corrupted database or bug): Data for TaskId 468569)
  
  Caused by:
      0: Looking up task storage for TaskId 468569 from database failed
      1: Unable to open static sorted file referenced from 00000417.meta
      2: Unable to open static sorted file 00000408.sst
      3: Failed to open SST file Y:\swetha\Kloset\frontend\.next\dev\cache/turbopack\ee6e79b1\00000408.sst
      4: The system cannot find the path specified. (os error 3)
    at <unknown> (TurbopackInternalError: Failed to restore task data (corrupted database or bug): Data for TaskId 468569)) {
  location: 'turbopack\\crates\\turbo-tasks-backend\\src\\backend\\operation\\mod.rs:197:17'
}

thread '<unnamed>' (10508) panicked at turbopack\crates\turbo-tasks-backend\src\backend\operation\mod.rs:197:17:
Failed to restore task data (corrupted database or bug): Meta for TaskId 468587)

Caused by:
    0: Looking up task storage for TaskId 468587 from database failed
    1: Unable to open static sorted file referenced from 00000377.meta
    2: Unable to open static sorted file 00000373.sst
    3: Failed to open SST file Y:\swetha\Kloset\frontend\.next\dev\cache/turbopack\ee6e79b1\00000373.sst
    4: The system cannot find the path specified. (os error 3)

thread '<unnamed>' (10508) panicked at turbopack\crates\turbo-tasks-backend\src\backend\operation\mod.rs:197:17:
Failed to restore task data (corrupted database or bug): Meta for TaskId 468587)

Caused by:
    0: Looking up task storage for TaskId 468587 from database failed
    1: Unable to open static sorted file referenced from 00000377.meta
    2: Unable to open static sorted file 00000373.sst
    3: Failed to open SST file Y:\swetha\Kloset\frontend\.next\dev\cache/turbopack\ee6e79b1\00000373.sst
    4: The system cannot find the path specified. (os error 3)

thread '<unnamed>' (10508) panicked at turbopack\crates\turbo-tasks-backend\src\backend\operation\mod.rs:619:14:
Failed to lookup task ids: Looking up task id for CachedTaskType { native_fn: NativeFunction { name: "get_source_map_rope_operation", global_name: "next_napi_bindings::next_api::project::get_source_map_rope_operation", .. }, this: None, arg: (ResolvedVc(RawVc::TaskCell(1, "next_api::project::ProjectContainer#0")), "file://Y:\\swetha\\Kloset\\frontend\\node_modules\\next\\dist\\server\\lib\\router-server.js") } from database failed

Caused by:
    0: Unable to open static sorted file referenced from 00000146.meta
    1: Unable to open static sorted file 00000142.sst
    2: Failed to open SST file Y:\swetha\Kloset\frontend\.next\dev\cache/turbopack\ee6e79b1\00000142.sst
    3: The system cannot find the path specified. (os error 3)

thread '<unnamed>' (10508) panicked at turbopack\crates\turbo-tasks-backend\src\backend\operation\mod.rs:619:14:
Failed to lookup task ids: Looking up task id for CachedTaskType { native_fn: NativeFunction { name: "get_source_map_rope_operation", global_name: "next_napi_bindings::next_api::project::get_source_map_rope_operation", .. }, this: None, arg: (ResolvedVc(RawVc::TaskCell(1, "next_api::project::ProjectContainer#0")), "file://Y:\\swetha\\Kloset\\frontend\\node_modules\\next\\dist\\server\\lib\\router-server.js") } from database failed

Caused by:
    0: Unable to open static sorted file referenced from 00000146.meta
    1: Unable to open static sorted file 00000142.sst
    2: Failed to open SST file Y:\swetha\Kloset\frontend\.next\dev\cache/turbopack\ee6e79b1\00000142.sst
    3: The system cannot find the path specified. (os error 3)
⨯ Error: ENOENT: no such file or directory, open 'Y:\swetha\Kloset\frontend\.next\dev\server\edge\chunks\node_modules_@sentry_core_build_esm_0p8kaw~._.js'
    at ignore-listed frames

thread '<unnamed>' (10508) panicked at turbopack\crates\turbo-tasks-backend\src\backend\operation\mod.rs:197:17:
Failed to restore task data (corrupted database or bug): Meta for TaskId 468587)

Caused by:
    0: Looking up task storage for TaskId 468587 from database failed
    1: Unable to open static sorted file referenced from 00000377.meta
    2: Unable to open static sorted file 00000373.sst
    3: Failed to open SST file Y:\swetha\Kloset\frontend\.next\dev\cache/turbopack\ee6e79b1\00000373.sst
    4: The system cannot find the path specified. (os error 3)

thread '<unnamed>' (10508) panicked at turbopack\crates\turbo-tasks-backend\src\backend\operation\mod.rs:197:17:
Failed to restore task data (corrupted database or bug): Meta for TaskId 468587)

Caused by:
    0: Looking up task storage for TaskId 468587 from database failed
    1: Unable to open static sorted file referenced from 00000377.meta
    2: Unable to open static sorted file 00000373.sst
    3: Failed to open SST file Y:\swetha\Kloset\frontend\.next\dev\cache/turbopack\ee6e79b1\00000373.sst
    4: The system cannot find the path specified. (os error 3)

thread '<unnamed>' (10508) panicked at turbopack\crates\turbo-tasks-backend\src\backend\operation\mod.rs:619:14:
Failed to lookup task ids: Looking up task id for CachedTaskType { native_fn: NativeFunction { name: "get_source_map_rope_operation", global_name: "next_napi_bindings::next_api::project::get_source_map_rope_operation", .. }, this: None, arg: (ResolvedVc(RawVc::TaskCell(1, "next_api::project::ProjectContainer#0")), "file://Y:\\swetha\\Kloset\\frontend\\node_modules\\next\\dist\\server\\lib\\router-server.js") } from database failed

Caused by:
    0: Unable to open static sorted file referenced from 00000146.meta
    1: Unable to open static sorted file 00000142.sst
    2: Failed to open SST file Y:\swetha\Kloset\frontend\.next\dev\cache/turbopack\ee6e79b1\00000142.sst
    3: The system cannot find the path specified. (os error 3)

thread '<unnamed>' (10508) panicked at turbopack\crates\turbo-tasks-backend\src\backend\operation\mod.rs:619:14:
Failed to lookup task ids: Looking up task id for CachedTaskType { native_fn: NativeFunction { name: "get_source_map_rope_operation", global_name: "next_napi_bindings::next_api::project::get_source_map_rope_operation", .. }, this: None, arg: (ResolvedVc(RawVc::TaskCell(1, "next_api::project::ProjectContainer#0")), "file://Y:\\swetha\\Kloset\\frontend\\node_modules\\next\\dist\\server\\lib\\router-server.js") } from database failed

Caused by:
    0: Unable to open static sorted file referenced from 00000146.meta
    1: Unable to open static sorted file 00000142.sst
    2: Failed to open SST file Y:\swetha\Kloset\frontend\.next\dev\cache/turbopack\ee6e79b1\00000142.sst
    3: The system cannot find the path specified. (os error 3)
⨯ Error: ENOENT: no such file or directory, open 'Y:\swetha\Kloset\frontend\.next\dev\server\edge\chunks\node_modules_@sentry_core_build_esm_0p8kaw~._.js'
    at ignore-listed frames
⨯ Error [TurbopackInternalError]: Failed to restore task data (corrupted database or bug): Data for TaskId 468569)

Debug info:
- Execution of get_written_endpoint_with_issues_operation failed
- Execution of endpoint_write_to_disk failed
- Failed to restore task data (corrupted database or bug): Data for TaskId 468569)
  
  Caused by:
      0: Looking up task storage for TaskId 468569 from database failed
      1: Unable to open static sorted file referenced from 00000417.meta
      2: Unable to open static sorted file 00000408.sst
      3: Failed to open SST file Y:\swetha\Kloset\frontend\.next\dev\cache/turbopack\ee6e79b1\00000408.sst
      4: The system cannot find the path specified. (os error 3)
    at <unknown> (TurbopackInternalError: Failed to restore task data (corrupted database or bug): Data for TaskId 468569)) {
  location: 'turbopack\\crates\\turbo-tasks-backend\\src\\backend\\operation\\mod.rs:197:17'
}
⨯ Error [TurbopackInternalError]: Failed to restore task data (corrupted database or bug): Data for TaskId 468569)

Debug info:
- Execution of get_written_endpoint_with_issues_operation failed
- Execution of endpoint_write_to_disk failed
- Failed to restore task data (corrupted database or bug): Data for TaskId 468569)
  
  Caused by:
      0: Looking up task storage for TaskId 468569 from database failed
      1: Unable to open static sorted file referenced from 00000417.meta
      2: Unable to open static sorted file 00000408.sst
      3: Failed to open SST file Y:\swetha\Kloset\frontend\.next\dev\cache/turbopack\ee6e79b1\00000408.sst
      4: The system cannot find the path specified. (os error 3)
    at <unknown> (TurbopackInternalError: Failed to restore task data (corrupted database or bug): Data for TaskId 468569)) {
  location: 'turbopack\\crates\\turbo-tasks-backend\\src\\backend\\operation\\mod.rs:197:17'
}
Error: ENOENT: no such file or directory, open 'Y:\swetha\Kloset\frontend\.next\dev\server\app\discover\page\build-manifest.json'
    at ignore-listed frames {
  errno: -4058,
  code: 'ENOENT',
  syscall: 'open',
  path: 'Y:\\swetha\\Kloset\\frontend\\.next\\dev\\server\\app\\discover\\page\\build-manifest.json'
}
⨯ Error [TurbopackInternalError]: Failed to restore task data (corrupted database or bug): Data for TaskId 468569)

Debug info:
- Execution of get_written_endpoint_with_issues_operation failed
- Execution of endpoint_write_to_disk failed
- Failed to restore task data (corrupted database or bug): Data for TaskId 468569)
  
  Caused by:
      0: Looking up task storage for TaskId 468569 from database failed
      1: Unable to open static sorted file referenced from 00000417.meta
      2: Unable to open static sorted file 00000408.sst
      3: Failed to open SST file Y:\swetha\Kloset\frontend\.next\dev\cache/turbopack\ee6e79b1\00000408.sst
      4: The system cannot find the path specified. (os error 3)
    at <unknown> (TurbopackInternalError: Failed to restore task data (corrupted database or bug): Data for TaskId 468569)) {
  location: 'turbopack\\crates\\turbo-tasks-backend\\src\\backend\\operation\\mod.rs:197:17'
}
⨯ Error [TurbopackInternalError]: Failed to restore task data (corrupted database or bug): Data for TaskId 468569)

Debug info:
- Execution of get_written_endpoint_with_issues_operation failed
- Execution of endpoint_write_to_disk failed
- Failed to restore task data (corrupted database or bug): Data for TaskId 468569)
  
  Caused by:
      0: Looking up task storage for TaskId 468569 from database failed
      1: Unable to open static sorted file referenced from 00000417.meta
      2: Unable to open static sorted file 00000408.sst
      3: Failed to open SST file Y:\swetha\Kloset\frontend\.next\dev\cache/turbopack\ee6e79b1\00000408.sst
      4: The system cannot find the path specified. (os error 3)
    at <unknown> (TurbopackInternalError: Failed to restore task data (corrupted database or bug): Data for TaskId 468569)) {
  location: 'turbopack\\crates\\turbo-tasks-backend\\src\\backend\\operation\\mod.rs:197:17'
}
Error: ENOENT: no such file or directory, open 'Y:\swetha\Kloset\frontend\.next\dev\server\app\cart\page\build-manifest.json'
    at ignore-listed frames {
  errno: -4058,
  code: 'ENOENT',
  syscall: 'open',
  path: 'Y:\\swetha\\Kloset\\frontend\\.next\\dev\\server\\app\\cart\\page\\build-manifest.json'
}
Error [TurbopackInternalError]: Failed to restore task data (corrupted database or bug): Data for TaskId 468569)

Debug info:
- Execution of get_written_endpoint_with_issues_operation failed
- Execution of endpoint_write_to_disk failed
- Failed to restore task data (corrupted database or bug): Data for TaskId 468569)
  
  Caused by:
      0: Looking up task storage for TaskId 468569 from database failed
      1: Unable to open static sorted file referenced from 00000417.meta
      2: Unable to open static sorted file 00000408.sst
      3: Failed to open SST file Y:\swetha\Kloset\frontend\.next\dev\cache/turbopack\ee6e79b1\00000408.sst
      4: The system cannot find the path specified. (os error 3)
    at <unknown> (TurbopackInternalError: Failed to restore task data (corrupted database or bug): Data for TaskId 468569)) {
  location: 'turbopack\\crates\\turbo-tasks-backend\\src\\backend\\operation\\mod.rs:197:17'
}
⨯ Error: ENOENT: no such file or directory, open 'Y:\swetha\Kloset\frontend\.next\dev\server\app\api\auth\login\[__metadata_id__]\route\app-paths-manifest.json'
    at ignore-listed frames {
  errno: -4058,
  code: 'ENOENT',
  syscall: 'open',
  path: 'Y:\\swetha\\Kloset\\frontend\\.next\\dev\\server\\app\\api\\auth\\login\\[__metadata_id__]\\route\\app-paths-manifest.json'
}
⨯ Error: ENOENT: no such file or directory, open 'Y:\swetha\Kloset\frontend\.next\dev\server\app\api\admin\health\[__metadata_id__]\route\app-paths-manifest.json'
    at ignore-listed frames {
  errno: -4058,
  code: 'ENOENT',
  syscall: 'open',
  path: 'Y:\\swetha\\Kloset\\frontend\\.next\\dev\\server\\app\\api\\admin\\health\\[__metadata_id__]\\route\\app-paths-manifest.json'
}

-----
[1m[31mFATAL[39m[0m: An unexpected Turbopack error occurred. A panic log has been written to C:\Users\alany\AppData\Local\Temp\next-panic-833027b06ee2d0d423d67ba65ae2d637.log.

To help make Turbopack better, report this error by ]8;;https://bugs.nextjs.org/search?category=turbopack-error-report&title=Turbopack%20Error%3A%20Failed%20to%20restore%20task%20data%20%28corrupted%20database%20or%20bug%29%3A%20Data%20for%20TaskId%20468569%29&body=Turbopack%20version%3A%20%60ee6e79b1%60%0ANext.js%20version%3A%20%600.0.0%60%0A%0AError%20message%3A%0A%60%60%60%0AFailed%20to%20restore%20task%20data%20%28corrupted%20database%20or%20bug%29%3A%20Data%20for%20TaskId%20468569%29%0A%0ADebug%20info%3A%0A-%20Execution%20of%20get_written_endpoint_with_issues_operation%20failed%0A-%20Execution%20of%20endpoint_write_to_disk%20failed%0A-%20Failed%20to%20restore%20task%20data%20%28corrupted%20database%20or%20bug%29%3A%20Data%20for%20TaskId%20468569%29%0A%20%20%0A%20%20Caused%20by%3A%0A%20%20%20%20%20%200%3A%20Looking%20up%20task%20storage%20for%20TaskId%20468569%20from%20database%20failed%0A%20%20%20%20%20%201%3A%20Unable%20to%20open%20static%20sorted%20file%20referenced%20from%2000000417.meta%0A%20%20%20%20%20%202%3A%20Unable%20to%20open%20static%20sorted%20file%2000000408.sst%0A%20%20%20%20%20%203%3A%20Failed%20to%20open%20SST%20file%20Y%3A%5Cswetha%5CKloset%5Cfrontend%5C.next%5Cdev%5Ccache%2Fturbopack%5Cee6e79b1%5C00000408.sst%0A%20%20%20%20%20%204%3A%20The%20system%20cannot%20find%20the%20path%20specified.%20%28os%20error%203%29%0A%60%60%60&labels=Turbopack,Turbopack%20Panic%20Backtrace\clicking here.]8;;\
-----

⨯ Error [TurbopackInternalError]: Failed to restore task data (corrupted database or bug): Data for TaskId 468569)

Debug info:
- Execution of get_written_endpoint_with_issues_operation failed
- Execution of endpoint_write_to_disk failed
- Failed to restore task data (corrupted database or bug): Data for TaskId 468569)
  
  Caused by:
      0: Looking up task storage for TaskId 468569 from database failed
      1: Unable to open static sorted file referenced from 00000417.meta
      2: Unable to open static sorted file 00000408.sst
      3: Failed to open SST file Y:\swetha\Kloset\frontend\.next\dev\cache/turbopack\ee6e79b1\00000408.sst
      4: The system cannot find the path specified. (os error 3)
    at <unknown> (TurbopackInternalError: Failed to restore task data (corrupted database or bug): Data for TaskId 468569)) {
  location: 'turbopack\\crates\\turbo-tasks-backend\\src\\backend\\operation\\mod.rs:197:17'
}
Error [TurbopackInternalError]: Failed to restore task data (corrupted database or bug): Data for TaskId 468569)

Debug info:
- Execution of get_written_endpoint_with_issues_operation failed
- Execution of endpoint_write_to_disk failed
- Failed to restore task data (corrupted database or bug): Data for TaskId 468569)
  
  Caused by:
      0: Looking up task storage for TaskId 468569 from database failed
      1: Unable to open static sorted file referenced from 00000417.meta
      2: Unable to open static sorted file 00000408.sst
      3: Failed to open SST file Y:\swetha\Kloset\frontend\.next\dev\cache/turbopack\ee6e79b1\00000408.sst
      4: The system cannot find the path specified. (os error 3)
    at <unknown> (TurbopackInternalError: Failed to restore task data (corrupted database or bug): Data for TaskId 468569)) {
  location: 'turbopack\\crates\\turbo-tasks-backend\\src\\backend\\operation\\mod.rs:197:17'
}
Error [TurbopackInternalError]: Failed to restore task data (corrupted database or bug): Data for TaskId 468569)

Debug info:
- Execution of get_written_endpoint_with_issues_operation failed
- Execution of endpoint_write_to_disk failed
- Failed to restore task data (corrupted database or bug): Data for TaskId 468569)
  
  Caused by:
      0: Looking up task storage for TaskId 468569 from database failed
      1: Unable to open static sorted file referenced from 00000417.meta
      2: Unable to open static sorted file 00000408.sst
      3: Failed to open SST file Y:\swetha\Kloset\frontend\.next\dev\cache/turbopack\ee6e79b1\00000408.sst
      4: The system cannot find the path specified. (os error 3)
    at <unknown> (TurbopackInternalError: Failed to restore task data (corrupted database or bug): Data for TaskId 468569)) {
  location: 'turbopack\\crates\\turbo-tasks-backend\\src\\backend\\operation\\mod.rs:197:17'
}
⨯ Error [TurbopackInternalError]: Failed to restore task data (corrupted database or bug): Data for TaskId 468569)

Debug info:
- Execution of get_written_endpoint_with_issues_operation failed
- Execution of endpoint_write_to_disk failed
- Failed to restore task data (corrupted database or bug): Data for TaskId 468569)
  
  Caused by:
      0: Looking up task storage for TaskId 468569 from database failed
      1: Unable to open static sorted file referenced from 00000417.meta
      2: Unable to open static sorted file 00000408.sst
      3: Failed to open SST file Y:\swetha\Kloset\frontend\.next\dev\cache/turbopack\ee6e79b1\00000408.sst
      4: The system cannot find the path specified. (os error 3)
    at <unknown> (TurbopackInternalError: Failed to restore task data (corrupted database or bug): Data for TaskId 468569)) {
  location: 'turbopack\\crates\\turbo-tasks-backend\\src\\backend\\operation\\mod.rs:197:17'
}
⨯ Error [TurbopackInternalError]: Failed to restore task data (corrupted database or bug): Data for TaskId 468569)

Debug info:
- Execution of get_written_endpoint_with_issues_operation failed
- Execution of endpoint_write_to_disk failed
- Failed to restore task data (corrupted database or bug): Data for TaskId 468569)
  
  Caused by:
      0: Looking up task storage for TaskId 468569 from database failed
      1: Unable to open static sorted file referenced from 00000417.meta
      2: Unable to open static sorted file 00000408.sst
      3: Failed to open SST file Y:\swetha\Kloset\frontend\.next\dev\cache/turbopack\ee6e79b1\00000408.sst
      4: The system cannot find the path specified. (os error 3)
    at <unknown> (TurbopackInternalError: Failed to restore task data (corrupted database or bug): Data for TaskId 468569)) {
  location: 'turbopack\\crates\\turbo-tasks-backend\\src\\backend\\operation\\mod.rs:197:17'
}
⨯ Error [TurbopackInternalError]: Failed to restore task data (corrupted database or bug): Data for TaskId 468569)

Debug info:
- Execution of get_written_endpoint_with_issues_operation failed
- Execution of endpoint_write_to_disk failed
- Failed to restore task data (corrupted database or bug): Data for TaskId 468569)
  
  Caused by:
      0: Looking up task storage for TaskId 468569 from database failed
      1: Unable to open static sorted file referenced from 00000417.meta
      2: Unable to open static sorted file 00000408.sst
      3: Failed to open SST file Y:\swetha\Kloset\frontend\.next\dev\cache/turbopack\ee6e79b1\00000408.sst
      4: The system cannot find the path specified. (os error 3)
    at <unknown> (TurbopackInternalError: Failed to restore task data (corrupted database or bug): Data for TaskId 468569)) {
  location: 'turbopack\\crates\\turbo-tasks-backend\\src\\backend\\operation\\mod.rs:197:17'
}
Error [TurbopackInternalError]: Failed to restore task data (corrupted database or bug): Data for TaskId 468569)

Debug info:
- Execution of get_written_endpoint_with_issues_operation failed
- Execution of endpoint_write_to_disk failed
- Failed to restore task data (corrupted database or bug): Data for TaskId 468569)
  
  Caused by:
      0: Looking up task storage for TaskId 468569 from database failed
      1: Unable to open static sorted file referenced from 00000417.meta
      2: Unable to open static sorted file 00000408.sst
      3: Failed to open SST file Y:\swetha\Kloset\frontend\.next\dev\cache/turbopack\ee6e79b1\00000408.sst
      4: The system cannot find the path specified. (os error 3)
    at <unknown> (TurbopackInternalError: Failed to restore task data (corrupted database or bug): Data for TaskId 468569)) {
  location: 'turbopack\\crates\\turbo-tasks-backend\\src\\backend\\operation\\mod.rs:197:17'
}
⨯ Error [TurbopackInternalError]: Failed to restore task data (corrupted database or bug): Data for TaskId 468569)

Debug info:
- Execution of get_written_endpoint_with_issues_operation failed
- Execution of endpoint_write_to_disk failed
- Failed to restore task data (corrupted database or bug): Data for TaskId 468569)
  
  Caused by:
      0: Looking up task storage for TaskId 468569 from database failed
      1: Unable to open static sorted file referenced from 00000417.meta
      2: Unable to open static sorted file 00000408.sst
      3: Failed to open SST file Y:\swetha\Kloset\frontend\.next\dev\cache/turbopack\ee6e79b1\00000408.sst
      4: The system cannot find the path specified. (os error 3)
    at <unknown> (TurbopackInternalError: Failed to restore task data (corrupted database or bug): Data for TaskId 468569)) {
  location: 'turbopack\\crates\\turbo-tasks-backend\\src\\backend\\operation\\mod.rs:197:17'
}
⨯ Error [TurbopackInternalError]: Failed to restore task data (corrupted database or bug): Data for TaskId 468569)

Debug info:
- Execution of get_written_endpoint_with_issues_operation failed
- Execution of endpoint_write_to_disk failed
- Failed to restore task data (corrupted database or bug): Data for TaskId 468569)
  
  Caused by:
      0: Looking up task storage for TaskId 468569 from database failed
      1: Unable to open static sorted file referenced from 00000417.meta
      2: Unable to open static sorted file 00000408.sst
      3: Failed to open SST file Y:\swetha\Kloset\frontend\.next\dev\cache/turbopack\ee6e79b1\00000408.sst
      4: The system cannot find the path specified. (os error 3)
    at <unknown> (TurbopackInternalError: Failed to restore task data (corrupted database or bug): Data for TaskId 468569)) {
  location: 'turbopack\\crates\\turbo-tasks-backend\\src\\backend\\operation\\mod.rs:197:17'
}
Error [TurbopackInternalError]: Failed to restore task data (corrupted database or bug): Data for TaskId 468569)

Debug info:
- Execution of get_written_endpoint_with_issues_operation failed
- Execution of endpoint_write_to_disk failed
- Failed to restore task data (corrupted database or bug): Data for TaskId 468569)
  
  Caused by:
      0: Looking up task storage for TaskId 468569 from database failed
      1: Unable to open static sorted file referenced from 00000417.meta
      2: Unable to open static sorted file 00000408.sst
      3: Failed to open SST file Y:\swetha\Kloset\frontend\.next\dev\cache/turbopack\ee6e79b1\00000408.sst
      4: The system cannot find the path specified. (os error 3)
    at <unknown> (TurbopackInternalError: Failed to restore task data (corrupted database or bug): Data for TaskId 468569)) {
  location: 'turbopack\\crates\\turbo-tasks-backend\\src\\backend\\operation\\mod.rs:197:17'
}
Error: ENOENT: no such file or directory, open 'Y:\swetha\Kloset\frontend\.next\dev\server\app\api\auth\login\[__metadata_id__]\route\app-paths-manifest.json'
    at ignore-listed frames {
  errno: -4058,
  code: 'ENOENT',
  syscall: 'open',
  path: 'Y:\\swetha\\Kloset\\frontend\\.next\\dev\\server\\app\\api\\auth\\login\\[__metadata_id__]\\route\\app-paths-manifest.json'
}
Error: ENOENT: no such file or directory, open 'Y:\swetha\Kloset\frontend\.next\dev\server\app\api\admin\health\[__metadata_id__]\route\app-paths-manifest.json'
    at ignore-listed frames {
  errno: -4058,
  code: 'ENOENT',
  syscall: 'open',
  path: 'Y:\\swetha\\Kloset\\frontend\\.next\\dev\\server\\app\\api\\admin\\health\\[__metadata_id__]\\route\\app-paths-manifest.json'
}
Error [TurbopackInternalError]: Failed to restore task data (corrupted database or bug): Data for TaskId 468569)

Debug info:
- Execution of get_written_endpoint_with_issues_operation failed
- Execution of endpoint_write_to_disk failed
- Failed to restore task data (corrupted database or bug): Data for TaskId 468569)
  
  Caused by:
      0: Looking up task storage for TaskId 468569 from database failed
      1: Unable to open static sorted file referenced from 00000417.meta
      2: Unable to open static sorted file 00000408.sst
      3: Failed to open SST file Y:\swetha\Kloset\frontend\.next\dev\cache/turbopack\ee6e79b1\00000408.sst
      4: The system cannot find the path specified. (os error 3)
    at <unknown> (TurbopackInternalError: Failed to restore task data (corrupted database or bug): Data for TaskId 468569)) {
  location: 'turbopack\\crates\\turbo-tasks-backend\\src\\backend\\operation\\mod.rs:197:17'
}
Error [TurbopackInternalError]: Failed to restore task data (corrupted database or bug): Data for TaskId 468569)

Debug info:
- Execution of get_written_endpoint_with_issues_operation failed
- Execution of endpoint_write_to_disk failed
- Failed to restore task data (corrupted database or bug): Data for TaskId 468569)
  
  Caused by:
      0: Looking up task storage for TaskId 468569 from database failed
      1: Unable to open static sorted file referenced from 00000417.meta
      2: Unable to open static sorted file 00000408.sst
      3: Failed to open SST file Y:\swetha\Kloset\frontend\.next\dev\cache/turbopack\ee6e79b1\00000408.sst
      4: The system cannot find the path specified. (os error 3)
    at <unknown> (TurbopackInternalError: Failed to restore task data (corrupted database or bug): Data for TaskId 468569)) {
  location: 'turbopack\\crates\\turbo-tasks-backend\\src\\backend\\operation\\mod.rs:197:17'
}
⨯ Error [TurbopackInternalError]: Failed to restore task data (corrupted database or bug): Data for TaskId 468569)

Debug info:
- Execution of get_written_endpoint_with_issues_operation failed
- Execution of endpoint_write_to_disk failed
- Failed to restore task data (corrupted database or bug): Data for TaskId 468569)
  
  Caused by:
      0: Looking up task storage for TaskId 468569 from database failed
      1: Unable to open static sorted file referenced from 00000417.meta
      2: Unable to open static sorted file 00000408.sst
      3: Failed to open SST file Y:\swetha\Kloset\frontend\.next\dev\cache/turbopack\ee6e79b1\00000408.sst
      4: The system cannot find the path specified. (os error 3)
    at <unknown> (TurbopackInternalError: Failed to restore task data (corrupted database or bug): Data for TaskId 468569)) {
  location: 'turbopack\\crates\\turbo-tasks-backend\\src\\backend\\operation\\mod.rs:197:17'
}
⨯ Error [TurbopackInternalError]: Failed to restore task data (corrupted database or bug): Data for TaskId 468569)

Debug info:
- Execution of get_written_endpoint_with_issues_operation failed
- Execution of endpoint_write_to_disk failed
- Failed to restore task data (corrupted database or bug): Data for TaskId 468569)
  
  Caused by:
      0: Looking up task storage for TaskId 468569 from database failed
      1: Unable to open static sorted file referenced from 00000417.meta
      2: Unable to open static sorted file 00000408.sst
      3: Failed to open SST file Y:\swetha\Kloset\frontend\.next\dev\cache/turbopack\ee6e79b1\00000408.sst
      4: The system cannot find the path specified. (os error 3)
    at <unknown> (TurbopackInternalError: Failed to restore task data (corrupted database or bug): Data for TaskId 468569)) {
  location: 'turbopack\\crates\\turbo-tasks-backend\\src\\backend\\operation\\mod.rs:197:17'
}
⨯ Error [TurbopackInternalError]: Failed to restore task data (corrupted database or bug): Data for TaskId 468569)

Debug info:
- Execution of get_written_endpoint_with_issues_operation failed
- Execution of endpoint_write_to_disk failed
- Failed to restore task data (corrupted database or bug): Data for TaskId 468569)
  
  Caused by:
      0: Looking up task storage for TaskId 468569 from database failed
      1: Unable to open static sorted file referenced from 00000417.meta
      2: Unable to open static sorted file 00000408.sst
      3: Failed to open SST file Y:\swetha\Kloset\frontend\.next\dev\cache/turbopack\ee6e79b1\00000408.sst
      4: The system cannot find the path specified. (os error 3)
    at <unknown> (TurbopackInternalError: Failed to restore task data (corrupted database or bug): Data for TaskId 468569)) {
  location: 'turbopack\\crates\\turbo-tasks-backend\\src\\backend\\operation\\mod.rs:197:17'
}
⨯ Error [TurbopackInternalError]: Failed to restore task data (corrupted database or bug): Data for TaskId 468569)

Debug info:
- Execution of get_written_endpoint_with_issues_operation failed
- Execution of endpoint_write_to_disk failed
- Failed to restore task data (corrupted database or bug): Data for TaskId 468569)
  
  Caused by:
      0: Looking up task storage for TaskId 468569 from database failed
      1: Unable to open static sorted file referenced from 00000417.meta
      2: Unable to open static sorted file 00000408.sst
      3: Failed to open SST file Y:\swetha\Kloset\frontend\.next\dev\cache/turbopack\ee6e79b1\00000408.sst
      4: The system cannot find the path specified. (os error 3)
    at <unknown> (TurbopackInternalError: Failed to restore task data (corrupted database or bug): Data for TaskId 468569)) {
  location: 'turbopack\\crates\\turbo-tasks-backend\\src\\backend\\operation\\mod.rs:197:17'
}
Error [TurbopackInternalError]: Failed to restore task data (corrupted database or bug): Data for TaskId 468569)

Debug info:
- Execution of get_written_endpoint_with_issues_operation failed
- Execution of endpoint_write_to_disk failed
- Failed to restore task data (corrupted database or bug): Data for TaskId 468569)
  
  Caused by:
      0: Looking up task storage for TaskId 468569 from database failed
      1: Unable to open static sorted file referenced from 00000417.meta
      2: Unable to open static sorted file 00000408.sst
      3: Failed to open SST file Y:\swetha\Kloset\frontend\.next\dev\cache/turbopack\ee6e79b1\00000408.sst
      4: The system cannot find the path specified. (os error 3)
    at <unknown> (TurbopackInternalError: Failed to restore task data (corrupted database or bug): Data for TaskId 468569)) {
  location: 'turbopack\\crates\\turbo-tasks-backend\\src\\backend\\operation\\mod.rs:197:17'
}
Error [TurbopackInternalError]: Failed to restore task data (corrupted database or bug): Data for TaskId 468569)

Debug info:
- Execution of get_written_endpoint_with_issues_operation failed
- Execution of endpoint_write_to_disk failed
- Failed to restore task data (corrupted database or bug): Data for TaskId 468569)
  
  Caused by:
      0: Looking up task storage for TaskId 468569 from database failed
      1: Unable to open static sorted file referenced from 00000417.meta
      2: Unable to open static sorted file 00000408.sst
      3: Failed to open SST file Y:\swetha\Kloset\frontend\.next\dev\cache/turbopack\ee6e79b1\00000408.sst
      4: The system cannot find the path specified. (os error 3)
    at <unknown> (TurbopackInternalError: Failed to restore task data (corrupted database or bug): Data for TaskId 468569)) {
  location: 'turbopack\\crates\\turbo-tasks-backend\\src\\backend\\operation\\mod.rs:197:17'
}
Error [TurbopackInternalError]: Failed to restore task data (corrupted database or bug): Data for TaskId 468569)

Debug info:
- Execution of get_written_endpoint_with_issues_operation failed
- Execution of endpoint_write_to_disk failed
- Failed to restore task data (corrupted database or bug): Data for TaskId 468569)
  
  Caused by:
      0: Looking up task storage for TaskId 468569 from database failed
      1: Unable to open static sorted file referenced from 00000417.meta
      2: Unable to open static sorted file 00000408.sst
      3: Failed to open SST file Y:\swetha\Kloset\frontend\.next\dev\cache/turbopack\ee6e79b1\00000408.sst
      4: The system cannot find the path specified. (os error 3)
    at <unknown> (TurbopackInternalError: Failed to restore task data (corrupted database or bug): Data for TaskId 468569)) {
  location: 'turbopack\\crates\\turbo-tasks-backend\\src\\backend\\operation\\mod.rs:197:17'
}
Error [TurbopackInternalError]: Failed to restore task data (corrupted database or bug): Data for TaskId 468569)

Debug info:
- Execution of get_written_endpoint_with_issues_operation failed
- Execution of endpoint_write_to_disk failed
- Failed to restore task data (corrupted database or bug): Data for TaskId 468569)
  
  Caused by:
      0: Looking up task storage for TaskId 468569 from database failed
      1: Unable to open static sorted file referenced from 00000417.meta
      2: Unable to open static sorted file 00000408.sst
      3: Failed to open SST file Y:\swetha\Kloset\frontend\.next\dev\cache/turbopack\ee6e79b1\00000408.sst
      4: The system cannot find the path specified. (os error 3)
    at <unknown> (TurbopackInternalError: Failed to restore task data (corrupted database or bug): Data for TaskId 468569)) {
  location: 'turbopack\\crates\\turbo-tasks-backend\\src\\backend\\operation\\mod.rs:197:17'
}
Persisting failed: Another write batch or compaction is already active (Only a single write operations is allowed at a time)
Persisting failed: Another write batch or compaction is already active (Only a single write operations is allowed at a time)
Compaction failed: Another write batch or compaction is already active (Only a single write operations is allowed at a time)
Persisting failed: Another write batch or compaction is already active (Only a single write operations is allowed at a time)
Compaction failed: Another write batch or compaction is already active (Only a single write operations is allowed at a time)
Persisting failed: Another write batch or compaction is already active (Only a single write operations is allowed at a time)
Compaction failed: Another write batch or compaction is already active (Only a single write operations is allowed at a time)
Persisting failed: Another write batch or compaction is already active (Only a single write operations is allowed at a time)
Compaction failed: Another write batch or compaction is already active (Only a single write operations is allowed at a time)
Persisting failed: Another write batch or compaction is already active (Only a single write operations is allowed at a time)
Compaction failed: Another write batch or compaction is already active (Only a single write operations is allowed at a time)
Persisting failed: Another write batch or compaction is already active (Only a single write operations is allowed at a time)
Persisting failed: Another write batch or compaction is already active (Only a single write operations is allowed at a time)
Persisting failed: Another write batch or compaction is already active (Only a single write operations is allowed at a time)
Compaction failed: Another write batch or compaction is already active (Only a single write operations is allowed at a time)
Persisting failed: Another write batch or compaction is already active (Only a single write operations is allowed at a time)
Compaction failed: Another write batch or compaction is already active (Only a single write operations is allowed at a time)
Persisting failed: Another write batch or compaction is already active (Only a single write operations is allowed at a time)
Compaction failed: Another write batch or compaction is already active (Only a single write operations is allowed at a time)
⨯ Error: ENOENT: no such file or directory, open 'Y:\swetha\Kloset\frontend\.next\dev\server\app\page\build-manifest.json'
    at ignore-listed frames {
  errno: -4058,
  code: 'ENOENT',
  syscall: 'open',
  path: 'Y:\\swetha\\Kloset\\frontend\\.next\\dev\\server\\app\\page\\build-manifest.json'
}

-----
[1m[31mFATAL[39m[0m: An unexpected Turbopack error occurred. A panic log has been written to C:\Users\alany\AppData\Local\Temp\next-panic-833027b06ee2d0d423d67ba65ae2d637.log.

To help make Turbopack better, report this error by ]8;;https://bugs.nextjs.org/search?category=turbopack-error-report&title=Turbopack%20Error%3A%20Failed%20to%20restore%20task%20data%20%28corrupted%20database%20or%20bug%29%3A%20Data%20for%20TaskId%20468569%29&body=Turbopack%20version%3A%20%60ee6e79b1%60%0ANext.js%20version%3A%20%600.0.0%60%0A%0AError%20message%3A%0A%60%60%60%0AFailed%20to%20restore%20task%20data%20%28corrupted%20database%20or%20bug%29%3A%20Data%20for%20TaskId%20468569%29%0A%0ADebug%20info%3A%0A-%20Execution%20of%20get_written_endpoint_with_issues_operation%20failed%0A-%20Execution%20of%20endpoint_write_to_disk%20failed%0A-%20Failed%20to%20restore%20task%20data%20%28corrupted%20database%20or%20bug%29%3A%20Data%20for%20TaskId%20468569%29%0A%20%20%0A%20%20Caused%20by%3A%0A%20%20%20%20%20%200%3A%20Looking%20up%20task%20storage%20for%20TaskId%20468569%20from%20database%20failed%0A%20%20%20%20%20%201%3A%20Unable%20to%20open%20static%20sorted%20file%20referenced%20from%2000000417.meta%0A%20%20%20%20%20%202%3A%20Unable%20to%20open%20static%20sorted%20file%2000000408.sst%0A%20%20%20%20%20%203%3A%20Failed%20to%20open%20SST%20file%20Y%3A%5Cswetha%5CKloset%5Cfrontend%5C.next%5Cdev%5Ccache%2Fturbopack%5Cee6e79b1%5C00000408.sst%0A%20%20%20%20%20%204%3A%20The%20system%20cannot%20find%20the%20path%20specified.%20%28os%20error%203%29%0A%60%60%60&labels=Turbopack,Turbopack%20Panic%20Backtrace\clicking here.]8;;\
-----

⨯ Error [TurbopackInternalError]: Failed to restore task data (corrupted database or bug): Data for TaskId 468569)

Debug info:
- Execution of get_written_endpoint_with_issues_operation failed
- Execution of endpoint_write_to_disk failed
- Failed to restore task data (corrupted database or bug): Data for TaskId 468569)
  
  Caused by:
      0: Looking up task storage for TaskId 468569 from database failed
      1: Unable to open static sorted file referenced from 00000417.meta
      2: Unable to open static sorted file 00000408.sst
      3: Failed to open SST file Y:\swetha\Kloset\frontend\.next\dev\cache/turbopack\ee6e79b1\00000408.sst
      4: The system cannot find the path specified. (os error 3)
    at <unknown> (TurbopackInternalError: Failed to restore task data (corrupted database or bug): Data for TaskId 468569)) {
  location: 'turbopack\\crates\\turbo-tasks-backend\\src\\backend\\operation\\mod.rs:197:17'
}
Error: ENOENT: no such file or directory, open 'Y:\swetha\Kloset\frontend\.next\dev\server\app\page\build-manifest.json'
    at ignore-listed frames {
  errno: -4058,
  code: 'ENOENT',
  syscall: 'open',
  path: 'Y:\\swetha\\Kloset\\frontend\\.next\\dev\\server\\app\\page\\build-manifest.json'
}
⨯ Error [TurbopackInternalError]: Failed to restore task data (corrupted database or bug): Data for TaskId 468569)

Debug info:
- Execution of get_written_endpoint_with_issues_operation failed
- Execution of endpoint_write_to_disk failed
- Failed to restore task data (corrupted database or bug): Data for TaskId 468569)
  
  Caused by:
      0: Looking up task storage for TaskId 468569 from database failed
      1: Unable to open static sorted file referenced from 00000417.meta
      2: Unable to open static sorted file 00000408.sst
      3: Failed to open SST file Y:\swetha\Kloset\frontend\.next\dev\cache/turbopack\ee6e79b1\00000408.sst
      4: The system cannot find the path specified. (os error 3)
    at <unknown> (TurbopackInternalError: Failed to restore task data (corrupted database or bug): Data for TaskId 468569)) {
  location: 'turbopack\\crates\\turbo-tasks-backend\\src\\backend\\operation\\mod.rs:197:17'
}
Error [TurbopackInternalError]: Failed to restore task data (corrupted database or bug): Data for TaskId 468569)

Debug info:
- Execution of get_written_endpoint_with_issues_operation failed
- Execution of endpoint_write_to_disk failed
- Failed to restore task data (corrupted database or bug): Data for TaskId 468569)
  
  Caused by:
      0: Looking up task storage for TaskId 468569 from database failed
      1: Unable to open static sorted file referenced from 00000417.meta
      2: Unable to open static sorted file 00000408.sst
      3: Failed to open SST file Y:\swetha\Kloset\frontend\.next\dev\cache/turbopack\ee6e79b1\00000408.sst
      4: The system cannot find the path specified. (os error 3)
    at <unknown> (TurbopackInternalError: Failed to restore task data (corrupted database or bug): Data for TaskId 468569)) {
  location: 'turbopack\\crates\\turbo-tasks-backend\\src\\backend\\operation\\mod.rs:197:17'
}
Persisting failed: Another write batch or compaction is already active (Only a single write operations is allowed at a time)
Compaction failed: Another write batch or compaction is already active (Only a single write operations is allowed at a time)
Persisting failed: Another write batch or compaction is already active (Only a single write operations is allowed at a time)
Compaction failed: Another write batch or compaction is already active (Only a single write operations is allowed at a time)
Persisting failed: Another write batch or compaction is already active (Only a single write operations is allowed at a time)
Persisting failed: Another write batch or compaction is already active (Only a single write operations is allowed at a time)
Compaction failed: Another write batch or compaction is already active (Only a single write operations is allowed at a time)
Persisting failed: Another write batch or compaction is already active (Only a single write operations is allowed at a time)
Persisting failed: Another write batch or compaction is already active (Only a single write operations is allowed at a time)
Compaction failed: Another write batch or compaction is already active (Only a single write operations is allowed at a time)
Persisting failed: Another write batch or compaction is already active (Only a single write operations is allowed at a time)
Persisting failed: Another write batch or compaction is already active (Only a single write operations is allowed at a time)
[?25h
▲ Next.js 16.2.6 (Turbopack)
- Local:         http://localhost:3000
- Network:       http://10.220.85.202:3000
- Environments: .env.local
✓ Ready in 868ms
[@sentry/nextjs] DEPRECATION WARNING: disableLogger is deprecated and will be removed in a future version. Use webpack.treeshake.removeDebugLogging instead. (Not supported with Turbopack.)
[@sentry/nextjs] DEPRECATION WARNING: automaticVercelMonitors is deprecated and will be removed in a future version. Use webpack.automaticVercelMonitors instead. (Not supported with Turbopack.)
⚠ The "middleware" file convention is deprecated. Please use "proxy" instead. Learn more: https://nextjs.org/docs/messages/middleware-to-proxy
- Experiments (use with caution):
  · clientTraceMetadata

○ Compiling / ...
 GET /discover 200 in 2.4s (next.js: 1813ms, application-code: 607ms)
 GET /login 200 in 2.9s (next.js: 2.5s, proxy.ts: 266ms, application-code: 220ms)
 GET / 200 in 3.5s (next.js: 3.3s, application-code: 175ms)
✓ Compiled in 652ms
✓ Compiled in 694ms
 GET / 200 in 385ms (next.js: 123ms, application-code: 262ms)
✓ Compiled in 173ms
 GET / 200 in 546ms (next.js: 99ms, application-code: 447ms)
 POST /api/auth/login 200 in 711ms (next.js: 685ms, application-code: 26ms)
 POST /api/seller/listings 201 in 539ms (next.js: 528ms, application-code: 11ms)
 GET /discover 200 in 1037ms (next.js: 175ms, application-code: 862ms)
 GET /login 200 in 1304ms (next.js: 519ms, proxy.ts: 189ms, application-code: 596ms)
 GET /cart 200 in 752ms (next.js: 604ms, application-code: 148ms)
 GET /api/admin/health 200 in 179ms (next.js: 171ms, application-code: 8ms)
 POST /api/aiops 200 in 241ms (next.js: 233ms, application-code: 8ms)
 GET /api/aiops/health 200 in 301ms (next.js: 294ms, application-code: 7ms)
 GET /auth/login?redirect=%2Fseller 200 in 1232ms (next.js: 709ms, proxy.ts: 390ms, application-code: 133ms)
 GET /auth/login?redirect=%2Fadmin 200 in 749ms (next.js: 573ms, proxy.ts: 68ms, application-code: 108ms)
 GET /discover 200 in 792ms (next.js: 123ms, application-code: 669ms)
 GET / 200 in 431ms (next.js: 113ms, application-code: 319ms)
 GET /discover?sort=newest 200 in 41ms (next.js: 9ms, application-code: 32ms)
Failed to proxy https://o4511542285041664.ingest.us.sentry.io/api/4511542310141952/envelope/?o=4511542285041664&p=4511542310141952&r=us&hsts=0 Error: socket hang up
    at ignore-listed frames {
  code: 'ECONNRESET'
}
Error: socket hang up
    at ignore-listed frames {
  code: 'ECONNRESET'
}
Failed to proxy https://o4511542285041664.ingest.us.sentry.io/api/4511542310141952/envelope/?o=4511542285041664&p=4511542310141952&r=us&hsts=0 Error: socket hang up
    at ignore-listed frames {
  code: 'ECONNRESET'
}
Error: socket hang up
    at ignore-listed frames {
  code: 'ECONNRESET'
}
Failed to proxy https://o4511542285041664.ingest.us.sentry.io/api/4511542310141952/envelope/?o=4511542285041664&p=4511542310141952&r=us&hsts=0 Error: socket hang up
    at ignore-listed frames {
  code: 'ECONNRESET'
}
Error: socket hang up
    at ignore-listed frames {
  code: 'ECONNRESET'
}
Failed to proxy https://o4511542285041664.ingest.us.sentry.io/api/4511542310141952/envelope/?o=4511542285041664&p=4511542310141952&r=us&hsts=0 Error: socket hang up
    at ignore-listed frames {
  code: 'ECONNRESET'
}
Error: socket hang up
    at ignore-listed frames {
  code: 'ECONNRESET'
}
Failed to proxy https://o4511542285041664.ingest.us.sentry.io/api/4511542310141952/envelope/?o=4511542285041664&p=4511542310141952&r=us&hsts=0 Error: socket hang up
    at ignore-listed frames {
  code: 'ECONNRESET'
}
Error: socket hang up
    at ignore-listed frames {
  code: 'ECONNRESET'
}
Failed to proxy https://o4511542285041664.ingest.us.sentry.io/api/4511542310141952/envelope/?o=4511542285041664&p=4511542310141952&r=us&hsts=0 Error: socket hang up
    at ignore-listed frames {
  code: 'ECONNRESET'
}
Error: socket hang up
    at ignore-listed frames {
  code: 'ECONNRESET'
}
Failed to proxy https://o4511542285041664.ingest.us.sentry.io/api/4511542310141952/envelope/?o=4511542285041664&p=4511542310141952&r=us&hsts=0 Error: socket hang up
    at ignore-listed frames {
  code: 'ECONNRESET'
}
Error: socket hang up
    at ignore-listed frames {
  code: 'ECONNRESET'
}
Failed to proxy https://o4511542285041664.ingest.us.sentry.io/api/4511542310141952/envelope/?o=4511542285041664&p=4511542310141952&r=us&hsts=0 Error: socket hang up
    at ignore-listed frames {
  code: 'ECONNRESET'
}
Error: socket hang up
    at ignore-listed frames {
  code: 'ECONNRESET'
}
Failed to proxy https://o4511542285041664.ingest.us.sentry.io/api/4511542310141952/envelope/?o=4511542285041664&p=4511542310141952&r=us&hsts=0 Error: socket hang up
    at ignore-listed frames {
  code: 'ECONNRESET'
}
Error: socket hang up
    at ignore-listed frames {
  code: 'ECONNRESET'
}
[browser] API error browsing outfits, using mock fallback list AxiosError: timeout of 15000ms exceeded
    at async Object.browse (lib/api.ts:275:22)
    at async DiscoverContent.useCallback[fetchOutfits] (app/discover/page.tsx:81:20)
    at async init (app/discover/page.tsx:93:7)
  273 |       });
  274 |     }
> 275 |     const { data } = await client.get<APIResponse<Outfit[]>>(`/outfits?${params.toString(...
      |                      ^
  276 |     return { outfits: data.data || [], meta: data.meta || { page: 1, per_page: 20, total:...
  277 |   },
  278 | (app/discover/page.tsx:84:15)
[browser] Could not load trending outfits, using fallbacks. AxiosError: timeout of 15000ms exceeded
    at async Object.getTrending (lib/api.ts:285:22)
    at async loadData (app/page.tsx:157:27)
  283 |
  284 |   getTrending: async (limit = 12): Promise<Outfit[]> => {
> 285 |     const { data } = await client.get<APIResponse<Outfit[]>>(`/outfits/trending?limit=${l...
      |                      ^
  286 |     return data.data || [];
  287 |   },
  288 | (app/page.tsx:162:17)
Failed to proxy https://o4511542285041664.ingest.us.sentry.io/api/4511542310141952/envelope/?o=4511542285041664&p=4511542310141952&r=us&hsts=0 Error: socket hang up
    at ignore-listed frames {
  code: 'ECONNRESET'
}
Error: socket hang up
    at ignore-listed frames {
  code: 'ECONNRESET'
}
 GET / 200 in 155ms (next.js: 12ms, application-code: 143ms)
 GET /robots.txt 404 in 735ms (next.js: 637ms, application-code: 98ms)
✓ Compiled in 128ms
✓ Compiled in 140ms
Persisting failed: Unable to write SST file 00000803.sst

Caused by:
    The system cannot find the path specified. (os error 3)
Compaction failed: Another write batch or compaction is already active (Only a single write operations is allowed at a time)
Persisting failed: Another write batch or compaction is already active (Only a single write operations is allowed at a time)
Persisting failed: Another write batch or compaction is already active (Only a single write operations is allowed at a time)
Compaction failed: Another write batch or compaction is already active (Only a single write operations is allowed at a time)
Persisting failed: Another write batch or compaction is already active (Only a single write operations is allowed at a time)
Compaction failed: Another write batch or compaction is already active (Only a single write operations is allowed at a time)
▲ Next.js 16.2.6 (Turbopack)
- Local:         http://localhost:3000
- Network:       http://10.220.85.202:3000
- Environments: .env.local
✓ Ready in 1275ms
[@sentry/nextjs] DEPRECATION WARNING: disableLogger is deprecated and will be removed in a future version. Use webpack.treeshake.removeDebugLogging instead. (Not supported with Turbopack.)
[@sentry/nextjs] DEPRECATION WARNING: automaticVercelMonitors is deprecated and will be removed in a future version. Use webpack.automaticVercelMonitors instead. (Not supported with Turbopack.)
○ Compiling instrumentation Node.js ...
⚠ The "middleware" file convention is deprecated. Please use "proxy" instead. Learn more: https://nextjs.org/docs/messages/middleware-to-proxy
- Experiments (use with caution):
  · clientTraceMetadata

