go: downloading github.com/pingcap/errors v0.11.4
go: downloading github.com/pkg/errors v0.9.1
go: downloading github.com/go-errors/errors v1.4.2
go: downloading go.uber.org/goleak v1.3.0
go: downloading go.opentelemetry.io/otel/sdk v1.43.0
go: downloading go.opentelemetry.io/otel/sdk/metric v1.43.0
go: downloading google.golang.org/genproto/googleapis/api v0.0.0-20260319201613-d00831a3d3e7
go: downloading google.golang.org/genproto v0.0.0-20260319201613-d00831a3d3e7
go: downloading github.com/golang/protobuf v1.5.4
go: downloading go.opentelemetry.io/contrib/instrumentation/google.golang.org/grpc/otelgrpc v0.67.0
go: downloading golang.org/x/time v0.15.0
go: downloading gonum.org/v1/gonum v0.17.0
go: finding module for package github.com/google/generative-ai-go/genai
go: downloading github.com/google/generative-ai-go v0.20.1
go: found github.com/google/generative-ai-go/genai in github.com/google/generative-ai-go v0.20.1
go: downloading cloud.google.com/go/ai v0.8.0
go: downloading cloud.google.com/go v0.115.0
go: downloading cloud.google.com/go/longrunning v0.5.7
go: downloading github.com/envoyproxy/go-control-plane/envoy v1.37.0
go: downloading github.com/envoyproxy/go-control-plane v0.14.0
go: downloading github.com/planetscale/vtprotobuf v0.6.1-0.20240319094008-0393e58bdf10
go: downloading github.com/envoyproxy/protoc-gen-validate v1.3.3
go: downloading github.com/cncf/xds/go v0.0.0-20260202195803-dba9d589def2
