
> frontend@0.1.0 build
> next build

[@sentry/nextjs] DEPRECATION WARNING: disableLogger is deprecated and will be removed in a future version. Use webpack.treeshake.removeDebugLogging instead. (Not supported with Turbopack.)
[@sentry/nextjs] DEPRECATION WARNING: automaticVercelMonitors is deprecated and will be removed in a future version. Use webpack.automaticVercelMonitors instead. (Not supported with Turbopack.)
▲ Next.js 16.2.6 (Turbopack)
- Environments: .env.local
- Experiments (use with caution):
  · clientTraceMetadata

⚠ The "middleware" file convention is deprecated. Please use "proxy" instead. Learn more: https://nextjs.org/docs/messages/middleware-to-proxy
  Creating an optimized production build ...
[@sentry/nextjs] DEPRECATION WARNING: disableLogger is deprecated and will be removed in a future version. Use webpack.treeshake.removeDebugLogging instead. (Not supported with Turbopack.)
[@sentry/nextjs] DEPRECATION WARNING: automaticVercelMonitors is deprecated and will be removed in a future version. Use webpack.automaticVercelMonitors instead. (Not supported with Turbopack.)
✓ Compiled successfully in 5.7s
  Running next.config.js provided runAfterProductionCompile ...
✓ Completed runAfterProductionCompile in 27.9s
  Running TypeScript ...
  Finished TypeScript in 5.6s ...
  Collecting page data using 19 workers ...
  Generating static pages using 19 workers (0/25) ...
The width(-1) and height(-1) of chart should be greater than 0,
       please check the style of container, or the props width(100%) and height(100%),
       or add a minWidth(0) or minHeight(undefined) or use aspect(undefined) to control the
       height and width.
The width(-1) and height(-1) of chart should be greater than 0,
       please check the style of container, or the props width(100%) and height(100%),
       or add a minWidth(0) or minHeight(undefined) or use aspect(undefined) to control the
       height and width.
  Generating static pages using 19 workers (6/25) 
⨯ useSearchParams() should be wrapped in a suspense boundary at page "/auth/login". Read more: https://nextjs.org/docs/messages/missing-suspense-with-csr-bailout
    at S (Y:\swetha\Kloset\frontend\.next\server\chunks\ssr\node_modules_next_0w2y7fz._.js:3:2692)
    at r (Y:\swetha\Kloset\frontend\.next\server\chunks\ssr\node_modules_next_0w2y7fz._.js:5:6760)
    at Y:\swetha\Kloset\frontend\.next\server\chunks\ssr\[root-of-the-server]__0y0yddc._.js:7:763
    at an (Y:\swetha\Kloset\frontend\node_modules\next\dist\compiled\next-server\app-page-turbo.runtime.prod.js:2:84267)
    at ai (Y:\swetha\Kloset\frontend\node_modules\next\dist\compiled\next-server\app-page-turbo.runtime.prod.js:2:86086)
    at al (Y:\swetha\Kloset\frontend\node_modules\next\dist\compiled\next-server\app-page-turbo.runtime.prod.js:2:107860)
    at ao (Y:\swetha\Kloset\frontend\node_modules\next\dist\compiled\next-server\app-page-turbo.runtime.prod.js:2:105275)
    at aa (Y:\swetha\Kloset\frontend\node_modules\next\dist\compiled\next-server\app-page-turbo.runtime.prod.js:2:84619)
    at ai (Y:\swetha\Kloset\frontend\node_modules\next\dist\compiled\next-server\app-page-turbo.runtime.prod.js:2:86135)
    at ai (Y:\swetha\Kloset\frontend\node_modules\next\dist\compiled\next-server\app-page-turbo.runtime.prod.js:2:104615)
Error occurred prerendering page "/auth/login". Read more: https://nextjs.org/docs/messages/prerender-error
Export encountered an error on /auth/login/page: /auth/login, exiting the build.
⨯ Next.js build worker exited with code: 1 and signal: null
