
> frontend@0.1.0 build
> next build

[@sentry/nextjs] DEPRECATION WARNING: disableLogger is deprecated and will be removed in a future version. Use webpack.treeshake.removeDebugLogging instead. (Not supported with Turbopack.)
[@sentry/nextjs] DEPRECATION WARNING: automaticVercelMonitors is deprecated and will be removed in a future version. Use webpack.automaticVercelMonitors instead. (Not supported with Turbopack.)
▲ Next.js 16.2.6 (Turbopack)
- Environments: .env.local
- Experiments (use with caution):
  · clientTraceMetadata

⚠ The "middleware" file convention is deprecated. Please use "proxy" instead. Learn more: https://nextjs.org/docs/messages/middleware-to-proxy
  Creating an optimized production build ...
[@sentry/nextjs] DEPRECATION WARNING: disableLogger is deprecated and will be removed in a future version. Use webpack.treeshake.removeDebugLogging instead. (Not supported with Turbopack.)
[@sentry/nextjs] DEPRECATION WARNING: automaticVercelMonitors is deprecated and will be removed in a future version. Use webpack.automaticVercelMonitors instead. (Not supported with Turbopack.)
✓ Compiled successfully in 7.8s
  Running next.config.js provided runAfterProductionCompile ...
✓ Completed runAfterProductionCompile in 22.8s
  Running TypeScript ...
  Finished TypeScript in 10.5s ...
  Collecting page data using 19 workers ...
  Generating static pages using 19 workers (0/37) ...
The width(-1) and height(-1) of chart should be greater than 0,
       please check the style of container, or the props width(100%) and height(100%),
       or add a minWidth(0) or minHeight(undefined) or use aspect(undefined) to control the
       height and width.
The width(-1) and height(-1) of chart should be greater than 0,
       please check the style of container, or the props width(100%) and height(100%),
       or add a minWidth(0) or minHeight(undefined) or use aspect(undefined) to control the
       height and width.
  Generating static pages using 19 workers (9/37) 
The width(-1) and height(-1) of chart should be greater than 0,
       please check the style of container, or the props width(100%) and height(100%),
       or add a minWidth(0) or minHeight(undefined) or use aspect(undefined) to control the
       height and width.
  Generating static pages using 19 workers (18/37) 
  Generating static pages using 19 workers (27/37) 
✓ Generating static pages using 19 workers (37/37) in 1186ms
  Finalizing page optimization ...

Route (app)
┌ ○ /
├ ○ /_not-found
├ ○ /admin
├ ○ /admin/aiops
├ ○ /admin/analytics
├ ○ /admin/disputes
├ ○ /admin/kyc
├ ○ /admin/listings
├ ○ /admin/orders
├ ○ /admin/payments
├ ○ /admin/security
├ ○ /admin/sellers
├ ○ /admin/settings
├ ○ /admin/support
├ ○ /admin/transactions
├ ○ /admin/users
├ ○ /booking/checkout
├ ○ /booking/confirmation
├ ○ /dashboard
├ ○ /dashboard/orders
├ ○ /dashboard/profile
├ ○ /dashboard/wishlist
├ ○ /discover
├ ○ /login
├ ƒ /outfit/[id]
├ ○ /outfit/new
├ ○ /register
├ ○ /seller
├ ○ /seller/earnings
├ ○ /seller/inbox
├ ○ /seller/listings
├ ○ /seller/orders
├ ○ /seller/profile
├ ○ /seller/reviews
├ ○ /seller/support
└ ○ /support


ƒ Proxy (Middleware)

○  (Static)   prerendered as static content
ƒ  (Dynamic)  server-rendered on demand

