
> frontend@0.1.0 build
> next build

[@sentry/nextjs] DEPRECATION WARNING: disableLogger is deprecated and will be removed in a future version. Use webpack.treeshake.removeDebugLogging instead. (Not supported with Turbopack.)
[@sentry/nextjs] DEPRECATION WARNING: automaticVercelMonitors is deprecated and will be removed in a future version. Use webpack.automaticVercelMonitors instead. (Not supported with Turbopack.)
▲ Next.js 16.2.6 (Turbopack)
- Environments: .env.local
- Experiments (use with caution):
  · clientTraceMetadata

⚠ The "middleware" file convention is deprecated. Please use "proxy" instead. Learn more: https://nextjs.org/docs/messages/middleware-to-proxy
  Creating an optimized production build ...
[@sentry/nextjs] DEPRECATION WARNING: disableLogger is deprecated and will be removed in a future version. Use webpack.treeshake.removeDebugLogging instead. (Not supported with Turbopack.)
[@sentry/nextjs] DEPRECATION WARNING: automaticVercelMonitors is deprecated and will be removed in a future version. Use webpack.automaticVercelMonitors instead. (Not supported with Turbopack.)
✓ Compiled successfully in 8.8s
  Running next.config.js provided runAfterProductionCompile ...
✓ Completed runAfterProductionCompile in 2.1min
  Running TypeScript ...
Failed to type check.

./app/support-center/page.tsx:428:59
Type error: Argument of type '"seller" | "cancellation" | "refund" | "damage" | "shipping" | "terms" | "privacy" | "rental"' is not assignable to parameter of type 'SetStateAction<"cancellation" | "refund" | "damage" | "shipping" | "terms" | "privacy">'.
  Type '"seller"' is not assignable to type 'SetStateAction<"cancellation" | "refund" | "damage" | "shipping" | "terms" | "privacy">'.

  426 | ...       <button
  427 | ...         key={pTab.id}
> 428 | ...         onClick={() => setActivePolicyTab(pTab.id)}
      |                                               ^
  429 | ...         className={`w-full text-left py-3 px-4 rounded-xl text-xs font-mono uppercase...
  430 | ...           activePolicyTab === pTab.id
  431 | ...             ? 'bg-[var(--rose)] text-white font-bold'
Next.js build worker exited with code: 1 and signal: null
