
> frontend@0.1.0 build
> next build

[@sentry/nextjs] DEPRECATION WARNING: disableLogger is deprecated and will be removed in a future version. Use webpack.treeshake.removeDebugLogging instead. (Not supported with Turbopack.)
[@sentry/nextjs] DEPRECATION WARNING: automaticVercelMonitors is deprecated and will be removed in a future version. Use webpack.automaticVercelMonitors instead. (Not supported with Turbopack.)
▲ Next.js 16.2.6 (Turbopack)
- Environments: .env.local
- Experiments (use with caution):
  · clientTraceMetadata

⚠ The "middleware" file convention is deprecated. Please use "proxy" instead. Learn more: https://nextjs.org/docs/messages/middleware-to-proxy
  Creating an optimized production build ...
[@sentry/nextjs] DEPRECATION WARNING: disableLogger is deprecated and will be removed in a future version. Use webpack.treeshake.removeDebugLogging instead. (Not supported with Turbopack.)
[@sentry/nextjs] DEPRECATION WARNING: automaticVercelMonitors is deprecated and will be removed in a future version. Use webpack.automaticVercelMonitors instead. (Not supported with Turbopack.)
✓ Compiled successfully in 5.2s
  Running next.config.js provided runAfterProductionCompile ...
✓ Completed runAfterProductionCompile in 22.6s
  Running TypeScript ...
  Finished TypeScript in 5.4s ...
  Collecting page data using 19 workers ...
  Generating static pages using 19 workers (0/25) ...
The width(-1) and height(-1) of chart should be greater than 0,
       please check the style of container, or the props width(100%) and height(100%),
       or add a minWidth(0) or minHeight(undefined) or use aspect(undefined) to control the
       height and width.
The width(-1) and height(-1) of chart should be greater than 0,
       please check the style of container, or the props width(100%) and height(100%),
       or add a minWidth(0) or minHeight(undefined) or use aspect(undefined) to control the
       height and width.
  Generating static pages using 19 workers (6/25) 
  Generating static pages using 19 workers (12/25) 
The width(-1) and height(-1) of chart should be greater than 0,
       please check the style of container, or the props width(100%) and height(100%),
       or add a minWidth(0) or minHeight(undefined) or use aspect(undefined) to control the
       height and width.
The width(-1) and height(-1) of chart should be greater than 0,
       please check the style of container, or the props width(100%) and height(100%),
       or add a minWidth(0) or minHeight(undefined) or use aspect(undefined) to control the
       height and width.
  Generating static pages using 19 workers (18/25) 
✓ Generating static pages using 19 workers (25/25) in 856ms
  Finalizing page optimization ...

Route (app)
┌ ○ /
├ ○ /_not-found
├ ○ /admin
├ ○ /admin/aiops
├ ○ /admin/disputes
├ ○ /admin/kyc
├ ○ /admin/sellers
├ ○ /admin/settings
├ ○ /admin/transactions
├ ○ /admin/users
├ ○ /auth/login
├ ○ /auth/register
├ ○ /booking/checkout
├ ○ /booking/confirmation
├ ○ /discover
├ ○ /orders
├ ƒ /outfit/[id]
├ ○ /outfit/new
├ ○ /profile
├ ○ /seller
├ ○ /seller/analytics
├ ○ /seller/earnings
├ ○ /seller/listings
├ ○ /seller/orders
└ ○ /wishlist


ƒ Proxy (Middleware)

○  (Static)   prerendered as static content
ƒ  (Dynamic)  server-rendered on demand

