
> frontend@0.1.0 build
> next build

[@sentry/nextjs] DEPRECATION WARNING: disableLogger is deprecated and will be removed in a future version. Use webpack.treeshake.removeDebugLogging instead. (Not supported with Turbopack.)
[@sentry/nextjs] DEPRECATION WARNING: automaticVercelMonitors is deprecated and will be removed in a future version. Use webpack.automaticVercelMonitors instead. (Not supported with Turbopack.)
▲ Next.js 16.2.6 (Turbopack)
- Environments: .env.local
- Experiments (use with caution):
  · clientTraceMetadata

⚠ The "middleware" file convention is deprecated. Please use "proxy" instead. Learn more: https://nextjs.org/docs/messages/middleware-to-proxy
  Creating an optimized production build ...
[@sentry/nextjs] DEPRECATION WARNING: disableLogger is deprecated and will be removed in a future version. Use webpack.treeshake.removeDebugLogging instead. (Not supported with Turbopack.)
[@sentry/nextjs] DEPRECATION WARNING: automaticVercelMonitors is deprecated and will be removed in a future version. Use webpack.automaticVercelMonitors instead. (Not supported with Turbopack.)
Found 1 warning while optimizing generated CSS:

│   }
│ }
│ @import url('https://fonts.googleapis.com/css2?family=Inter:wght@300;400;500;600;700;800&family=Playfair+Display:ital,wght@0,400;0,500;0,600;0,700;0,800;1,400;1,500&display=swap');
┆        ^-- @import rules must precede all rules aside from @charset and @layer statements
┆
│ :root {
│   --font-display: 'Playfair Display', serif;

✓ Compiled successfully in 59s
  Running next.config.js provided runAfterProductionCompile ...
✓ Completed runAfterProductionCompile in 38.5s
  Running TypeScript ...
Failed to type check.

./components/ai/AIDrawer.tsx:13:45
Type error: Property 'clearChat' does not exist on type 'AiChatStore'.

  11 |
  12 | export default function AIDrawer({ isOpen, onClose }: AIDrawerProps) {
> 13 |   const { messages, isLoading, sendMessage, clearChat } = useAiChatStore();
     |                                             ^
  14 |   const [input, setInput] = useState('');
  15 |   const scrollRef = useRef<HTMLDivElement>(null);
  16 |
Next.js build worker exited with code: 1 and signal: null
