
> frontend@0.1.0 build
> next build

[@sentry/nextjs] DEPRECATION WARNING: disableLogger is deprecated and will be removed in a future version. Use webpack.treeshake.removeDebugLogging instead. (Not supported with Turbopack.)
[@sentry/nextjs] DEPRECATION WARNING: automaticVercelMonitors is deprecated and will be removed in a future version. Use webpack.automaticVercelMonitors instead. (Not supported with Turbopack.)
▲ Next.js 16.2.6 (Turbopack)
- Environments: .env.local
- Experiments (use with caution):
  · clientTraceMetadata

⚠ The "middleware" file convention is deprecated. Please use "proxy" instead. Learn more: https://nextjs.org/docs/messages/middleware-to-proxy
  Creating an optimized production build ...
[@sentry/nextjs] DEPRECATION WARNING: disableLogger is deprecated and will be removed in a future version. Use webpack.treeshake.removeDebugLogging instead. (Not supported with Turbopack.)
[@sentry/nextjs] DEPRECATION WARNING: automaticVercelMonitors is deprecated and will be removed in a future version. Use webpack.automaticVercelMonitors instead. (Not supported with Turbopack.)
✓ Compiled successfully in 54s
  Running next.config.js provided runAfterProductionCompile ...
✓ Completed runAfterProductionCompile in 96s
  Running TypeScript ...
  Finished TypeScript in 20.8s ...
  Collecting page data using 19 workers ...
  Generating static pages using 19 workers (0/29) ...
  Generating static pages using 19 workers (7/29) 
  Generating static pages using 19 workers (14/29) 
  Generating static pages using 19 workers (21/29) 
✓ Generating static pages using 19 workers (29/29) in 3.0s
  Finalizing page optimization ...

Route (app)
┌ ○ /
├ ○ /_not-found
├ ○ /admin-studio
├ ○ /admin/dashboard
├ ○ /booking/checkout
├ ○ /booking/confirmation
├ ○ /cancellation-policy
├ ○ /contact
├ ○ /damage-protection-policy
├ ○ /discover
├ ○ /faq
├ ○ /help
├ ○ /login
├ ƒ /outfit/[id]
├ ○ /outfit/new
├ ○ /privacy
├ ○ /refund-policy
├ ○ /register
├ ○ /rental-agreement
├ ○ /renter/dashboard
├ ○ /seller-agreement
├ ○ /seller/dashboard
├ ○ /seller/inbox
├ ○ /seller/outfits
├ ○ /shipping-policy
├ ○ /support-center
├ ○ /terms
└ ○ /test-center


ƒ Proxy (Middleware)

○  (Static)   prerendered as static content
ƒ  (Dynamic)  server-rendered on demand

