
T   Sentry Next.js Wizard 
|
o   ------------------------------------------------------------------------------------------------+
|                                                                                                   |
|  The Sentry Next.js Wizard will help you set up Sentry for your application.                      |
|  Thank you for using Sentry :)                                                                    |
|                                                                                                   |
|  Version: 6.12.0                                                                                  |
|                                                                                                   |
|  This wizard sends telemetry data and crash reports to Sentry. This helps us improve the Wizard.  |
|  You can turn this off at any time by running sentry-wizard --disable-telemetry.                  |
|                                                                                                   |
+---------------------------------------------------------------------------------------------------+
|
•  If the browser window didn't open automatically, please open the following link to log into Sentry:
|  
|  https://sentry.io/account/settings/wizard/vsg6wuilafjfgp624b67jj4t2b00i6y5c4j57pr523lt3irwtgfuuvw29tuk50l0/?org_slug=kloset&project_slug=kloset-frontend&project_platform=javascript-nextjs
|
•  Waiting for you to log in using the link aboveo  Waiting for you to log in using the link aboveO  Waiting for you to log in using the link above0  Waiting for you to log in using the link above•  Waiting for you to log in using the link aboveo  Waiting for you to log in using the link aboveO  Waiting for you to log in using the link above0  Waiting for you to log in using the link aboveo  Login complete.
|
o  Selected project kloset/kloset-frontend
