
> frontend@0.1.0 dev
> next dev

▲ Next.js 16.2.6 (Turbopack)
- Local:         http://localhost:3000
- Network:       http://10.101.16.14:3000
- Environments: .env.local
✓ Ready in 2.5s
[@sentry/nextjs] DEPRECATION WARNING: disableLogger is deprecated and will be removed in a future version. Use webpack.treeshake.removeDebugLogging instead. (Not supported with Turbopack.)
[@sentry/nextjs] DEPRECATION WARNING: automaticVercelMonitors is deprecated and will be removed in a future version. Use webpack.automaticVercelMonitors instead. (Not supported with Turbopack.)
○ Compiling instrumentation Node.js ...
○ Compiling instrumentation Edge ...
⚠ The "middleware" file convention is deprecated. Please use "proxy" instead. Learn more: https://nextjs.org/docs/messages/middleware-to-proxy
- Experiments (use with caution):
  · clientTraceMetadata

⨯ ./app/globals.css
Error evaluating Node.js code
CssSyntaxError: Y:\swetha\Kloset\frontend\app\globals.css:231:1: Unexpected }
    [at error (turbopack:///[project]/node_modules/postcss/lib/input.js:135:16)]
    [at unexpectedClose (turbopack:///[project]/node_modules/postcss/lib/parser.js:594:22)]
    [at end (turbopack:///[project]/node_modules/postcss/lib/parser.js:337:12)]
    [at parse (turbopack:///[project]/node_modules/postcss/lib/parser.js:463:16)]
    [at parser (turbopack:///[project]/node_modules/postcss/lib/parse.js:11:12)]
    [at new LazyResult (turbopack:///[project]/node_modules/postcss/lib/lazy-result.js:165:16)]
    [at process (turbopack:///[project]/node_modules/postcss/lib/processor.js:53:14)]
    [at transform (turbopack:///[turbopack-node]/transforms/postcss.ts:70:51)]
    [at run (turbopack:///[turbopack-node]/child_process/evaluate.ts:89:29)]
    [at run (turbopack:///[turbopack-node]/child_process/evaluate.ts:112:11)]

Import trace:
  Client Component Browser:
    ./app/globals.css [Client Component Browser]
    ./app/layout.tsx [Server Component]


○ Compiling /_error ...
 GET / 500 in 4.5s (next.js: 3.9s, application-code: 582ms)
[browser] Uncaught Error: ./app/globals.css
Error evaluating Node.js code
CssSyntaxError: Y:\swetha\Kloset\frontend\app\globals.css:231:1: Unexpected }
    [at error (turbopack:///[project]/node_modules/postcss/lib/input.js:135:16)]
    [at unexpectedClose (turbopack:///[project]/node_modules/postcss/lib/parser.js:594:22)]
    [at end (turbopack:///[project]/node_modules/postcss/lib/parser.js:337:12)]
    [at parse (turbopack:///[project]/node_modules/postcss/lib/parser.js:463:16)]
    [at parser (turbopack:///[project]/node_modules/postcss/lib/parse.js:11:12)]
    [at new LazyResult (turbopack:///[project]/node_modules/postcss/lib/lazy-result.js:165:16)]
    [at process (turbopack:///[project]/node_modules/postcss/lib/processor.js:53:14)]
    [at transform (turbopack:///[turbopack-node]/transforms/postcss.ts:70:51)]
    [at run (turbopack:///[turbopack-node]/child_process/evaluate.ts:89:29)]
    [at run (turbopack:///[turbopack-node]/child_process/evaluate.ts:112:11)]

Import trace:
  Client Component Browser:
    ./app/globals.css [Client Component Browser]
    ./app/layout.tsx [Server Component]


[browser] ./app/globals.css
Error evaluating Node.js code
CssSyntaxError: Y:\swetha\Kloset\frontend\app\globals.css:231:1: Unexpected }
    [at error (turbopack:///[project]/node_modules/postcss/lib/input.js:135:16)]
    [at unexpectedClose (turbopack:///[project]/node_modules/postcss/lib/parser.js:594:22)]
    [at end (turbopack:///[project]/node_modules/postcss/lib/parser.js:337:12)]
    [at parse (turbopack:///[project]/node_modules/postcss/lib/parser.js:463:16)]
    [at parser (turbopack:///[project]/node_modules/postcss/lib/parse.js:11:12)]
    [at new LazyResult (turbopack:///[project]/node_modules/postcss/lib/lazy-result.js:165:16)]
    [at process (turbopack:///[project]/node_modules/postcss/lib/processor.js:53:14)]
    [at transform (turbopack:///[turbopack-node]/transforms/postcss.ts:70:51)]
    [at run (turbopack:///[turbopack-node]/child_process/evaluate.ts:89:29)]
    [at run (turbopack:///[turbopack-node]/child_process/evaluate.ts:112:11)]

Import trace:
  Client Component Browser:
    ./app/globals.css [Client Component Browser]
    ./app/layout.tsx [Server Component] 
[browser] ./app/globals.css
Error evaluating Node.js code
CssSyntaxError: Y:\swetha\Kloset\frontend\app\globals.css:231:1: Unexpected }
    [at error (turbopack:///[project]/node_modules/postcss/lib/input.js:135:16)]
    [at unexpectedClose (turbopack:///[project]/node_modules/postcss/lib/parser.js:594:22)]
    [at end (turbopack:///[project]/node_modules/postcss/lib/parser.js:337:12)]
    [at parse (turbopack:///[project]/node_modules/postcss/lib/parser.js:463:16)]
    [at parser (turbopack:///[project]/node_modules/postcss/lib/parse.js:11:12)]
    [at new LazyResult (turbopack:///[project]/node_modules/postcss/lib/lazy-result.js:165:16)]
    [at process (turbopack:///[project]/node_modules/postcss/lib/processor.js:53:14)]
    [at transform (turbopack:///[turbopack-node]/transforms/postcss.ts:70:51)]
    [at run (turbopack:///[turbopack-node]/child_process/evaluate.ts:89:29)]
    [at run (turbopack:///[turbopack-node]/child_process/evaluate.ts:112:11)]

Import trace:
  Client Component Browser:
    ./app/globals.css [Client Component Browser]
    ./app/layout.tsx [Server Component] 
[browser] ./app/globals.css
Error evaluating Node.js code
CssSyntaxError: Y:\swetha\Kloset\frontend\app\globals.css:231:1: Unexpected }
    [at error (turbopack:///[project]/node_modules/postcss/lib/input.js:135:16)]
    [at unexpectedClose (turbopack:///[project]/node_modules/postcss/lib/parser.js:594:22)]
    [at end (turbopack:///[project]/node_modules/postcss/lib/parser.js:337:12)]
    [at parse (turbopack:///[project]/node_modules/postcss/lib/parser.js:463:16)]
    [at parser (turbopack:///[project]/node_modules/postcss/lib/parse.js:11:12)]
    [at new LazyResult (turbopack:///[project]/node_modules/postcss/lib/lazy-result.js:165:16)]
    [at process (turbopack:///[project]/node_modules/postcss/lib/processor.js:53:14)]
    [at transform (turbopack:///[turbopack-node]/transforms/postcss.ts:70:51)]
    [at run (turbopack:///[turbopack-node]/child_process/evaluate.ts:89:29)]
    [at run (turbopack:///[turbopack-node]/child_process/evaluate.ts:112:11)]

Import trace:
  Client Component Browser:
    ./app/globals.css [Client Component Browser]
    ./app/layout.tsx [Server Component] 
[browser] ./app/globals.css
Error evaluating Node.js code
CssSyntaxError: Y:\swetha\Kloset\frontend\app\globals.css:231:1: Unexpected }
    [at error (turbopack:///[project]/node_modules/postcss/lib/input.js:135:16)]
    [at unexpectedClose (turbopack:///[project]/node_modules/postcss/lib/parser.js:594:22)]
    [at end (turbopack:///[project]/node_modules/postcss/lib/parser.js:337:12)]
    [at parse (turbopack:///[project]/node_modules/postcss/lib/parser.js:463:16)]
    [at parser (turbopack:///[project]/node_modules/postcss/lib/parse.js:11:12)]
    [at new LazyResult (turbopack:///[project]/node_modules/postcss/lib/lazy-result.js:165:16)]
    [at process (turbopack:///[project]/node_modules/postcss/lib/processor.js:53:14)]
    [at transform (turbopack:///[turbopack-node]/transforms/postcss.ts:70:51)]
    [at run (turbopack:///[turbopack-node]/child_process/evaluate.ts:89:29)]
    [at run (turbopack:///[turbopack-node]/child_process/evaluate.ts:112:11)]

Import trace:
  Client Component Browser:
    ./app/globals.css [Client Component Browser]
    ./app/layout.tsx [Server Component] 
⨯ ./app/globals.css
Error evaluating Node.js code
CssSyntaxError: Y:\swetha\Kloset\frontend\app\globals.css:231:1: Unexpected }
    [at error (turbopack:///[project]/node_modules/postcss/lib/input.js:135:16)]
    [at unexpectedClose (turbopack:///[project]/node_modules/postcss/lib/parser.js:594:22)]
    [at end (turbopack:///[project]/node_modules/postcss/lib/parser.js:337:12)]
    [at parse (turbopack:///[project]/node_modules/postcss/lib/parser.js:463:16)]
    [at parser (turbopack:///[project]/node_modules/postcss/lib/parse.js:11:12)]
    [at new LazyResult (turbopack:///[project]/node_modules/postcss/lib/lazy-result.js:165:16)]
    [at process (turbopack:///[project]/node_modules/postcss/lib/processor.js:53:14)]
    [at transform (turbopack:///[turbopack-node]/transforms/postcss.ts:70:51)]
    [at run (turbopack:///[turbopack-node]/child_process/evaluate.ts:89:29)]
    [at run (turbopack:///[turbopack-node]/child_process/evaluate.ts:112:11)]

Import trace:
  Client Component Browser:
    ./app/globals.css [Client Component Browser]
    ./app/layout.tsx [Server Component]


[browser] ./app/globals.css
Error evaluating Node.js code
CssSyntaxError: Y:\swetha\Kloset\frontend\app\globals.css:231:1: Unexpected }
    [at error (turbopack:///[project]/node_modules/postcss/lib/input.js:135:16)]
    [at unexpectedClose (turbopack:///[project]/node_modules/postcss/lib/parser.js:594:22)]
    [at end (turbopack:///[project]/node_modules/postcss/lib/parser.js:337:12)]
    [at parse (turbopack:///[project]/node_modules/postcss/lib/parser.js:463:16)]
    [at parser (turbopack:///[project]/node_modules/postcss/lib/parse.js:11:12)]
    [at new LazyResult (turbopack:///[project]/node_modules/postcss/lib/lazy-result.js:165:16)]
    [at process (turbopack:///[project]/node_modules/postcss/lib/processor.js:53:14)]
    [at transform (turbopack:///[turbopack-node]/transforms/postcss.ts:70:51)]
    [at run (turbopack:///[turbopack-node]/child_process/evaluate.ts:89:29)]
    [at run (turbopack:///[turbopack-node]/child_process/evaluate.ts:112:11)]

Import trace:
  Client Component Browser:
    ./app/globals.css [Client Component Browser]
    ./app/layout.tsx [Server Component] 
 GET /login 500 in 5.5s (next.js: 692ms, proxy.ts: 4.4s, application-code: 382ms)
[browser] Uncaught Error: ./app/globals.css
Error evaluating Node.js code
CssSyntaxError: Y:\swetha\Kloset\frontend\app\globals.css:231:1: Unexpected }
    [at error (turbopack:///[project]/node_modules/postcss/lib/input.js:135:16)]
    [at unexpectedClose (turbopack:///[project]/node_modules/postcss/lib/parser.js:594:22)]
    [at end (turbopack:///[project]/node_modules/postcss/lib/parser.js:337:12)]
    [at parse (turbopack:///[project]/node_modules/postcss/lib/parser.js:463:16)]
    [at parser (turbopack:///[project]/node_modules/postcss/lib/parse.js:11:12)]
    [at new LazyResult (turbopack:///[project]/node_modules/postcss/lib/lazy-result.js:165:16)]
    [at process (turbopack:///[project]/node_modules/postcss/lib/processor.js:53:14)]
    [at transform (turbopack:///[turbopack-node]/transforms/postcss.ts:70:51)]
    [at run (turbopack:///[turbopack-node]/child_process/evaluate.ts:89:29)]
    [at run (turbopack:///[turbopack-node]/child_process/evaluate.ts:112:11)]

Import trace:
  Client Component Browser:
    ./app/globals.css [Client Component Browser]
    ./app/layout.tsx [Server Component]


[browser] ./app/globals.css
Error evaluating Node.js code
CssSyntaxError: Y:\swetha\Kloset\frontend\app\globals.css:231:1: Unexpected }
    [at error (turbopack:///[project]/node_modules/postcss/lib/input.js:135:16)]
    [at unexpectedClose (turbopack:///[project]/node_modules/postcss/lib/parser.js:594:22)]
    [at end (turbopack:///[project]/node_modules/postcss/lib/parser.js:337:12)]
    [at parse (turbopack:///[project]/node_modules/postcss/lib/parser.js:463:16)]
    [at parser (turbopack:///[project]/node_modules/postcss/lib/parse.js:11:12)]
    [at new LazyResult (turbopack:///[project]/node_modules/postcss/lib/lazy-result.js:165:16)]
    [at process (turbopack:///[project]/node_modules/postcss/lib/processor.js:53:14)]
    [at transform (turbopack:///[turbopack-node]/transforms/postcss.ts:70:51)]
    [at run (turbopack:///[turbopack-node]/child_process/evaluate.ts:89:29)]
    [at run (turbopack:///[turbopack-node]/child_process/evaluate.ts:112:11)]

Import trace:
  Client Component Browser:
    ./app/globals.css [Client Component Browser]
    ./app/layout.tsx [Server Component] 
[browser] ./app/globals.css
Error evaluating Node.js code
CssSyntaxError: Y:\swetha\Kloset\frontend\app\globals.css:231:1: Unexpected }
    [at error (turbopack:///[project]/node_modules/postcss/lib/input.js:135:16)]
    [at unexpectedClose (turbopack:///[project]/node_modules/postcss/lib/parser.js:594:22)]
    [at end (turbopack:///[project]/node_modules/postcss/lib/parser.js:337:12)]
    [at parse (turbopack:///[project]/node_modules/postcss/lib/parser.js:463:16)]
    [at parser (turbopack:///[project]/node_modules/postcss/lib/parse.js:11:12)]
    [at new LazyResult (turbopack:///[project]/node_modules/postcss/lib/lazy-result.js:165:16)]
    [at process (turbopack:///[project]/node_modules/postcss/lib/processor.js:53:14)]
    [at transform (turbopack:///[turbopack-node]/transforms/postcss.ts:70:51)]
    [at run (turbopack:///[turbopack-node]/child_process/evaluate.ts:89:29)]
    [at run (turbopack:///[turbopack-node]/child_process/evaluate.ts:112:11)]

Import trace:
  Client Component Browser:
    ./app/globals.css [Client Component Browser]
    ./app/layout.tsx [Server Component] 
[browser] ./app/globals.css
Error evaluating Node.js code
CssSyntaxError: Y:\swetha\Kloset\frontend\app\globals.css:231:1: Unexpected }
    [at error (turbopack:///[project]/node_modules/postcss/lib/input.js:135:16)]
    [at unexpectedClose (turbopack:///[project]/node_modules/postcss/lib/parser.js:594:22)]
    [at end (turbopack:///[project]/node_modules/postcss/lib/parser.js:337:12)]
    [at parse (turbopack:///[project]/node_modules/postcss/lib/parser.js:463:16)]
    [at parser (turbopack:///[project]/node_modules/postcss/lib/parse.js:11:12)]
    [at new LazyResult (turbopack:///[project]/node_modules/postcss/lib/lazy-result.js:165:16)]
    [at process (turbopack:///[project]/node_modules/postcss/lib/processor.js:53:14)]
    [at transform (turbopack:///[turbopack-node]/transforms/postcss.ts:70:51)]
    [at run (turbopack:///[turbopack-node]/child_process/evaluate.ts:89:29)]
    [at run (turbopack:///[turbopack-node]/child_process/evaluate.ts:112:11)]

Import trace:
  Client Component Browser:
    ./app/globals.css [Client Component Browser]
    ./app/layout.tsx [Server Component] 
✓ Compiled in 2.7s
 GET /login 200 in 9.9s (next.js: 1726ms, proxy.ts: 129ms, application-code: 8.0s)
[browser] Image with src "https://images.unsplash.com/photo-1595777457583-95e059d581b8?w=1000&h=1500&fit=crop" has "fill" but is missing "sizes" prop. Please add it to improve page performance. Read more: https://nextjs.org/docs/api-reference/next/image#sizes
[browser] [GSI_LOGGER]: FedCM get() rejects with AbortError: signal is aborted without reason 
    at _.H (https://accounts.google.com/gsi/client:88:89)
    at _.Fu.ka (https://accounts.google.com/gsi/client:344:353)
    at Object.ka (https://accounts.google.com/gsi/client:346:416)
    at <unknown> (https://accounts.google.com/gsi/client:305:671) (https://accounts.google.com/gsi/client:88:89)
 GET /login?redirect=%2Fbooking%2Fcheckout 200 in 1255ms (next.js: 352ms, proxy.ts: 25ms, application-code: 878ms)
 GET / 200 in 2.7s (next.js: 624ms, application-code: 2.1s)
 GET /discover 200 in 9.2s (next.js: 4.0s, application-code: 5.3s)
 GET /outfit/10000000-0000-0000-0000-000000000001 200 in 2.2s (next.js: 1768ms, application-code: 431ms)
 GET /outfit/10000000-0000-0000-0000-000000000001 200 in 6.6s (next.js: 958ms, application-code: 5.6s)
 GET /login 200 in 6.5s (next.js: 443ms, proxy.ts: 541ms, application-code: 5.5s)
[browser] Image with src "https://images.unsplash.com/photo-1595777457583-95e059d581b8?w=1000&h=1500&fit=crop" has "fill" but is missing "sizes" prop. Please add it to improve page performance. Read more: https://nextjs.org/docs/api-reference/next/image#sizes
[browser] [GSI_LOGGER]: FedCM get() rejects with NetworkError: Error retrieving a token. 
    at _.H (https://accounts.google.com/gsi/client:88:89)
    at _.Fu.ka (https://accounts.google.com/gsi/client:344:353)
    at Object.ka (https://accounts.google.com/gsi/client:346:416)
    at <unknown> (https://accounts.google.com/gsi/client:305:671) (https://accounts.google.com/gsi/client:88:89)
[browser] Unable to access iframe: SecurityError: Failed to read a named property 'document' from 'Window': Blocked a frame with origin "http://localhost:3000" from accessing a cross-origin frame.
    at buildDomTree (file://:290:30)
    at buildDomTree (file://:290:30)
    at buildDomTree (file://:290:30)
    at buildDomTree (file://:290:30)
    at buildDomTree (file://:290:30)
    at buildDomTree (file://:290:30)
    at buildDomTree (file://:290:30)
    at buildDomTree (file://:290:30)
    at buildDomTree (file://:290:30)
    at eval (file://:290:30)
    at UtilityScript.evaluate (<anonymous>:297:18)
    at UtilityScript.<anonymous> (<anonymous>:1:44) (file://:290:30)
 GET /login?redirect=%2Fbooking%2Fcheckout 200 in 697ms (next.js: 226ms, proxy.ts: 166ms, application-code: 305ms)
 GET / 200 in 1481ms (next.js: 72ms, application-code: 1409ms)
 GET /booking/checkout 200 in 4.9s (next.js: 2.0s, proxy.ts: 166ms, application-code: 2.7s)
 GET /booking/checkout 200 in 694ms (next.js: 172ms, proxy.ts: 237ms, application-code: 285ms)
 GET /discover 200 in 228ms (next.js: 21ms, application-code: 208ms)
 GET /outfit/23d8e380-6c7b-4cab-9dc6-98381f5ee31c 200 in 1618ms (next.js: 545ms, application-code: 1073ms)
 GET /booking/checkout 200 in 806ms (next.js: 18ms, proxy.ts: 213ms, application-code: 576ms)
[browser] API booking request failed, using local simulation AxiosError: Request failed with status code 400
    at async Object.create (lib/api/bookings.ts:20:22)
    at async handlePlaceOrder (app/booking/checkout/page.tsx:278:26)
  18 | export const bookingsAPI = {
  19 |   create: async (payload: CreateBookingPayload): Promise<Booking> => {
> 20 |     const { data } = await client.post<APIResponse<Booking>>('/bookings', payload);
     |                      ^
  21 |     return data.data!;
  22 |   },
  23 | (app/booking/checkout/page.tsx:381:50)
 GET /help 200 in 2.9s (next.js: 1639ms, application-code: 1263ms)
 GET /contact 200 in 2.4s (next.js: 2.0s, application-code: 360ms)
 GET /faq 200 in 3.5s (next.js: 2.5s, application-code: 917ms)
 GET /faq 200 in 3.3s (next.js: 1945ms, application-code: 1371ms)
 GET /faq 200 in 3.3s (next.js: 102ms, application-code: 3.2s)
 GET /faq 200 in 2.3s (next.js: 936ms, application-code: 1349ms)
 GET / 200 in 1130ms (next.js: 135ms, application-code: 995ms)
✓ Finished filesystem cache database compaction in 28.9s
 GET / 200 in 4.4s (next.js: 306ms, application-code: 4.1s)
 GET /discover 200 in 101ms (next.js: 32ms, application-code: 69ms)
 GET /outfit/23d8e380-6c7b-4cab-9dc6-98381f5ee31c 200 in 891ms (next.js: 36ms, application-code: 855ms)
 GET /discover 200 in 186ms (next.js: 34ms, application-code: 152ms)
 GET / 200 in 249ms (next.js: 32ms, application-code: 216ms)
 GET / 200 in 135ms (next.js: 102ms, application-code: 33ms)
 GET / 200 in 31ms (next.js: 13ms, application-code: 19ms)
 GET / 200 in 143ms (next.js: 16ms, application-code: 127ms)
 GET /login 200 in 528ms (next.js: 27ms, proxy.ts: 20ms, application-code: 480ms)
[browser] Image with src "https://images.unsplash.com/photo-1595777457583-95e059d581b8?w=1000&h=1500&fit=crop" has "fill" but is missing "sizes" prop. Please add it to improve page performance. Read more: https://nextjs.org/docs/api-reference/next/image#sizes
[browser] [GSI_LOGGER]: google.accounts.id.initialize() is called multiple times. This could cause unexpected behavior and only the last initialized instance will be used. (https://accounts.google.com/gsi/client:87:460)
[browser] [GSI_LOGGER]: FedCM get() rejects with AbortError: signal is aborted without reason 
    at _.H (https://accounts.google.com/gsi/client:88:89)
    at _.Fu.ka (https://accounts.google.com/gsi/client:344:353)
    at Object.ka (https://accounts.google.com/gsi/client:346:416)
    at <unknown> (https://accounts.google.com/gsi/client:305:671) (https://accounts.google.com/gsi/client:88:89)
[browser] [GSI_LOGGER]: FedCM get() rejects with NetworkError: Error retrieving a token. 
    at _.H (https://accounts.google.com/gsi/client:88:89)
    at _.Fu.ka (https://accounts.google.com/gsi/client:344:353)
    at Object.ka (https://accounts.google.com/gsi/client:346:416)
    at <unknown> (https://accounts.google.com/gsi/client:305:671) (https://accounts.google.com/gsi/client:88:89)
 GET /register?role=seller 200 in 1030ms (next.js: 758ms, proxy.ts: 73ms, application-code: 198ms)
[browser] [GSI_LOGGER]: google.accounts.id.initialize() is called multiple times. This could cause unexpected behavior and only the last initialized instance will be used. (https://accounts.google.com/gsi/client:87:460)
[browser] [GSI_LOGGER]: google.accounts.id.initialize() is called multiple times. This could cause unexpected behavior and only the last initialized instance will be used. (https://accounts.google.com/gsi/client:87:460)
[browser] [GSI_LOGGER]: FedCM get() rejects with AbortError: signal is aborted without reason 
    at _.H (https://accounts.google.com/gsi/client:88:89)
    at _.Fu.ka (https://accounts.google.com/gsi/client:344:353)
    at Object.ka (https://accounts.google.com/gsi/client:346:416)
    at <unknown> (https://accounts.google.com/gsi/client:305:671) (https://accounts.google.com/gsi/client:88:89)
 GET /register?role=seller 200 in 980ms (next.js: 121ms, proxy.ts: 170ms, application-code: 689ms)
⨯ upstream image response failed for https://images.unsplash.com/photo-1610030469983-398883ce42d1?w=1000&h=1500&fit=crop 404
[browser] [GSI_LOGGER]: FedCM get() rejects with AbortError: signal is aborted without reason 
    at _.H (https://accounts.google.com/gsi/client:88:89)
    at _.Fu.ka (https://accounts.google.com/gsi/client:344:353)
    at Object.ka (https://accounts.google.com/gsi/client:346:416)
    at <unknown> (https://accounts.google.com/gsi/client:305:671) (https://accounts.google.com/gsi/client:88:89)
 GET / 200 in 379ms (next.js: 194ms, application-code: 185ms)
 GET /help 200 in 166ms (next.js: 14ms, application-code: 152ms)
 GET /contact 200 in 74ms (next.js: 16ms, application-code: 57ms)
 GET /faq 200 in 189ms (next.js: 14ms, application-code: 175ms)
 GET /discover 200 in 57ms (next.js: 11ms, application-code: 46ms)
 GET /discover 200 in 62ms (next.js: 11ms, application-code: 52ms)
 GET /discover 200 in 58ms (next.js: 9ms, application-code: 50ms)
 GET / 200 in 364ms (next.js: 57ms, application-code: 307ms)
 GET /discover 200 in 306ms (next.js: 45ms, application-code: 261ms)
 GET /discover 200 in 573ms (next.js: 120ms, application-code: 453ms)
 GET /discover 200 in 999ms (next.js: 51ms, application-code: 948ms)
 GET /discover 200 in 279ms (next.js: 12ms, application-code: 267ms)
 GET /discover 200 in 262ms (next.js: 27ms, application-code: 235ms)
 GET /discover 200 in 62ms (next.js: 12ms, application-code: 50ms)
 GET /discover 200 in 562ms (next.js: 15ms, application-code: 547ms)
 GET /discover 200 in 420ms (next.js: 10ms, application-code: 410ms)
 GET /discover 200 in 465ms (next.js: 14ms, application-code: 451ms)
 GET /discover 200 in 629ms (next.js: 68ms, application-code: 561ms)
 GET /discover 200 in 659ms (next.js: 32ms, application-code: 628ms)
 GET /discover 200 in 392ms (next.js: 14ms, application-code: 378ms)
 GET /discover 200 in 986ms (next.js: 25ms, application-code: 962ms)
 GET /discover 200 in 717ms (next.js: 107ms, application-code: 610ms)
 GET /discover 200 in 593ms (next.js: 112ms, application-code: 481ms)
 GET /discover 200 in 381ms (next.js: 33ms, application-code: 349ms)
 GET /discover 200 in 562ms (next.js: 16ms, application-code: 545ms)
 GET /faq 200 in 403ms (next.js: 13ms, application-code: 390ms)
 GET /discover 200 in 408ms (next.js: 227ms, application-code: 181ms)
 GET /faq 200 in 167ms (next.js: 10ms, application-code: 158ms)
 GET /contact 200 in 196ms (next.js: 18ms, application-code: 178ms)
 GET /help 200 in 159ms (next.js: 14ms, application-code: 145ms)
 GET /contact 200 in 339ms (next.js: 24ms, application-code: 316ms)
 GET /help 200 in 978ms (next.js: 16ms, application-code: 962ms)
 GET /contact 200 in 867ms (next.js: 48ms, application-code: 819ms)
 GET /faq 200 in 255ms (next.js: 20ms, application-code: 235ms)
 GET / 200 in 78ms (next.js: 15ms, application-code: 63ms)
✓ Compiled in 6.4s
✓ Compiled in 16.2s
✓ Finished writing to filesystem cache in 16.3s
 GET / 200 in 3.1s (next.js: 1771ms, application-code: 1313ms)
 GET / 200 in 1215ms (next.js: 23ms, application-code: 1192ms)
 GET / 200 in 1100ms (next.js: 106ms, application-code: 993ms)
 GET / 200 in 1067ms (next.js: 136ms, application-code: 932ms)
 GET / 200 in 1033ms (next.js: 255ms, application-code: 778ms)
 GET / 200 in 2.5s (next.js: 31ms, application-code: 2.5s)
 GET / 200 in 2.7s (next.js: 50ms, application-code: 2.6s)
 GET / 200 in 2.5s (next.js: 25ms, application-code: 2.5s)
 GET / 200 in 2.6s (next.js: 16ms, application-code: 2.6s)
 GET / 200 in 2.8s (next.js: 156ms, application-code: 2.6s)
 GET / 200 in 2.8s (next.js: 426ms, application-code: 2.4s)
✓ Compiled in 2.8s
 GET / 200 in 9.0s (next.js: 5.3s, application-code: 3.8s)
 GET / 200 in 8.6s (next.js: 7.3s, application-code: 1287ms)
 GET / 200 in 8.7s (next.js: 7.7s, application-code: 971ms)
 GET / 200 in 8.2s (next.js: 7.7s, application-code: 533ms)
 GET / 200 in 8.1s (next.js: 7.3s, application-code: 784ms)
 GET / 200 in 3.4s (next.js: 2.9s, application-code: 435ms)
 GET / 200 in 2.1s (next.js: 19ms, application-code: 2.1s)
 GET / 200 in 2.1s (next.js: 188ms, application-code: 1948ms)
 GET / 200 in 2.1s (next.js: 499ms, application-code: 1632ms)
 GET / 200 in 2.1s (next.js: 376ms, application-code: 1760ms)
 GET / 200 in 1382ms (next.js: 36ms, application-code: 1346ms)
 GET / 200 in 2.4s (next.js: 70ms, application-code: 2.3s)
 GET / 200 in 2.0s (next.js: 36ms, application-code: 1982ms)
 GET / 200 in 2.0s (next.js: 1151ms, application-code: 861ms)
 GET / 200 in 2.0s (next.js: 570ms, application-code: 1449ms)
 GET / 200 in 2.0s (next.js: 748ms, application-code: 1276ms)
 GET / 200 in 726ms (next.js: 26ms, application-code: 700ms)
 GET / 200 in 670ms (next.js: 11ms, application-code: 659ms)
 GET / 200 in 916ms (next.js: 114ms, application-code: 802ms)
 GET / 200 in 1315ms (next.js: 218ms, application-code: 1097ms)
 GET / 200 in 1314ms (next.js: 300ms, application-code: 1014ms)
 GET / 200 in 1338ms (next.js: 413ms, application-code: 925ms)
 GET / 200 in 1055ms (next.js: 14ms, application-code: 1041ms)
 GET / 200 in 1082ms (next.js: 17ms, application-code: 1065ms)
 GET / 200 in 2.6s (next.js: 427ms, application-code: 2.2s)
 GET / 200 in 2.7s (next.js: 1136ms, application-code: 1558ms)
 GET / 200 in 2.5s (next.js: 1291ms, application-code: 1196ms)
 GET / 200 in 2.6s (next.js: 2.0s, application-code: 548ms)
 GET / 200 in 2.8s (next.js: 914ms, application-code: 1903ms)
 GET / 200 in 2.5s (next.js: 1590ms, application-code: 920ms)
✓ Compiled in 4.3s
✓ Compiled in 2.6s
 GET / 200 in 10.6s (next.js: 168ms, application-code: 10.5s)
 GET / 200 in 10.6s (next.js: 506ms, application-code: 10.1s)
 GET / 200 in 10.5s (next.js: 2.7s, application-code: 7.8s)
 GET / 200 in 8.9s (next.js: 5.4s, application-code: 3.5s)
 GET / 200 in 8.9s (next.js: 5.0s, application-code: 3.9s)
 GET / 200 in 10.5s (next.js: 2.8s, application-code: 7.7s)
✓ Compiled in 593ms
⚠ Fast Refresh had to perform a full reload when ./node_modules/next/dist/client/image-component.js changed. Read more: https://nextjs.org/docs/messages/fast-refresh-reload
 GET / 200 in 8.6s (next.js: 2.7s, application-code: 6.0s)
 GET / 200 in 8.6s (next.js: 3.9s, application-code: 4.8s)
 GET / 200 in 8.6s (next.js: 4.2s, application-code: 4.5s)
⚠ Fast Refresh had to perform a full reload when ./node_modules/next/dist/client/image-component.js changed. Read more: https://nextjs.org/docs/messages/fast-refresh-reload
 GET / 200 in 9.8s (next.js: 4.5s, application-code: 5.3s)
 GET / 200 in 5.3s (next.js: 3.0s, application-code: 2.4s)
⚠ Fast Refresh had to perform a full reload when ./node_modules/next/dist/client/image-component.js changed. Read more: https://nextjs.org/docs/messages/fast-refresh-reload
⚠ Fast Refresh had to perform a full reload when ./node_modules/next/dist/client/image-component.js changed. Read more: https://nextjs.org/docs/messages/fast-refresh-reload
⚠ Fast Refresh had to perform a full reload when ./node_modules/next/dist/client/image-component.js changed. Read more: https://nextjs.org/docs/messages/fast-refresh-reload
 GET / 200 in 6.2s (next.js: 3.5s, application-code: 2.8s)
 GET / 200 in 16.6s (next.js: 2.0s, application-code: 14.6s)
 GET / 200 in 18.3s (next.js: 6.5s, application-code: 11.8s)
 GET / 200 in 17.4s (next.js: 6.0s, application-code: 11.5s)
 GET / 200 in 16.9s (next.js: 3.6s, application-code: 13.4s)
 GET / 200 in 18.6s (next.js: 3.1s, application-code: 15.5s)
 GET / 200 in 18.3s (next.js: 2.5s, application-code: 15.8s)
✓ Finished filesystem cache database compaction in 22.8s
✓ Compiled in 3.2s
 GET / 200 in 1330ms (next.js: 726ms, application-code: 604ms)
[browser] Uncaught ReferenceError: Cannot access 'handleSendMessage' before initialization
    at SupportWidget (components/support/SupportWidget.tsx:21:39)
    at Set.forEach (<anonymous>)
    at RootLayout (app\layout.tsx:54:13)
  19 |   const [isOpen, setIsOpen] = useState(false);
  20 |
> 21 |   const handleSendMessageRef = useRef(handleSendMessage);
     |                                       ^
  22 |   handleSendMessageRef.current = handleSendMessage;
  23 |
  24 |   useEffect(() => {
✓ Compiled in 94ms
⚠ Fast Refresh had to perform a full reload due to a runtime error.
⨯ ReferenceError: Cannot access 'handleSendMessage' before initialization
    at SupportWidget (components\support\SupportWidget.tsx:21:39)
  19 |   const [isOpen, setIsOpen] = useState(false);
  20 |
> 21 |   const handleSendMessageRef = useRef(handleSendMessage);
     |                                       ^
  22 |   handleSendMessageRef.current = handleSendMessage;
  23 |
  24 |   useEffect(() => { {
  digest: '1674703337'
}
[browser] Uncaught ReferenceError: Cannot access 'handleSendMessage' before initialization
    at SupportWidget (components/support/SupportWidget.tsx:21:39)
    at Set.forEach (<anonymous>)
    at RootLayout (app\layout.tsx:54:13)
  19 |   const [isOpen, setIsOpen] = useState(false);
  20 |
> 21 |   const handleSendMessageRef = useRef(handleSendMessage);
     |                                       ^
  22 |   handleSendMessageRef.current = handleSendMessage;
  23 |
  24 |   useEffect(() => {
 GET / 500 in 2.2s (next.js: 214ms, application-code: 2.0s)
[browser] Uncaught ReferenceError: Cannot access 'handleSendMessage' before initialization
    at SupportWidget (components/support/SupportWidget.tsx:21:39)
    at RootLayout (app\layout.tsx:54:13)
  19 |   const [isOpen, setIsOpen] = useState(false);
  20 |
> 21 |   const handleSendMessageRef = useRef(handleSendMessage);
     |                                       ^
  22 |   handleSendMessageRef.current = handleSendMessage;
  23 |
  24 |   useEffect(() => {
✓ Compiled in 231ms
⚠ Fast Refresh had to perform a full reload due to a runtime error.
⨯ ReferenceError: Cannot access 'handleSendMessage' before initialization
    at SupportWidget (components\support\SupportWidget.tsx:21:39)
  19 |   const [isOpen, setIsOpen] = useState(false);
  20 |
> 21 |   const handleSendMessageRef = useRef(handleSendMessage);
     |                                       ^
  22 |   handleSendMessageRef.current = handleSendMessage;
  23 |
  24 |   useEffect(() => { {
  digest: '1896809056'
}
 GET / 500 in 4.0s (next.js: 273ms, application-code: 3.8s)
[browser] Uncaught ReferenceError: Cannot access 'handleSendMessage' before initialization
    at SupportWidget (components/support/SupportWidget.tsx:21:39)
    at RootLayout (app\layout.tsx:54:13)
  19 |   const [isOpen, setIsOpen] = useState(false);
  20 |
> 21 |   const handleSendMessageRef = useRef(handleSendMessage);
     |                                       ^
  22 |   handleSendMessageRef.current = handleSendMessage;
  23 |
  24 |   useEffect(() => {
⨯ ReferenceError: Cannot access 'handleSendMessage' before initialization
    at SupportWidget (components\support\SupportWidget.tsx:21:39)
  19 |   const [isOpen, setIsOpen] = useState(false);
  20 |
> 21 |   const handleSendMessageRef = useRef(handleSendMessage);
     |                                       ^
  22 |   handleSendMessageRef.current = handleSendMessage;
  23 |
  24 |   useEffect(() => { {
  digest: '1896809056'
}
 GET / 500 in 2.6s (next.js: 733ms, application-code: 1896ms)
⨯ ReferenceError: Cannot access 'handleSendMessage' before initialization
    at SupportWidget (components\support\SupportWidget.tsx:21:39)
  19 |   const [isOpen, setIsOpen] = useState(false);
  20 |
> 21 |   const handleSendMessageRef = useRef(handleSendMessage);
     |                                       ^
  22 |   handleSendMessageRef.current = handleSendMessage;
  23 |
  24 |   useEffect(() => { {
  digest: '1896809056'
}
 GET / 500 in 2.7s (next.js: 15ms, application-code: 2.7s)
⨯ ReferenceError: Cannot access 'handleSendMessage' before initialization
    at SupportWidget (components\support\SupportWidget.tsx:21:39)
  19 |   const [isOpen, setIsOpen] = useState(false);
  20 |
> 21 |   const handleSendMessageRef = useRef(handleSendMessage);
     |                                       ^
  22 |   handleSendMessageRef.current = handleSendMessage;
  23 |
  24 |   useEffect(() => { {
  digest: '1896809056'
}
 GET / 500 in 21.5s (next.js: 3.0s, application-code: 18.5s)
[browser] Uncaught ReferenceError: Cannot access 'handleSendMessage' before initialization
    at SupportWidget (components/support/SupportWidget.tsx:21:39)
    at RootLayout (app\layout.tsx:54:13)
  19 |   const [isOpen, setIsOpen] = useState(false);
  20 |
> 21 |   const handleSendMessageRef = useRef(handleSendMessage);
     |                                       ^
  22 |   handleSendMessageRef.current = handleSendMessage;
  23 |
  24 |   useEffect(() => {
⨯ ReferenceError: Cannot access 'handleSendMessage' before initialization
    at SupportWidget (components\support\SupportWidget.tsx:21:39)
  19 |   const [isOpen, setIsOpen] = useState(false);
  20 |
> 21 |   const handleSendMessageRef = useRef(handleSendMessage);
     |                                       ^
  22 |   handleSendMessageRef.current = handleSendMessage;
  23 |
  24 |   useEffect(() => { {
  digest: '1896809056'
}
 GET / 500 in 1972ms (next.js: 165ms, application-code: 1807ms)
[browser] Uncaught ReferenceError: Cannot access 'handleSendMessage' before initialization
    at SupportWidget (components/support/SupportWidget.tsx:21:39)
    at RootLayout (app\layout.tsx:54:13)
  19 |   const [isOpen, setIsOpen] = useState(false);
  20 |
> 21 |   const handleSendMessageRef = useRef(handleSendMessage);
     |                                       ^
  22 |   handleSendMessageRef.current = handleSendMessage;
  23 |
  24 |   useEffect(() => {
⨯ ReferenceError: Cannot access 'handleSendMessage' before initialization
    at SupportWidget (components\support\SupportWidget.tsx:21:39)
  19 |   const [isOpen, setIsOpen] = useState(false);
  20 |
> 21 |   const handleSendMessageRef = useRef(handleSendMessage);
     |                                       ^
  22 |   handleSendMessageRef.current = handleSendMessage;
  23 |
  24 |   useEffect(() => { {
  digest: '1896809056'
}
✓ Finished writing to filesystem cache in 12.8s
 GET / 500 in 19.9s (next.js: 8.2s, application-code: 11.7s)
[browser] Uncaught ReferenceError: Cannot access 'handleSendMessage' before initialization
    at SupportWidget (components/support/SupportWidget.tsx:21:39)
    at RootLayout (app\layout.tsx:54:13)
  19 |   const [isOpen, setIsOpen] = useState(false);
  20 |
> 21 |   const handleSendMessageRef = useRef(handleSendMessage);
     |                                       ^
  22 |   handleSendMessageRef.current = handleSendMessage;
  23 |
  24 |   useEffect(() => {
⨯ ReferenceError: Cannot access 'handleSendMessage' before initialization
    at SupportWidget (components\support\SupportWidget.tsx:21:39)
  19 |   const [isOpen, setIsOpen] = useState(false);
  20 |
> 21 |   const handleSendMessageRef = useRef(handleSendMessage);
     |                                       ^
  22 |   handleSendMessageRef.current = handleSendMessage;
  23 |
  24 |   useEffect(() => { {
  digest: '1896809056'
}
⚠ Fast Refresh had to perform a full reload due to a runtime error.
 GET / 500 in 7.3s (next.js: 592ms, application-code: 6.7s)
✓ Compiled in 8ms
✓ Compiled in 647ms
⨯ ./components/support/SupportWidget.tsx:138:53
Expression expected
  136 |   }, [handleSendMessage]);
  137 |
> 138 |   const handleTicketSubmit = (e: React.FormEvent) =>;
      |                                                     ^
  139 |     e.preventDefault();
  140 |     if (!ticketSubject || !ticketDescription || !renterName || !renterEmail) return;
  141 |

Parsing ecmascript source code failed

Import trace:
  Server Component:
    ./components/support/SupportWidget.tsx
    ./app/layout.tsx


 GET / 500 in 321ms (next.js: 213ms, application-code: 108ms)
⨯ ./components/support/SupportWidget.tsx:138:53
Expression expected
  136 |   }, [handleSendMessage]);
  137 |
> 138 |   const handleTicketSubmit = (e: React.FormEvent) =>;
      |                                                     ^
  139 |     e.preventDefault();
  140 |     if (!ticketSubject || !ticketDescription || !renterName || !renterEmail) return;
  141 |

Parsing ecmascript source code failed

Import trace:
  Server Component:
    ./components/support/SupportWidget.tsx
    ./app/layout.tsx


 GET / 500 in 51ms (next.js: 22ms, application-code: 30ms)
⨯ ./components/support/SupportWidget.tsx:138:53
Expression expected
  136 |   }, [handleSendMessage]);
  137 |
> 138 |   const handleTicketSubmit = (e: React.FormEvent) =>;
      |                                                     ^
  139 |     e.preventDefault();
  140 |     if (!ticketSubject || !ticketDescription || !renterName || !renterEmail) return;
  141 |

Parsing ecmascript source code failed

Import trace:
  Server Component:
    ./components/support/SupportWidget.tsx
    ./app/layout.tsx


 GET / 500 in 65ms (next.js: 21ms, application-code: 44ms)
[browser] Uncaught Error: ./components/support/SupportWidget.tsx:138:53
Expression expected
  136 |   }, [handleSendMessage]);
  137 |
> 138 |   const handleTicketSubmit = (e: React.FormEvent) =>;
      |                                                     ^
  139 |     e.preventDefault();
  140 |     if (!ticketSubject || !ticketDescription || !renterName || !renterEmail) return;
  141 |

Parsing ecmascript source code failed

Import trace:
  Server Component:
    ./components/support/SupportWidget.tsx
    ./app/layout.tsx


    at <unknown> (Error: ./components/support/SupportWidget.tsx:138:53)
    at <unknown> (Error: (./components/support/SupportWidget.tsx:138:53)
✓ Compiled in 2.7s
 GET / 200 in 8.5s (next.js: 2.7s, application-code: 5.8s)
✓ Finished filesystem cache database compaction in 18.1s
✓ Compiled in 1300ms
 GET / 200 in 765ms (next.js: 645ms, application-code: 120ms)
 GET /discover 200 in 1413ms (next.js: 782ms, application-code: 631ms)
 GET / 200 in 256ms (next.js: 17ms, application-code: 239ms)
 GET / 200 in 3.0s (next.js: 10ms, application-code: 3.0s)
 GET / 200 in 2.4s (next.js: 531ms, application-code: 1909ms)
