
> frontend@0.1.0 build
> next build

▲ Next.js 16.2.6 (Turbopack)
- Environments: .env.local

⚠ The "middleware" file convention is deprecated. Please use "proxy" instead. Learn more: https://nextjs.org/docs/messages/middleware-to-proxy
  Creating an optimized production build ...
✓ Compiled successfully in 5.4s
  Running TypeScript ...
  Finished TypeScript in 8.0s ...
  Collecting page data using 19 workers ...
  Generating static pages using 19 workers (0/17) ...
  Generating static pages using 19 workers (4/17) 
  Generating static pages using 19 workers (8/17) 
  Generating static pages using 19 workers (12/17) 
✓ Generating static pages using 19 workers (17/17) in 1712ms
  Finalizing page optimization ...

Route (app)
┌ ○ /
├ ○ /_not-found
├ ○ /admin-studio
├ ○ /admin/dashboard
├ ○ /booking/checkout
├ ○ /booking/confirmation
├ ○ /discover
├ ○ /help
├ ○ /login
├ ƒ /outfit/[id]
├ ○ /outfit/new
├ ○ /register
├ ○ /renter/dashboard
├ ○ /seller/dashboard
├ ○ /seller/outfits
└ ○ /test-center


ƒ Proxy (Middleware)

○  (Static)   prerendered as static content
ƒ  (Dynamic)  server-rendered on demand

