
> frontend@0.1.0 dev
> next dev

▲ Next.js 16.2.6 (Turbopack)
- Local:         http://localhost:3000
- Network:       http://10.26.188.114:3000
- Environments: .env.local
✓ Ready in 967ms
⚠ The "middleware" file convention is deprecated. Please use "proxy" instead. Learn more: https://nextjs.org/docs/messages/middleware-to-proxy

 GET / 200 in 2.2s (next.js: 1109ms, application-code: 1067ms)
 GET / 200 in 506ms (next.js: 108ms, application-code: 398ms)
[browser] Failed to load home outfits: AxiosError: Request failed with status code 404
    at async Object.getTrending (lib/api/outfits.ts:24:22)
    at async loadData (app/page.tsx:165:18)
  22 |
  23 |   getTrending: async (limit = 12): Promise<Outfit[]> => {
> 24 |     const { data } = await client.get<APIResponse<Outfit[]>>(`/outfits/trending?limit=${li...
     |                      ^
  25 |     return data.data || [];
  26 |   },
  27 | (app/page.tsx:193:17)
⨯ upstream image response failed for https://images.unsplash.com/photo-1594463750939-ebb28c3f7a75?w=400&h=500&fit=crop 404
⨯ upstream image response failed for https://images.unsplash.com/photo-1610030469983-398883ce42d1?w=400&h=500&fit=crop 404
