
> frontend@0.1.0 build
> next build

[@sentry/nextjs] DEPRECATION WARNING: disableLogger is deprecated and will be removed in a future version. Use webpack.treeshake.removeDebugLogging instead. (Not supported with Turbopack.)
[@sentry/nextjs] DEPRECATION WARNING: automaticVercelMonitors is deprecated and will be removed in a future version. Use webpack.automaticVercelMonitors instead. (Not supported with Turbopack.)
▲ Next.js 16.2.6 (Turbopack)
- Environments: .env.local
- Experiments (use with caution):
  · clientTraceMetadata

⚠ The "middleware" file convention is deprecated. Please use "proxy" instead. Learn more: https://nextjs.org/docs/messages/middleware-to-proxy
  Creating an optimized production build ...
[@sentry/nextjs] DEPRECATION WARNING: disableLogger is deprecated and will be removed in a future version. Use webpack.treeshake.removeDebugLogging instead. (Not supported with Turbopack.)
[@sentry/nextjs] DEPRECATION WARNING: automaticVercelMonitors is deprecated and will be removed in a future version. Use webpack.automaticVercelMonitors instead. (Not supported with Turbopack.)
✓ Compiled successfully in 8.9s
  Running next.config.js provided runAfterProductionCompile ...
✓ Completed runAfterProductionCompile in 29.2s
  Running TypeScript ...
Failed to type check.

./app/discover/page.tsx:133:62
Type error: 'o.seller' is possibly 'undefined'.

  131 | ...Designers.length > 0) {
  132 | ... filtered.filter(
> 133 | ....seller && selectedDesigners.some((des) => o.seller.name.toLowerCase().includes(des.to...
      |                                               ^
  134 | ...
  135 | ...
  136 | ...
Next.js build worker exited with code: 1 and signal: null
