go: downloading google.golang.org/api v0.284.0
go: downloading cloud.google.com/go/auth/oauth2adapt v0.2.8
go: downloading cloud.google.com/go/compute/metadata v0.9.0
go: downloading cloud.google.com/go/auth v0.20.0
go: downloading go.opentelemetry.io/contrib/instrumentation/net/http/otelhttp v0.67.0
go: downloading golang.org/x/net v0.55.0
go: downloading github.com/googleapis/gax-go/v2 v2.22.0
go: downloading github.com/google/s2a-go v0.1.9
go: downloading google.golang.org/grpc v1.81.1
go: downloading github.com/googleapis/enterprise-certificate-proxy v0.3.16
go: downloading golang.org/x/sys v0.45.0
go: downloading github.com/felixge/httpsnoop v1.0.4
go: downloading go.opentelemetry.io/otel v1.43.0
go: downloading go.opentelemetry.io/otel/metric v1.43.0
go: downloading go.opentelemetry.io/otel/trace v1.43.0
go: downloading google.golang.org/protobuf v1.36.11
go: downloading google.golang.org/genproto/googleapis/rpc v0.0.0-20260526163538-3dc84a4a5aaa
go: downloading github.com/go-logr/logr v1.4.3
go: downloading golang.org/x/text v0.37.0
go: downloading github.com/go-logr/stdr v1.2.2
go: downloading go.opentelemetry.io/auto/sdk v1.2.1
go: downloading github.com/cespare/xxhash/v2 v2.3.0
go: downloading golang.org/x/crypto v0.51.0
go: downloading golang.org/x/sync v0.21.0
go: upgraded go 1.22 => 1.25.8
go: added cloud.google.com/go/auth v0.20.0
go: added cloud.google.com/go/auth/oauth2adapt v0.2.8
go: added cloud.google.com/go/compute/metadata v0.9.0
go: added github.com/cespare/xxhash/v2 v2.3.0
go: added github.com/felixge/httpsnoop v1.0.4
go: added github.com/go-logr/logr v1.4.3
go: added github.com/go-logr/stdr v1.2.2
go: added github.com/google/s2a-go v0.1.9
go: added github.com/googleapis/enterprise-certificate-proxy v0.3.16
go: added github.com/googleapis/gax-go/v2 v2.22.0
go: added go.opentelemetry.io/auto/sdk v1.2.1
go: added go.opentelemetry.io/contrib/instrumentation/net/http/otelhttp v0.67.0
go: added go.opentelemetry.io/otel v1.43.0
go: added go.opentelemetry.io/otel/metric v1.43.0
go: added go.opentelemetry.io/otel/trace v1.43.0
go: upgraded golang.org/x/crypto v0.28.0 => v0.51.0
go: upgraded golang.org/x/net v0.21.0 => v0.55.0
go: added golang.org/x/oauth2 v0.36.0
go: upgraded golang.org/x/sync v0.8.0 => v0.21.0
go: upgraded golang.org/x/sys v0.26.0 => v0.45.0
go: upgraded golang.org/x/text v0.19.0 => v0.37.0
go: added google.golang.org/api v0.284.0
go: added google.golang.org/genproto/googleapis/rpc v0.0.0-20260526163538-3dc84a4a5aaa
go: added google.golang.org/grpc v1.81.1
go: added google.golang.org/protobuf v1.36.11
