
> frontend@0.1.0 build
> next build

[@sentry/nextjs] DEPRECATION WARNING: disableLogger is deprecated and will be removed in a future version. Use webpack.treeshake.removeDebugLogging instead. (Not supported with Turbopack.)
[@sentry/nextjs] DEPRECATION WARNING: automaticVercelMonitors is deprecated and will be removed in a future version. Use webpack.automaticVercelMonitors instead. (Not supported with Turbopack.)
▲ Next.js 16.2.6 (Turbopack)
- Environments: .env.local
- Experiments (use with caution):
  · clientTraceMetadata

⚠ The "middleware" file convention is deprecated. Please use "proxy" instead. Learn more: https://nextjs.org/docs/messages/middleware-to-proxy
  Creating an optimized production build ...
[@sentry/nextjs] DEPRECATION WARNING: disableLogger is deprecated and will be removed in a future version. Use webpack.treeshake.removeDebugLogging instead. (Not supported with Turbopack.)
[@sentry/nextjs] DEPRECATION WARNING: automaticVercelMonitors is deprecated and will be removed in a future version. Use webpack.automaticVercelMonitors instead. (Not supported with Turbopack.)
Found 1 warning while optimizing generated CSS:

│   }
│ }
│ @import url('https://fonts.googleapis.com/css2?family=Inter:wght@300;400;500;600;700;800&family=Playfair+Display:ital,wght@0,400;0,500;0,600;0,700;0,800;1,400;1,500&display=swap');
┆        ^-- @import rules must precede all rules aside from @charset and @layer statements
┆
│ :root {
│   --font-display: 'Playfair Display', serif;


> Build error occurred
Error: Turbopack build failed with 1 errors:
./components/ui/EmptyState.tsx:38:29
Expected ',', got 'ident'
  36 |     icon: <AlertCircle size={40} strokeWidth={1.2} />,
  37 |     title: 'Something went wrong',
> 38 |     description: 'We couldn't load this content. Please try again.',
     |                             ^
  39 |   },
  40 |   custom: {
  41 |     icon: <Package size={40} strokeWidth={1.2} />,

Parsing ecmascript source code failed

Import traces:
  Client Component Browser:
    ./components/ui/EmptyState.tsx [Client Component Browser]
    ./app/seller/listings/page.tsx [Client Component Browser]
    ./app/seller/listings/page.tsx [Server Component]

  Client Component SSR:
    ./components/ui/EmptyState.tsx [Client Component SSR]
    ./app/seller/listings/page.tsx [Client Component SSR]
    ./app/seller/listings/page.tsx [Server Component]


    at <unknown> (./components/ui/EmptyState.tsx:38:29)
