Using API URL: http://127.0.0.1:8080/api/v1
Loaded Razorpay Webhook Secret from backend/.env successfully.

======================================================
   🌸 KLOSET AUTOMATED END-TO-END VALIDATION SUITE 🌸
======================================================

🔑 Authenticating Admin Client...
  ✅ [Admin Journey] Login Admin Account 

👗 Starting Renter Journey...
  ✅ [Renter Journey] Register Renter Account 
  ✅ [Renter Journey] Login Renter Account 
  ✅ [Renter Journey] Browse Catalog - Picked Outfit ID: 8318bbc3-f564-457f-adec-2078ccd9be4a
  ✅ [Renter Journey] Add Item to Wishlist 
  ✅ [Renter Journey] Add to Cart & Checkout (Draft Booking) - Booking ID: e9adcee4-aa79-4d94-a0a5-35c2cb19d551
  ❌ [Renter Journey] Razorpay Payment & Signature Verification - {"success":false,"error":"Payment verification failed: failed to save booking status: ERROR: null value in column \"seller_id\" of relation \"outfits\" violates not-null constraint (SQLSTATE 23502); ERROR: null value in column \"seller_id\" of relation \"outfits\" violates not-null constraint (SQLSTATE 23502); ERROR: null value in column \"seller_id\" of relation \"outfits\" violates not-null constraint (SQLSTATE 23502); ERROR: null value in column \"seller_id\" of relation \"outfits\" violates not-null constraint (SQLSTATE 23502)"}
  ✅ [Renter Journey] Track Order Detail 
  ❌ [Renter Journey] Advance Lifecycle (picked_up -> in_use -> return_initiated) - Transition failure status codes: 400, 400, 400

💼 Starting Seller Journey...
  ✅ [Seller Journey] Register Seller Account 
  ✅ [Seller Journey] Login Seller Account 
  ✅ [Seller Journey] Submit KYC Verification 
  ✅ [Admin Journey] Approve Seller KYC 
  ✅ [Seller Journey] Create Listing Form Draft - Outfit ID: 9e4e85c6-c745-40f6-9884-9c505e99bb7e
  ✅ [Seller Journey] Submit Listing for Verification 
  ✅ [Admin Journey] Approve Outfit Listing 
  ✅ [Seller Journey] Edit Listing Parameters 
  ❌ [Seller Journey] Verify Returned Garment & Complete Booking - Status codes: returned=400, completed=400
  ❌ [Renter Journey] Review Outfit Rating Feedback - {"success":false,"error":"cannot review a booking that is not completed or returned"}
  ✅ [Seller Journey] View Received Bookings & Revenue Stats 

🎫 Starting Customer Support Journey...
  ✅ [Support Journey] Create Customer Support Ticket - Ticket ID: TKT-9400
  ✅ [Support Journey] Admin View Tickets List 
  ✅ [Support Journey] Admin Reply to Support Chat 
  ✅ [Support Journey] Admin Resolve and Close Ticket 

⚖️ Starting Booking Dispute Resolution Journey...
  ✅ [Admin Journey] Renter Raises Booking Dispute - Dispute ID: 09ab0021-9ae0-4eae-95a6-6854eb7361cb
  ✅ [Admin Journey] Admin Resolves Dispute (Dismiss Fee) 

📊 Auditing Telemetry & Monitoring...
  ✅ [Launch Infrastructure] Platform healthz & readyz check 
  ✅ [Launch Infrastructure] Retrieve Administrator Diagnostics Metrics 

Platform Diagnostics Metrics: {
  "api_configurations": {
    "cloudinary_configured": true,
    "gemini_configured": true,
    "razorpay_configured": true,
    "resend_configured": true
  },
  "app_environment": "development",
  "database_stats": {
    "idle": 2,
    "in_use": 0,
    "max_open_connections": 25,
    "open_connections": 2,
    "wait_count": 0,
    "wait_duration_ms": 0
  },
  "failed_emails_cnt": 32,
  "recent_errors_cnt": 0,
  "redis_status": "online",
  "server_time": "2026-06-08T18:19:34.9970028+05:30"
}

======================================================
🏁 E2E VERIFICATION RUN COMPLETED
======================================================
Passed: 24 / 28 (86%)
Report written to public/e2e-report.json

