
> frontend@0.1.0 build
> next build

▲ Next.js 16.2.6 (Turbopack)
- Environments: .env.local
- Experiments (use with caution):
  · clientTraceMetadata

⚠ The "middleware" file convention is deprecated. Please use "proxy" instead. Learn more: https://nextjs.org/docs/messages/middleware-to-proxy
  Creating an optimized production build ...
✓ Compiled successfully in 6.2s
  Running next.config.js provided runAfterProductionCompile ...
✓ Completed runAfterProductionCompile in 794ms
  Running TypeScript ...
Failed to type check.

./app/renter/dashboard/page.tsx:164:34
Type error: Property 'date_of_birth' does not exist on type 'User'.

  162 |         setName(profileResp.value.name || '');
  163 |         setPhone(profileResp.value.phone || '');
> 164 |         setDob(profileResp.value.date_of_birth || '');
      |                                  ^
  165 |         setGender(profileResp.value.gender || '');
  166 |         setPref(profileResp.value.payment_preferences || '');
  167 |       }
Next.js build worker exited with code: 1 and signal: null
