
> frontend@0.1.0 build
> next build

[@sentry/nextjs] DEPRECATION WARNING: disableLogger is deprecated and will be removed in a future version. Use webpack.treeshake.removeDebugLogging instead. (Not supported with Turbopack.)
[@sentry/nextjs] DEPRECATION WARNING: automaticVercelMonitors is deprecated and will be removed in a future version. Use webpack.automaticVercelMonitors instead. (Not supported with Turbopack.)
▲ Next.js 16.2.6 (Turbopack)
- Environments: .env.local
- Experiments (use with caution):
  · clientTraceMetadata

⚠ The "middleware" file convention is deprecated. Please use "proxy" instead. Learn more: https://nextjs.org/docs/messages/middleware-to-proxy
  Creating an optimized production build ...
[@sentry/nextjs] DEPRECATION WARNING: disableLogger is deprecated and will be removed in a future version. Use webpack.treeshake.removeDebugLogging instead. (Not supported with Turbopack.)
[@sentry/nextjs] DEPRECATION WARNING: automaticVercelMonitors is deprecated and will be removed in a future version. Use webpack.automaticVercelMonitors instead. (Not supported with Turbopack.)
✓ Compiled successfully in 56s
  Running next.config.js provided runAfterProductionCompile ...
✓ Completed runAfterProductionCompile in 47s
  Running TypeScript ...
Failed to type check.

./components/support/SupportWidget.tsx:21:32
Type error: Expected 1 arguments, but got 0.

  19 |   const [isOpen, setIsOpen] = useState(false);
  20 |
> 21 |   const handleSendMessageRef = useRef<(text?: string) => Promise<void>>();
     |                                ^
  22 |
  23 |   useEffect(() => {
  24 |     const handleOpenChat = (e: any) => {
Next.js build worker exited with code: 1 and signal: null
