npm warn exec The following package was not found and will be installed: @sentry/wizard@6.12.0
npm warn deprecated uuid@7.0.3: uuid@10 and below is no longer supported.  For ESM codebases, update to uuid@latest.  For CommonJS codebases, use uuid@11 (but be aware this version will likely be deprecated in 2028).
npm warn deprecated glob@9.3.5: Old versions of glob are not supported, and contain widely publicized security vulnerabilities, which have been fixed in the current version. Please update. Support for old versions may be purchased (at exorbitant rates) by contacting i@izs.me

T   Sentry Next.js Wizard 
|
o   ------------------------------------------------------------------------------------------------+
|                                                                                                   |
|  The Sentry Next.js Wizard will help you set up Sentry for your application.                      |
|  Thank you for using Sentry :)                                                                    |
|                                                                                                   |
|  Version: 6.12.0                                                                                  |
|                                                                                                   |
|  This wizard sends telemetry data and crash reports to Sentry. This helps us improve the Wizard.  |
|  You can turn this off at any time by running sentry-wizard --disable-telemetry.                  |
|                                                                                                   |
+---------------------------------------------------------------------------------------------------+
|
!  You have uncommitted or untracked files in your repo:
|  
|  - .env.example
|  
|  The wizard will create and update files.
node:tty:97
    throw new ERR_TTY_INIT_FAILED(ctx);
          ^

SystemError [ERR_TTY_INIT_FAILED]: TTY initialization failed: uv_tty_init returned EBADF (bad file descriptor)
    at new WriteStream (node:tty:97:11)
    at s.prompt (C:\Users\alany\AppData\Local\npm-cache\_npx\ddb126e78325956c\node_modules\@clack\core\dist\index.cjs:9:892)
    at Object.confirm (C:\Users\alany\AppData\Local\npm-cache\_npx\ddb126e78325956c\node_modules\@clack\prompts\dist\index.cjs:22:7)
    at C:\Users\alany\AppData\Local\npm-cache\_npx\ddb126e78325956c\node_modules\@sentry\wizard\dist\src\utils\clack\index.js:199:72
    at C:\Users\alany\AppData\Local\npm-cache\_npx\ddb126e78325956c\node_modules\@sentry\wizard\dist\src\telemetry.js:108:74
    at C:\Users\alany\AppData\Local\npm-cache\_npx\ddb126e78325956c\node_modules\@sentry\opentelemetry\build\cjs\resource-CTgtEOmw.js:604:15
    at Module.handleCallbackErrors (C:\Users\alany\AppData\Local\npm-cache\_npx\ddb126e78325956c\node_modules\@sentry\core\build\cjs\utils\handleCallbackErrors.js:11:26)
    at C:\Users\alany\AppData\Local\npm-cache\_npx\ddb126e78325956c\node_modules\@sentry\opentelemetry\build\cjs\resource-CTgtEOmw.js:603:19
    at AsyncLocalStorage.run (node:internal/async_local_storage/async_hooks:91:14)
    at SentryAsyncLocalStorageContextManager.with (C:\Users\alany\AppData\Local\npm-cache\_npx\ddb126e78325956c\node_modules\@sentry\opentelemetry\build\cjs\index.js:27:36) {
  code: 'ERR_TTY_INIT_FAILED',
  info: {
    errno: -4083,
    code: 'EBADF',
    message: 'bad file descriptor',
    syscall: 'uv_tty_init'
  },
  errno: [Getter/Setter],
  syscall: [Getter/Setter]
}

Node.js v22.12.0
