
> frontend@0.1.0 build
> next build

[@sentry/nextjs] DEPRECATION WARNING: disableLogger is deprecated and will be removed in a future version. Use webpack.treeshake.removeDebugLogging instead. (Not supported with Turbopack.)
[@sentry/nextjs] DEPRECATION WARNING: automaticVercelMonitors is deprecated and will be removed in a future version. Use webpack.automaticVercelMonitors instead. (Not supported with Turbopack.)
▲ Next.js 16.2.6 (Turbopack)
- Environments: .env.local
- Experiments (use with caution):
  · clientTraceMetadata

⚠ The "middleware" file convention is deprecated. Please use "proxy" instead. Learn more: https://nextjs.org/docs/messages/middleware-to-proxy
  Creating an optimized production build ...
[@sentry/nextjs] DEPRECATION WARNING: disableLogger is deprecated and will be removed in a future version. Use webpack.treeshake.removeDebugLogging instead. (Not supported with Turbopack.)
[@sentry/nextjs] DEPRECATION WARNING: automaticVercelMonitors is deprecated and will be removed in a future version. Use webpack.automaticVercelMonitors instead. (Not supported with Turbopack.)
Found 1 warning while optimizing generated CSS:

│   }
│ }
│ @import url('https://fonts.googleapis.com/css2?family=Inter:wght@300;400;500;600;700;800&family=Playfair+Display:ital,wght@0,400;0,500;0,600;0,700;0,800;1,400;1,500&display=swap');
┆        ^-- @import rules must precede all rules aside from @charset and @layer statements
┆
│ :root {
│   --font-display: 'Playfair Display', serif;

✓ Compiled successfully in 52s
  Running next.config.js provided runAfterProductionCompile ...
✓ Completed runAfterProductionCompile in 39.0s
  Running TypeScript ...
Failed to type check.

./app/seller/page.tsx:619:46
Type error: Cannot find name 'trendData'.

  617 | ...                      {mounted && (
  618 | ...                        <ResponsiveContainer width="100%" height="100%">
> 619 | ...                          <AreaChart data={trendData} margin={{ top: 10, right: 10, le...
      |                                               ^
  620 | ...                            <defs>
  621 | ...                              <linearGradient id="colorSales" x1="0" y1="0" x2="0" y2=...
  622 | ...                                <stop offset="5%" stopColor="var(--rose)" stopOpacity=...
Next.js build worker exited with code: 1 and signal: null
