2026-06-11T11:59:09+05:30 INF 🌸 Starting Kloset API Server...
2026-06-11T11:59:09+05:30 INF ✅ All critical configuration parameters verified.
2026-06-11T11:59:10+05:30 INF Connected to PostgreSQL db=postgres host=aws-1-ap-southeast-1.pooler.supabase.com
2026-06-11T11:59:10+05:30 INF Running GORM auto-migrations...

2026/06/11 11:59:10 Y:/swetha/Kloset/backend/cmd/server/main.go:68 SLOW SQL >= 200ms
[246.822ms] [rows:1] SELECT count(*) FROM information_schema.tables WHERE table_schema = CURRENT_SCHEMA() AND table_name = 'notifications' AND table_type = 'BASE TABLE'

2026/06/11 11:59:13 Y:/swetha/Kloset/backend/cmd/server/main.go:68 SLOW SQL >= 200ms
[640.782ms] [rows:0] SELECT description FROM pg_catalog.pg_description WHERE objsubid = (SELECT ordinal_position FROM information_schema.columns WHERE table_schema = CURRENT_SCHEMA() AND table_name = 'notifications' AND column_name = 'created_at') AND objoid = (SELECT oid FROM pg_catalog.pg_class WHERE relname = 'notifications' AND relnamespace = (SELECT oid FROM pg_catalog.pg_namespace WHERE nspname = CURRENT_SCHEMA()))

2026/06/11 11:59:18 Y:/swetha/Kloset/backend/cmd/server/main.go:68 SLOW SQL >= 200ms
[1234.332ms] [rows:0] SELECT description FROM pg_catalog.pg_description WHERE objsubid = (SELECT ordinal_position FROM information_schema.columns WHERE table_schema = CURRENT_SCHEMA() AND table_name = 'system_logs' AND column_name = 'timestamp') AND objoid = (SELECT oid FROM pg_catalog.pg_class WHERE relname = 'system_logs' AND relnamespace = (SELECT oid FROM pg_catalog.pg_namespace WHERE nspname = CURRENT_SCHEMA()))

2026/06/11 11:59:18 Y:/swetha/Kloset/backend/cmd/server/main.go:68 SLOW SQL >= 200ms
[244.751ms] [rows:0] ALTER TABLE "system_logs" ADD "actor" varchar(100)

2026/06/11 11:59:18 Y:/swetha/Kloset/backend/cmd/server/main.go:68 SLOW SQL >= 200ms
[318.216ms] [rows:0] ALTER TABLE "system_logs" ADD "action" text

2026/06/11 11:59:18 Y:/swetha/Kloset/backend/cmd/server/main.go:68 SLOW SQL >= 200ms
[238.633ms] [rows:0] SELECT description FROM pg_catalog.pg_description WHERE objsubid = (SELECT ordinal_position FROM information_schema.columns WHERE table_schema = CURRENT_SCHEMA() AND table_name = 'system_logs' AND column_name = 'ip_address') AND objoid = (SELECT oid FROM pg_catalog.pg_class WHERE relname = 'system_logs' AND relnamespace = (SELECT oid FROM pg_catalog.pg_namespace WHERE nspname = CURRENT_SCHEMA()))

2026/06/11 11:59:21 Y:/swetha/Kloset/backend/cmd/server/main.go:68 SLOW SQL >= 200ms
[1009.266ms] [rows:0] SELECT description FROM pg_catalog.pg_description WHERE objsubid = (SELECT ordinal_position FROM information_schema.columns WHERE table_schema = CURRENT_SCHEMA() AND table_name = 'system_logs' AND column_name = 'severity') AND objoid = (SELECT oid FROM pg_catalog.pg_class WHERE relname = 'system_logs' AND relnamespace = (SELECT oid FROM pg_catalog.pg_namespace WHERE nspname = CURRENT_SCHEMA()))

2026/06/11 11:59:23  SLOW SQL >= 200ms
[921.969ms] [rows:1] SELECT CURRENT_DATABASE()

2026/06/11 11:59:24  SLOW SQL >= 200ms
[304.396ms] [rows:-] SELECT constraint_name FROM information_schema.table_constraints tc JOIN information_schema.constraint_column_usage AS ccu USING (constraint_schema, constraint_catalog, table_name, constraint_name) JOIN information_schema.columns AS c ON c.table_schema = tc.constraint_schema AND tc.table_name = c.table_name AND ccu.column_name = c.column_name WHERE constraint_type IN ('PRIMARY KEY', 'UNIQUE') AND c.table_catalog = 'postgres' AND c.table_schema = CURRENT_SCHEMA() AND c.table_name = 'email_logs' AND constraint_type = 'UNIQUE'

2026/06/11 11:59:24  SLOW SQL >= 200ms
[445.145ms] [rows:-] SELECT c.column_name, constraint_name, constraint_type FROM information_schema.table_constraints tc JOIN information_schema.constraint_column_usage AS ccu USING (constraint_schema, constraint_catalog, table_name, constraint_name) JOIN information_schema.columns AS c ON c.table_schema = tc.constraint_schema AND tc.table_name = c.table_name AND ccu.column_name = c.column_name WHERE constraint_type IN ('PRIMARY KEY', 'UNIQUE') AND c.table_catalog = 'postgres' AND c.table_schema = CURRENT_SCHEMA() AND c.table_name = 'email_logs'

2026/06/11 11:59:26 Y:/swetha/Kloset/backend/cmd/server/main.go:68 SLOW SQL >= 200ms
[793.535ms] [rows:0] SELECT description FROM pg_catalog.pg_description WHERE objsubid = (SELECT ordinal_position FROM information_schema.columns WHERE table_schema = CURRENT_SCHEMA() AND table_name = 'email_logs' AND column_name = 'status') AND objoid = (SELECT oid FROM pg_catalog.pg_class WHERE relname = 'email_logs' AND relnamespace = (SELECT oid FROM pg_catalog.pg_namespace WHERE nspname = CURRENT_SCHEMA()))

2026/06/11 11:59:26 Y:/swetha/Kloset/backend/cmd/server/main.go:68 SLOW SQL >= 200ms
[200.504ms] [rows:0] ALTER TABLE "email_logs" ADD "attempts" integer NOT NULL DEFAULT 0

2026/06/11 11:59:26 Y:/swetha/Kloset/backend/cmd/server/main.go:68 SLOW SQL >= 200ms
[318.000ms] [rows:0] ALTER TABLE "email_logs" ADD "last_error" text

2026/06/11 11:59:26 Y:/swetha/Kloset/backend/cmd/server/main.go:68 SLOW SQL >= 200ms
[242.968ms] [rows:0] ALTER TABLE "email_logs" ADD "created_at" timestamptz

2026/06/11 11:59:27 Y:/swetha/Kloset/backend/cmd/server/main.go:68 SLOW SQL >= 200ms
[239.215ms] [rows:0] ALTER TABLE "email_logs" ADD "updated_at" timestamptz

2026/06/11 11:59:27 Y:/swetha/Kloset/backend/cmd/server/main.go:68 SLOW SQL >= 200ms
[279.340ms] [rows:1] SELECT count(*) FROM pg_indexes WHERE tablename = 'email_logs' AND indexname = 'idx_email_logs_to_email' AND schemaname = CURRENT_SCHEMA()

2026/06/11 11:59:27 Y:/swetha/Kloset/backend/cmd/server/main.go:68 SLOW SQL >= 200ms
[201.259ms] [rows:0] CREATE INDEX IF NOT EXISTS "idx_email_logs_to_email" ON "email_logs" ("to_email")

2026/06/11 11:59:30 Y:/swetha/Kloset/backend/cmd/server/main.go:68 SLOW SQL >= 200ms
[209.259ms] [rows:0] CREATE INDEX IF NOT EXISTS "idx_rate_limit_events_expires_at" ON "rate_limit_events" ("expires_at")

2026/06/11 11:59:34  ERROR: constraint "uni_users_email" of relation "users" does not exist (SQLSTATE 42704)
[156.167ms] [rows:0] ALTER TABLE "users" DROP CONSTRAINT "uni_users_email"
2026-06-11T11:59:34+05:30 ERR GORM database auto-migration failed error="ERROR: constraint \"uni_users_email\" of relation \"users\" does not exist (SQLSTATE 42704)"
2026-06-11T11:59:34+05:30 INF 🚀 Starting background Email Retry Worker...
2026-06-11T11:59:34+05:30 INF 🚀 Kloset API is running env=development port=8080

 ┌───────────────────────────────────────────────────┐ 
 │                   Kloset API v1                   │ 
 │                   Fiber v2.52.5                   │ 
 │               http://127.0.0.1:8080               │ 
 │       (bound on host 0.0.0.0 and port 8080)       │ 
 │                                                   │ 
 │ Handlers ........... 132  Processes ........... 1 │ 
 │ Prefork ....... Disabled  PID ............. 12740 │ 
 └───────────────────────────────────────────────────┘ 


2026/06/11 12:00:01 Y:/swetha/Kloset/backend/internal/middleware/ratelimit.go:44 record not found
[196.349ms] [rows:0] SELECT * FROM "rate_limit_events" WHERE key = '127.0.0.1' AND path = '/api/v1/auth/login' ORDER BY "rate_limit_events"."key" LIMIT 1 FOR UPDATE

2026/06/11 12:00:02 Y:/swetha/Kloset/backend/internal/auth/repository.go:28 record not found
[165.051ms] [rows:0] SELECT * FROM "users" WHERE (email = 'admin@kloset.in' AND deleted_at IS NULL) AND "users"."deleted_at" IS NULL ORDER BY "users"."id" LIMIT 1
2026-06-11T12:00:02+05:30 WRN Failed login attempt: user not found actor=admin@kloset.in ip=127.0.0.1
2026-06-11T12:00:02+05:30 WRN HTTP Request duration=1004.2693 ip=127.0.0.1 method=POST path=/api/v1/auth/login status=401 user_agent=node

2026/06/11 12:00:02 Y:/swetha/Kloset/backend/internal/logging/service.go:43 ERROR: null value in column "email" of relation "system_logs" violates not-null constraint (SQLSTATE 23502)
[164.633ms] [rows:0] INSERT INTO "system_logs" ("timestamp","actor","action","ip_address","severity","id") VALUES ('2026-06-11 12:00:02.383','admin@kloset.in','Failed login attempt: user not found','127.0.0.1','warn','8b3e8f46-77e4-4d63-8da4-0d38e33e4591') RETURNING "id"
2026-06-11T12:00:02+05:30 ERR Failed to write SystemLog to database error="ERROR: null value in column \"email\" of relation \"system_logs\" violates not-null constraint (SQLSTATE 23502)"

2026/06/11 12:00:03 Y:/swetha/Kloset/backend/internal/middleware/ratelimit.go:44 record not found
[146.924ms] [rows:0] SELECT * FROM "rate_limit_events" WHERE key = '127.0.0.1' AND path = '/api/v1/auth/register' ORDER BY "rate_limit_events"."key" LIMIT 1 FOR UPDATE

2026/06/11 12:00:03 Y:/swetha/Kloset/backend/internal/auth/repository.go:28 record not found
[243.179ms] [rows:0] SELECT * FROM "users" WHERE (email = 'seller.e2e.1781159401339@kloset.in' AND deleted_at IS NULL) AND "users"."deleted_at" IS NULL ORDER BY "users"."id" LIMIT 1

2026/06/11 12:00:03 Y:/swetha/Kloset/backend/internal/auth/repository.go:41 record not found
[147.520ms] [rows:0] SELECT * FROM "users" WHERE (phone = '+911159401340' AND deleted_at IS NULL) AND "users"."deleted_at" IS NULL ORDER BY "users"."id" LIMIT 1

2026/06/11 12:00:04 Y:/swetha/Kloset/backend/internal/auth/repository.go:22 ERROR: column "date_of_birth" of relation "users" does not exist (SQLSTATE 42703)
[104.790ms] [rows:0] INSERT INTO "users" ("name","email","phone","password_hash","role","avatar_url","is_active","is_verified","kyc_status","aadhaar_hash","pan_hash","wallet_balance","trust_score","fcm_token","last_login","created_at","updated_at","deleted_at","date_of_birth","gender","payment_preferences","business_name","business_address","pickup_address","return_address","gst_details","pan_details","bank_details","payout_account","kyc_documents","store_banner","store_logo","business_description","support_contact","rental_policies") VALUES ('E2E Test Seller','seller.e2e.1781159401339@kloset.in','+911159401340','$2a$12$RezooTVyF8sfDx3qRrZEHey35ru5/hUXREtLjj4B6CvrbHjMc/iza','seller',NULL,true,false,'pending',NULL,NULL,0,100,NULL,NULL,'2026-06-11 12:00:04.232','2026-06-11 12:00:04.232',NULL,NULL,NULL,NULL,NULL,NULL,NULL,NULL,NULL,NULL,NULL,NULL,NULL,NULL,NULL,NULL,NULL,NULL) RETURNING "id"
2026-06-11T12:00:04+05:30 WRN HTTP Request duration=1939.6244 ip=127.0.0.1 method=POST path=/api/v1/auth/register status=409 user_agent=node

2026/06/11 12:00:05 Y:/swetha/Kloset/backend/internal/auth/repository.go:28 record not found
[77.741ms] [rows:0] SELECT * FROM "users" WHERE (email = 'seller.e2e.1781159401339@kloset.in' AND deleted_at IS NULL) AND "users"."deleted_at" IS NULL ORDER BY "users"."id" LIMIT 1
2026-06-11T12:00:05+05:30 WRN Failed login attempt: user not found actor=seller.e2e.1781159401339@kloset.in ip=127.0.0.1
2026-06-11T12:00:05+05:30 WRN HTTP Request duration=707.9478 ip=127.0.0.1 method=POST path=/api/v1/auth/login status=401 user_agent=node

2026/06/11 12:00:05 Y:/swetha/Kloset/backend/internal/email/service.go:158 SLOW SQL >= 200ms
[212.781ms] [rows:0] SELECT * FROM "email_queue"

2026/06/11 12:00:05 Y:/swetha/Kloset/backend/internal/logging/service.go:43 ERROR: null value in column "email" of relation "system_logs" violates not-null constraint (SQLSTATE 23502)
[272.451ms] [rows:0] INSERT INTO "system_logs" ("timestamp","actor","action","ip_address","severity","id") VALUES ('2026-06-11 12:00:05.048','seller.e2e.1781159401339@kloset.in','Failed login attempt: user not found','127.0.0.1','warn','a34f94e7-20f4-43ca-b167-7ba4cc55977c') RETURNING "id"
2026-06-11T12:00:05+05:30 ERR Failed to write SystemLog to database error="ERROR: null value in column \"email\" of relation \"system_logs\" violates not-null constraint (SQLSTATE 23502)"

2026/06/11 12:00:05 Y:/swetha/Kloset/backend/internal/middleware/ratelimit.go:44 SLOW SQL >= 200ms
[209.073ms] [rows:1] SELECT * FROM "rate_limit_events" WHERE key = '127.0.0.1' AND path = '/api/v1/auth/register' ORDER BY "rate_limit_events"."key" LIMIT 1 FOR UPDATE

2026/06/11 12:00:06 Y:/swetha/Kloset/backend/internal/auth/repository.go:28 record not found
[245.813ms] [rows:0] SELECT * FROM "users" WHERE (email = 'renter.e2e.1781159401339@kloset.in' AND deleted_at IS NULL) AND "users"."deleted_at" IS NULL ORDER BY "users"."id" LIMIT 1

2026/06/11 12:00:06 Y:/swetha/Kloset/backend/internal/auth/repository.go:41 record not found
[196.992ms] [rows:0] SELECT * FROM "users" WHERE (phone = '+911159401339' AND deleted_at IS NULL) AND "users"."deleted_at" IS NULL ORDER BY "users"."id" LIMIT 1

2026/06/11 12:00:07 Y:/swetha/Kloset/backend/internal/auth/repository.go:22 ERROR: column "date_of_birth" of relation "users" does not exist (SQLSTATE 42703)
[98.629ms] [rows:0] INSERT INTO "users" ("name","email","phone","password_hash","role","avatar_url","is_active","is_verified","kyc_status","aadhaar_hash","pan_hash","wallet_balance","trust_score","fcm_token","last_login","created_at","updated_at","deleted_at","date_of_birth","gender","payment_preferences","business_name","business_address","pickup_address","return_address","gst_details","pan_details","bank_details","payout_account","kyc_documents","store_banner","store_logo","business_description","support_contact","rental_policies") VALUES ('E2E Test Renter','renter.e2e.1781159401339@kloset.in','+911159401339','$2a$12$AKn1aHyCgIfvzBX1BpbhiOYIEDlcmui/zbihTcnikuahIUbBKI3fS','renter',NULL,true,false,'pending',NULL,NULL,0,100,NULL,NULL,'2026-06-11 12:00:07.177','2026-06-11 12:00:07.177',NULL,NULL,NULL,NULL,NULL,NULL,NULL,NULL,NULL,NULL,NULL,NULL,NULL,NULL,NULL,NULL,NULL,NULL) RETURNING "id"
2026-06-11T12:00:07+05:30 WRN HTTP Request duration=2225.5797 ip=127.0.0.1 method=POST path=/api/v1/auth/register status=409 user_agent=node

2026/06/11 12:00:07 Y:/swetha/Kloset/backend/internal/auth/repository.go:28 record not found
[87.599ms] [rows:0] SELECT * FROM "users" WHERE (email = 'renter.e2e.1781159401339@kloset.in' AND deleted_at IS NULL) AND "users"."deleted_at" IS NULL ORDER BY "users"."id" LIMIT 1
2026-06-11T12:00:07+05:30 WRN Failed login attempt: user not found actor=renter.e2e.1781159401339@kloset.in ip=127.0.0.1
2026-06-11T12:00:07+05:30 WRN HTTP Request duration=709.2419 ip=127.0.0.1 method=POST path=/api/v1/auth/login status=401 user_agent=node

2026/06/11 12:00:08 Y:/swetha/Kloset/backend/internal/logging/service.go:43 ERROR: null value in column "email" of relation "system_logs" violates not-null constraint (SQLSTATE 23502)
[154.878ms] [rows:0] INSERT INTO "system_logs" ("timestamp","actor","action","ip_address","severity","id") VALUES ('2026-06-11 12:00:07.989','renter.e2e.1781159401339@kloset.in','Failed login attempt: user not found','127.0.0.1','warn','bb753850-ecb6-43c1-8e18-d7e1a321831d') RETURNING "id"
2026-06-11T12:00:08+05:30 ERR Failed to write SystemLog to database error="ERROR: null value in column \"email\" of relation \"system_logs\" violates not-null constraint (SQLSTATE 23502)"

2026/06/11 12:00:08 Y:/swetha/Kloset/backend/internal/middleware/ratelimit.go:44 record not found
[162.088ms] [rows:0] SELECT * FROM "rate_limit_events" WHERE key = '127.0.0.1' AND path = '/api/v1/outfits' ORDER BY "rate_limit_events"."key" LIMIT 1 FOR UPDATE

2026/06/11 12:00:09 Y:/swetha/Kloset/backend/internal/outfit/repository.go:141 SLOW SQL >= 200ms
[228.026ms] [rows:0] SELECT * FROM "outfits" WHERE (outfits.status = 'active' AND outfits.deleted_at IS NULL) AND "outfits"."deleted_at" IS NULL ORDER BY outfits.created_at DESC LIMIT 20
2026-06-11T12:00:09+05:30 INF HTTP Request duration=1030.3332 ip=127.0.0.1 method=GET path=/api/v1/outfits status=200 user_agent=node

2026/06/11 12:00:09 Y:/swetha/Kloset/backend/internal/middleware/ratelimit.go:44 record not found
[141.187ms] [rows:0] SELECT * FROM "rate_limit_events" WHERE key = '127.0.0.1' AND path = '/api/v1/support/tickets' ORDER BY "rate_limit_events"."key" LIMIT 1 FOR UPDATE
2026-06-11T12:00:09+05:30 WRN HTTP Request duration=647.1502 ip=127.0.0.1 method=POST path=/api/v1/support/tickets status=401 user_agent=node

2026/06/11 12:00:09 Y:/swetha/Kloset/backend/internal/middleware/ratelimit.go:44 record not found
[127.289ms] [rows:0] SELECT * FROM "rate_limit_events" WHERE key = '127.0.0.1' AND path = '/api/v1/auth/google' ORDER BY "rate_limit_events"."key" LIMIT 1 FOR UPDATE

2026/06/11 12:00:10 Y:/swetha/Kloset/backend/internal/auth/repository.go:28 record not found
[68.830ms] [rows:0] SELECT * FROM "users" WHERE (email = 'renter.google.e2e@kloset.in' AND deleted_at IS NULL) AND "users"."deleted_at" IS NULL ORDER BY "users"."id" LIMIT 1

2026/06/11 12:00:10 Y:/swetha/Kloset/backend/internal/auth/repository.go:22 ERROR: column "date_of_birth" of relation "users" does not exist (SQLSTATE 42703)
[101.249ms] [rows:0] INSERT INTO "users" ("name","email","phone","password_hash","role","avatar_url","is_active","is_verified","kyc_status","aadhaar_hash","pan_hash","wallet_balance","trust_score","fcm_token","last_login","created_at","updated_at","deleted_at","date_of_birth","gender","payment_preferences","business_name","business_address","pickup_address","return_address","gst_details","pan_details","bank_details","payout_account","kyc_documents","store_banner","store_logo","business_description","support_contact","rental_policies") VALUES ('E2E Google User','renter.google.e2e@kloset.in','+917221044315','$2a$12$PPdvBs7PsvipZoNac8HXjOhQRTjkryvuxjK0YvG3s9WR83Zjnu/Pm','renter',NULL,true,true,'pending',NULL,NULL,0,100,NULL,NULL,'2026-06-11 12:00:10.713','2026-06-11 12:00:10.713',NULL,NULL,NULL,NULL,NULL,NULL,NULL,NULL,NULL,NULL,NULL,NULL,NULL,NULL,NULL,NULL,NULL,NULL) RETURNING "id"
2026-06-11T12:00:10+05:30 WRN HTTP Request duration=1133.2476 ip=127.0.0.1 method=POST path=/api/v1/auth/google status=401 user_agent=node

2026/06/11 12:00:11 Y:/swetha/Kloset/backend/internal/middleware/ratelimit.go:44 record not found
[125.356ms] [rows:0] SELECT * FROM "rate_limit_events" WHERE key = '127.0.0.1' AND path = '/api/v1/auth/otp/send' ORDER BY "rate_limit_events"."key" LIMIT 1 FOR UPDATE

2026/06/11 12:00:11 Y:/swetha/Kloset/backend/internal/auth/service.go:350 record not found
[158.629ms] [rows:0] SELECT * FROM "otp_verifications" WHERE phone = '+911159401341' ORDER BY "otp_verifications"."phone" LIMIT 1
PRODUCTION-GRADE OTP SYSTEM Dispatched OTP to phone +911159401341: 336390 (expires in 5 minutes)
2026-06-11T12:00:11+05:30 INF HTTP Request duration=1010.5698 ip=127.0.0.1 method=POST path=/api/v1/auth/otp/send status=200 user_agent=node
2026-06-11T12:00:12+05:30 WRN HTTP Request duration=696.2741 ip=127.0.0.1 method=POST path=/api/v1/auth/otp/send status=400 user_agent=node

2026/06/11 12:00:12 Y:/swetha/Kloset/backend/internal/middleware/ratelimit.go:44 record not found
[157.086ms] [rows:0] SELECT * FROM "rate_limit_events" WHERE key = '127.0.0.1' AND path = '/health' ORDER BY "rate_limit_events"."key" LIMIT 1 FOR UPDATE
2026-06-11T12:00:13+05:30 INF HTTP Request duration=642.2031 ip=127.0.0.1 method=GET path=/health status=200 user_agent=node

2026/06/11 12:00:13 Y:/swetha/Kloset/backend/internal/middleware/ratelimit.go:44 record not found
[148.973ms] [rows:0] SELECT * FROM "rate_limit_events" WHERE key = '127.0.0.1' AND path = '/healthz' ORDER BY "rate_limit_events"."key" LIMIT 1 FOR UPDATE

2026/06/11 12:00:13 Y:/swetha/Kloset/backend/internal/middleware/ratelimit.go:53 SLOW SQL >= 200ms
[214.166ms] [rows:1] INSERT INTO "rate_limit_events" ("key","path","count","expires_at") VALUES ('127.0.0.1','/healthz',1,'2026-06-11 12:01:13.18')
2026-06-11T12:00:14+05:30 INF HTTP Request duration=856.7573 ip=127.0.0.1 method=GET path=/healthz status=200 user_agent=node

2026/06/11 12:00:14 Y:/swetha/Kloset/backend/internal/middleware/ratelimit.go:44 record not found
[168.687ms] [rows:0] SELECT * FROM "rate_limit_events" WHERE key = '127.0.0.1' AND path = '/readyz' ORDER BY "rate_limit_events"."key" LIMIT 1 FOR UPDATE
2026-06-11T12:00:14+05:30 INF HTTP Request duration=782.3959 ip=127.0.0.1 method=GET path=/readyz status=200 user_agent=node
