{"level":"info","time":"2026-06-11T12:04:12+05:30","message":"🌱 Starting Kloset Database Seeding..."}
{"level":"info","time":"2026-06-11T12:04:12+05:30","message":"✅ All critical configuration parameters verified."}
{"level":"info","host":"aws-1-ap-southeast-1.pooler.supabase.com","db":"postgres","time":"2026-06-11T12:04:13+05:30","message":"Connected to PostgreSQL"}
{"level":"info","time":"2026-06-11T12:04:13+05:30","message":"Running auto-migrations in seeder..."}

2026/06/11 12:04:13 Y:/swetha/Kloset/backend/cmd/seed/main.go:44 SLOW SQL >= 200ms
[210.922ms] [rows:1] SELECT count(*) FROM information_schema.tables WHERE table_schema = CURRENT_SCHEMA() AND table_name = 'notifications' AND table_type = 'BASE TABLE'

2026/06/11 12:04:14 Y:/swetha/Kloset/backend/cmd/seed/main.go:44 SLOW SQL >= 200ms
[214.755ms] [rows:-] SELECT c.column_name, c.is_nullable = 'YES', c.udt_name, c.character_maximum_length, c.numeric_precision, c.numeric_precision_radix, c.numeric_scale, c.datetime_precision, 8 * typlen, c.column_default, pd.description, c.identity_increment FROM information_schema.columns AS c JOIN pg_type AS pgt ON c.udt_name = pgt.typname LEFT JOIN pg_catalog.pg_description as pd ON pd.objsubid = c.ordinal_position AND pd.objoid = (SELECT oid FROM pg_catalog.pg_class WHERE relname = c.table_name AND relnamespace = (SELECT oid FROM pg_catalog.pg_namespace WHERE nspname = c.table_schema)) where table_catalog = 'postgres' AND table_schema = CURRENT_SCHEMA() AND table_name = 'notifications'

2026/06/11 12:04:14 Y:/swetha/Kloset/backend/cmd/seed/main.go:44 SLOW SQL >= 200ms
[266.212ms] [rows:-] SELECT constraint_name FROM information_schema.table_constraints tc JOIN information_schema.constraint_column_usage AS ccu USING (constraint_schema, constraint_catalog, table_name, constraint_name) JOIN information_schema.columns AS c ON c.table_schema = tc.constraint_schema AND tc.table_name = c.table_name AND ccu.column_name = c.column_name WHERE constraint_type IN ('PRIMARY KEY', 'UNIQUE') AND c.table_catalog = 'postgres' AND c.table_schema = CURRENT_SCHEMA() AND c.table_name = 'notifications' AND constraint_type = 'UNIQUE'

2026/06/11 12:04:15 Y:/swetha/Kloset/backend/cmd/seed/main.go:44 SLOW SQL >= 200ms
[290.097ms] [rows:0] SELECT description FROM pg_catalog.pg_description WHERE objsubid = (SELECT ordinal_position FROM information_schema.columns WHERE table_schema = CURRENT_SCHEMA() AND table_name = 'notifications' AND column_name = 'title') AND objoid = (SELECT oid FROM pg_catalog.pg_class WHERE relname = 'notifications' AND relnamespace = (SELECT oid FROM pg_catalog.pg_namespace WHERE nspname = CURRENT_SCHEMA()))

2026/06/11 12:04:16 Y:/swetha/Kloset/backend/cmd/seed/main.go:44 SLOW SQL >= 200ms
[587.125ms] [rows:0] SELECT description FROM pg_catalog.pg_description WHERE objsubid = (SELECT ordinal_position FROM information_schema.columns WHERE table_schema = CURRENT_SCHEMA() AND table_name = 'notifications' AND column_name = 'created_at') AND objoid = (SELECT oid FROM pg_catalog.pg_class WHERE relname = 'notifications' AND relnamespace = (SELECT oid FROM pg_catalog.pg_namespace WHERE nspname = CURRENT_SCHEMA()))

2026/06/11 12:04:17 Y:/swetha/Kloset/backend/cmd/seed/main.go:44 SLOW SQL >= 200ms
[357.546ms] [rows:1] SELECT CURRENT_DATABASE()

2026/06/11 12:04:21  SLOW SQL >= 200ms
[542.056ms] [rows:-] SELECT a.attname as column_name, format_type(a.atttypid, a.atttypmod) AS data_type
		FROM pg_attribute a JOIN pg_class b ON a.attrelid = b.oid AND relnamespace = (SELECT oid FROM pg_catalog.pg_namespace WHERE nspname = CURRENT_SCHEMA())
		WHERE a.attnum > 0 -- hide internal columns
		AND NOT a.attisdropped -- hide deleted columns
		AND b.relname = 'system_logs'

2026/06/11 12:04:23 Y:/swetha/Kloset/backend/cmd/seed/main.go:44 SLOW SQL >= 200ms
[1947.685ms] [rows:0] SELECT description FROM pg_catalog.pg_description WHERE objsubid = (SELECT ordinal_position FROM information_schema.columns WHERE table_schema = CURRENT_SCHEMA() AND table_name = 'system_logs' AND column_name = 'timestamp') AND objoid = (SELECT oid FROM pg_catalog.pg_class WHERE relname = 'system_logs' AND relnamespace = (SELECT oid FROM pg_catalog.pg_namespace WHERE nspname = CURRENT_SCHEMA()))

2026/06/11 12:04:25 Y:/swetha/Kloset/backend/cmd/seed/main.go:44 SLOW SQL >= 200ms
[630.904ms] [rows:0] SELECT description FROM pg_catalog.pg_description WHERE objsubid = (SELECT ordinal_position FROM information_schema.columns WHERE table_schema = CURRENT_SCHEMA() AND table_name = 'system_logs' AND column_name = 'severity') AND objoid = (SELECT oid FROM pg_catalog.pg_class WHERE relname = 'system_logs' AND relnamespace = (SELECT oid FROM pg_catalog.pg_namespace WHERE nspname = CURRENT_SCHEMA()))

2026/06/11 12:04:26 Y:/swetha/Kloset/backend/cmd/seed/main.go:44 SLOW SQL >= 200ms
[208.149ms] [rows:-] SELECT constraint_name FROM information_schema.table_constraints tc JOIN information_schema.constraint_column_usage AS ccu USING (constraint_schema, constraint_catalog, table_name, constraint_name) JOIN information_schema.columns AS c ON c.table_schema = tc.constraint_schema AND tc.table_name = c.table_name AND ccu.column_name = c.column_name WHERE constraint_type IN ('PRIMARY KEY', 'UNIQUE') AND c.table_catalog = 'postgres' AND c.table_schema = CURRENT_SCHEMA() AND c.table_name = 'email_logs' AND constraint_type = 'UNIQUE'
{"level":"info","time":"2026-06-11T12:04:27+05:30","message":"Truncating existing tables..."}
{"level":"info","time":"2026-06-11T12:04:28+05:30","message":"Seeding demo accounts..."}

2026/06/11 12:04:28 Y:/swetha/Kloset/backend/cmd/seed/main.go:167 SLOW SQL >= 200ms
[223.263ms] [rows:1] INSERT INTO "users" ("id","name","email","phone","password_hash","role","avatar_url","is_active","is_verified","kyc_status","wallet_balance","trust_score","last_login","created_at","updated_at","deleted_at","date_of_birth","gender","payment_preferences","business_name","business_address","pickup_address","return_address","gst_details","pan_details","bank_details","payout_account","kyc_documents","store_banner","store_logo","business_description","support_contact","rental_policies") VALUES ('00000000-0000-0000-0000-000000000001','Kloset Admin','admin@kloset.in','+919999999991','$2a$12$b3XzzL.r2lWMP1pnFqT3TuS43UYLQLTmtozkASUqlpQFNxpQ1r7h2','admin','https://images.unsplash.com/photo-1534528741775-53994a69daeb?w=100&h=100&fit=crop',true,true,'verified',100000,100,NULL,'2026-06-11 12:04:28.163','2026-06-11 12:04:28.163',NULL,NULL,NULL,NULL,NULL,NULL,NULL,NULL,NULL,NULL,NULL,NULL,NULL,NULL,NULL,NULL,NULL,NULL)
{"level":"info","time":"2026-06-11T12:04:28+05:30","message":"Seeding user addresses..."}

2026/06/11 12:04:29 Y:/swetha/Kloset/backend/cmd/seed/main.go:198 SLOW SQL >= 200ms
[270.445ms] [rows:1] INSERT INTO "user_addresses" ("user_id","label","full_address","city","state","pincode","lat","lng","is_default","created_at","id") VALUES ('00000000-0000-0000-0000-000000000004','Home','Apt 402, Golden Crest, Linking Road, Santacruz West','Mumbai','Maharashtra','400054',NULL,NULL,true,'2026-06-11 12:04:28.753','b682d0bf-0b41-4ef3-a93f-63f341aa0eb3') RETURNING "id"
{"level":"info","time":"2026-06-11T12:04:29+05:30","message":"Seeding outfits catalog..."}

2026/06/11 12:04:29 Y:/swetha/Kloset/backend/cmd/seed/main.go:338 SLOW SQL >= 200ms
[215.011ms] [rows:1] INSERT INTO "outfits" ("seller_id","title","slug","description","ai_description","category","occasions","colors","fabric","sizes","accessories_included","city","state","pincode","price_1day","price_3day","price_7day","security_deposit","delivery_available","delivery_fee","status","rejection_reason","rating_avg","rating_count","view_count","wishlist_count","booking_count","ai_tags","created_at","updated_at","deleted_at","id") VALUES ('00000000-0000-0000-0000-000000000002','Raw Mango Banarasi Silk Saree','raw-mango-banarasi-silk-saree','Traditional Banarasi silk saree in royal blue shade with intricate golden brocade border work.',NULL,'saree','{"Diwali","Festive","Sangeet"}','{"Blue","Gold"}','Banarasi Silk','{"Free Size"}',NULL,'Mumbai','Maharashtra','400050',2500,7000,14000,10000,false,0,'active',NULL,0,0,47,0,0,NULL,'2026-06-11 12:04:29.405','2026-06-11 12:04:29.405',NULL,'10000000-0000-0000-0000-000000000003') RETURNING "id"
{"level":"info","time":"2026-06-11T12:04:29+05:30","message":"Seeding outfit media items..."}

2026/06/11 12:04:30 Y:/swetha/Kloset/backend/cmd/seed/main.go:377 SLOW SQL >= 200ms
[273.771ms] [rows:1] INSERT INTO "outfit_images" ("outfit_id","url","cloudinary_id","is_primary","sort_order","created_at","id") VALUES ('10000000-0000-0000-0000-000000000001','https://images.unsplash.com/photo-1583939003579-730e3918a45a?w=800',NULL,true,0,'2026-06-11 12:04:29.747','f54785c2-6e26-4977-aea0-178781e47722') RETURNING "id"
{"level":"info","time":"2026-06-11T12:04:30+05:30","message":"Seeding sample bookings..."}

2026/06/11 12:04:30 Y:/swetha/Kloset/backend/cmd/seed/main.go:466 SLOW SQL >= 200ms
[244.053ms] [rows:1] INSERT INTO "bookings" ("booking_ref","outfit_id","renter_id","seller_id","pickup_date","return_date","rental_days","size_selected","status","delivery_type","delivery_address","rental_amount","security_deposit","delivery_fee","platform_fee","total_amount","payment_status","razorpay_order_id","razorpay_payment_id","return_photos","return_condition","return_notes","return_initiated_at","returned_at","deposit_refund_amount","deposit_refund_reason","seller_accepted_at","seller_accept_deadline","cancellation_reason","cancelled_by","created_at","updated_at","id") VALUES ('KL-2026-102941','10000000-0000-0000-0000-000000000001','00000000-0000-0000-0000-000000000004','00000000-0000-0000-0000-000000000002','2026-06-12 12:04:30.373','2026-06-15 12:04:30.373',3,'M','confirmed','delivery',NULL,9000,15000,250,450,24700,'completed','order_seeding_booking_1','pay_seeding_booking_1',NULL,NULL,NULL,NULL,NULL,NULL,NULL,'2026-06-11 12:04:30.373','2026-06-12 12:04:30.373',NULL,NULL,'2026-06-09 12:04:30.373','2026-06-11 12:04:30.374','20000000-0000-0000-0000-000000000001') RETURNING "id"
{"level":"info","time":"2026-06-11T12:04:30+05:30","message":"Seeding payment transactions..."}

2026/06/11 12:04:31 Y:/swetha/Kloset/backend/cmd/seed/main.go:505 SLOW SQL >= 200ms
[206.552ms] [rows:1] INSERT INTO "transactions" ("user_id","booking_id","type","amount","status","gateway","gateway_txn_id","gateway_data","note","created_at","updated_at","deleted_at","id") VALUES ('00000000-0000-0000-0000-000000000004','20000000-0000-0000-0000-000000000001','rental_payment',24700,'completed','razorpay','pay_seeding_booking_1',NULL,'Paid rental order via Razorpay','2026-06-09 12:04:30.373','2026-06-11 12:04:30.847',NULL,'da1cb012-5f20-4ddf-a11f-34ef6289291b') RETURNING "id"
{"level":"info","time":"2026-06-11T12:04:31+05:30","message":"Seeding support tickets..."}
{"level":"info","time":"2026-06-11T12:04:31+05:30","message":"Seeding ratings and reviews..."}
{"level":"info","time":"2026-06-11T12:04:31+05:30","message":"🎉 Kloset Database Seeding Complete! Enjoy testing!"}

Demo Login Accounts:
====================
Admin:  admin@kloset.in / KlosetSecured123!
Seller: seller.anika@kloset.in / KlosetSecured123!
Seller: seller.rohit@kloset.in / KlosetSecured123!
Renter: renter.swetha@kloset.in / KlosetSecured123!
Renter: renter.aditya@kloset.in / KlosetSecured123!
