2026-06-08T16:11:27+05:30 INF 🌸 Starting Kloset API Server...
2026-06-08T16:11:27+05:30 INF Connected to PostgreSQL db=kloset host=localhost
2026-06-08T16:11:27+05:30 INF Running GORM auto-migrations...

2026/06/08 16:11:27 Y:/swetha/Kloset/backend/cmd/server/main.go:52
[51.487ms] [rows:1] SELECT count(*) FROM information_schema.tables WHERE table_schema = CURRENT_SCHEMA() AND table_name = 'notifications' AND table_type = 'BASE TABLE'

2026/06/08 16:11:27 Y:/swetha/Kloset/backend/cmd/server/main.go:52
[1.090ms] [rows:1] SELECT CURRENT_DATABASE()

2026/06/08 16:11:27 Y:/swetha/Kloset/backend/cmd/server/main.go:52
[51.213ms] [rows:-] SELECT c.column_name, c.is_nullable = 'YES', c.udt_name, c.character_maximum_length, c.numeric_precision, c.numeric_precision_radix, c.numeric_scale, c.datetime_precision, 8 * typlen, c.column_default, pd.description, c.identity_increment FROM information_schema.columns AS c JOIN pg_type AS pgt ON c.udt_name = pgt.typname LEFT JOIN pg_catalog.pg_description as pd ON pd.objsubid = c.ordinal_position AND pd.objoid = (SELECT oid FROM pg_catalog.pg_class WHERE relname = c.table_name AND relnamespace = (SELECT oid FROM pg_catalog.pg_namespace WHERE nspname = c.table_schema)) where table_catalog = 'kloset' AND table_schema = CURRENT_SCHEMA() AND table_name = 'notifications'

2026/06/08 16:11:27 Y:/swetha/Kloset/backend/cmd/server/main.go:52
[9.660ms] [rows:-] SELECT * FROM "notifications" LIMIT 1

2026/06/08 16:11:27 Y:/swetha/Kloset/backend/cmd/server/main.go:52
[27.347ms] [rows:-] SELECT constraint_name FROM information_schema.table_constraints tc JOIN information_schema.constraint_column_usage AS ccu USING (constraint_schema, constraint_catalog, table_name, constraint_name) JOIN information_schema.columns AS c ON c.table_schema = tc.constraint_schema AND tc.table_name = c.table_name AND ccu.column_name = c.column_name WHERE constraint_type IN ('PRIMARY KEY', 'UNIQUE') AND c.table_catalog = 'kloset' AND c.table_schema = CURRENT_SCHEMA() AND c.table_name = 'notifications' AND constraint_type = 'UNIQUE'

2026/06/08 16:11:27 Y:/swetha/Kloset/backend/cmd/server/main.go:52
[16.654ms] [rows:-] SELECT c.column_name, constraint_name, constraint_type FROM information_schema.table_constraints tc JOIN information_schema.constraint_column_usage AS ccu USING (constraint_schema, constraint_catalog, table_name, constraint_name) JOIN information_schema.columns AS c ON c.table_schema = tc.constraint_schema AND tc.table_name = c.table_name AND ccu.column_name = c.column_name WHERE constraint_type IN ('PRIMARY KEY', 'UNIQUE') AND c.table_catalog = 'kloset' AND c.table_schema = CURRENT_SCHEMA() AND c.table_name = 'notifications'

2026/06/08 16:11:27 Y:/swetha/Kloset/backend/cmd/server/main.go:52
[5.107ms] [rows:-] SELECT a.attname as column_name, format_type(a.atttypid, a.atttypmod) AS data_type
		FROM pg_attribute a JOIN pg_class b ON a.attrelid = b.oid AND relnamespace = (SELECT oid FROM pg_catalog.pg_namespace WHERE nspname = CURRENT_SCHEMA())
		WHERE a.attnum > 0 -- hide internal columns
		AND NOT a.attisdropped -- hide deleted columns
		AND b.relname = 'notifications'

2026/06/08 16:11:27 Y:/swetha/Kloset/backend/cmd/server/main.go:52
[8.938ms] [rows:0] SELECT description FROM pg_catalog.pg_description WHERE objsubid = (SELECT ordinal_position FROM information_schema.columns WHERE table_schema = CURRENT_SCHEMA() AND table_name = 'notifications' AND column_name = 'id') AND objoid = (SELECT oid FROM pg_catalog.pg_class WHERE relname = 'notifications' AND relnamespace = (SELECT oid FROM pg_catalog.pg_namespace WHERE nspname = CURRENT_SCHEMA()))

2026/06/08 16:11:27 Y:/swetha/Kloset/backend/cmd/server/main.go:52
[6.014ms] [rows:0] SELECT description FROM pg_catalog.pg_description WHERE objsubid = (SELECT ordinal_position FROM information_schema.columns WHERE table_schema = CURRENT_SCHEMA() AND table_name = 'notifications' AND column_name = 'user_id') AND objoid = (SELECT oid FROM pg_catalog.pg_class WHERE relname = 'notifications' AND relnamespace = (SELECT oid FROM pg_catalog.pg_namespace WHERE nspname = CURRENT_SCHEMA()))

2026/06/08 16:11:27 Y:/swetha/Kloset/backend/cmd/server/main.go:52
[5.380ms] [rows:0] SELECT description FROM pg_catalog.pg_description WHERE objsubid = (SELECT ordinal_position FROM information_schema.columns WHERE table_schema = CURRENT_SCHEMA() AND table_name = 'notifications' AND column_name = 'type') AND objoid = (SELECT oid FROM pg_catalog.pg_class WHERE relname = 'notifications' AND relnamespace = (SELECT oid FROM pg_catalog.pg_namespace WHERE nspname = CURRENT_SCHEMA()))

2026/06/08 16:11:27 Y:/swetha/Kloset/backend/cmd/server/main.go:52
[5.375ms] [rows:0] SELECT description FROM pg_catalog.pg_description WHERE objsubid = (SELECT ordinal_position FROM information_schema.columns WHERE table_schema = CURRENT_SCHEMA() AND table_name = 'notifications' AND column_name = 'title') AND objoid = (SELECT oid FROM pg_catalog.pg_class WHERE relname = 'notifications' AND relnamespace = (SELECT oid FROM pg_catalog.pg_namespace WHERE nspname = CURRENT_SCHEMA()))

2026/06/08 16:11:27 Y:/swetha/Kloset/backend/cmd/server/main.go:52
[4.685ms] [rows:0] SELECT description FROM pg_catalog.pg_description WHERE objsubid = (SELECT ordinal_position FROM information_schema.columns WHERE table_schema = CURRENT_SCHEMA() AND table_name = 'notifications' AND column_name = 'body') AND objoid = (SELECT oid FROM pg_catalog.pg_class WHERE relname = 'notifications' AND relnamespace = (SELECT oid FROM pg_catalog.pg_namespace WHERE nspname = CURRENT_SCHEMA()))

2026/06/08 16:11:27 Y:/swetha/Kloset/backend/cmd/server/main.go:52
[6.888ms] [rows:0] SELECT description FROM pg_catalog.pg_description WHERE objsubid = (SELECT ordinal_position FROM information_schema.columns WHERE table_schema = CURRENT_SCHEMA() AND table_name = 'notifications' AND column_name = 'data') AND objoid = (SELECT oid FROM pg_catalog.pg_class WHERE relname = 'notifications' AND relnamespace = (SELECT oid FROM pg_catalog.pg_namespace WHERE nspname = CURRENT_SCHEMA()))

2026/06/08 16:11:27 Y:/swetha/Kloset/backend/cmd/server/main.go:52
[2.250ms] [rows:0] SELECT description FROM pg_catalog.pg_description WHERE objsubid = (SELECT ordinal_position FROM information_schema.columns WHERE table_schema = CURRENT_SCHEMA() AND table_name = 'notifications' AND column_name = 'channels') AND objoid = (SELECT oid FROM pg_catalog.pg_class WHERE relname = 'notifications' AND relnamespace = (SELECT oid FROM pg_catalog.pg_namespace WHERE nspname = CURRENT_SCHEMA()))

2026/06/08 16:11:27 Y:/swetha/Kloset/backend/cmd/server/main.go:52
[1.068ms] [rows:0] SELECT description FROM pg_catalog.pg_description WHERE objsubid = (SELECT ordinal_position FROM information_schema.columns WHERE table_schema = CURRENT_SCHEMA() AND table_name = 'notifications' AND column_name = 'is_read') AND objoid = (SELECT oid FROM pg_catalog.pg_class WHERE relname = 'notifications' AND relnamespace = (SELECT oid FROM pg_catalog.pg_namespace WHERE nspname = CURRENT_SCHEMA()))

2026/06/08 16:11:27 Y:/swetha/Kloset/backend/cmd/server/main.go:52
[1.127ms] [rows:0] SELECT description FROM pg_catalog.pg_description WHERE objsubid = (SELECT ordinal_position FROM information_schema.columns WHERE table_schema = CURRENT_SCHEMA() AND table_name = 'notifications' AND column_name = 'sent_at') AND objoid = (SELECT oid FROM pg_catalog.pg_class WHERE relname = 'notifications' AND relnamespace = (SELECT oid FROM pg_catalog.pg_namespace WHERE nspname = CURRENT_SCHEMA()))

2026/06/08 16:11:27 
[0.542ms] [rows:1] SELECT CURRENT_DATABASE()

2026/06/08 16:11:27 
[13.954ms] [rows:-] SELECT c.column_name, c.is_nullable = 'YES', c.udt_name, c.character_maximum_length, c.numeric_precision, c.numeric_precision_radix, c.numeric_scale, c.datetime_precision, 8 * typlen, c.column_default, pd.description, c.identity_increment FROM information_schema.columns AS c JOIN pg_type AS pgt ON c.udt_name = pgt.typname LEFT JOIN pg_catalog.pg_description as pd ON pd.objsubid = c.ordinal_position AND pd.objoid = (SELECT oid FROM pg_catalog.pg_class WHERE relname = c.table_name AND relnamespace = (SELECT oid FROM pg_catalog.pg_namespace WHERE nspname = c.table_schema)) where table_catalog = 'kloset' AND table_schema = CURRENT_SCHEMA() AND table_name = 'notifications'

2026/06/08 16:11:27 
[1.828ms] [rows:-] SELECT * FROM "notifications" LIMIT 1

2026/06/08 16:11:27 
[10.747ms] [rows:-] SELECT constraint_name FROM information_schema.table_constraints tc JOIN information_schema.constraint_column_usage AS ccu USING (constraint_schema, constraint_catalog, table_name, constraint_name) JOIN information_schema.columns AS c ON c.table_schema = tc.constraint_schema AND tc.table_name = c.table_name AND ccu.column_name = c.column_name WHERE constraint_type IN ('PRIMARY KEY', 'UNIQUE') AND c.table_catalog = 'kloset' AND c.table_schema = CURRENT_SCHEMA() AND c.table_name = 'notifications' AND constraint_type = 'UNIQUE'

2026/06/08 16:11:27 
[8.561ms] [rows:-] SELECT c.column_name, constraint_name, constraint_type FROM information_schema.table_constraints tc JOIN information_schema.constraint_column_usage AS ccu USING (constraint_schema, constraint_catalog, table_name, constraint_name) JOIN information_schema.columns AS c ON c.table_schema = tc.constraint_schema AND tc.table_name = c.table_name AND ccu.column_name = c.column_name WHERE constraint_type IN ('PRIMARY KEY', 'UNIQUE') AND c.table_catalog = 'kloset' AND c.table_schema = CURRENT_SCHEMA() AND c.table_name = 'notifications'

2026/06/08 16:11:27 
[1.933ms] [rows:-] SELECT a.attname as column_name, format_type(a.atttypid, a.atttypmod) AS data_type
		FROM pg_attribute a JOIN pg_class b ON a.attrelid = b.oid AND relnamespace = (SELECT oid FROM pg_catalog.pg_namespace WHERE nspname = CURRENT_SCHEMA())
		WHERE a.attnum > 0 -- hide internal columns
		AND NOT a.attisdropped -- hide deleted columns
		AND b.relname = 'notifications'

2026/06/08 16:11:27 Y:/swetha/Kloset/backend/cmd/server/main.go:52
[10.303ms] [rows:0] SELECT description FROM pg_catalog.pg_description WHERE objsubid = (SELECT ordinal_position FROM information_schema.columns WHERE table_schema = CURRENT_SCHEMA() AND table_name = 'notifications' AND column_name = 'created_at') AND objoid = (SELECT oid FROM pg_catalog.pg_class WHERE relname = 'notifications' AND relnamespace = (SELECT oid FROM pg_catalog.pg_namespace WHERE nspname = CURRENT_SCHEMA()))

2026/06/08 16:11:27 Y:/swetha/Kloset/backend/cmd/server/main.go:52
[7.049ms] [rows:1] SELECT count(*) FROM pg_indexes WHERE tablename = 'notifications' AND indexname = 'idx_notifications_is_read' AND schemaname = CURRENT_SCHEMA()

2026/06/08 16:11:27 Y:/swetha/Kloset/backend/cmd/server/main.go:52
[3.135ms] [rows:1] SELECT count(*) FROM pg_indexes WHERE tablename = 'notifications' AND indexname = 'idx_notifications_user_id' AND schemaname = CURRENT_SCHEMA()

2026/06/08 16:11:27 Y:/swetha/Kloset/backend/cmd/server/main.go:52
[2.848ms] [rows:1] SELECT count(*) FROM information_schema.tables WHERE table_schema = CURRENT_SCHEMA() AND table_name = 'support_tickets' AND table_type = 'BASE TABLE'

2026/06/08 16:11:27 Y:/swetha/Kloset/backend/cmd/server/main.go:52
[1.597ms] [rows:1] SELECT CURRENT_DATABASE()

2026/06/08 16:11:27 Y:/swetha/Kloset/backend/cmd/server/main.go:52
[8.490ms] [rows:-] SELECT c.column_name, c.is_nullable = 'YES', c.udt_name, c.character_maximum_length, c.numeric_precision, c.numeric_precision_radix, c.numeric_scale, c.datetime_precision, 8 * typlen, c.column_default, pd.description, c.identity_increment FROM information_schema.columns AS c JOIN pg_type AS pgt ON c.udt_name = pgt.typname LEFT JOIN pg_catalog.pg_description as pd ON pd.objsubid = c.ordinal_position AND pd.objoid = (SELECT oid FROM pg_catalog.pg_class WHERE relname = c.table_name AND relnamespace = (SELECT oid FROM pg_catalog.pg_namespace WHERE nspname = c.table_schema)) where table_catalog = 'kloset' AND table_schema = CURRENT_SCHEMA() AND table_name = 'support_tickets'

2026/06/08 16:11:27 Y:/swetha/Kloset/backend/cmd/server/main.go:52
[4.158ms] [rows:-] SELECT * FROM "support_tickets" LIMIT 1

2026/06/08 16:11:27 Y:/swetha/Kloset/backend/cmd/server/main.go:52
[12.194ms] [rows:-] SELECT constraint_name FROM information_schema.table_constraints tc JOIN information_schema.constraint_column_usage AS ccu USING (constraint_schema, constraint_catalog, table_name, constraint_name) JOIN information_schema.columns AS c ON c.table_schema = tc.constraint_schema AND tc.table_name = c.table_name AND ccu.column_name = c.column_name WHERE constraint_type IN ('PRIMARY KEY', 'UNIQUE') AND c.table_catalog = 'kloset' AND c.table_schema = CURRENT_SCHEMA() AND c.table_name = 'support_tickets' AND constraint_type = 'UNIQUE'

2026/06/08 16:11:27 Y:/swetha/Kloset/backend/cmd/server/main.go:52
[14.441ms] [rows:-] SELECT c.column_name, constraint_name, constraint_type FROM information_schema.table_constraints tc JOIN information_schema.constraint_column_usage AS ccu USING (constraint_schema, constraint_catalog, table_name, constraint_name) JOIN information_schema.columns AS c ON c.table_schema = tc.constraint_schema AND tc.table_name = c.table_name AND ccu.column_name = c.column_name WHERE constraint_type IN ('PRIMARY KEY', 'UNIQUE') AND c.table_catalog = 'kloset' AND c.table_schema = CURRENT_SCHEMA() AND c.table_name = 'support_tickets'

2026/06/08 16:11:27 Y:/swetha/Kloset/backend/cmd/server/main.go:52
[4.416ms] [rows:-] SELECT a.attname as column_name, format_type(a.atttypid, a.atttypmod) AS data_type
		FROM pg_attribute a JOIN pg_class b ON a.attrelid = b.oid AND relnamespace = (SELECT oid FROM pg_catalog.pg_namespace WHERE nspname = CURRENT_SCHEMA())
		WHERE a.attnum > 0 -- hide internal columns
		AND NOT a.attisdropped -- hide deleted columns
		AND b.relname = 'support_tickets'

2026/06/08 16:11:27 Y:/swetha/Kloset/backend/cmd/server/main.go:52
[2.299ms] [rows:0] SELECT description FROM pg_catalog.pg_description WHERE objsubid = (SELECT ordinal_position FROM information_schema.columns WHERE table_schema = CURRENT_SCHEMA() AND table_name = 'support_tickets' AND column_name = 'id') AND objoid = (SELECT oid FROM pg_catalog.pg_class WHERE relname = 'support_tickets' AND relnamespace = (SELECT oid FROM pg_catalog.pg_namespace WHERE nspname = CURRENT_SCHEMA()))

2026/06/08 16:11:27 Y:/swetha/Kloset/backend/cmd/server/main.go:52
[1.127ms] [rows:0] SELECT description FROM pg_catalog.pg_description WHERE objsubid = (SELECT ordinal_position FROM information_schema.columns WHERE table_schema = CURRENT_SCHEMA() AND table_name = 'support_tickets' AND column_name = 'renter_name') AND objoid = (SELECT oid FROM pg_catalog.pg_class WHERE relname = 'support_tickets' AND relnamespace = (SELECT oid FROM pg_catalog.pg_namespace WHERE nspname = CURRENT_SCHEMA()))

2026/06/08 16:11:27 Y:/swetha/Kloset/backend/cmd/server/main.go:52
[1.630ms] [rows:0] SELECT description FROM pg_catalog.pg_description WHERE objsubid = (SELECT ordinal_position FROM information_schema.columns WHERE table_schema = CURRENT_SCHEMA() AND table_name = 'support_tickets' AND column_name = 'renter_email') AND objoid = (SELECT oid FROM pg_catalog.pg_class WHERE relname = 'support_tickets' AND relnamespace = (SELECT oid FROM pg_catalog.pg_namespace WHERE nspname = CURRENT_SCHEMA()))

2026/06/08 16:11:27 Y:/swetha/Kloset/backend/cmd/server/main.go:52
[1.622ms] [rows:0] SELECT description FROM pg_catalog.pg_description WHERE objsubid = (SELECT ordinal_position FROM information_schema.columns WHERE table_schema = CURRENT_SCHEMA() AND table_name = 'support_tickets' AND column_name = 'subject') AND objoid = (SELECT oid FROM pg_catalog.pg_class WHERE relname = 'support_tickets' AND relnamespace = (SELECT oid FROM pg_catalog.pg_namespace WHERE nspname = CURRENT_SCHEMA()))

2026/06/08 16:11:27 Y:/swetha/Kloset/backend/cmd/server/main.go:52
[1.657ms] [rows:0] SELECT description FROM pg_catalog.pg_description WHERE objsubid = (SELECT ordinal_position FROM information_schema.columns WHERE table_schema = CURRENT_SCHEMA() AND table_name = 'support_tickets' AND column_name = 'description') AND objoid = (SELECT oid FROM pg_catalog.pg_class WHERE relname = 'support_tickets' AND relnamespace = (SELECT oid FROM pg_catalog.pg_namespace WHERE nspname = CURRENT_SCHEMA()))

2026/06/08 16:11:27 Y:/swetha/Kloset/backend/cmd/server/main.go:52
[1.658ms] [rows:0] SELECT description FROM pg_catalog.pg_description WHERE objsubid = (SELECT ordinal_position FROM information_schema.columns WHERE table_schema = CURRENT_SCHEMA() AND table_name = 'support_tickets' AND column_name = 'priority') AND objoid = (SELECT oid FROM pg_catalog.pg_class WHERE relname = 'support_tickets' AND relnamespace = (SELECT oid FROM pg_catalog.pg_namespace WHERE nspname = CURRENT_SCHEMA()))

2026/06/08 16:11:27 Y:/swetha/Kloset/backend/cmd/server/main.go:52
[1.087ms] [rows:0] SELECT description FROM pg_catalog.pg_description WHERE objsubid = (SELECT ordinal_position FROM information_schema.columns WHERE table_schema = CURRENT_SCHEMA() AND table_name = 'support_tickets' AND column_name = 'status') AND objoid = (SELECT oid FROM pg_catalog.pg_class WHERE relname = 'support_tickets' AND relnamespace = (SELECT oid FROM pg_catalog.pg_namespace WHERE nspname = CURRENT_SCHEMA()))

2026/06/08 16:11:27 Y:/swetha/Kloset/backend/cmd/server/main.go:52
[1.042ms] [rows:0] SELECT description FROM pg_catalog.pg_description WHERE objsubid = (SELECT ordinal_position FROM information_schema.columns WHERE table_schema = CURRENT_SCHEMA() AND table_name = 'support_tickets' AND column_name = 'chat_history') AND objoid = (SELECT oid FROM pg_catalog.pg_class WHERE relname = 'support_tickets' AND relnamespace = (SELECT oid FROM pg_catalog.pg_namespace WHERE nspname = CURRENT_SCHEMA()))

2026/06/08 16:11:27 Y:/swetha/Kloset/backend/cmd/server/main.go:52
[1.524ms] [rows:0] SELECT description FROM pg_catalog.pg_description WHERE objsubid = (SELECT ordinal_position FROM information_schema.columns WHERE table_schema = CURRENT_SCHEMA() AND table_name = 'support_tickets' AND column_name = 'created_at') AND objoid = (SELECT oid FROM pg_catalog.pg_class WHERE relname = 'support_tickets' AND relnamespace = (SELECT oid FROM pg_catalog.pg_namespace WHERE nspname = CURRENT_SCHEMA()))

2026/06/08 16:11:27 Y:/swetha/Kloset/backend/cmd/server/main.go:52
[2.488ms] [rows:1] SELECT count(*) FROM pg_indexes WHERE tablename = 'support_tickets' AND indexname = 'idx_support_tickets_renter_email' AND schemaname = CURRENT_SCHEMA()

2026/06/08 16:11:27 Y:/swetha/Kloset/backend/cmd/server/main.go:52
[2.737ms] [rows:1] SELECT count(*) FROM information_schema.tables WHERE table_schema = CURRENT_SCHEMA() AND table_name = 'system_logs' AND table_type = 'BASE TABLE'

2026/06/08 16:11:27 Y:/swetha/Kloset/backend/cmd/server/main.go:52
[1.092ms] [rows:1] SELECT CURRENT_DATABASE()

2026/06/08 16:11:27 Y:/swetha/Kloset/backend/cmd/server/main.go:52
[7.514ms] [rows:-] SELECT c.column_name, c.is_nullable = 'YES', c.udt_name, c.character_maximum_length, c.numeric_precision, c.numeric_precision_radix, c.numeric_scale, c.datetime_precision, 8 * typlen, c.column_default, pd.description, c.identity_increment FROM information_schema.columns AS c JOIN pg_type AS pgt ON c.udt_name = pgt.typname LEFT JOIN pg_catalog.pg_description as pd ON pd.objsubid = c.ordinal_position AND pd.objoid = (SELECT oid FROM pg_catalog.pg_class WHERE relname = c.table_name AND relnamespace = (SELECT oid FROM pg_catalog.pg_namespace WHERE nspname = c.table_schema)) where table_catalog = 'kloset' AND table_schema = CURRENT_SCHEMA() AND table_name = 'system_logs'

2026/06/08 16:11:27 Y:/swetha/Kloset/backend/cmd/server/main.go:52
[3.861ms] [rows:-] SELECT * FROM "system_logs" LIMIT 1

2026/06/08 16:11:27 Y:/swetha/Kloset/backend/cmd/server/main.go:52
[9.274ms] [rows:-] SELECT constraint_name FROM information_schema.table_constraints tc JOIN information_schema.constraint_column_usage AS ccu USING (constraint_schema, constraint_catalog, table_name, constraint_name) JOIN information_schema.columns AS c ON c.table_schema = tc.constraint_schema AND tc.table_name = c.table_name AND ccu.column_name = c.column_name WHERE constraint_type IN ('PRIMARY KEY', 'UNIQUE') AND c.table_catalog = 'kloset' AND c.table_schema = CURRENT_SCHEMA() AND c.table_name = 'system_logs' AND constraint_type = 'UNIQUE'

2026/06/08 16:11:27 Y:/swetha/Kloset/backend/cmd/server/main.go:52
[10.469ms] [rows:-] SELECT c.column_name, constraint_name, constraint_type FROM information_schema.table_constraints tc JOIN information_schema.constraint_column_usage AS ccu USING (constraint_schema, constraint_catalog, table_name, constraint_name) JOIN information_schema.columns AS c ON c.table_schema = tc.constraint_schema AND tc.table_name = c.table_name AND ccu.column_name = c.column_name WHERE constraint_type IN ('PRIMARY KEY', 'UNIQUE') AND c.table_catalog = 'kloset' AND c.table_schema = CURRENT_SCHEMA() AND c.table_name = 'system_logs'

2026/06/08 16:11:27 Y:/swetha/Kloset/backend/cmd/server/main.go:52
[1.623ms] [rows:-] SELECT a.attname as column_name, format_type(a.atttypid, a.atttypmod) AS data_type
		FROM pg_attribute a JOIN pg_class b ON a.attrelid = b.oid AND relnamespace = (SELECT oid FROM pg_catalog.pg_namespace WHERE nspname = CURRENT_SCHEMA())
		WHERE a.attnum > 0 -- hide internal columns
		AND NOT a.attisdropped -- hide deleted columns
		AND b.relname = 'system_logs'

2026/06/08 16:11:27 Y:/swetha/Kloset/backend/cmd/server/main.go:52
[1.618ms] [rows:0] SELECT description FROM pg_catalog.pg_description WHERE objsubid = (SELECT ordinal_position FROM information_schema.columns WHERE table_schema = CURRENT_SCHEMA() AND table_name = 'system_logs' AND column_name = 'id') AND objoid = (SELECT oid FROM pg_catalog.pg_class WHERE relname = 'system_logs' AND relnamespace = (SELECT oid FROM pg_catalog.pg_namespace WHERE nspname = CURRENT_SCHEMA()))

2026/06/08 16:11:27 Y:/swetha/Kloset/backend/cmd/server/main.go:52
[1.626ms] [rows:0] SELECT description FROM pg_catalog.pg_description WHERE objsubid = (SELECT ordinal_position FROM information_schema.columns WHERE table_schema = CURRENT_SCHEMA() AND table_name = 'system_logs' AND column_name = 'timestamp') AND objoid = (SELECT oid FROM pg_catalog.pg_class WHERE relname = 'system_logs' AND relnamespace = (SELECT oid FROM pg_catalog.pg_namespace WHERE nspname = CURRENT_SCHEMA()))

2026/06/08 16:11:27 Y:/swetha/Kloset/backend/cmd/server/main.go:52
[1.625ms] [rows:0] SELECT description FROM pg_catalog.pg_description WHERE objsubid = (SELECT ordinal_position FROM information_schema.columns WHERE table_schema = CURRENT_SCHEMA() AND table_name = 'system_logs' AND column_name = 'actor') AND objoid = (SELECT oid FROM pg_catalog.pg_class WHERE relname = 'system_logs' AND relnamespace = (SELECT oid FROM pg_catalog.pg_namespace WHERE nspname = CURRENT_SCHEMA()))

2026/06/08 16:11:27 Y:/swetha/Kloset/backend/cmd/server/main.go:52
[1.080ms] [rows:0] SELECT description FROM pg_catalog.pg_description WHERE objsubid = (SELECT ordinal_position FROM information_schema.columns WHERE table_schema = CURRENT_SCHEMA() AND table_name = 'system_logs' AND column_name = 'action') AND objoid = (SELECT oid FROM pg_catalog.pg_class WHERE relname = 'system_logs' AND relnamespace = (SELECT oid FROM pg_catalog.pg_namespace WHERE nspname = CURRENT_SCHEMA()))

2026/06/08 16:11:27 Y:/swetha/Kloset/backend/cmd/server/main.go:52
[1.643ms] [rows:0] SELECT description FROM pg_catalog.pg_description WHERE objsubid = (SELECT ordinal_position FROM information_schema.columns WHERE table_schema = CURRENT_SCHEMA() AND table_name = 'system_logs' AND column_name = 'ip_address') AND objoid = (SELECT oid FROM pg_catalog.pg_class WHERE relname = 'system_logs' AND relnamespace = (SELECT oid FROM pg_catalog.pg_namespace WHERE nspname = CURRENT_SCHEMA()))

2026/06/08 16:11:27 Y:/swetha/Kloset/backend/cmd/server/main.go:52
[1.655ms] [rows:0] SELECT description FROM pg_catalog.pg_description WHERE objsubid = (SELECT ordinal_position FROM information_schema.columns WHERE table_schema = CURRENT_SCHEMA() AND table_name = 'system_logs' AND column_name = 'severity') AND objoid = (SELECT oid FROM pg_catalog.pg_class WHERE relname = 'system_logs' AND relnamespace = (SELECT oid FROM pg_catalog.pg_namespace WHERE nspname = CURRENT_SCHEMA()))

2026/06/08 16:11:27 Y:/swetha/Kloset/backend/cmd/server/main.go:52
[2.322ms] [rows:1] SELECT count(*) FROM pg_indexes WHERE tablename = 'system_logs' AND indexname = 'idx_system_logs_timestamp' AND schemaname = CURRENT_SCHEMA()

2026/06/08 16:11:27 Y:/swetha/Kloset/backend/cmd/server/main.go:52
[1.634ms] [rows:1] SELECT count(*) FROM information_schema.tables WHERE table_schema = CURRENT_SCHEMA() AND table_name = 'email_logs' AND table_type = 'BASE TABLE'

2026/06/08 16:11:27 Y:/swetha/Kloset/backend/cmd/server/main.go:52
[6.714ms] [rows:1] SELECT CURRENT_DATABASE()

2026/06/08 16:11:27 Y:/swetha/Kloset/backend/cmd/server/main.go:52
[28.372ms] [rows:-] SELECT c.column_name, c.is_nullable = 'YES', c.udt_name, c.character_maximum_length, c.numeric_precision, c.numeric_precision_radix, c.numeric_scale, c.datetime_precision, 8 * typlen, c.column_default, pd.description, c.identity_increment FROM information_schema.columns AS c JOIN pg_type AS pgt ON c.udt_name = pgt.typname LEFT JOIN pg_catalog.pg_description as pd ON pd.objsubid = c.ordinal_position AND pd.objoid = (SELECT oid FROM pg_catalog.pg_class WHERE relname = c.table_name AND relnamespace = (SELECT oid FROM pg_catalog.pg_namespace WHERE nspname = c.table_schema)) where table_catalog = 'kloset' AND table_schema = CURRENT_SCHEMA() AND table_name = 'email_logs'

2026/06/08 16:11:27 Y:/swetha/Kloset/backend/cmd/server/main.go:52
[3.938ms] [rows:-] SELECT * FROM "email_logs" LIMIT 1

2026/06/08 16:11:27 Y:/swetha/Kloset/backend/cmd/server/main.go:52
[9.648ms] [rows:-] SELECT constraint_name FROM information_schema.table_constraints tc JOIN information_schema.constraint_column_usage AS ccu USING (constraint_schema, constraint_catalog, table_name, constraint_name) JOIN information_schema.columns AS c ON c.table_schema = tc.constraint_schema AND tc.table_name = c.table_name AND ccu.column_name = c.column_name WHERE constraint_type IN ('PRIMARY KEY', 'UNIQUE') AND c.table_catalog = 'kloset' AND c.table_schema = CURRENT_SCHEMA() AND c.table_name = 'email_logs' AND constraint_type = 'UNIQUE'

2026/06/08 16:11:27 Y:/swetha/Kloset/backend/cmd/server/main.go:52
[10.362ms] [rows:-] SELECT c.column_name, constraint_name, constraint_type FROM information_schema.table_constraints tc JOIN information_schema.constraint_column_usage AS ccu USING (constraint_schema, constraint_catalog, table_name, constraint_name) JOIN information_schema.columns AS c ON c.table_schema = tc.constraint_schema AND tc.table_name = c.table_name AND ccu.column_name = c.column_name WHERE constraint_type IN ('PRIMARY KEY', 'UNIQUE') AND c.table_catalog = 'kloset' AND c.table_schema = CURRENT_SCHEMA() AND c.table_name = 'email_logs'

2026/06/08 16:11:27 Y:/swetha/Kloset/backend/cmd/server/main.go:52
[1.675ms] [rows:-] SELECT a.attname as column_name, format_type(a.atttypid, a.atttypmod) AS data_type
		FROM pg_attribute a JOIN pg_class b ON a.attrelid = b.oid AND relnamespace = (SELECT oid FROM pg_catalog.pg_namespace WHERE nspname = CURRENT_SCHEMA())
		WHERE a.attnum > 0 -- hide internal columns
		AND NOT a.attisdropped -- hide deleted columns
		AND b.relname = 'email_logs'

2026/06/08 16:11:27 Y:/swetha/Kloset/backend/cmd/server/main.go:52
[1.907ms] [rows:0] SELECT description FROM pg_catalog.pg_description WHERE objsubid = (SELECT ordinal_position FROM information_schema.columns WHERE table_schema = CURRENT_SCHEMA() AND table_name = 'email_logs' AND column_name = 'id') AND objoid = (SELECT oid FROM pg_catalog.pg_class WHERE relname = 'email_logs' AND relnamespace = (SELECT oid FROM pg_catalog.pg_namespace WHERE nspname = CURRENT_SCHEMA()))

2026/06/08 16:11:27 Y:/swetha/Kloset/backend/cmd/server/main.go:52
[1.645ms] [rows:0] SELECT description FROM pg_catalog.pg_description WHERE objsubid = (SELECT ordinal_position FROM information_schema.columns WHERE table_schema = CURRENT_SCHEMA() AND table_name = 'email_logs' AND column_name = 'to_email') AND objoid = (SELECT oid FROM pg_catalog.pg_class WHERE relname = 'email_logs' AND relnamespace = (SELECT oid FROM pg_catalog.pg_namespace WHERE nspname = CURRENT_SCHEMA()))

2026/06/08 16:11:27 Y:/swetha/Kloset/backend/cmd/server/main.go:52
[2.219ms] [rows:0] SELECT description FROM pg_catalog.pg_description WHERE objsubid = (SELECT ordinal_position FROM information_schema.columns WHERE table_schema = CURRENT_SCHEMA() AND table_name = 'email_logs' AND column_name = 'subject') AND objoid = (SELECT oid FROM pg_catalog.pg_class WHERE relname = 'email_logs' AND relnamespace = (SELECT oid FROM pg_catalog.pg_namespace WHERE nspname = CURRENT_SCHEMA()))

2026/06/08 16:11:27 Y:/swetha/Kloset/backend/cmd/server/main.go:52
[1.618ms] [rows:0] SELECT description FROM pg_catalog.pg_description WHERE objsubid = (SELECT ordinal_position FROM information_schema.columns WHERE table_schema = CURRENT_SCHEMA() AND table_name = 'email_logs' AND column_name = 'html') AND objoid = (SELECT oid FROM pg_catalog.pg_class WHERE relname = 'email_logs' AND relnamespace = (SELECT oid FROM pg_catalog.pg_namespace WHERE nspname = CURRENT_SCHEMA()))

2026/06/08 16:11:27 Y:/swetha/Kloset/backend/cmd/server/main.go:52
[1.629ms] [rows:0] SELECT description FROM pg_catalog.pg_description WHERE objsubid = (SELECT ordinal_position FROM information_schema.columns WHERE table_schema = CURRENT_SCHEMA() AND table_name = 'email_logs' AND column_name = 'status') AND objoid = (SELECT oid FROM pg_catalog.pg_class WHERE relname = 'email_logs' AND relnamespace = (SELECT oid FROM pg_catalog.pg_namespace WHERE nspname = CURRENT_SCHEMA()))

2026/06/08 16:11:27 Y:/swetha/Kloset/backend/cmd/server/main.go:52
[2.070ms] [rows:0] SELECT description FROM pg_catalog.pg_description WHERE objsubid = (SELECT ordinal_position FROM information_schema.columns WHERE table_schema = CURRENT_SCHEMA() AND table_name = 'email_logs' AND column_name = 'attempts') AND objoid = (SELECT oid FROM pg_catalog.pg_class WHERE relname = 'email_logs' AND relnamespace = (SELECT oid FROM pg_catalog.pg_namespace WHERE nspname = CURRENT_SCHEMA()))

2026/06/08 16:11:27 Y:/swetha/Kloset/backend/cmd/server/main.go:52
[1.916ms] [rows:0] SELECT description FROM pg_catalog.pg_description WHERE objsubid = (SELECT ordinal_position FROM information_schema.columns WHERE table_schema = CURRENT_SCHEMA() AND table_name = 'email_logs' AND column_name = 'last_error') AND objoid = (SELECT oid FROM pg_catalog.pg_class WHERE relname = 'email_logs' AND relnamespace = (SELECT oid FROM pg_catalog.pg_namespace WHERE nspname = CURRENT_SCHEMA()))

2026/06/08 16:11:27 Y:/swetha/Kloset/backend/cmd/server/main.go:52
[1.855ms] [rows:0] SELECT description FROM pg_catalog.pg_description WHERE objsubid = (SELECT ordinal_position FROM information_schema.columns WHERE table_schema = CURRENT_SCHEMA() AND table_name = 'email_logs' AND column_name = 'created_at') AND objoid = (SELECT oid FROM pg_catalog.pg_class WHERE relname = 'email_logs' AND relnamespace = (SELECT oid FROM pg_catalog.pg_namespace WHERE nspname = CURRENT_SCHEMA()))

2026/06/08 16:11:27 Y:/swetha/Kloset/backend/cmd/server/main.go:52
[3.028ms] [rows:0] SELECT description FROM pg_catalog.pg_description WHERE objsubid = (SELECT ordinal_position FROM information_schema.columns WHERE table_schema = CURRENT_SCHEMA() AND table_name = 'email_logs' AND column_name = 'updated_at') AND objoid = (SELECT oid FROM pg_catalog.pg_class WHERE relname = 'email_logs' AND relnamespace = (SELECT oid FROM pg_catalog.pg_namespace WHERE nspname = CURRENT_SCHEMA()))

2026/06/08 16:11:27 Y:/swetha/Kloset/backend/cmd/server/main.go:52
[3.046ms] [rows:1] SELECT count(*) FROM pg_indexes WHERE tablename = 'email_logs' AND indexname = 'idx_email_logs_to_email' AND schemaname = CURRENT_SCHEMA()

2026/06/08 16:11:27 Y:/swetha/Kloset/backend/cmd/server/main.go:52
[2.933ms] [rows:1] SELECT count(*) FROM pg_indexes WHERE tablename = 'email_logs' AND indexname = 'idx_email_logs_status' AND schemaname = CURRENT_SCHEMA()
2026-06-08T16:11:27+05:30 INF Connected to Redis
2026-06-08T16:11:27+05:30 INF 🚀 Starting background Email Retry Worker...
2026-06-08T16:11:27+05:30 INF 🚀 Kloset API is running env=development port=8080

 ┌───────────────────────────────────────────────────┐ 
 │                   Kloset API v1                   │ 
 │                   Fiber v2.52.5                   │ 
 │               http://127.0.0.1:8080               │ 
 │       (bound on host 0.0.0.0 and port 8080)       │ 
 │                                                   │ 
 │ Handlers ........... 124  Processes ........... 1 │ 
 │ Prefork ....... Disabled  PID .............. 6760 │ 
 └───────────────────────────────────────────────────┘ 


2026/06/08 16:11:58 Y:/swetha/Kloset/backend/internal/email/service.go:133
[14.243ms] [rows:0] SELECT * FROM "email_logs" WHERE status = 'retry_pending'
2026-06-08T16:12:17+05:30 INF HTTP Request duration=17.8805 ip=127.0.0.1 method=GET path=/readyz status=200 user_agent="Mozilla/5.0 (Windows NT; Windows NT 10.0; en-IN) WindowsPowerShell/5.1.26100.8521"

2026/06/08 16:12:27 Y:/swetha/Kloset/backend/internal/email/service.go:133
[3.689ms] [rows:0] SELECT * FROM "email_logs" WHERE status = 'retry_pending'

2026/06/08 16:12:57 Y:/swetha/Kloset/backend/internal/email/service.go:133
[2.232ms] [rows:0] SELECT * FROM "email_logs" WHERE status = 'retry_pending'

2026/06/08 16:13:27 Y:/swetha/Kloset/backend/internal/email/service.go:133
[4.905ms] [rows:0] SELECT * FROM "email_logs" WHERE status = 'retry_pending'

2026/06/08 16:13:57 Y:/swetha/Kloset/backend/internal/email/service.go:133
[1.517ms] [rows:0] SELECT * FROM "email_logs" WHERE status = 'retry_pending'

2026/06/08 16:13:59 Y:/swetha/Kloset/backend/internal/outfit/repository.go:284
[12.039ms] [rows:4] SELECT * FROM "outfit_images" WHERE "outfit_images"."outfit_id" IN ('10000000-0000-0000-0000-000000000001','10000000-0000-0000-0000-000000000002','10000000-0000-0000-0000-000000000004','10000000-0000-0000-0000-000000000003') ORDER BY sort_order ASC

2026/06/08 16:13:59 Y:/swetha/Kloset/backend/internal/outfit/repository.go:284
[7.302ms] [rows:2] SELECT * FROM "users" WHERE "users"."id" IN ('00000000-0000-0000-0000-000000000002','00000000-0000-0000-0000-000000000003')

2026/06/08 16:13:59 Y:/swetha/Kloset/backend/internal/outfit/repository.go:284
[65.653ms] [rows:4] SELECT * FROM "outfits" WHERE (status = 'active' AND deleted_at IS NULL) AND "outfits"."deleted_at" IS NULL ORDER BY (view_count * 0.3 + wishlist_count * 0.5 + booking_count * 1.0) DESC LIMIT 8
2026-06-08T16:13:59+05:30 INF HTTP Request duration=74.9467 ip=127.0.0.1 method=GET path=/api/v1/outfits/trending status=200 user_agent="Mozilla/5.0 (Windows NT 10.0; Win64; x64) AppleWebKit/537.36 (KHTML, like Gecko) Chrome/146.0.0.0 Safari/537.36"

2026/06/08 16:14:27 Y:/swetha/Kloset/backend/internal/email/service.go:133
[2.122ms] [rows:0] SELECT * FROM "email_logs" WHERE status = 'retry_pending'

2026/06/08 16:14:57 Y:/swetha/Kloset/backend/internal/email/service.go:133
[3.754ms] [rows:0] SELECT * FROM "email_logs" WHERE status = 'retry_pending'

2026/06/08 16:15:27 Y:/swetha/Kloset/backend/internal/email/service.go:133
[3.339ms] [rows:0] SELECT * FROM "email_logs" WHERE status = 'retry_pending'

2026/06/08 16:15:57 Y:/swetha/Kloset/backend/internal/email/service.go:133
[1.893ms] [rows:0] SELECT * FROM "email_logs" WHERE status = 'retry_pending'

2026/06/08 16:16:27 Y:/swetha/Kloset/backend/internal/email/service.go:133
[2.143ms] [rows:0] SELECT * FROM "email_logs" WHERE status = 'retry_pending'

2026/06/08 16:16:57 Y:/swetha/Kloset/backend/internal/email/service.go:133
[2.008ms] [rows:0] SELECT * FROM "email_logs" WHERE status = 'retry_pending'

2026/06/08 16:17:27 Y:/swetha/Kloset/backend/internal/email/service.go:133
[2.040ms] [rows:0] SELECT * FROM "email_logs" WHERE status = 'retry_pending'

2026/06/08 16:17:57 Y:/swetha/Kloset/backend/internal/email/service.go:133
[11.912ms] [rows:0] SELECT * FROM "email_logs" WHERE status = 'retry_pending'

2026/06/08 16:18:25 Y:/swetha/Kloset/backend/internal/outfit/repository.go:284
[1.687ms] [rows:4] SELECT * FROM "outfit_images" WHERE "outfit_images"."outfit_id" IN ('10000000-0000-0000-0000-000000000001','10000000-0000-0000-0000-000000000002','10000000-0000-0000-0000-000000000004','10000000-0000-0000-0000-000000000003') ORDER BY sort_order ASC

2026/06/08 16:18:25 Y:/swetha/Kloset/backend/internal/outfit/repository.go:284
[4.526ms] [rows:2] SELECT * FROM "users" WHERE "users"."id" IN ('00000000-0000-0000-0000-000000000002','00000000-0000-0000-0000-000000000003')

2026/06/08 16:18:25 Y:/swetha/Kloset/backend/internal/outfit/repository.go:284
[18.619ms] [rows:4] SELECT * FROM "outfits" WHERE (status = 'active' AND deleted_at IS NULL) AND "outfits"."deleted_at" IS NULL ORDER BY (view_count * 0.3 + wishlist_count * 0.5 + booking_count * 1.0) DESC LIMIT 8
2026-06-08T16:18:25+05:30 INF HTTP Request duration=23.9414 ip=127.0.0.1 method=GET path=/api/v1/outfits/trending status=200 user_agent="Mozilla/5.0 (Windows NT 10.0; Win64; x64) AppleWebKit/537.36 (KHTML, like Gecko) Chrome/146.0.0.0 Safari/537.36"

2026/06/08 16:18:27 Y:/swetha/Kloset/backend/internal/email/service.go:133
[1.853ms] [rows:0] SELECT * FROM "email_logs" WHERE status = 'retry_pending'

2026/06/08 16:18:57 Y:/swetha/Kloset/backend/internal/email/service.go:133
[2.045ms] [rows:0] SELECT * FROM "email_logs" WHERE status = 'retry_pending'

2026/06/08 16:19:27 Y:/swetha/Kloset/backend/internal/email/service.go:133
[3.206ms] [rows:0] SELECT * FROM "email_logs" WHERE status = 'retry_pending'

2026/06/08 16:19:57 Y:/swetha/Kloset/backend/internal/email/service.go:133
[1.665ms] [rows:0] SELECT * FROM "email_logs" WHERE status = 'retry_pending'

2026/06/08 16:20:27 Y:/swetha/Kloset/backend/internal/email/service.go:133
[3.217ms] [rows:0] SELECT * FROM "email_logs" WHERE status = 'retry_pending'

2026/06/08 16:20:57 Y:/swetha/Kloset/backend/internal/email/service.go:133
[2.820ms] [rows:0] SELECT * FROM "email_logs" WHERE status = 'retry_pending'

2026/06/08 16:21:27 Y:/swetha/Kloset/backend/internal/email/service.go:133
[5.782ms] [rows:0] SELECT * FROM "email_logs" WHERE status = 'retry_pending'

2026/06/08 16:21:48 Y:/swetha/Kloset/backend/internal/outfit/repository.go:284
[1.370ms] [rows:4] SELECT * FROM "outfit_images" WHERE "outfit_images"."outfit_id" IN ('10000000-0000-0000-0000-000000000001','10000000-0000-0000-0000-000000000002','10000000-0000-0000-0000-000000000004','10000000-0000-0000-0000-000000000003') ORDER BY sort_order ASC

2026/06/08 16:21:48 Y:/swetha/Kloset/backend/internal/outfit/repository.go:284
[1.079ms] [rows:2] SELECT * FROM "users" WHERE "users"."id" IN ('00000000-0000-0000-0000-000000000002','00000000-0000-0000-0000-000000000003')

2026/06/08 16:21:48 Y:/swetha/Kloset/backend/internal/outfit/repository.go:284
[6.645ms] [rows:4] SELECT * FROM "outfits" WHERE (status = 'active' AND deleted_at IS NULL) AND "outfits"."deleted_at" IS NULL ORDER BY (view_count * 0.3 + wishlist_count * 0.5 + booking_count * 1.0) DESC LIMIT 8
2026-06-08T16:21:48+05:30 INF HTTP Request duration=8.8253 ip=127.0.0.1 method=GET path=/api/v1/outfits/trending status=200 user_agent="Mozilla/5.0 (Windows NT 10.0; Win64; x64) AppleWebKit/537.36 (KHTML, like Gecko) Chrome/146.0.0.0 Safari/537.36"

2026/06/08 16:21:57 Y:/swetha/Kloset/backend/internal/email/service.go:133
[2.206ms] [rows:0] SELECT * FROM "email_logs" WHERE status = 'retry_pending'

2026/06/08 16:22:27 Y:/swetha/Kloset/backend/internal/email/service.go:133
[3.213ms] [rows:0] SELECT * FROM "email_logs" WHERE status = 'retry_pending'

2026/06/08 16:22:57 Y:/swetha/Kloset/backend/internal/email/service.go:133
[2.070ms] [rows:0] SELECT * FROM "email_logs" WHERE status = 'retry_pending'

2026/06/08 16:23:27 Y:/swetha/Kloset/backend/internal/email/service.go:133
[3.663ms] [rows:0] SELECT * FROM "email_logs" WHERE status = 'retry_pending'

2026/06/08 16:23:57 Y:/swetha/Kloset/backend/internal/email/service.go:133
[2.264ms] [rows:0] SELECT * FROM "email_logs" WHERE status = 'retry_pending'

2026/06/08 16:24:27 Y:/swetha/Kloset/backend/internal/email/service.go:133
[6.195ms] [rows:0] SELECT * FROM "email_logs" WHERE status = 'retry_pending'

2026/06/08 16:24:57 Y:/swetha/Kloset/backend/internal/email/service.go:133
[2.693ms] [rows:0] SELECT * FROM "email_logs" WHERE status = 'retry_pending'

2026/06/08 16:25:27 Y:/swetha/Kloset/backend/internal/email/service.go:133
[2.800ms] [rows:0] SELECT * FROM "email_logs" WHERE status = 'retry_pending'

2026/06/08 16:25:57 Y:/swetha/Kloset/backend/internal/email/service.go:133
[3.264ms] [rows:0] SELECT * FROM "email_logs" WHERE status = 'retry_pending'

2026/06/08 16:26:27 Y:/swetha/Kloset/backend/internal/email/service.go:133
[2.687ms] [rows:0] SELECT * FROM "email_logs" WHERE status = 'retry_pending'

2026/06/08 16:26:57 Y:/swetha/Kloset/backend/internal/email/service.go:133
[2.265ms] [rows:0] SELECT * FROM "email_logs" WHERE status = 'retry_pending'

2026/06/08 16:27:27 Y:/swetha/Kloset/backend/internal/email/service.go:133
[1.891ms] [rows:0] SELECT * FROM "email_logs" WHERE status = 'retry_pending'

2026/06/08 16:27:57 Y:/swetha/Kloset/backend/internal/email/service.go:133
[2.586ms] [rows:0] SELECT * FROM "email_logs" WHERE status = 'retry_pending'

2026/06/08 16:28:27 Y:/swetha/Kloset/backend/internal/email/service.go:133
[2.019ms] [rows:0] SELECT * FROM "email_logs" WHERE status = 'retry_pending'

2026/06/08 16:28:57 Y:/swetha/Kloset/backend/internal/email/service.go:133
[2.626ms] [rows:0] SELECT * FROM "email_logs" WHERE status = 'retry_pending'

2026/06/08 16:29:27 Y:/swetha/Kloset/backend/internal/email/service.go:133
[2.555ms] [rows:0] SELECT * FROM "email_logs" WHERE status = 'retry_pending'

2026/06/08 16:29:57 Y:/swetha/Kloset/backend/internal/email/service.go:133
[2.021ms] [rows:0] SELECT * FROM "email_logs" WHERE status = 'retry_pending'

2026/06/08 16:30:27 Y:/swetha/Kloset/backend/internal/email/service.go:133
[2.255ms] [rows:0] SELECT * FROM "email_logs" WHERE status = 'retry_pending'

2026/06/08 16:30:57 Y:/swetha/Kloset/backend/internal/email/service.go:133
[2.831ms] [rows:0] SELECT * FROM "email_logs" WHERE status = 'retry_pending'

2026/06/08 16:31:27 Y:/swetha/Kloset/backend/internal/email/service.go:133
[4.974ms] [rows:0] SELECT * FROM "email_logs" WHERE status = 'retry_pending'

2026/06/08 16:31:57 Y:/swetha/Kloset/backend/internal/email/service.go:133
[2.388ms] [rows:0] SELECT * FROM "email_logs" WHERE status = 'retry_pending'

2026/06/08 16:32:27 Y:/swetha/Kloset/backend/internal/email/service.go:133
[1.872ms] [rows:0] SELECT * FROM "email_logs" WHERE status = 'retry_pending'

2026/06/08 16:32:57 Y:/swetha/Kloset/backend/internal/email/service.go:133
[2.289ms] [rows:0] SELECT * FROM "email_logs" WHERE status = 'retry_pending'

2026/06/08 16:33:27 Y:/swetha/Kloset/backend/internal/email/service.go:133
[2.843ms] [rows:0] SELECT * FROM "email_logs" WHERE status = 'retry_pending'

2026/06/08 16:33:57 Y:/swetha/Kloset/backend/internal/email/service.go:133
[1.981ms] [rows:0] SELECT * FROM "email_logs" WHERE status = 'retry_pending'

2026/06/08 16:34:27 Y:/swetha/Kloset/backend/internal/email/service.go:133
[3.343ms] [rows:0] SELECT * FROM "email_logs" WHERE status = 'retry_pending'

2026/06/08 16:34:57 Y:/swetha/Kloset/backend/internal/email/service.go:133
[3.877ms] [rows:0] SELECT * FROM "email_logs" WHERE status = 'retry_pending'

2026/06/08 16:35:27 Y:/swetha/Kloset/backend/internal/email/service.go:133
[2.448ms] [rows:0] SELECT * FROM "email_logs" WHERE status = 'retry_pending'

2026/06/08 16:35:57 Y:/swetha/Kloset/backend/internal/email/service.go:133
[2.403ms] [rows:0] SELECT * FROM "email_logs" WHERE status = 'retry_pending'

2026/06/08 16:36:27 Y:/swetha/Kloset/backend/internal/email/service.go:133
[2.084ms] [rows:0] SELECT * FROM "email_logs" WHERE status = 'retry_pending'

2026/06/08 16:36:57 Y:/swetha/Kloset/backend/internal/email/service.go:133
[2.305ms] [rows:0] SELECT * FROM "email_logs" WHERE status = 'retry_pending'

2026/06/08 16:37:27 Y:/swetha/Kloset/backend/internal/email/service.go:133
[3.229ms] [rows:0] SELECT * FROM "email_logs" WHERE status = 'retry_pending'

2026/06/08 16:37:58 Y:/swetha/Kloset/backend/internal/email/service.go:133
[4.990ms] [rows:0] SELECT * FROM "email_logs" WHERE status = 'retry_pending'

2026/06/08 16:38:27 Y:/swetha/Kloset/backend/internal/email/service.go:133
[2.067ms] [rows:0] SELECT * FROM "email_logs" WHERE status = 'retry_pending'

2026/06/08 16:38:57 Y:/swetha/Kloset/backend/internal/email/service.go:133
[0.801ms] [rows:0] SELECT * FROM "email_logs" WHERE status = 'retry_pending'

2026/06/08 16:39:27 Y:/swetha/Kloset/backend/internal/email/service.go:133
[3.894ms] [rows:0] SELECT * FROM "email_logs" WHERE status = 'retry_pending'

2026/06/08 16:39:57 Y:/swetha/Kloset/backend/internal/email/service.go:133
[1.964ms] [rows:0] SELECT * FROM "email_logs" WHERE status = 'retry_pending'

2026/06/08 16:40:27 Y:/swetha/Kloset/backend/internal/email/service.go:133
[2.144ms] [rows:0] SELECT * FROM "email_logs" WHERE status = 'retry_pending'

2026/06/08 16:40:58 Y:/swetha/Kloset/backend/internal/email/service.go:133 SLOW SQL >= 200ms
[230.760ms] [rows:0] SELECT * FROM "email_logs" WHERE status = 'retry_pending'

2026/06/08 16:41:28 Y:/swetha/Kloset/backend/internal/email/service.go:133
[35.173ms] [rows:0] SELECT * FROM "email_logs" WHERE status = 'retry_pending'

2026/06/08 16:41:57 Y:/swetha/Kloset/backend/internal/email/service.go:133
[5.822ms] [rows:0] SELECT * FROM "email_logs" WHERE status = 'retry_pending'

2026/06/08 16:42:27 Y:/swetha/Kloset/backend/internal/email/service.go:133
[1.830ms] [rows:0] SELECT * FROM "email_logs" WHERE status = 'retry_pending'

2026/06/08 16:42:57 Y:/swetha/Kloset/backend/internal/email/service.go:133
[6.543ms] [rows:0] SELECT * FROM "email_logs" WHERE status = 'retry_pending'

2026/06/08 16:43:27 Y:/swetha/Kloset/backend/internal/email/service.go:133
[3.021ms] [rows:0] SELECT * FROM "email_logs" WHERE status = 'retry_pending'

2026/06/08 16:43:57 Y:/swetha/Kloset/backend/internal/email/service.go:133
[6.129ms] [rows:0] SELECT * FROM "email_logs" WHERE status = 'retry_pending'

2026/06/08 16:44:27 Y:/swetha/Kloset/backend/internal/email/service.go:133
[2.012ms] [rows:0] SELECT * FROM "email_logs" WHERE status = 'retry_pending'

2026/06/08 16:44:57 Y:/swetha/Kloset/backend/internal/email/service.go:133
[1.631ms] [rows:0] SELECT * FROM "email_logs" WHERE status = 'retry_pending'

2026/06/08 16:45:27 Y:/swetha/Kloset/backend/internal/email/service.go:133
[2.982ms] [rows:0] SELECT * FROM "email_logs" WHERE status = 'retry_pending'

2026/06/08 16:45:57 Y:/swetha/Kloset/backend/internal/email/service.go:133
[3.727ms] [rows:0] SELECT * FROM "email_logs" WHERE status = 'retry_pending'

2026/06/08 16:46:27 Y:/swetha/Kloset/backend/internal/email/service.go:133
[1.896ms] [rows:0] SELECT * FROM "email_logs" WHERE status = 'retry_pending'

2026/06/08 16:46:57 Y:/swetha/Kloset/backend/internal/email/service.go:133
[11.290ms] [rows:0] SELECT * FROM "email_logs" WHERE status = 'retry_pending'

2026/06/08 16:47:27 Y:/swetha/Kloset/backend/internal/email/service.go:133
[3.065ms] [rows:0] SELECT * FROM "email_logs" WHERE status = 'retry_pending'

2026/06/08 16:47:57 Y:/swetha/Kloset/backend/internal/email/service.go:133
[2.635ms] [rows:0] SELECT * FROM "email_logs" WHERE status = 'retry_pending'

2026/06/08 16:48:27 Y:/swetha/Kloset/backend/internal/email/service.go:133
[2.329ms] [rows:0] SELECT * FROM "email_logs" WHERE status = 'retry_pending'

2026/06/08 16:48:57 Y:/swetha/Kloset/backend/internal/email/service.go:133
[3.888ms] [rows:0] SELECT * FROM "email_logs" WHERE status = 'retry_pending'

2026/06/08 16:49:27 Y:/swetha/Kloset/backend/internal/email/service.go:133
[4.323ms] [rows:0] SELECT * FROM "email_logs" WHERE status = 'retry_pending'

2026/06/08 16:49:57 Y:/swetha/Kloset/backend/internal/email/service.go:133
[1.900ms] [rows:0] SELECT * FROM "email_logs" WHERE status = 'retry_pending'

2026/06/08 16:50:27 Y:/swetha/Kloset/backend/internal/email/service.go:133
[2.760ms] [rows:0] SELECT * FROM "email_logs" WHERE status = 'retry_pending'

2026/06/08 16:50:57 Y:/swetha/Kloset/backend/internal/email/service.go:133
[4.835ms] [rows:0] SELECT * FROM "email_logs" WHERE status = 'retry_pending'

2026/06/08 16:51:27 Y:/swetha/Kloset/backend/internal/email/service.go:133
[2.179ms] [rows:0] SELECT * FROM "email_logs" WHERE status = 'retry_pending'

2026/06/08 16:51:57 Y:/swetha/Kloset/backend/internal/email/service.go:133
[1.718ms] [rows:0] SELECT * FROM "email_logs" WHERE status = 'retry_pending'

2026/06/08 16:52:27 Y:/swetha/Kloset/backend/internal/email/service.go:133
[2.827ms] [rows:0] SELECT * FROM "email_logs" WHERE status = 'retry_pending'

2026/06/08 16:52:57 Y:/swetha/Kloset/backend/internal/email/service.go:133
[2.734ms] [rows:0] SELECT * FROM "email_logs" WHERE status = 'retry_pending'

2026/06/08 16:53:27 Y:/swetha/Kloset/backend/internal/email/service.go:133
[2.737ms] [rows:0] SELECT * FROM "email_logs" WHERE status = 'retry_pending'

2026/06/08 16:53:57 Y:/swetha/Kloset/backend/internal/email/service.go:133
[1.899ms] [rows:0] SELECT * FROM "email_logs" WHERE status = 'retry_pending'

2026/06/08 16:54:27 Y:/swetha/Kloset/backend/internal/email/service.go:133
[4.237ms] [rows:0] SELECT * FROM "email_logs" WHERE status = 'retry_pending'

2026/06/08 16:54:57 Y:/swetha/Kloset/backend/internal/email/service.go:133
[2.163ms] [rows:0] SELECT * FROM "email_logs" WHERE status = 'retry_pending'

2026/06/08 16:55:27 Y:/swetha/Kloset/backend/internal/email/service.go:133
[3.046ms] [rows:0] SELECT * FROM "email_logs" WHERE status = 'retry_pending'

2026/06/08 16:55:57 Y:/swetha/Kloset/backend/internal/email/service.go:133
[3.298ms] [rows:0] SELECT * FROM "email_logs" WHERE status = 'retry_pending'

2026/06/08 16:56:27 Y:/swetha/Kloset/backend/internal/email/service.go:133
[1.837ms] [rows:0] SELECT * FROM "email_logs" WHERE status = 'retry_pending'

2026/06/08 16:56:57 Y:/swetha/Kloset/backend/internal/email/service.go:133
[2.021ms] [rows:0] SELECT * FROM "email_logs" WHERE status = 'retry_pending'

2026/06/08 16:57:27 Y:/swetha/Kloset/backend/internal/email/service.go:133
[2.890ms] [rows:0] SELECT * FROM "email_logs" WHERE status = 'retry_pending'

2026/06/08 16:57:57 Y:/swetha/Kloset/backend/internal/email/service.go:133
[3.961ms] [rows:0] SELECT * FROM "email_logs" WHERE status = 'retry_pending'

2026/06/08 16:58:27 Y:/swetha/Kloset/backend/internal/email/service.go:133
[4.471ms] [rows:0] SELECT * FROM "email_logs" WHERE status = 'retry_pending'

2026/06/08 16:58:57 Y:/swetha/Kloset/backend/internal/email/service.go:133
[2.052ms] [rows:0] SELECT * FROM "email_logs" WHERE status = 'retry_pending'

2026/06/08 16:59:27 Y:/swetha/Kloset/backend/internal/email/service.go:133
[2.194ms] [rows:0] SELECT * FROM "email_logs" WHERE status = 'retry_pending'

2026/06/08 16:59:57 Y:/swetha/Kloset/backend/internal/email/service.go:133
[3.584ms] [rows:0] SELECT * FROM "email_logs" WHERE status = 'retry_pending'

2026/06/08 17:00:27 Y:/swetha/Kloset/backend/internal/email/service.go:133
[2.022ms] [rows:0] SELECT * FROM "email_logs" WHERE status = 'retry_pending'

2026/06/08 17:00:57 Y:/swetha/Kloset/backend/internal/email/service.go:133
[7.444ms] [rows:0] SELECT * FROM "email_logs" WHERE status = 'retry_pending'

2026/06/08 17:01:28 Y:/swetha/Kloset/backend/internal/email/service.go:133
[46.634ms] [rows:0] SELECT * FROM "email_logs" WHERE status = 'retry_pending'

2026/06/08 17:01:57 Y:/swetha/Kloset/backend/internal/email/service.go:133
[3.113ms] [rows:0] SELECT * FROM "email_logs" WHERE status = 'retry_pending'

2026/06/08 17:02:28 Y:/swetha/Kloset/backend/internal/email/service.go:133
[10.434ms] [rows:0] SELECT * FROM "email_logs" WHERE status = 'retry_pending'

2026/06/08 17:02:57 Y:/swetha/Kloset/backend/internal/email/service.go:133
[3.577ms] [rows:0] SELECT * FROM "email_logs" WHERE status = 'retry_pending'

2026/06/08 17:03:27 Y:/swetha/Kloset/backend/internal/email/service.go:133
[4.262ms] [rows:0] SELECT * FROM "email_logs" WHERE status = 'retry_pending'

2026/06/08 17:03:57 Y:/swetha/Kloset/backend/internal/email/service.go:133
[2.085ms] [rows:0] SELECT * FROM "email_logs" WHERE status = 'retry_pending'

2026/06/08 17:04:27 Y:/swetha/Kloset/backend/internal/email/service.go:133
[4.272ms] [rows:0] SELECT * FROM "email_logs" WHERE status = 'retry_pending'

2026/06/08 17:04:58 Y:/swetha/Kloset/backend/internal/email/service.go:133
[22.589ms] [rows:0] SELECT * FROM "email_logs" WHERE status = 'retry_pending'

2026/06/08 17:05:27 Y:/swetha/Kloset/backend/internal/email/service.go:133
[2.761ms] [rows:0] SELECT * FROM "email_logs" WHERE status = 'retry_pending'

2026/06/08 17:05:57 Y:/swetha/Kloset/backend/internal/email/service.go:133
[3.708ms] [rows:0] SELECT * FROM "email_logs" WHERE status = 'retry_pending'

2026/06/08 17:06:44 Y:/swetha/Kloset/backend/internal/email/service.go:133 SLOW SQL >= 200ms
[764.000ms] [rows:0] SELECT * FROM "email_logs" WHERE status = 'retry_pending'

2026/06/08 17:51:50 Y:/swetha/Kloset/backend/internal/email/service.go:133 SLOW SQL >= 200ms
[708.655ms] [rows:0] SELECT * FROM "email_logs" WHERE status = 'retry_pending'

2026/06/08 17:51:57 Y:/swetha/Kloset/backend/internal/email/service.go:133
[2.541ms] [rows:0] SELECT * FROM "email_logs" WHERE status = 'retry_pending'

2026/06/08 17:52:27 Y:/swetha/Kloset/backend/internal/email/service.go:133
[1.352ms] [rows:0] SELECT * FROM "email_logs" WHERE status = 'retry_pending'

2026/06/08 17:52:58 Y:/swetha/Kloset/backend/internal/email/service.go:133
[2.334ms] [rows:0] SELECT * FROM "email_logs" WHERE status = 'retry_pending'

2026/06/08 17:53:27 Y:/swetha/Kloset/backend/internal/email/service.go:133
[11.217ms] [rows:0] SELECT * FROM "email_logs" WHERE status = 'retry_pending'

2026/06/08 17:53:57 Y:/swetha/Kloset/backend/internal/email/service.go:133
[7.376ms] [rows:0] SELECT * FROM "email_logs" WHERE status = 'retry_pending'

2026/06/08 17:54:28 Y:/swetha/Kloset/backend/internal/email/service.go:133
[77.483ms] [rows:0] SELECT * FROM "email_logs" WHERE status = 'retry_pending'

2026/06/08 17:54:58 Y:/swetha/Kloset/backend/internal/email/service.go:133
[144.008ms] [rows:0] SELECT * FROM "email_logs" WHERE status = 'retry_pending'

2026/06/08 17:55:27 Y:/swetha/Kloset/backend/internal/email/service.go:133
[7.574ms] [rows:0] SELECT * FROM "email_logs" WHERE status = 'retry_pending'

2026/06/08 17:55:57 Y:/swetha/Kloset/backend/internal/email/service.go:133
[8.130ms] [rows:0] SELECT * FROM "email_logs" WHERE status = 'retry_pending'

2026/06/08 17:56:27 Y:/swetha/Kloset/backend/internal/email/service.go:133
[5.032ms] [rows:0] SELECT * FROM "email_logs" WHERE status = 'retry_pending'

2026/06/08 17:56:57 Y:/swetha/Kloset/backend/internal/email/service.go:133
[14.664ms] [rows:0] SELECT * FROM "email_logs" WHERE status = 'retry_pending'

2026/06/08 17:57:27 Y:/swetha/Kloset/backend/internal/email/service.go:133
[2.341ms] [rows:0] SELECT * FROM "email_logs" WHERE status = 'retry_pending'

2026/06/08 17:57:57 Y:/swetha/Kloset/backend/internal/email/service.go:133
[2.674ms] [rows:0] SELECT * FROM "email_logs" WHERE status = 'retry_pending'

2026/06/08 17:58:27 Y:/swetha/Kloset/backend/internal/email/service.go:133
[3.071ms] [rows:0] SELECT * FROM "email_logs" WHERE status = 'retry_pending'

2026/06/08 17:58:57 Y:/swetha/Kloset/backend/internal/email/service.go:133
[2.255ms] [rows:0] SELECT * FROM "email_logs" WHERE status = 'retry_pending'

2026/06/08 17:59:27 Y:/swetha/Kloset/backend/internal/email/service.go:133
[3.508ms] [rows:0] SELECT * FROM "email_logs" WHERE status = 'retry_pending'

2026/06/08 17:59:57 Y:/swetha/Kloset/backend/internal/email/service.go:133
[7.489ms] [rows:0] SELECT * FROM "email_logs" WHERE status = 'retry_pending'

2026/06/08 18:00:27 Y:/swetha/Kloset/backend/internal/email/service.go:133
[0.000ms] [rows:0] SELECT * FROM "email_logs" WHERE status = 'retry_pending'

2026/06/08 18:00:57 Y:/swetha/Kloset/backend/internal/email/service.go:133
[5.004ms] [rows:0] SELECT * FROM "email_logs" WHERE status = 'retry_pending'

2026/06/08 18:01:27 Y:/swetha/Kloset/backend/internal/email/service.go:133
[4.307ms] [rows:0] SELECT * FROM "email_logs" WHERE status = 'retry_pending'

2026/06/08 18:01:57 Y:/swetha/Kloset/backend/internal/email/service.go:133
[4.632ms] [rows:0] SELECT * FROM "email_logs" WHERE status = 'retry_pending'

2026/06/08 18:02:27 Y:/swetha/Kloset/backend/internal/email/service.go:133
[3.884ms] [rows:0] SELECT * FROM "email_logs" WHERE status = 'retry_pending'

2026/06/08 18:02:58 Y:/swetha/Kloset/backend/internal/email/service.go:133
[23.471ms] [rows:0] SELECT * FROM "email_logs" WHERE status = 'retry_pending'

2026/06/08 18:03:27 Y:/swetha/Kloset/backend/internal/email/service.go:133
[2.025ms] [rows:0] SELECT * FROM "email_logs" WHERE status = 'retry_pending'

2026/06/08 18:03:57 Y:/swetha/Kloset/backend/internal/email/service.go:133
[4.725ms] [rows:0] SELECT * FROM "email_logs" WHERE status = 'retry_pending'

2026/06/08 18:04:27 Y:/swetha/Kloset/backend/internal/email/service.go:133
[1.699ms] [rows:0] SELECT * FROM "email_logs" WHERE status = 'retry_pending'

2026/06/08 18:04:57 Y:/swetha/Kloset/backend/internal/email/service.go:133
[3.245ms] [rows:0] SELECT * FROM "email_logs" WHERE status = 'retry_pending'

2026/06/08 18:05:27 Y:/swetha/Kloset/backend/internal/email/service.go:133
[1.985ms] [rows:0] SELECT * FROM "email_logs" WHERE status = 'retry_pending'

2026/06/08 18:05:57 Y:/swetha/Kloset/backend/internal/email/service.go:133
[3.611ms] [rows:0] SELECT * FROM "email_logs" WHERE status = 'retry_pending'

2026/06/08 18:06:27 Y:/swetha/Kloset/backend/internal/email/service.go:133
[2.554ms] [rows:0] SELECT * FROM "email_logs" WHERE status = 'retry_pending'

2026/06/08 18:06:57 Y:/swetha/Kloset/backend/internal/email/service.go:133
[2.764ms] [rows:0] SELECT * FROM "email_logs" WHERE status = 'retry_pending'

2026/06/08 18:07:27 Y:/swetha/Kloset/backend/internal/email/service.go:133
[3.465ms] [rows:0] SELECT * FROM "email_logs" WHERE status = 'retry_pending'

2026/06/08 18:07:57 Y:/swetha/Kloset/backend/internal/email/service.go:133
[1.639ms] [rows:0] SELECT * FROM "email_logs" WHERE status = 'retry_pending'

2026/06/08 18:08:27 Y:/swetha/Kloset/backend/internal/email/service.go:133
[4.872ms] [rows:0] SELECT * FROM "email_logs" WHERE status = 'retry_pending'

2026/06/08 18:08:57 Y:/swetha/Kloset/backend/internal/email/service.go:133
[3.019ms] [rows:0] SELECT * FROM "email_logs" WHERE status = 'retry_pending'

2026/06/08 18:09:27 Y:/swetha/Kloset/backend/internal/email/service.go:133
[2.059ms] [rows:0] SELECT * FROM "email_logs" WHERE status = 'retry_pending'

2026/06/08 18:09:57 Y:/swetha/Kloset/backend/internal/email/service.go:133
[3.381ms] [rows:0] SELECT * FROM "email_logs" WHERE status = 'retry_pending'

2026/06/08 18:10:27 Y:/swetha/Kloset/backend/internal/email/service.go:133
[2.810ms] [rows:0] SELECT * FROM "email_logs" WHERE status = 'retry_pending'

2026/06/08 18:10:58 Y:/swetha/Kloset/backend/internal/email/service.go:133
[16.561ms] [rows:0] SELECT * FROM "email_logs" WHERE status = 'retry_pending'

2026/06/08 18:11:27 Y:/swetha/Kloset/backend/internal/email/service.go:133
[4.172ms] [rows:0] SELECT * FROM "email_logs" WHERE status = 'retry_pending'

2026/06/08 18:11:57 Y:/swetha/Kloset/backend/internal/email/service.go:133
[5.501ms] [rows:0] SELECT * FROM "email_logs" WHERE status = 'retry_pending'

2026/06/08 18:12:27 Y:/swetha/Kloset/backend/internal/email/service.go:133
[2.386ms] [rows:0] SELECT * FROM "email_logs" WHERE status = 'retry_pending'
