Using API URL: http://127.0.0.1:8080/api/v1
Loaded Razorpay Webhook Secret from backend/.env successfully.

======================================================
   🌸 KLOSET AUTOMATED END-TO-END VALIDATION SUITE 🌸
======================================================

🔑 Authenticating Admin Client...
  ❌ [Admin Journey] Login Admin Account - {"success":false,"error":"invalid email or password"}

💼 Starting Seller Signup & Listing Creation...
  ❌ [Seller Journey] Register Seller Account - {"success":false,"error":"failed to create account"}
  ❌ [Seller Journey] Login Seller Account - {"success":false,"error":"invalid email or password"}

👗 Starting Renter Journey...
  ❌ [Renter Journey] Register Renter Account - {"success":false,"error":"failed to create account"}
  ❌ [Renter Journey] Login Renter Account - {"success":false,"error":"invalid email or password"}
  ❌ [Renter Journey] Browse Catalog - Catalog returned 0 items

💼 Starting Seller Completion & Feedback...

🎫 Starting Customer Support Journey...
  ❌ [Support Journey] Create Customer Support Ticket - {"success":false,"error":"Missing authorization header"}

⚖️ Starting Booking Dispute Resolution Journey...

🔐 Testing OAuth Session Verification & OTP Hardened Rate Limits...
  ❌ [Admin Journey] Google Session & OAuth Claim Verification - {"success":false,"error":"failed to auto-create Google account: ERROR: column \"date_of_birth\" of relation \"users\" does not exist (SQLSTATE 42703)"}
  ✅ [Launch Infrastructure] OTP Verification Code Dispatch 
  ✅ [Launch Infrastructure] OTP Cooldown Enforcement (60s) 

📊 Auditing Telemetry & Monitoring...
  ✅ [Launch Infrastructure] Platform healthz & readyz check 

======================================================
🏁 E2E VERIFICATION RUN COMPLETED
======================================================
Passed: 3 / 11 (27%)
Report written to public/e2e-report.json

