
> frontend@0.1.0 dev
> next dev

▲ Next.js 16.2.6 (Turbopack)
- Local:         http://localhost:3000
- Network:       http://10.101.3.101:3000
- Environments: .env.local
✓ Ready in 1067ms
[@sentry/nextjs] DEPRECATION WARNING: disableLogger is deprecated and will be removed in a future version. Use webpack.treeshake.removeDebugLogging instead. (Not supported with Turbopack.)
[@sentry/nextjs] DEPRECATION WARNING: automaticVercelMonitors is deprecated and will be removed in a future version. Use webpack.automaticVercelMonitors instead. (Not supported with Turbopack.)
⚠ The "middleware" file convention is deprecated. Please use "proxy" instead. Learn more: https://nextjs.org/docs/messages/middleware-to-proxy
- Experiments (use with caution):
  · clientTraceMetadata

 GET / 200 in 1120ms (next.js: 389ms, application-code: 731ms)
 GET /discover?q=Lehenga 200 in 142ms (next.js: 83ms, application-code: 59ms)
○ Compiling /support-center ...
 GET /support-center 200 in 6.6s (next.js: 6.5s, application-code: 38ms)
 GET /support-center 200 in 134ms (next.js: 6ms, application-code: 128ms)
 GET /support-center 200 in 194ms (next.js: 12ms, application-code: 181ms)
[browser] Failed to fetch notifications AxiosError: Request failed with status code 404 (components/layout/Navbar.tsx:57:17)
[browser] Failed to fetch notifications AxiosError: Request failed with status code 404 (components/layout/Navbar.tsx:57:17)
[browser] Failed to fetch notifications AxiosError: Request failed with status code 404 (components/layout/Navbar.tsx:57:17)
[browser] Failed to fetch notifications AxiosError: Request failed with status code 404 (components/layout/Navbar.tsx:57:17)
[browser] Failed to fetch notifications AxiosError: Request failed with status code 404 (components/layout/Navbar.tsx:57:17)
[browser] Failed to fetch notifications AxiosError: Request failed with status code 404 (components/layout/Navbar.tsx:57:17)
[browser] Failed to fetch notifications AxiosError: Request failed with status code 404 (components/layout/Navbar.tsx:57:17)
[browser] Failed to fetch notifications AxiosError: Request failed with status code 404 (components/layout/Navbar.tsx:57:17)
[browser] Failed to fetch notifications AxiosError: Request failed with status code 404 (components/layout/Navbar.tsx:57:17)
[browser] Failed to fetch notifications AxiosError: Request failed with status code 404 (components/layout/Navbar.tsx:57:17)
[browser] Failed to fetch notifications AxiosError: Request failed with status code 404 (components/layout/Navbar.tsx:57:17)
[browser] Failed to fetch notifications AxiosError: Request failed with status code 404 (components/layout/Navbar.tsx:57:17)
[browser] Failed to fetch notifications AxiosError: Request failed with status code 404 (components/layout/Navbar.tsx:57:17)
[browser] Failed to fetch notifications AxiosError: Request failed with status code 404 (components/layout/Navbar.tsx:57:17)
[browser] Failed to fetch notifications AxiosError: Request failed with status code 404 (components/layout/Navbar.tsx:57:17)
[browser] Failed to fetch notifications AxiosError: Request failed with status code 404 (components/layout/Navbar.tsx:57:17)
[browser] Failed to fetch notifications AxiosError: Request failed with status code 404 (components/layout/Navbar.tsx:57:17)
[browser] Failed to fetch notifications AxiosError: Request failed with status code 404 (components/layout/Navbar.tsx:57:17)
[browser] Failed to fetch notifications AxiosError: Request failed with status code 404 (components/layout/Navbar.tsx:57:17)
[browser] Failed to fetch notifications AxiosError: Request failed with status code 404 (components/layout/Navbar.tsx:57:17)
[browser] Failed to fetch notifications AxiosError: Request failed with status code 404 (components/layout/Navbar.tsx:57:17)
[browser] Failed to fetch notifications AxiosError: Request failed with status code 404 (components/layout/Navbar.tsx:57:17)
[browser] Failed to fetch notifications AxiosError: Request failed with status code 404 (components/layout/Navbar.tsx:57:17)
[browser] Failed to fetch notifications AxiosError: Request failed with status code 404 (components/layout/Navbar.tsx:57:17)
[browser] Failed to fetch notifications AxiosError: Request failed with status code 404 (components/layout/Navbar.tsx:57:17)
[browser] Failed to fetch notifications AxiosError: Request failed with status code 404 (components/layout/Navbar.tsx:57:17)
[browser] Failed to fetch notifications AxiosError: Request failed with status code 404 (components/layout/Navbar.tsx:57:17)
[browser] Failed to fetch notifications AxiosError: Request failed with status code 404 (components/layout/Navbar.tsx:57:17)
[browser] Failed to fetch notifications AxiosError: Request failed with status code 404 (components/layout/Navbar.tsx:57:17)
[browser] Failed to fetch notifications AxiosError: Request failed with status code 404 (components/layout/Navbar.tsx:57:17)
[browser] Failed to fetch notifications AxiosError: Request failed with status code 404 (components/layout/Navbar.tsx:57:17)
[browser] Failed to fetch notifications AxiosError: Request failed with status code 404 (components/layout/Navbar.tsx:57:17)
[browser] Failed to fetch notifications AxiosError: Request failed with status code 404 (components/layout/Navbar.tsx:57:17)
[browser] Failed to fetch notifications AxiosError: Request failed with status code 404 (components/layout/Navbar.tsx:57:17)
[browser] Failed to fetch notifications AxiosError: Request failed with status code 404 (components/layout/Navbar.tsx:57:17)
[browser] Failed to fetch notifications AxiosError: Request failed with status code 404 (components/layout/Navbar.tsx:57:17)
[browser] Failed to fetch notifications AxiosError: Request failed with status code 404 (components/layout/Navbar.tsx:57:17)
[browser] Failed to fetch notifications AxiosError: Request failed with status code 404 (components/layout/Navbar.tsx:57:17)
[browser] Failed to fetch notifications AxiosError: Request failed with status code 404 (components/layout/Navbar.tsx:57:17)
[browser] Failed to fetch notifications AxiosError: Request failed with status code 404 (components/layout/Navbar.tsx:57:17)
[browser] Failed to fetch notifications AxiosError: Request failed with status code 404 (components/layout/Navbar.tsx:57:17)
[browser] Failed to fetch notifications AxiosError: Request failed with status code 404 (components/layout/Navbar.tsx:57:17)
[browser] Failed to fetch notifications AxiosError: Request failed with status code 404 (components/layout/Navbar.tsx:57:17)
[browser] Failed to fetch notifications AxiosError: Request failed with status code 404 (components/layout/Navbar.tsx:57:17)
[browser] Failed to fetch notifications AxiosError: Request failed with status code 404 (components/layout/Navbar.tsx:57:17)
[browser] Failed to fetch notifications AxiosError: Request failed with status code 404 (components/layout/Navbar.tsx:57:17)
[browser] Failed to fetch notifications AxiosError: Request failed with status code 404 (components/layout/Navbar.tsx:57:17)
[browser] Failed to fetch notifications AxiosError: Request failed with status code 404 (components/layout/Navbar.tsx:57:17)
[browser] Failed to fetch notifications AxiosError: Request failed with status code 404 (components/layout/Navbar.tsx:57:17)
[browser] Failed to fetch notifications AxiosError: Request failed with status code 404 (components/layout/Navbar.tsx:57:17)
[browser] Failed to fetch notifications AxiosError: Request failed with status code 404 (components/layout/Navbar.tsx:57:17)
[browser] Failed to fetch notifications AxiosError: Request failed with status code 404 (components/layout/Navbar.tsx:57:17)
[browser] Failed to fetch notifications AxiosError: Request failed with status code 404 (components/layout/Navbar.tsx:57:17)
[browser] Failed to fetch notifications AxiosError: Request failed with status code 404 (components/layout/Navbar.tsx:57:17)
[browser] Failed to fetch notifications AxiosError: Request failed with status code 404 (components/layout/Navbar.tsx:57:17)
[browser] Failed to fetch notifications AxiosError: Request failed with status code 404 (components/layout/Navbar.tsx:57:17)
[browser] Failed to fetch notifications AxiosError: Request failed with status code 404 (components/layout/Navbar.tsx:57:17)
[browser] Failed to fetch notifications AxiosError: Request failed with status code 404 (components/layout/Navbar.tsx:57:17)
[browser] Failed to fetch notifications AxiosError: Request failed with status code 404 (components/layout/Navbar.tsx:57:17)
[browser] Failed to fetch notifications AxiosError: Request failed with status code 404 (components/layout/Navbar.tsx:57:17)
[browser] Failed to fetch notifications AxiosError: Request failed with status code 404 (components/layout/Navbar.tsx:57:17)
[browser] Failed to fetch notifications AxiosError: Request failed with status code 404 (components/layout/Navbar.tsx:57:17)
[browser] Failed to fetch notifications AxiosError: Request failed with status code 404 (components/layout/Navbar.tsx:57:17)
[browser] Failed to fetch notifications AxiosError: Request failed with status code 404 (components/layout/Navbar.tsx:57:17)
[browser] Failed to fetch notifications AxiosError: Request failed with status code 404 (components/layout/Navbar.tsx:57:17)
[browser] Failed to fetch notifications AxiosError: Request failed with status code 404 (components/layout/Navbar.tsx:57:17)
[browser] Failed to fetch notifications AxiosError: Request failed with status code 404 (components/layout/Navbar.tsx:57:17)
[browser] Failed to fetch notifications AxiosError: Request failed with status code 404 (components/layout/Navbar.tsx:57:17)
[browser] Failed to fetch notifications AxiosError: Request failed with status code 404 (components/layout/Navbar.tsx:57:17)
[browser] Failed to fetch notifications AxiosError: Request failed with status code 404 (components/layout/Navbar.tsx:57:17)
[browser] Failed to fetch notifications AxiosError: Request failed with status code 404 (components/layout/Navbar.tsx:57:17)
[browser] Failed to fetch notifications AxiosError: Request failed with status code 404 (components/layout/Navbar.tsx:57:17)
[browser] Failed to fetch notifications AxiosError: Request failed with status code 404 (components/layout/Navbar.tsx:57:17)
[browser] Failed to fetch notifications AxiosError: Request failed with status code 404 (components/layout/Navbar.tsx:57:17)
[browser] Failed to fetch notifications AxiosError: Request failed with status code 404 (components/layout/Navbar.tsx:57:17)
[browser] Failed to fetch notifications AxiosError: Request failed with status code 404 (components/layout/Navbar.tsx:57:17)
[browser] Failed to fetch notifications AxiosError: Request failed with status code 404 (components/layout/Navbar.tsx:57:17)
[browser] Failed to fetch notifications AxiosError: Request failed with status code 404 (components/layout/Navbar.tsx:57:17)
[browser] Failed to fetch notifications AxiosError: Request failed with status code 404 (components/layout/Navbar.tsx:57:17)
[browser] Failed to fetch notifications AxiosError: Request failed with status code 404 (components/layout/Navbar.tsx:57:17)
[browser] Failed to fetch notifications AxiosError: Request failed with status code 404 (components/layout/Navbar.tsx:57:17)
[browser] Failed to fetch notifications AxiosError: Request failed with status code 404 (components/layout/Navbar.tsx:57:17)
[browser] Failed to fetch notifications AxiosError: Request failed with status code 404 (components/layout/Navbar.tsx:57:17)
[browser] Failed to fetch notifications AxiosError: Request failed with status code 404 (components/layout/Navbar.tsx:57:17)
[browser] Failed to fetch notifications AxiosError: Request failed with status code 404 (components/layout/Navbar.tsx:57:17)
[browser] Failed to fetch notifications AxiosError: Request failed with status code 404 (components/layout/Navbar.tsx:57:17)
[browser] Failed to fetch notifications AxiosError: Request failed with status code 404 (components/layout/Navbar.tsx:57:17)
[browser] Failed to fetch notifications AxiosError: Request failed with status code 404 (components/layout/Navbar.tsx:57:17)
[browser] Failed to fetch notifications AxiosError: Request failed with status code 404 (components/layout/Navbar.tsx:57:17)
[browser] Failed to fetch notifications AxiosError: Request failed with status code 404 (components/layout/Navbar.tsx:57:17)
[browser] Failed to fetch notifications AxiosError: Request failed with status code 404 (components/layout/Navbar.tsx:57:17)
[browser] Failed to fetch notifications AxiosError: Request failed with status code 404 (components/layout/Navbar.tsx:57:17)
[browser] Failed to fetch notifications AxiosError: Request failed with status code 404 (components/layout/Navbar.tsx:57:17)
[browser] Failed to fetch notifications AxiosError: Request failed with status code 404 (components/layout/Navbar.tsx:57:17)
[browser] Failed to fetch notifications AxiosError: Request failed with status code 404 (components/layout/Navbar.tsx:57:17)
[browser] Failed to fetch notifications AxiosError: Request failed with status code 404 (components/layout/Navbar.tsx:57:17)
[browser] Failed to fetch notifications AxiosError: Request failed with status code 404 (components/layout/Navbar.tsx:57:17)
[browser] Failed to fetch notifications AxiosError: Request failed with status code 404 (components/layout/Navbar.tsx:57:17)
[browser] Failed to fetch notifications AxiosError: Request failed with status code 404 (components/layout/Navbar.tsx:57:17)
[browser] Failed to fetch notifications AxiosError: Request failed with status code 404 (components/layout/Navbar.tsx:57:17)
[browser] Failed to fetch notifications AxiosError: Request failed with status code 404 (components/layout/Navbar.tsx:57:17)
[browser] Failed to fetch notifications AxiosError: Request failed with status code 404 (components/layout/Navbar.tsx:57:17)
[browser] Failed to fetch notifications AxiosError: Request failed with status code 404 (components/layout/Navbar.tsx:57:17)
[browser] Failed to fetch notifications AxiosError: Request failed with status code 404 (components/layout/Navbar.tsx:57:17)
[browser] Failed to fetch notifications AxiosError: Request failed with status code 404 (components/layout/Navbar.tsx:57:17)
[browser] Failed to fetch notifications AxiosError: Request failed with status code 404 (components/layout/Navbar.tsx:57:17)
[browser] Failed to fetch notifications AxiosError: Request failed with status code 404 (components/layout/Navbar.tsx:57:17)
[browser] Failed to fetch notifications AxiosError: Request failed with status code 404 (components/layout/Navbar.tsx:57:17)
[browser] Failed to fetch notifications AxiosError: Request failed with status code 404 (components/layout/Navbar.tsx:57:17)
[browser] Failed to fetch notifications AxiosError: Request failed with status code 404 (components/layout/Navbar.tsx:57:17)
[browser] Failed to fetch notifications AxiosError: Request failed with status code 404 (components/layout/Navbar.tsx:57:17)
[browser] Failed to fetch notifications AxiosError: Request failed with status code 404 (components/layout/Navbar.tsx:57:17)
[browser] Failed to fetch notifications AxiosError: Request failed with status code 404 (components/layout/Navbar.tsx:57:17)
[browser] Failed to fetch notifications AxiosError: Request failed with status code 404 (components/layout/Navbar.tsx:57:17)
[browser] Failed to fetch notifications AxiosError: Request failed with status code 404 (components/layout/Navbar.tsx:57:17)
[browser] Failed to fetch notifications AxiosError: Request failed with status code 404 (components/layout/Navbar.tsx:57:17)
[browser] Failed to fetch notifications AxiosError: Request failed with status code 404 (components/layout/Navbar.tsx:57:17)
[browser] Failed to fetch notifications AxiosError: Request failed with status code 404 (components/layout/Navbar.tsx:57:17)
[browser] Failed to fetch notifications AxiosError: Request failed with status code 404 (components/layout/Navbar.tsx:57:17)
[browser] Failed to fetch notifications AxiosError: Request failed with status code 404 (components/layout/Navbar.tsx:57:17)
[browser] Failed to fetch notifications AxiosError: Request failed with status code 404 (components/layout/Navbar.tsx:57:17)
[browser] Failed to fetch notifications AxiosError: Request failed with status code 404 (components/layout/Navbar.tsx:57:17)
[browser] Failed to fetch notifications AxiosError: Request failed with status code 404 (components/layout/Navbar.tsx:57:17)
[browser] Failed to fetch notifications AxiosError: Request failed with status code 404 (components/layout/Navbar.tsx:57:17)
[browser] Failed to fetch notifications AxiosError: Request failed with status code 404 (components/layout/Navbar.tsx:57:17)
[browser] Failed to fetch notifications AxiosError: Request failed with status code 404 (components/layout/Navbar.tsx:57:17)
[browser] Failed to fetch notifications AxiosError: Request failed with status code 404 (components/layout/Navbar.tsx:57:17)
[browser] Failed to fetch notifications AxiosError: Request failed with status code 404 (components/layout/Navbar.tsx:57:17)
[browser] Failed to fetch notifications AxiosError: Request failed with status code 404 (components/layout/Navbar.tsx:57:17)
[browser] Failed to fetch notifications AxiosError: Request failed with status code 404 (components/layout/Navbar.tsx:57:17)
[browser] Failed to fetch notifications AxiosError: Request failed with status code 404 (components/layout/Navbar.tsx:57:17)
[browser] Failed to fetch notifications AxiosError: Request failed with status code 404 (components/layout/Navbar.tsx:57:17)
[browser] Failed to fetch notifications AxiosError: Request failed with status code 404 (components/layout/Navbar.tsx:57:17)
[browser] Failed to fetch notifications AxiosError: Request failed with status code 404 (components/layout/Navbar.tsx:57:17)
[browser] Failed to fetch notifications AxiosError: Request failed with status code 404 (components/layout/Navbar.tsx:57:17)
[browser] Failed to fetch notifications AxiosError: Request failed with status code 404 (components/layout/Navbar.tsx:57:17)
[browser] Failed to fetch notifications AxiosError: Request failed with status code 404 (components/layout/Navbar.tsx:57:17)
[browser] Failed to fetch notifications AxiosError: Request failed with status code 404 (components/layout/Navbar.tsx:57:17)
[browser] Failed to fetch notifications AxiosError: Request failed with status code 404 (components/layout/Navbar.tsx:57:17)
[browser] Failed to fetch notifications AxiosError: Request failed with status code 404 (components/layout/Navbar.tsx:57:17)
[browser] Failed to fetch notifications AxiosError: Request failed with status code 404 (components/layout/Navbar.tsx:57:17)
[browser] Failed to fetch notifications AxiosError: Request failed with status code 404 (components/layout/Navbar.tsx:57:17)
[browser] Failed to fetch notifications AxiosError: Request failed with status code 404 (components/layout/Navbar.tsx:57:17)
[browser] Failed to fetch notifications AxiosError: Request failed with status code 404 (components/layout/Navbar.tsx:57:17)
[browser] Failed to fetch notifications AxiosError: Request failed with status code 404 (components/layout/Navbar.tsx:57:17)
[browser] Failed to fetch notifications AxiosError: Request failed with status code 404 (components/layout/Navbar.tsx:57:17)
[browser] Failed to fetch notifications AxiosError: Request failed with status code 404 (components/layout/Navbar.tsx:57:17)
[browser] Failed to fetch notifications AxiosError: Request failed with status code 404 (components/layout/Navbar.tsx:57:17)
[browser] Failed to fetch notifications AxiosError: Request failed with status code 404 (components/layout/Navbar.tsx:57:17)
[browser] Failed to fetch notifications AxiosError: Request failed with status code 404 (components/layout/Navbar.tsx:57:17)
[browser] Failed to fetch notifications AxiosError: Request failed with status code 404 (components/layout/Navbar.tsx:57:17)
[browser] Failed to fetch notifications AxiosError: Request failed with status code 404 (components/layout/Navbar.tsx:57:17)
[browser] Failed to fetch notifications AxiosError: Request failed with status code 404 (components/layout/Navbar.tsx:57:17)
[browser] Failed to fetch notifications AxiosError: Request failed with status code 404 (components/layout/Navbar.tsx:57:17)
[browser] Failed to fetch notifications AxiosError: Request failed with status code 404 (components/layout/Navbar.tsx:57:17)
[browser] Failed to fetch notifications AxiosError: Request failed with status code 404 (components/layout/Navbar.tsx:57:17)
[browser] Failed to fetch notifications AxiosError: Request failed with status code 404 (components/layout/Navbar.tsx:57:17)
[browser] Failed to fetch notifications AxiosError: Request failed with status code 404 (components/layout/Navbar.tsx:57:17)
[browser] Failed to fetch notifications AxiosError: Request failed with status code 404 (components/layout/Navbar.tsx:57:17)
[browser] Failed to fetch notifications AxiosError: Request failed with status code 404 (components/layout/Navbar.tsx:57:17)
[browser] Failed to fetch notifications AxiosError: Request failed with status code 404 (components/layout/Navbar.tsx:57:17)
[browser] Failed to fetch notifications AxiosError: Request failed with status code 404 (components/layout/Navbar.tsx:57:17)
[browser] Failed to fetch notifications AxiosError: Request failed with status code 404 (components/layout/Navbar.tsx:57:17)
[browser] Failed to fetch notifications AxiosError: Request failed with status code 404 (components/layout/Navbar.tsx:57:17)
[browser] Failed to fetch notifications AxiosError: Request failed with status code 404 (components/layout/Navbar.tsx:57:17)
[browser] Failed to fetch notifications AxiosError: Request failed with status code 404 (components/layout/Navbar.tsx:57:17)
[browser] Failed to fetch notifications AxiosError: Request failed with status code 404 (components/layout/Navbar.tsx:57:17)
[browser] Failed to fetch notifications AxiosError: Request failed with status code 404 (components/layout/Navbar.tsx:57:17)
[browser] Failed to fetch notifications AxiosError: Request failed with status code 404 (components/layout/Navbar.tsx:57:17)
[browser] Failed to fetch notifications AxiosError: Request failed with status code 404 (components/layout/Navbar.tsx:57:17)
[browser] Failed to fetch notifications AxiosError: Request failed with status code 404 (components/layout/Navbar.tsx:57:17)
[browser] Failed to fetch notifications AxiosError: Request failed with status code 404 (components/layout/Navbar.tsx:57:17)
[browser] Failed to fetch notifications AxiosError: Request failed with status code 404 (components/layout/Navbar.tsx:57:17)
[browser] Failed to fetch notifications AxiosError: Request failed with status code 404 (components/layout/Navbar.tsx:57:17)
[browser] Failed to fetch notifications AxiosError: Request failed with status code 404 (components/layout/Navbar.tsx:57:17)
[browser] Failed to fetch notifications AxiosError: Request failed with status code 404 (components/layout/Navbar.tsx:57:17)
[browser] Failed to fetch notifications AxiosError: Request failed with status code 404 (components/layout/Navbar.tsx:57:17)
[browser] Failed to fetch notifications AxiosError: Request failed with status code 404 (components/layout/Navbar.tsx:57:17)
[browser] Failed to fetch notifications AxiosError: Request failed with status code 404 (components/layout/Navbar.tsx:57:17)
[browser] Failed to fetch notifications AxiosError: Request failed with status code 404 (components/layout/Navbar.tsx:57:17)
[browser] Failed to fetch notifications AxiosError: Request failed with status code 404 (components/layout/Navbar.tsx:57:17)
[browser] Failed to fetch notifications AxiosError: Request failed with status code 404 (components/layout/Navbar.tsx:57:17)
[browser] Failed to fetch notifications AxiosError: Request failed with status code 404 (components/layout/Navbar.tsx:57:17)
[browser] Failed to fetch notifications AxiosError: Request failed with status code 404 (components/layout/Navbar.tsx:57:17)
[browser] Failed to fetch notifications AxiosError: Request failed with status code 404 (components/layout/Navbar.tsx:57:17)
[browser] Failed to fetch notifications AxiosError: Request failed with status code 404 (components/layout/Navbar.tsx:57:17)
[browser] Failed to fetch notifications AxiosError: Request failed with status code 404 (components/layout/Navbar.tsx:57:17)
[browser] Failed to fetch notifications AxiosError: Request failed with status code 404 (components/layout/Navbar.tsx:57:17)
[browser] Failed to fetch notifications AxiosError: Request failed with status code 404 (components/layout/Navbar.tsx:57:17)
[browser] Failed to fetch notifications AxiosError: Request failed with status code 404 (components/layout/Navbar.tsx:57:17)
[browser] Failed to fetch notifications AxiosError: Request failed with status code 404 (components/layout/Navbar.tsx:57:17)
[browser] Failed to fetch notifications AxiosError: Request failed with status code 404 (components/layout/Navbar.tsx:57:17)
[browser] Failed to fetch notifications AxiosError: Request failed with status code 404 (components/layout/Navbar.tsx:57:17)
[browser] Failed to fetch notifications AxiosError: Request failed with status code 404 (components/layout/Navbar.tsx:57:17)
[browser] Failed to fetch notifications AxiosError: Request failed with status code 404 (components/layout/Navbar.tsx:57:17)
[browser] Failed to fetch notifications AxiosError: Request failed with status code 404 (components/layout/Navbar.tsx:57:17)
[browser] Failed to fetch notifications AxiosError: Request failed with status code 404 (components/layout/Navbar.tsx:57:17)
[browser] Failed to fetch notifications AxiosError: Request failed with status code 404 (components/layout/Navbar.tsx:57:17)
[browser] Failed to fetch notifications AxiosError: Request failed with status code 404 (components/layout/Navbar.tsx:57:17)
[browser] Failed to fetch notifications AxiosError: Request failed with status code 404 (components/layout/Navbar.tsx:57:17)
[browser] Failed to fetch notifications AxiosError: Request failed with status code 404 (components/layout/Navbar.tsx:57:17)
[browser] Failed to fetch notifications AxiosError: Request failed with status code 404 (components/layout/Navbar.tsx:57:17)
[browser] Failed to fetch notifications AxiosError: Request failed with status code 404 (components/layout/Navbar.tsx:57:17)
[browser] Failed to fetch notifications AxiosError: Request failed with status code 404 (components/layout/Navbar.tsx:57:17)
[browser] Failed to fetch notifications AxiosError: Request failed with status code 404 (components/layout/Navbar.tsx:57:17)
[browser] Failed to fetch notifications AxiosError: Request failed with status code 404 (components/layout/Navbar.tsx:57:17)
[browser] Failed to fetch notifications AxiosError: Request failed with status code 404 (components/layout/Navbar.tsx:57:17)
[browser] Failed to fetch notifications AxiosError: Request failed with status code 404 (components/layout/Navbar.tsx:57:17)
[browser] Failed to fetch notifications AxiosError: Request failed with status code 404 (components/layout/Navbar.tsx:57:17)
[browser] Failed to fetch notifications AxiosError: Request failed with status code 404 (components/layout/Navbar.tsx:57:17)
[browser] Failed to fetch notifications AxiosError: Request failed with status code 404 (components/layout/Navbar.tsx:57:17)
[browser] Failed to fetch notifications AxiosError: Request failed with status code 404 (components/layout/Navbar.tsx:57:17)
[browser] Failed to fetch notifications AxiosError: Request failed with status code 404 (components/layout/Navbar.tsx:57:17)
[browser] Failed to fetch notifications AxiosError: Request failed with status code 404 (components/layout/Navbar.tsx:57:17)
[browser] Failed to fetch notifications AxiosError: Request failed with status code 404 (components/layout/Navbar.tsx:57:17)
[browser] Failed to fetch notifications AxiosError: Request failed with status code 404 (components/layout/Navbar.tsx:57:17)
[browser] Failed to fetch notifications AxiosError: Request failed with status code 404 (components/layout/Navbar.tsx:57:17)
[browser] Failed to fetch notifications AxiosError: Request failed with status code 404 (components/layout/Navbar.tsx:57:17)
[browser] Failed to fetch notifications AxiosError: Request failed with status code 404 (components/layout/Navbar.tsx:57:17)
[browser] Failed to fetch notifications AxiosError: Request failed with status code 404 (components/layout/Navbar.tsx:57:17)
[browser] Failed to fetch notifications AxiosError: Request failed with status code 404 (components/layout/Navbar.tsx:57:17)
[browser] Failed to fetch notifications AxiosError: Request failed with status code 404 (components/layout/Navbar.tsx:57:17)
[browser] Failed to fetch notifications AxiosError: Request failed with status code 404 (components/layout/Navbar.tsx:57:17)
[browser] Failed to fetch notifications AxiosError: Request failed with status code 404 (components/layout/Navbar.tsx:57:17)
 GET / 200 in 5.5s (next.js: 2.2s, application-code: 3.3s)
[browser] Failed to load homepage data: AxiosError: Request failed with status code 404
    at async Object.getTrending (lib/api/outfits.ts:24:22)
    at async loadData (app/page.tsx:100:27)
  22 |
  23 |   getTrending: async (limit = 12): Promise<Outfit[]> => {
> 24 |     const { data } = await client.get<APIResponse<Outfit[]>>(`/outfits/trending?limit=${li...
     |                      ^
  25 |     return data.data || [];
  26 |   },
  27 | (app/page.tsx:139:17)
[browser] Failed to fetch support tickets: AxiosError: Request failed with status code 404
    at async Object.getMyTickets (lib/api/support.ts:17:17)
    at async fetchTickets (stores/support.store.ts:46:11)
  15 |   },
  16 |   getMyTickets: async () => {
> 17 |     const res = await api.get('/support/tickets');
     |                 ^
  18 |     return res.data.data;
  19 |   },
  20 |   getAllTickets: async () => { (stores/support.store.ts:49:15)
[browser] Failed to fetch notifications AxiosError: Request failed with status code 404 (components/layout/Navbar.tsx:57:17)
[browser] Failed to fetch notifications AxiosError: Request failed with status code 404 (components/layout/Navbar.tsx:57:17)
[browser] Failed to fetch notifications AxiosError: Request failed with status code 404 (components/layout/Navbar.tsx:57:17)
[browser] Failed to fetch notifications AxiosError: Request failed with status code 404 (components/layout/Navbar.tsx:57:17)
[browser] Failed to fetch notifications AxiosError: Request failed with status code 404 (components/layout/Navbar.tsx:57:17)
[browser] Failed to fetch notifications AxiosError: Request failed with status code 404 (components/layout/Navbar.tsx:57:17)
[browser] Failed to fetch notifications AxiosError: Request failed with status code 404 (components/layout/Navbar.tsx:57:17)
[browser] Failed to fetch notifications AxiosError: Request failed with status code 404 (components/layout/Navbar.tsx:57:17)
[browser] Failed to fetch notifications AxiosError: Request failed with status code 404 (components/layout/Navbar.tsx:57:17)
[browser] Failed to fetch notifications AxiosError: Request failed with status code 404 (components/layout/Navbar.tsx:57:17)
 GET /discover?q=Lehenga 200 in 309ms (next.js: 88ms, application-code: 221ms)
[browser] Failed to fetch notifications AxiosError: Request failed with status code 404 (components/layout/Navbar.tsx:57:17)
[browser] Failed to fetch notifications AxiosError: Request failed with status code 404 (components/layout/Navbar.tsx:57:17)
[browser] Failed to fetch notifications AxiosError: Request failed with status code 404 (components/layout/Navbar.tsx:57:17)
[browser] Failed to fetch outfits: AxiosError: Request failed with status code 404
    at async Object.browse (lib/api/outfits.ts:14:22)
    at async DiscoverContent.useCallback[fetchOutfits] (app/discover/page.tsx:84:45)
  12 |       });
  13 |     }
> 14 |     const { data } = await client.get<APIResponse<Outfit[]>>(`/outfits?${params.toString()...
     |                      ^
  15 |     return { outfits: data.data || [], meta: data.meta! };
  16 |   },
  17 | (app/discover/page.tsx:108:15)
[browser] Failed to fetch notifications AxiosError: Request failed with status code 404 (components/layout/Navbar.tsx:57:17)
[browser] Failed to fetch outfits: AxiosError: Request failed with status code 404
    at async Object.browse (lib/api/outfits.ts:14:22)
    at async DiscoverContent.useCallback[fetchOutfits] (app/discover/page.tsx:84:45)
  12 |       });
  13 |     }
> 14 |     const { data } = await client.get<APIResponse<Outfit[]>>(`/outfits?${params.toString()...
     |                      ^
  15 |     return { outfits: data.data || [], meta: data.meta! };
  16 |   },
  17 | (app/discover/page.tsx:108:15)
[browser] Failed to fetch notifications AxiosError: Request failed with status code 404 (components/layout/Navbar.tsx:57:17)
[browser] Failed to fetch outfits: AxiosError: Request failed with status code 404
    at async Object.browse (lib/api/outfits.ts:14:22)
    at async DiscoverContent.useCallback[fetchOutfits] (app/discover/page.tsx:84:45)
  12 |       });
  13 |     }
> 14 |     const { data } = await client.get<APIResponse<Outfit[]>>(`/outfits?${params.toString()...
     |                      ^
  15 |     return { outfits: data.data || [], meta: data.meta! };
  16 |   },
  17 | (app/discover/page.tsx:108:15)
✓ Finished filesystem cache database compaction in 13.6s
[browser] Failed to fetch notifications AxiosError: Request failed with status code 404 (components/layout/Navbar.tsx:57:17)
[browser] Failed to fetch notifications AxiosError: Request failed with status code 404 (components/layout/Navbar.tsx:57:17)
[browser] Failed to fetch outfits: AxiosError: Request failed with status code 404
    at async Object.browse (lib/api/outfits.ts:14:22)
    at async DiscoverContent.useCallback[fetchOutfits] (app/discover/page.tsx:84:45)
  12 |       });
  13 |     }
> 14 |     const { data } = await client.get<APIResponse<Outfit[]>>(`/outfits?${params.toString()...
     |                      ^
  15 |     return { outfits: data.data || [], meta: data.meta! };
  16 |   },
  17 | (app/discover/page.tsx:108:15)
[browser] Failed to fetch notifications AxiosError: Request failed with status code 404 (components/layout/Navbar.tsx:57:17)
[browser] Failed to fetch notifications AxiosError: Request failed with status code 404 (components/layout/Navbar.tsx:57:17)
[browser] Failed to fetch notifications AxiosError: Request failed with status code 404 (components/layout/Navbar.tsx:57:17)
[browser] Failed to fetch notifications AxiosError: Request failed with status code 404 (components/layout/Navbar.tsx:57:17)
[browser] Failed to fetch notifications AxiosError: Request failed with status code 404 (components/layout/Navbar.tsx:57:17)
[browser] Failed to fetch notifications AxiosError: Request failed with status code 404 (components/layout/Navbar.tsx:57:17)
[browser] Failed to fetch notifications AxiosError: Request failed with status code 404 (components/layout/Navbar.tsx:57:17)
[browser] Failed to fetch outfits: AxiosError: Request failed with status code 404
    at async Object.browse (lib/api/outfits.ts:14:22)
    at async DiscoverContent.useCallback[fetchOutfits] (app/discover/page.tsx:84:45)
  12 |       });
  13 |     }
> 14 |     const { data } = await client.get<APIResponse<Outfit[]>>(`/outfits?${params.toString()...
     |                      ^
  15 |     return { outfits: data.data || [], meta: data.meta! };
  16 |   },
  17 | (app/discover/page.tsx:108:15)
[browser] Failed to fetch notifications AxiosError: Request failed with status code 404 (components/layout/Navbar.tsx:57:17)
[browser] Failed to fetch notifications AxiosError: Request failed with status code 404 (components/layout/Navbar.tsx:57:17)
[browser] Failed to fetch notifications AxiosError: Request failed with status code 404 (components/layout/Navbar.tsx:57:17)
[browser] Failed to fetch notifications AxiosError: Request failed with status code 404 (components/layout/Navbar.tsx:57:17)
[browser] Failed to fetch notifications AxiosError: Request failed with status code 404 (components/layout/Navbar.tsx:57:17)
 GET / 200 in 175ms (next.js: 9ms, application-code: 166ms)
[browser] Failed to load homepage data: AxiosError: Request failed with status code 404
    at async Object.getTrending (lib/api/outfits.ts:24:22)
    at async loadData (app/page.tsx:100:27)
  22 |
  23 |   getTrending: async (limit = 12): Promise<Outfit[]> => {
> 24 |     const { data } = await client.get<APIResponse<Outfit[]>>(`/outfits/trending?limit=${li...
     |                      ^
  25 |     return data.data || [];
  26 |   },
  27 | (app/page.tsx:139:17)
[browser] Failed to fetch support tickets: AxiosError: Request failed with status code 404
    at async Object.getMyTickets (lib/api/support.ts:17:17)
    at async fetchTickets (stores/support.store.ts:46:11)
  15 |   },
  16 |   getMyTickets: async () => {
> 17 |     const res = await api.get('/support/tickets');
     |                 ^
  18 |     return res.data.data;
  19 |   },
  20 |   getAllTickets: async () => { (stores/support.store.ts:49:15)
[browser] Failed to fetch notifications AxiosError: Request failed with status code 404 (components/layout/Navbar.tsx:57:17)
[browser] Failed to fetch notifications AxiosError: Request failed with status code 404 (components/layout/Navbar.tsx:57:17)
[browser] Failed to fetch notifications AxiosError: Request failed with status code 404 (components/layout/Navbar.tsx:57:17)
[browser] Failed to fetch notifications AxiosError: Request failed with status code 404 (components/layout/Navbar.tsx:57:17)
[browser] Failed to fetch notifications AxiosError: Request failed with status code 404 (components/layout/Navbar.tsx:57:17)
 GET / 200 in 148ms (next.js: 9ms, application-code: 139ms)
[browser] Failed to load homepage data: AxiosError: Request failed with status code 404
    at async Object.getTrending (lib/api/outfits.ts:24:22)
    at async loadData (app/page.tsx:100:27)
  22 |
  23 |   getTrending: async (limit = 12): Promise<Outfit[]> => {
> 24 |     const { data } = await client.get<APIResponse<Outfit[]>>(`/outfits/trending?limit=${li...
     |                      ^
  25 |     return data.data || [];
  26 |   },
  27 | (app/page.tsx:139:17)
[browser] Failed to fetch support tickets: AxiosError: Request failed with status code 404
    at async Object.getMyTickets (lib/api/support.ts:17:17)
    at async fetchTickets (stores/support.store.ts:46:11)
  15 |   },
  16 |   getMyTickets: async () => {
> 17 |     const res = await api.get('/support/tickets');
     |                 ^
  18 |     return res.data.data;
  19 |   },
  20 |   getAllTickets: async () => { (stores/support.store.ts:49:15)
[browser] Failed to fetch notifications AxiosError: Request failed with status code 404 (components/layout/Navbar.tsx:57:17)
[browser] Failed to fetch notifications AxiosError: Request failed with status code 404 (components/layout/Navbar.tsx:57:17)
[browser] Failed to fetch notifications AxiosError: Request failed with status code 404 (components/layout/Navbar.tsx:57:17)
[browser] Failed to fetch notifications AxiosError: Request failed with status code 404 (components/layout/Navbar.tsx:57:17)
[browser] Failed to fetch notifications AxiosError: Request failed with status code 404 (components/layout/Navbar.tsx:57:17)
 GET /support-center 200 in 100ms (next.js: 13ms, application-code: 87ms)
[browser] Failed to fetch notifications AxiosError: Request failed with status code 404 (components/layout/Navbar.tsx:57:17)
[browser] Failed to fetch support tickets: AxiosError: Request failed with status code 404
    at async Object.getMyTickets (lib/api/support.ts:17:17)
    at async fetchTickets (stores/support.store.ts:46:11)
  15 |   },
  16 |   getMyTickets: async () => {
> 17 |     const res = await api.get('/support/tickets');
     |                 ^
  18 |     return res.data.data;
  19 |   },
  20 |   getAllTickets: async () => { (stores/support.store.ts:49:15)
[browser] Failed to fetch notifications AxiosError: Request failed with status code 404 (components/layout/Navbar.tsx:57:17)
[browser] Failed to fetch notifications AxiosError: Request failed with status code 404 (components/layout/Navbar.tsx:57:17)
[browser] Failed to fetch notifications AxiosError: Request failed with status code 404 (components/layout/Navbar.tsx:57:17)
[browser] Failed to fetch notifications AxiosError: Request failed with status code 404 (components/layout/Navbar.tsx:57:17)
[browser] Failed to fetch notifications AxiosError: Request failed with status code 404 (components/layout/Navbar.tsx:57:17)
[browser] Failed to raise ticket: AxiosError: Request failed with status code 404
    at async Object.createTicket (lib/api/support.ts:13:17)
    at async addTicket (stores/support.store.ts:56:22)
  11 | export const supportAPI = {
  12 |   createTicket: async (payload: TicketPayload) => {
> 13 |     const res = await api.post('/support/tickets', payload);
     |                 ^
  14 |     return res.data.data;
  15 |   },
  16 |   getMyTickets: async () => { (stores/support.store.ts:61:15)
[browser] Failed to fetch notifications AxiosError: Request failed with status code 404 (components/layout/Navbar.tsx:57:17)
[browser] Failed to fetch notifications AxiosError: Request failed with status code 404 (components/layout/Navbar.tsx:57:17)
[browser] Failed to fetch notifications AxiosError: Request failed with status code 404 (components/layout/Navbar.tsx:57:17)
[browser] Failed to fetch notifications AxiosError: Request failed with status code 404 (components/layout/Navbar.tsx:57:17)
[browser] Failed to fetch notifications AxiosError: Request failed with status code 404 (components/layout/Navbar.tsx:57:17)
[browser] Failed to fetch notifications AxiosError: Request failed with status code 404 (components/layout/Navbar.tsx:57:17)
 GET / 200 in 86ms (next.js: 6ms, application-code: 80ms)
[browser] Failed to load homepage data: AxiosError: Request failed with status code 404
    at async Object.getTrending (lib/api/outfits.ts:24:22)
    at async loadData (app/page.tsx:100:27)
  22 |
  23 |   getTrending: async (limit = 12): Promise<Outfit[]> => {
> 24 |     const { data } = await client.get<APIResponse<Outfit[]>>(`/outfits/trending?limit=${li...
     |                      ^
  25 |     return data.data || [];
  26 |   },
  27 | (app/page.tsx:139:17)
[browser] Failed to fetch notifications AxiosError: Request failed with status code 404 (components/layout/Navbar.tsx:57:17)
[browser] Failed to fetch support tickets: AxiosError: Request failed with status code 404
    at async Object.getMyTickets (lib/api/support.ts:17:17)
    at async fetchTickets (stores/support.store.ts:46:11)
  15 |   },
  16 |   getMyTickets: async () => {
> 17 |     const res = await api.get('/support/tickets');
     |                 ^
  18 |     return res.data.data;
  19 |   },
  20 |   getAllTickets: async () => { (stores/support.store.ts:49:15)
[browser] Failed to fetch notifications AxiosError: Request failed with status code 404 (components/layout/Navbar.tsx:57:17)
[browser] Failed to fetch notifications AxiosError: Request failed with status code 404 (components/layout/Navbar.tsx:57:17)
 GET /discover?q=Saree 200 in 47ms (next.js: 9ms, application-code: 38ms)
[browser] Failed to fetch outfits: AxiosError: Request failed with status code 404
    at async Object.browse (lib/api/outfits.ts:14:22)
    at async DiscoverContent.useCallback[fetchOutfits] (app/discover/page.tsx:84:45)
  12 |       });
  13 |     }
> 14 |     const { data } = await client.get<APIResponse<Outfit[]>>(`/outfits?${params.toString()...
     |                      ^
  15 |     return { outfits: data.data || [], meta: data.meta! };
  16 |   },
  17 | (app/discover/page.tsx:108:15)
[browser] Failed to fetch outfits: AxiosError: Request failed with status code 404
    at async Object.browse (lib/api/outfits.ts:14:22)
    at async DiscoverContent.useCallback[fetchOutfits] (app/discover/page.tsx:84:45)
  12 |       });
  13 |     }
> 14 |     const { data } = await client.get<APIResponse<Outfit[]>>(`/outfits?${params.toString()...
     |                      ^
  15 |     return { outfits: data.data || [], meta: data.meta! };
  16 |   },
  17 | (app/discover/page.tsx:108:15)
[browser] Failed to fetch notifications AxiosError: Request failed with status code 404 (components/layout/Navbar.tsx:57:17)
[browser] Failed to fetch notifications AxiosError: Request failed with status code 404 (components/layout/Navbar.tsx:57:17)
[browser] Failed to fetch outfits: AxiosError: Request failed with status code 404
    at async Object.browse (lib/api/outfits.ts:14:22)
    at async DiscoverContent.useCallback[fetchOutfits] (app/discover/page.tsx:84:45)
  12 |       });
  13 |     }
> 14 |     const { data } = await client.get<APIResponse<Outfit[]>>(`/outfits?${params.toString()...
     |                      ^
  15 |     return { outfits: data.data || [], meta: data.meta! };
  16 |   },
  17 | (app/discover/page.tsx:108:15)
[browser] Failed to fetch notifications AxiosError: Request failed with status code 404 (components/layout/Navbar.tsx:57:17)
[browser] Failed to fetch outfits: AxiosError: Request failed with status code 404
    at async Object.browse (lib/api/outfits.ts:14:22)
    at async DiscoverContent.useCallback[fetchOutfits] (app/discover/page.tsx:84:45)
  12 |       });
  13 |     }
> 14 |     const { data } = await client.get<APIResponse<Outfit[]>>(`/outfits?${params.toString()...
     |                      ^
  15 |     return { outfits: data.data || [], meta: data.meta! };
  16 |   },
  17 | (app/discover/page.tsx:108:15)
[browser] Failed to fetch notifications AxiosError: Request failed with status code 404 (components/layout/Navbar.tsx:57:17)
[browser] Failed to fetch notifications AxiosError: Request failed with status code 404 (components/layout/Navbar.tsx:57:17)
[browser] Failed to fetch notifications AxiosError: Request failed with status code 404 (components/layout/Navbar.tsx:57:17)
 GET /discover 200 in 133ms (next.js: 7ms, application-code: 127ms)
[browser] Failed to fetch support tickets: AxiosError: Request failed with status code 404
    at async Object.getMyTickets (lib/api/support.ts:17:17)
    at async fetchTickets (stores/support.store.ts:46:11)
  15 |   },
  16 |   getMyTickets: async () => {
> 17 |     const res = await api.get('/support/tickets');
     |                 ^
  18 |     return res.data.data;
  19 |   },
  20 |   getAllTickets: async () => { (stores/support.store.ts:49:15)
[browser] Failed to fetch notifications AxiosError: Request failed with status code 404 (components/layout/Navbar.tsx:57:17)
[browser] Failed to fetch outfits: AxiosError: Request failed with status code 404
    at async Object.browse (lib/api/outfits.ts:14:22)
    at async DiscoverContent.useCallback[fetchOutfits] (app/discover/page.tsx:84:45)
  12 |       });
  13 |     }
> 14 |     const { data } = await client.get<APIResponse<Outfit[]>>(`/outfits?${params.toString()...
     |                      ^
  15 |     return { outfits: data.data || [], meta: data.meta! };
  16 |   },
  17 | (app/discover/page.tsx:108:15)
[browser] Failed to fetch notifications AxiosError: Request failed with status code 404 (components/layout/Navbar.tsx:57:17)
Failed to proxy https://o4511542285041664.ingest.us.sentry.io/api/4511542310141952/envelope/?o=4511542285041664&p=4511542310141952&r=us&hsts=0 Error: getaddrinfo ENOTFOUND o4511542285041664.ingest.us.sentry.io
    at ignore-listed frames {
  errno: -3008,
  code: 'ENOTFOUND',
  syscall: 'getaddrinfo',
  hostname: 'o4511542285041664.ingest.us.sentry.io'
}
Error: getaddrinfo ENOTFOUND o4511542285041664.ingest.us.sentry.io
    at ignore-listed frames {
  errno: -3008,
  code: 'ENOTFOUND',
  syscall: 'getaddrinfo',
  hostname: 'o4511542285041664.ingest.us.sentry.io'
}
[browser] Failed to fetch notifications AxiosError: Request failed with status code 404 (components/layout/Navbar.tsx:57:17)
[browser] Failed to fetch notifications AxiosError: Request failed with status code 404 (components/layout/Navbar.tsx:57:17)
Failed to proxy https://o4511542285041664.ingest.us.sentry.io/api/4511542310141952/envelope/?o=4511542285041664&p=4511542310141952&r=us&hsts=0 Error: getaddrinfo ENOTFOUND o4511542285041664.ingest.us.sentry.io
    at ignore-listed frames {
  errno: -3008,
  code: 'ENOTFOUND',
  syscall: 'getaddrinfo',
  hostname: 'o4511542285041664.ingest.us.sentry.io'
}
Error: getaddrinfo ENOTFOUND o4511542285041664.ingest.us.sentry.io
    at ignore-listed frames {
  errno: -3008,
  code: 'ENOTFOUND',
  syscall: 'getaddrinfo',
  hostname: 'o4511542285041664.ingest.us.sentry.io'
}
 GET / 200 in 510ms (next.js: 24ms, application-code: 486ms)
[browser] Failed to load homepage data: AxiosError: Request failed with status code 404
    at async Object.getTrending (lib/api/outfits.ts:24:22)
    at async loadData (app/page.tsx:100:27)
  22 |
  23 |   getTrending: async (limit = 12): Promise<Outfit[]> => {
> 24 |     const { data } = await client.get<APIResponse<Outfit[]>>(`/outfits/trending?limit=${li...
     |                      ^
  25 |     return data.data || [];
  26 |   },
  27 | (app/page.tsx:139:17)
[browser] Failed to fetch support tickets: AxiosError: Request failed with status code 404
    at async Object.getMyTickets (lib/api/support.ts:17:17)
    at async fetchTickets (stores/support.store.ts:46:11)
  15 |   },
  16 |   getMyTickets: async () => {
> 17 |     const res = await api.get('/support/tickets');
     |                 ^
  18 |     return res.data.data;
  19 |   },
  20 |   getAllTickets: async () => { (stores/support.store.ts:49:15)
[browser] Failed to fetch notifications AxiosError: Request failed with status code 404 (components/layout/Navbar.tsx:57:17)
[browser] Failed to fetch notifications AxiosError: Request failed with status code 404 (components/layout/Navbar.tsx:57:17)
[browser] Failed to fetch notifications AxiosError: Request failed with status code 404 (components/layout/Navbar.tsx:57:17)
 GET /admin-studio 200 in 2.3s (next.js: 664ms, application-code: 1672ms)
[browser] Failed to fetch support tickets: AxiosError: Request failed with status code 404
    at async Object.getMyTickets (lib/api/support.ts:17:17)
    at async fetchTickets (stores/support.store.ts:46:11)
  15 |   },
  16 |   getMyTickets: async () => {
> 17 |     const res = await api.get('/support/tickets');
     |                 ^
  18 |     return res.data.data;
  19 |   },
  20 |   getAllTickets: async () => { (stores/support.store.ts:49:15)
[browser] Failed to fetch notifications AxiosError: Request failed with status code 404 (components/layout/Navbar.tsx:57:17)
[browser] Failed to fetch notifications AxiosError: Request failed with status code 404 (components/layout/Navbar.tsx:57:17)
[browser] Failed to fetch notifications AxiosError: Request failed with status code 404 (components/layout/Navbar.tsx:57:17)
[browser] Failed to fetch notifications AxiosError: Request failed with status code 404 (components/layout/Navbar.tsx:57:17)
[browser] Failed to fetch notifications AxiosError: Request failed with status code 404 (components/layout/Navbar.tsx:57:17)
[browser] The width(-1) and height(-1) of chart should be greater than 0,
       please check the style of container, or the props width(100%) and height(100%),
       or add a minWidth(0) or minHeight(undefined) or use aspect(undefined) to control the
       height and width.
[browser] The width(-1) and height(-1) of chart should be greater than 0,
       please check the style of container, or the props width(100%) and height(100%),
       or add a minWidth(0) or minHeight(undefined) or use aspect(undefined) to control the
       height and width.
[browser] AxiosError: Request failed with status code 404
    at async Object.getStats (lib/api/admin.ts:60:22)
    at async loadAllData (app/admin-studio/page.tsx:94:58)
  58 | export const adminAPI = {
  59 |   getStats: async (): Promise<AdminStats> => {
> 60 |     const { data } = await client.get<APIResponse<AdminStats>>('/admin/stats');
     |                      ^
  61 |     return data.data!;
  62 |   },
  63 | (app/admin-studio/page.tsx:110:15)
[browser] Failed to fetch notifications AxiosError: Request failed with status code 404 (components/layout/Navbar.tsx:57:17)
[browser] AxiosError: Request failed with status code 404
    at async Object.getStats (lib/api/admin.ts:60:22)
    at async loadAllData (app/admin-studio/page.tsx:94:58)
  58 | export const adminAPI = {
  59 |   getStats: async (): Promise<AdminStats> => {
> 60 |     const { data } = await client.get<APIResponse<AdminStats>>('/admin/stats');
     |                      ^
  61 |     return data.data!;
  62 |   },
  63 | (app/admin-studio/page.tsx:110:15)
[browser] Failed to fetch notifications AxiosError: Request failed with status code 404 (components/layout/Navbar.tsx:57:17)
 GET /seller-dashboard 404 in 606ms (next.js: 303ms, application-code: 303ms)
[browser] Failed to fetch support tickets: AxiosError: Request failed with status code 404
    at async Object.getMyTickets (lib/api/support.ts:17:17)
    at async fetchTickets (stores/support.store.ts:46:11)
  15 |   },
  16 |   getMyTickets: async () => {
> 17 |     const res = await api.get('/support/tickets');
     |                 ^
  18 |     return res.data.data;
  19 |   },
  20 |   getAllTickets: async () => { (stores/support.store.ts:49:15)
[browser] Failed to fetch notifications AxiosError: Request failed with status code 404 (components/layout/Navbar.tsx:57:17)
 GET / 200 in 341ms (next.js: 21ms, application-code: 320ms)
[browser] Failed to load homepage data: AxiosError: Request failed with status code 404
    at async Object.getTrending (lib/api/outfits.ts:24:22)
    at async loadData (app/page.tsx:100:27)
  22 |
  23 |   getTrending: async (limit = 12): Promise<Outfit[]> => {
> 24 |     const { data } = await client.get<APIResponse<Outfit[]>>(`/outfits/trending?limit=${li...
     |                      ^
  25 |     return data.data || [];
  26 |   },
  27 | (app/page.tsx:139:17)
[browser] Failed to fetch support tickets: AxiosError: Request failed with status code 404
    at async Object.getMyTickets (lib/api/support.ts:17:17)
    at async fetchTickets (stores/support.store.ts:46:11)
  15 |   },
  16 |   getMyTickets: async () => {
> 17 |     const res = await api.get('/support/tickets');
     |                 ^
  18 |     return res.data.data;
  19 |   },
  20 |   getAllTickets: async () => { (stores/support.store.ts:49:15)
[browser] Failed to fetch notifications AxiosError: Request failed with status code 404 (components/layout/Navbar.tsx:57:17)
[browser] Failed to fetch notifications AxiosError: Request failed with status code 404 (components/layout/Navbar.tsx:57:17)
 GET /register 200 in 823ms (next.js: 172ms, proxy.ts: 17ms, application-code: 635ms)
⨯ upstream image response failed for https://images.unsplash.com/photo-1610030469983-398883ce42d1?w=1000&h=1500&fit=crop 404
[browser] Unable to access iframe: SecurityError: Failed to read a named property 'document' from 'Window': Blocked a frame with origin "http://localhost:3000" from accessing a cross-origin frame.
    at buildDomTree (file://:290:30)
    at buildDomTree (file://:290:30)
    at buildDomTree (file://:290:30)
    at buildDomTree (file://:290:30)
    at buildDomTree (file://:290:30)
    at buildDomTree (file://:290:30)
    at buildDomTree (file://:290:30)
    at buildDomTree (file://:290:30)
    at buildDomTree (file://:290:30)
    at eval (file://:290:30)
    at UtilityScript.evaluate (<anonymous>:297:18)
    at UtilityScript.<anonymous> (<anonymous>:1:44) (file://:290:30)
[browser] [GSI_LOGGER]: FedCM get() rejects with AbortError: signal is aborted without reason 
    at _.H (https://accounts.google.com/gsi/client:88:89)
    at _.Hu.ka (https://accounts.google.com/gsi/client:346:353)
    at Object.ka (https://accounts.google.com/gsi/client:348:416)
    at <unknown> (https://accounts.google.com/gsi/client:307:671) (https://accounts.google.com/gsi/client:88:89)
[browser] Unable to access iframe: SecurityError: Failed to read a named property 'document' from 'Window': Blocked a frame with origin "http://localhost:3000" from accessing a cross-origin frame.
    at buildDomTree (file://:290:30)
    at buildDomTree (file://:290:30)
    at buildDomTree (file://:290:30)
    at buildDomTree (file://:290:30)
    at buildDomTree (file://:290:30)
    at buildDomTree (file://:290:30)
    at buildDomTree (file://:290:30)
    at buildDomTree (file://:290:30)
    at buildDomTree (file://:290:30)
    at eval (file://:290:30)
    at UtilityScript.evaluate (<anonymous>:297:18)
    at UtilityScript.<anonymous> (<anonymous>:1:44) (file://:290:30)
[browser] Unable to access iframe: SecurityError: Failed to read a named property 'document' from 'Window': Blocked a frame with origin "http://localhost:3000" from accessing a cross-origin frame.
    at buildDomTree (file://:290:30)
    at buildDomTree (file://:290:30)
    at buildDomTree (file://:290:30)
    at buildDomTree (file://:290:30)
    at buildDomTree (file://:290:30)
    at buildDomTree (file://:290:30)
    at buildDomTree (file://:290:30)
    at buildDomTree (file://:290:30)
    at buildDomTree (file://:290:30)
    at eval (file://:290:30)
    at UtilityScript.evaluate (<anonymous>:297:18)
    at UtilityScript.<anonymous> (<anonymous>:1:44) (file://:290:30)
[browser] Unable to access iframe: SecurityError: Failed to read a named property 'document' from 'Window': Blocked a frame with origin "http://localhost:3000" from accessing a cross-origin frame.
    at buildDomTree (file://:290:30)
    at buildDomTree (file://:290:30)
    at buildDomTree (file://:290:30)
    at buildDomTree (file://:290:30)
    at buildDomTree (file://:290:30)
    at buildDomTree (file://:290:30)
    at buildDomTree (file://:290:30)
    at buildDomTree (file://:290:30)
    at buildDomTree (file://:290:30)
    at eval (file://:290:30)
    at UtilityScript.evaluate (<anonymous>:297:18)
    at UtilityScript.<anonymous> (<anonymous>:1:44) (file://:290:30)
 GET /login 200 in 1010ms (next.js: 251ms, proxy.ts: 28ms, application-code: 731ms)
[browser] Image with src "https://images.unsplash.com/photo-1595777457583-95e059d581b8?w=1000&h=1500&fit=crop" has "fill" but is missing "sizes" prop. Please add it to improve page performance. Read more: https://nextjs.org/docs/api-reference/next/image#sizes
[browser] Unable to access iframe: SecurityError: Failed to read a named property 'document' from 'Window': Blocked a frame with origin "http://localhost:3000" from accessing a cross-origin frame.
    at buildDomTree (file://:290:30)
    at buildDomTree (file://:290:30)
    at buildDomTree (file://:290:30)
    at buildDomTree (file://:290:30)
    at buildDomTree (file://:290:30)
    at buildDomTree (file://:290:30)
    at buildDomTree (file://:290:30)
    at buildDomTree (file://:290:30)
    at buildDomTree (file://:290:30)
    at eval (file://:290:30)
    at UtilityScript.evaluate (<anonymous>:297:18)
    at UtilityScript.<anonymous> (<anonymous>:1:44) (file://:290:30)
[browser] [GSI_LOGGER]: FedCM get() rejects with AbortError: signal is aborted without reason 
    at _.H (https://accounts.google.com/gsi/client:88:89)
    at _.Hu.ka (https://accounts.google.com/gsi/client:346:353)
    at Object.ka (https://accounts.google.com/gsi/client:348:416)
    at <unknown> (https://accounts.google.com/gsi/client:307:671) (https://accounts.google.com/gsi/client:88:89)
[browser] Unable to access iframe: SecurityError: Failed to read a named property 'document' from 'Window': Blocked a frame with origin "http://localhost:3000" from accessing a cross-origin frame.
    at buildDomTree (file://:290:30)
    at buildDomTree (file://:290:30)
    at buildDomTree (file://:290:30)
    at buildDomTree (file://:290:30)
    at buildDomTree (file://:290:30)
    at buildDomTree (file://:290:30)
    at buildDomTree (file://:290:30)
    at buildDomTree (file://:290:30)
    at buildDomTree (file://:290:30)
    at eval (file://:290:30)
    at UtilityScript.evaluate (<anonymous>:297:18)
    at UtilityScript.<anonymous> (<anonymous>:1:44) (file://:290:30)
[browser] Unable to access iframe: SecurityError: Failed to read a named property 'document' from 'Window': Blocked a frame with origin "http://localhost:3000" from accessing a cross-origin frame.
    at buildDomTree (file://:290:30)
    at buildDomTree (file://:290:30)
    at buildDomTree (file://:290:30)
    at buildDomTree (file://:290:30)
    at buildDomTree (file://:290:30)
    at buildDomTree (file://:290:30)
    at buildDomTree (file://:290:30)
    at buildDomTree (file://:290:30)
    at buildDomTree (file://:290:30)
    at eval (file://:290:30)
    at UtilityScript.evaluate (<anonymous>:297:18)
    at UtilityScript.<anonymous> (<anonymous>:1:44) (file://:290:30)
 GET /register 200 in 162ms (next.js: 25ms, proxy.ts: 34ms, application-code: 102ms)
⨯ upstream image response failed for https://images.unsplash.com/photo-1610030469983-398883ce42d1?w=1000&h=1500&fit=crop 404
[browser] [GSI_LOGGER]: google.accounts.id.initialize() is called multiple times. This could cause unexpected behavior and only the last initialized instance will be used. (https://accounts.google.com/gsi/client:87:460)
[browser] [GSI_LOGGER]: google.accounts.id.initialize() is called multiple times. This could cause unexpected behavior and only the last initialized instance will be used. (https://accounts.google.com/gsi/client:87:460)
[browser] [GSI_LOGGER]: FedCM get() rejects with NotAllowedError: Only one navigator.credentials.get request may be outstanding at one time. 
    at _.H (https://accounts.google.com/gsi/client:88:89)
    at _.Hu.ka (https://accounts.google.com/gsi/client:346:353)
    at Object.ka (https://accounts.google.com/gsi/client:348:416)
    at <unknown> (https://accounts.google.com/gsi/client:307:671) (https://accounts.google.com/gsi/client:88:89)
[browser] Unable to access iframe: SecurityError: Failed to read a named property 'document' from 'Window': Blocked a frame with origin "http://localhost:3000" from accessing a cross-origin frame.
    at buildDomTree (file://:290:30)
    at buildDomTree (file://:290:30)
    at buildDomTree (file://:290:30)
    at buildDomTree (file://:290:30)
    at buildDomTree (file://:290:30)
    at buildDomTree (file://:290:30)
    at buildDomTree (file://:290:30)
    at buildDomTree (file://:290:30)
    at buildDomTree (file://:290:30)
    at eval (file://:290:30)
    at UtilityScript.evaluate (<anonymous>:297:18)
    at UtilityScript.<anonymous> (<anonymous>:1:44) (file://:290:30)
[browser] [GSI_LOGGER]: FedCM get() rejects with AbortError: signal is aborted without reason 
    at _.H (https://accounts.google.com/gsi/client:88:89)
    at _.Hu.ka (https://accounts.google.com/gsi/client:346:353)
    at Object.ka (https://accounts.google.com/gsi/client:348:416)
    at <unknown> (https://accounts.google.com/gsi/client:307:671) (https://accounts.google.com/gsi/client:88:89)
[browser] Unable to access iframe: SecurityError: Failed to read a named property 'document' from 'Window': Blocked a frame with origin "http://localhost:3000" from accessing a cross-origin frame.
    at buildDomTree (file://:290:30)
    at buildDomTree (file://:290:30)
    at buildDomTree (file://:290:30)
    at buildDomTree (file://:290:30)
    at buildDomTree (file://:290:30)
    at buildDomTree (file://:290:30)
    at buildDomTree (file://:290:30)
    at buildDomTree (file://:290:30)
    at buildDomTree (file://:290:30)
    at eval (file://:290:30)
    at UtilityScript.evaluate (<anonymous>:297:18)
    at UtilityScript.<anonymous> (<anonymous>:1:44) (file://:290:30)
[browser] Unable to access iframe: SecurityError: Failed to read a named property 'document' from 'Window': Blocked a frame with origin "http://localhost:3000" from accessing a cross-origin frame.
    at buildDomTree (file://:290:30)
    at buildDomTree (file://:290:30)
    at buildDomTree (file://:290:30)
    at buildDomTree (file://:290:30)
    at buildDomTree (file://:290:30)
    at buildDomTree (file://:290:30)
    at buildDomTree (file://:290:30)
    at buildDomTree (file://:290:30)
    at buildDomTree (file://:290:30)
    at eval (file://:290:30)
    at UtilityScript.evaluate (<anonymous>:297:18)
    at UtilityScript.<anonymous> (<anonymous>:1:44) (file://:290:30)
 GET /api/v1/outfits 404 in 260ms (next.js: 30ms, application-code: 230ms)
 GET /api/v1/outfits 404 in 218ms (next.js: 25ms, application-code: 193ms)
 GET /discover 200 in 336ms (next.js: 18ms, application-code: 318ms)
[browser] Failed to fetch outfits: AxiosError: Request failed with status code 404
    at async Object.browse (lib/api/outfits.ts:14:22)
    at async DiscoverContent.useCallback[fetchOutfits] (app/discover/page.tsx:84:45)
  12 |       });
  13 |     }
> 14 |     const { data } = await client.get<APIResponse<Outfit[]>>(`/outfits?${params.toString()...
     |                      ^
  15 |     return { outfits: data.data || [], meta: data.meta! };
  16 |   },
  17 | (app/discover/page.tsx:108:15)
 GET /login?redirect=%2Fbooking%2Fcheckout 200 in 289ms (next.js: 25ms, proxy.ts: 16ms, application-code: 248ms)
[browser] Image with src "https://images.unsplash.com/photo-1595777457583-95e059d581b8?w=1000&h=1500&fit=crop" has "fill" but is missing "sizes" prop. Please add it to improve page performance. Read more: https://nextjs.org/docs/api-reference/next/image#sizes
[browser] Unable to access iframe: SecurityError: Failed to read a named property 'document' from 'Window': Blocked a frame with origin "http://localhost:3000" from accessing a cross-origin frame.
    at buildDomTree (file://:290:30)
    at buildDomTree (file://:290:30)
    at buildDomTree (file://:290:30)
    at buildDomTree (file://:290:30)
    at buildDomTree (file://:290:30)
    at buildDomTree (file://:290:30)
    at buildDomTree (file://:290:30)
    at buildDomTree (file://:290:30)
    at buildDomTree (file://:290:30)
    at eval (file://:290:30)
    at UtilityScript.evaluate (<anonymous>:297:18)
    at UtilityScript.<anonymous> (<anonymous>:1:44) (file://:290:30)
 GET /register 200 in 181ms (next.js: 43ms, proxy.ts: 30ms, application-code: 108ms)
[browser] [GSI_LOGGER]: FedCM get() rejects with AbortError: signal is aborted without reason 
    at _.H (https://accounts.google.com/gsi/client:88:89)
    at _.Hu.ka (https://accounts.google.com/gsi/client:346:353)
    at Object.ka (https://accounts.google.com/gsi/client:348:416)
    at <unknown> (https://accounts.google.com/gsi/client:307:671) (https://accounts.google.com/gsi/client:88:89)
[browser] [GSI_LOGGER]: google.accounts.id.initialize() is called multiple times. This could cause unexpected behavior and only the last initialized instance will be used. (https://accounts.google.com/gsi/client:87:460)
[browser] [GSI_LOGGER]: google.accounts.id.initialize() is called multiple times. This could cause unexpected behavior and only the last initialized instance will be used. (https://accounts.google.com/gsi/client:87:460)
[browser] [GSI_LOGGER]: FedCM get() rejects with NotAllowedError: Only one navigator.credentials.get request may be outstanding at one time. 
    at _.H (https://accounts.google.com/gsi/client:88:89)
    at _.Hu.ka (https://accounts.google.com/gsi/client:346:353)
    at Object.ka (https://accounts.google.com/gsi/client:348:416)
    at <unknown> (https://accounts.google.com/gsi/client:307:671) (https://accounts.google.com/gsi/client:88:89)
⨯ upstream image response failed for https://images.unsplash.com/photo-1610030469983-398883ce42d1?w=1000&h=1500&fit=crop 404
[browser] Unable to access iframe: SecurityError: Failed to read a named property 'document' from 'Window': Blocked a frame with origin "http://localhost:3000" from accessing a cross-origin frame.
    at buildDomTree (file://:290:30)
    at buildDomTree (file://:290:30)
    at buildDomTree (file://:290:30)
    at buildDomTree (file://:290:30)
    at buildDomTree (file://:290:30)
    at buildDomTree (file://:290:30)
    at buildDomTree (file://:290:30)
    at buildDomTree (file://:290:30)
    at buildDomTree (file://:290:30)
    at eval (file://:290:30)
    at UtilityScript.evaluate (<anonymous>:297:18)
    at UtilityScript.<anonymous> (<anonymous>:1:44) (file://:290:30)
[browser] [GSI_LOGGER]: FedCM get() rejects with AbortError: signal is aborted without reason 
    at _.H (https://accounts.google.com/gsi/client:88:89)
    at _.Hu.ka (https://accounts.google.com/gsi/client:346:353)
    at Object.ka (https://accounts.google.com/gsi/client:348:416)
    at <unknown> (https://accounts.google.com/gsi/client:307:671) (https://accounts.google.com/gsi/client:88:89)
[browser] Unable to access iframe: SecurityError: Failed to read a named property 'document' from 'Window': Blocked a frame with origin "http://localhost:3000" from accessing a cross-origin frame.
    at buildDomTree (file://:290:30)
    at buildDomTree (file://:290:30)
    at buildDomTree (file://:290:30)
    at buildDomTree (file://:290:30)
    at buildDomTree (file://:290:30)
    at buildDomTree (file://:290:30)
    at buildDomTree (file://:290:30)
    at buildDomTree (file://:290:30)
    at buildDomTree (file://:290:30)
    at eval (file://:290:30)
    at UtilityScript.evaluate (<anonymous>:297:18)
    at UtilityScript.<anonymous> (<anonymous>:1:44) (file://:290:30)
[browser] Unable to access iframe: SecurityError: Failed to read a named property 'document' from 'Window': Blocked a frame with origin "http://localhost:3000" from accessing a cross-origin frame.
    at buildDomTree (file://:290:30)
    at buildDomTree (file://:290:30)
    at buildDomTree (file://:290:30)
    at buildDomTree (file://:290:30)
    at buildDomTree (file://:290:30)
    at buildDomTree (file://:290:30)
    at buildDomTree (file://:290:30)
    at buildDomTree (file://:290:30)
    at buildDomTree (file://:290:30)
    at eval (file://:290:30)
    at UtilityScript.evaluate (<anonymous>:297:18)
    at UtilityScript.<anonymous> (<anonymous>:1:44) (file://:290:30)
 GET /register?role=both 200 in 450ms (next.js: 30ms, proxy.ts: 24ms, application-code: 397ms)
⨯ upstream image response failed for https://images.unsplash.com/photo-1610030469983-398883ce42d1?w=1000&h=1500&fit=crop 404
[browser] Image with src "https://images.unsplash.com/photo-1610030469983-398883ce42d1?w=1000&h=1500&fit=crop" has "fill" but is missing "sizes" prop. Please add it to improve page performance. Read more: https://nextjs.org/docs/api-reference/next/image#sizes
[browser] Unable to access iframe: SecurityError: Failed to read a named property 'document' from 'Window': Blocked a frame with origin "http://localhost:3000" from accessing a cross-origin frame.
    at buildDomTree (file://:290:30)
    at buildDomTree (file://:290:30)
    at buildDomTree (file://:290:30)
    at buildDomTree (file://:290:30)
    at buildDomTree (file://:290:30)
    at buildDomTree (file://:290:30)
    at buildDomTree (file://:290:30)
    at buildDomTree (file://:290:30)
    at buildDomTree (file://:290:30)
    at eval (file://:290:30)
    at UtilityScript.evaluate (<anonymous>:297:18)
    at UtilityScript.<anonymous> (<anonymous>:1:44) (file://:290:30)
[browser] [GSI_LOGGER]: FedCM get() rejects with AbortError: signal is aborted without reason 
    at _.H (https://accounts.google.com/gsi/client:88:89)
    at _.Hu.ka (https://accounts.google.com/gsi/client:346:353)
    at Object.ka (https://accounts.google.com/gsi/client:348:416)
    at <unknown> (https://accounts.google.com/gsi/client:307:671) (https://accounts.google.com/gsi/client:88:89)
[browser] Unable to access iframe: SecurityError: Failed to read a named property 'document' from 'Window': Blocked a frame with origin "http://localhost:3000" from accessing a cross-origin frame.
    at buildDomTree (file://:290:30)
    at buildDomTree (file://:290:30)
    at buildDomTree (file://:290:30)
    at buildDomTree (file://:290:30)
    at buildDomTree (file://:290:30)
    at buildDomTree (file://:290:30)
    at buildDomTree (file://:290:30)
    at buildDomTree (file://:290:30)
    at buildDomTree (file://:290:30)
    at eval (file://:290:30)
    at UtilityScript.evaluate (<anonymous>:297:18)
    at UtilityScript.<anonymous> (<anonymous>:1:44) (file://:290:30)
[browser] Unable to access iframe: SecurityError: Failed to read a named property 'document' from 'Window': Blocked a frame with origin "http://localhost:3000" from accessing a cross-origin frame.
    at buildDomTree (file://:290:30)
    at buildDomTree (file://:290:30)
    at buildDomTree (file://:290:30)
    at buildDomTree (file://:290:30)
    at buildDomTree (file://:290:30)
    at buildDomTree (file://:290:30)
    at buildDomTree (file://:290:30)
    at buildDomTree (file://:290:30)
    at buildDomTree (file://:290:30)
    at eval (file://:290:30)
    at UtilityScript.evaluate (<anonymous>:297:18)
    at UtilityScript.<anonymous> (<anonymous>:1:44) (file://:290:30)
 GET /login 200 in 127ms (next.js: 21ms, proxy.ts: 26ms, application-code: 79ms)
[browser] [GSI_LOGGER]: google.accounts.id.initialize() is called multiple times. This could cause unexpected behavior and only the last initialized instance will be used. (https://accounts.google.com/gsi/client:87:460)
[browser] [GSI_LOGGER]: google.accounts.id.initialize() is called multiple times. This could cause unexpected behavior and only the last initialized instance will be used. (https://accounts.google.com/gsi/client:87:460)
[browser] Image with src "https://images.unsplash.com/photo-1595777457583-95e059d581b8?w=1000&h=1500&fit=crop" has "fill" but is missing "sizes" prop. Please add it to improve page performance. Read more: https://nextjs.org/docs/api-reference/next/image#sizes
[browser] [GSI_LOGGER]: FedCM get() rejects with NotAllowedError: Only one navigator.credentials.get request may be outstanding at one time. 
    at _.H (https://accounts.google.com/gsi/client:88:89)
    at _.Hu.ka (https://accounts.google.com/gsi/client:346:353)
    at Object.ka (https://accounts.google.com/gsi/client:348:416)
    at <unknown> (https://accounts.google.com/gsi/client:307:671) (https://accounts.google.com/gsi/client:88:89)
[browser] Unable to access iframe: SecurityError: Failed to read a named property 'document' from 'Window': Blocked a frame with origin "http://localhost:3000" from accessing a cross-origin frame.
    at buildDomTree (file://:290:30)
    at buildDomTree (file://:290:30)
    at buildDomTree (file://:290:30)
    at buildDomTree (file://:290:30)
    at buildDomTree (file://:290:30)
    at buildDomTree (file://:290:30)
    at buildDomTree (file://:290:30)
    at buildDomTree (file://:290:30)
    at buildDomTree (file://:290:30)
    at eval (file://:290:30)
    at UtilityScript.evaluate (<anonymous>:297:18)
    at UtilityScript.<anonymous> (<anonymous>:1:44) (file://:290:30)
[browser] [GSI_LOGGER]: FedCM get() rejects with AbortError: signal is aborted without reason 
    at _.H (https://accounts.google.com/gsi/client:88:89)
    at _.Hu.ka (https://accounts.google.com/gsi/client:346:353)
    at Object.ka (https://accounts.google.com/gsi/client:348:416)
    at <unknown> (https://accounts.google.com/gsi/client:307:671) (https://accounts.google.com/gsi/client:88:89)
[browser] Unable to access iframe: SecurityError: Failed to read a named property 'document' from 'Window': Blocked a frame with origin "http://localhost:3000" from accessing a cross-origin frame.
    at buildDomTree (file://:290:30)
    at buildDomTree (file://:290:30)
    at buildDomTree (file://:290:30)
    at buildDomTree (file://:290:30)
    at buildDomTree (file://:290:30)
    at buildDomTree (file://:290:30)
    at buildDomTree (file://:290:30)
    at buildDomTree (file://:290:30)
    at buildDomTree (file://:290:30)
    at eval (file://:290:30)
    at UtilityScript.evaluate (<anonymous>:297:18)
    at UtilityScript.<anonymous> (<anonymous>:1:44) (file://:290:30)
 GET /login 200 in 409ms (next.js: 22ms, proxy.ts: 18ms, application-code: 369ms)
[browser] Image with src "https://images.unsplash.com/photo-1595777457583-95e059d581b8?w=1000&h=1500&fit=crop" has "fill" but is missing "sizes" prop. Please add it to improve page performance. Read more: https://nextjs.org/docs/api-reference/next/image#sizes
[browser] Unable to access iframe: SecurityError: Failed to read a named property 'document' from 'Window': Blocked a frame with origin "http://localhost:3000" from accessing a cross-origin frame.
    at buildDomTree (file://:290:30)
    at buildDomTree (file://:290:30)
    at buildDomTree (file://:290:30)
    at buildDomTree (file://:290:30)
    at buildDomTree (file://:290:30)
    at buildDomTree (file://:290:30)
    at buildDomTree (file://:290:30)
    at buildDomTree (file://:290:30)
    at buildDomTree (file://:290:30)
    at eval (file://:290:30)
    at UtilityScript.evaluate (<anonymous>:297:18)
    at UtilityScript.<anonymous> (<anonymous>:1:44) (file://:290:30)
[browser] [GSI_LOGGER]: FedCM get() rejects with AbortError: signal is aborted without reason 
    at _.H (https://accounts.google.com/gsi/client:88:89)
    at _.Hu.ka (https://accounts.google.com/gsi/client:346:353)
    at Object.ka (https://accounts.google.com/gsi/client:348:416)
    at <unknown> (https://accounts.google.com/gsi/client:307:671) (https://accounts.google.com/gsi/client:88:89)
[browser] Unable to access iframe: SecurityError: Failed to read a named property 'document' from 'Window': Blocked a frame with origin "http://localhost:3000" from accessing a cross-origin frame.
    at buildDomTree (file://:290:30)
    at buildDomTree (file://:290:30)
    at buildDomTree (file://:290:30)
    at buildDomTree (file://:290:30)
    at buildDomTree (file://:290:30)
    at buildDomTree (file://:290:30)
    at buildDomTree (file://:290:30)
    at buildDomTree (file://:290:30)
    at buildDomTree (file://:290:30)
    at eval (file://:290:30)
    at UtilityScript.evaluate (<anonymous>:297:18)
    at UtilityScript.<anonymous> (<anonymous>:1:44) (file://:290:30)
 GET /login?redirect=%2Fbooking%2Fcheckout 200 in 347ms (next.js: 29ms, proxy.ts: 37ms, application-code: 282ms)
[browser] Image with src "https://images.unsplash.com/photo-1595777457583-95e059d581b8?w=1000&h=1500&fit=crop" has "fill" but is missing "sizes" prop. Please add it to improve page performance. Read more: https://nextjs.org/docs/api-reference/next/image#sizes
 GET /login?redirect=%2Fbooking%2Fcheckout 200 in 337ms (next.js: 23ms, proxy.ts: 21ms, application-code: 294ms)
[browser] Image with src "https://images.unsplash.com/photo-1595777457583-95e059d581b8?w=1000&h=1500&fit=crop" has "fill" but is missing "sizes" prop. Please add it to improve page performance. Read more: https://nextjs.org/docs/api-reference/next/image#sizes
[browser] Failed to fetch support tickets: AxiosError: Request failed with status code 404
    at async Object.getMyTickets (lib/api/support.ts:17:17)
    at async fetchTickets (stores/support.store.ts:46:11)
  15 |   },
  16 |   getMyTickets: async () => {
> 17 |     const res = await api.get('/support/tickets');
     |                 ^
  18 |     return res.data.data;
  19 |   },
  20 |   getAllTickets: async () => { (stores/support.store.ts:49:15)
[browser] Failed to fetch notifications AxiosError: Request failed with status code 404 (components/layout/Navbar.tsx:57:17)
[browser] Failed to fetch notifications AxiosError: Request failed with status code 404 (components/layout/Navbar.tsx:57:17)
 GET /login?redirect=%2Fbooking%2Fcheckout 200 in 112ms (next.js: 21ms, proxy.ts: 14ms, application-code: 77ms)
[browser] Failed to fetch RSC payload for http://localhost:3000/booking/checkout. Falling back to browser navigation. TypeError: Failed to execute 'text' on 'Response': body stream already read
    at window.fetch (file://:290:30)
 GET /login?redirect=%2Fbooking%2Fcheckout 200 in 358ms (next.js: 27ms, proxy.ts: 27ms, application-code: 305ms)
[browser] Image with src "https://images.unsplash.com/photo-1595777457583-95e059d581b8?w=1000&h=1500&fit=crop" has "fill" but is missing "sizes" prop. Please add it to improve page performance. Read more: https://nextjs.org/docs/api-reference/next/image#sizes
[browser] Failed to fetch support tickets: AxiosError: Request failed with status code 404
    at async Object.getMyTickets (lib/api/support.ts:17:17)
    at async fetchTickets (stores/support.store.ts:46:11)
  15 |   },
  16 |   getMyTickets: async () => {
> 17 |     const res = await api.get('/support/tickets');
     |                 ^
  18 |     return res.data.data;
  19 |   },
  20 |   getAllTickets: async () => { (stores/support.store.ts:49:15)
[browser] Failed to fetch notifications AxiosError: Request failed with status code 404 (components/layout/Navbar.tsx:57:17)
[browser] Failed to fetch notifications AxiosError: Request failed with status code 404 (components/layout/Navbar.tsx:57:17)
[browser] Failed to fetch notifications AxiosError: Request failed with status code 404 (components/layout/Navbar.tsx:57:17)
 GET /login?redirect=%2Fbooking%2Fcheckout 200 in 147ms (next.js: 32ms, proxy.ts: 14ms, application-code: 101ms)
[browser] Failed to fetch RSC payload for http://localhost:3000/booking/checkout. Falling back to browser navigation. ReferenceError: res is not defined
    at window.fetch (file://:290:30)
 GET /login?redirect=%2Fbooking%2Fcheckout 200 in 409ms (next.js: 30ms, proxy.ts: 17ms, application-code: 362ms)
[browser] Image with src "https://images.unsplash.com/photo-1595777457583-95e059d581b8?w=1000&h=1500&fit=crop" has "fill" but is missing "sizes" prop. Please add it to improve page performance. Read more: https://nextjs.org/docs/api-reference/next/image#sizes
[browser] Failed to fetch support tickets: AxiosError: Request failed with status code 404
    at async Object.getMyTickets (lib/api/support.ts:17:17)
    at async fetchTickets (stores/support.store.ts:46:11)
  15 |   },
  16 |   getMyTickets: async () => {
> 17 |     const res = await api.get('/support/tickets');
     |                 ^
  18 |     return res.data.data;
  19 |   },
  20 |   getAllTickets: async () => { (stores/support.store.ts:49:15)
[browser] Failed to fetch notifications AxiosError: Request failed with status code 404 (components/layout/Navbar.tsx:57:17)
[browser] Failed to fetch notifications AxiosError: Request failed with status code 404 (components/layout/Navbar.tsx:57:17)
 GET /login?redirect=%2Fbooking%2Fcheckout 200 in 106ms (next.js: 16ms, proxy.ts: 15ms, application-code: 75ms)
[browser] Failed to fetch notifications AxiosError: Request failed with status code 404 (components/layout/Navbar.tsx:57:17)
[browser] Failed to fetch notifications AxiosError: Request failed with status code 404 (components/layout/Navbar.tsx:57:17)
[browser] Failed to fetch notifications AxiosError: Request failed with status code 404 (components/layout/Navbar.tsx:57:17)
[browser] Failed to fetch notifications AxiosError: Request failed with status code 404 (components/layout/Navbar.tsx:57:17)
[browser] Failed to fetch notifications AxiosError: Request failed with status code 404 (components/layout/Navbar.tsx:57:17)
[browser] Failed to fetch notifications AxiosError: Request failed with status code 404 (components/layout/Navbar.tsx:57:17)
[browser] Failed to fetch notifications AxiosError: Request failed with status code 404 (components/layout/Navbar.tsx:57:17)
  Reload env: .env.local
✓ Compiled in 1053ms
[browser] Failed to fetch notifications AxiosError: Request failed with status code 404 (components/layout/Navbar.tsx:57:17)
⚠ Fast Refresh had to perform a full reload when ./node_modules/next/dist/client/image-component.js changed. Read more: https://nextjs.org/docs/messages/fast-refresh-reload
 GET /login?redirect=%2Fbooking%2Fcheckout 200 in 2.3s (next.js: 565ms, proxy.ts: 287ms, application-code: 1491ms)
 GET /login?redirect=%2Fbooking%2Fcheckout 200 in 1350ms (next.js: 1217ms, proxy.ts: 16ms, application-code: 117ms)
 GET /login?redirect=%2Fbooking%2Fcheckout 200 in 2.2s (next.js: 692ms, proxy.ts: 24ms, application-code: 1470ms)
[browser] Image with src "https://images.unsplash.com/photo-1595777457583-95e059d581b8?w=1000&h=1500&fit=crop" has "fill" but is missing "sizes" prop. Please add it to improve page performance. Read more: https://nextjs.org/docs/api-reference/next/image#sizes
[browser] Failed to fetch support tickets: AxiosError: Network Error
    at async Object.getMyTickets (lib/api/support.ts:17:17)
    at async fetchTickets (stores/support.store.ts:46:11)
  15 |   },
  16 |   getMyTickets: async () => {
> 17 |     const res = await api.get('/support/tickets');
     |                 ^
  18 |     return res.data.data;
  19 |   },
  20 |   getAllTickets: async () => { (stores/support.store.ts:49:15)
[browser] Failed to fetch notifications AxiosError: Network Error (components/layout/Navbar.tsx:57:17)
Failed to proxy https://o4511542285041664.ingest.us.sentry.io/api/4511542310141952/envelope/?o=4511542285041664&p=4511542310141952&r=us&hsts=0 Error: Client network socket disconnected before secure TLS connection was established
    at ignore-listed frames {
  code: 'ECONNRESET',
  path: null,
  host: 'o4511542285041664.ingest.us.sentry.io',
  port: 443,
  localAddress: undefined
}
Error: Client network socket disconnected before secure TLS connection was established
    at ignore-listed frames {
  code: 'ECONNRESET',
  path: null,
  host: 'o4511542285041664.ingest.us.sentry.io',
  port: 443,
  localAddress: undefined
}
Failed to proxy https://o4511542285041664.ingest.us.sentry.io/api/4511542310141952/envelope/?o=4511542285041664&p=4511542310141952&r=us&hsts=0 Error: Client network socket disconnected before secure TLS connection was established
    at ignore-listed frames {
  code: 'ECONNRESET',
  path: null,
  host: 'o4511542285041664.ingest.us.sentry.io',
  port: 443,
  localAddress: undefined
}
Error: Client network socket disconnected before secure TLS connection was established
    at ignore-listed frames {
  code: 'ECONNRESET',
  path: null,
  host: 'o4511542285041664.ingest.us.sentry.io',
  port: 443,
  localAddress: undefined
}
Failed to proxy https://o4511542285041664.ingest.us.sentry.io/api/4511542310141952/envelope/?o=4511542285041664&p=4511542310141952&r=us&hsts=0 Error: Client network socket disconnected before secure TLS connection was established
    at ignore-listed frames {
  code: 'ECONNRESET',
  path: null,
  host: 'o4511542285041664.ingest.us.sentry.io',
  port: 443,
  localAddress: undefined
}
Error: Client network socket disconnected before secure TLS connection was established
    at ignore-listed frames {
  code: 'ECONNRESET',
  path: null,
  host: 'o4511542285041664.ingest.us.sentry.io',
  port: 443,
  localAddress: undefined
}
Failed to proxy https://o4511542285041664.ingest.us.sentry.io/api/4511542310141952/envelope/?o=4511542285041664&p=4511542310141952&r=us&hsts=0 Error: Client network socket disconnected before secure TLS connection was established
    at ignore-listed frames {
  code: 'ECONNRESET',
  path: null,
  host: 'o4511542285041664.ingest.us.sentry.io',
  port: 443,
  localAddress: undefined
}
Error: Client network socket disconnected before secure TLS connection was established
    at ignore-listed frames {
  code: 'ECONNRESET',
  path: null,
  host: 'o4511542285041664.ingest.us.sentry.io',
  port: 443,
  localAddress: undefined
}
[browser] Failed to fetch notifications AxiosError: Network Error (components/layout/Navbar.tsx:57:17)
[browser] Failed to fetch notifications AxiosError: Network Error (components/layout/Navbar.tsx:57:17)
[browser] Failed to fetch notifications AxiosError: Network Error (components/layout/Navbar.tsx:57:17)
 GET /register 200 in 506ms (next.js: 387ms, proxy.ts: 13ms, application-code: 106ms)
[browser] [GSI_LOGGER]: google.accounts.id.initialize() is called multiple times. This could cause unexpected behavior and only the last initialized instance will be used. (https://accounts.google.com/gsi/client:87:460)
[browser] [GSI_LOGGER]: google.accounts.id.initialize() is called multiple times. This could cause unexpected behavior and only the last initialized instance will be used. (https://accounts.google.com/gsi/client:87:460)
[browser] [GSI_LOGGER]: FedCM get() rejects with NotAllowedError: Only one navigator.credentials.get request may be outstanding at one time. 
    at _.H (https://accounts.google.com/gsi/client:88:89)
    at _.Hu.ka (https://accounts.google.com/gsi/client:346:353)
    at Object.ka (https://accounts.google.com/gsi/client:348:416)
    at <unknown> (https://accounts.google.com/gsi/client:307:671) (https://accounts.google.com/gsi/client:88:89)
⨯ upstream image response failed for https://images.unsplash.com/photo-1610030469983-398883ce42d1?w=1000&h=1500&fit=crop 404
