
> frontend@0.1.0 build
> next build

node.exe : [@sentry/nextjs] DEPRECATION WARNING: disableLogger is deprecated and will be removed in a future version. 
Use webpack.treeshake.removeDebugLogging instead. (Not supported with Turbopack.)
At C:\Program Files\nodejs\npm.ps1:29 char:3
+   & $NODE_EXE $NPM_CLI_JS $args
+   ~~~~~~~~~~~~~~~~~~~~~~~~~~~~~
    + CategoryInfo          : NotSpecified: ([@sentry/nextjs...ith Turbopack.):String) [], RemoteException
    + FullyQualifiedErrorId : NativeCommandError
 
[@sentry/nextjs] DEPRECATION WARNING: automaticVercelMonitors is deprecated and will be removed in a future version. 
Use webpack.automaticVercelMonitors instead. (Not supported with Turbopack.)
▲ Next.js 16.2.6 (Turbopack)
- Environments: .env.local
- Experiments (use with caution):
  · clientTraceMetadata

⚠ The "middleware" file convention is deprecated. Please use "proxy" instead. Learn more: 
https://nextjs.org/docs/messages/middleware-to-proxy
  Creating an optimized production build ...
[@sentry/nextjs] DEPRECATION WARNING: disableLogger is deprecated and will be removed in a future version. Use 
webpack.treeshake.removeDebugLogging instead. (Not supported with Turbopack.)
[@sentry/nextjs] DEPRECATION WARNING: automaticVercelMonitors is deprecated and will be removed in a future version. 
Use webpack.automaticVercelMonitors instead. (Not supported with Turbopack.)
✓ Compiled successfully in 75s
  Running next.config.js provided runAfterProductionCompile ...
✓ Completed runAfterProductionCompile in 39.9s
  Running TypeScript ...
Failed to type check.
./app/admin/dashboard/page.tsx:63:28
Type error: Property 'transaction_history' does not exist on type 'AdminStats'.
  61 |         setStats(statsRes.value);
  62 |         // Use transaction_history and category_distribution from stats if available
> 63 |         if (statsRes.value.transaction_history && statsRes.value.transaction_history.lengt...
     |                            ^
  64 |           setTransactionData(statsRes.value.transaction_history);
  65 |         }
  66 |         if (statsRes.value.category_distribution && statsRes.value.category_distribution.l...
Next.js build worker exited with code: 1 and signal: null
