
> frontend@0.1.0 build
> next build

[@sentry/nextjs] DEPRECATION WARNING: disableLogger is deprecated and will be removed in a future version. Use webpack.treeshake.removeDebugLogging instead. (Not supported with Turbopack.)
[@sentry/nextjs] DEPRECATION WARNING: automaticVercelMonitors is deprecated and will be removed in a future version. Use webpack.automaticVercelMonitors instead. (Not supported with Turbopack.)
▲ Next.js 16.2.6 (Turbopack)
- Environments: .env.local
- Experiments (use with caution):
  · clientTraceMetadata

⚠ The "middleware" file convention is deprecated. Please use "proxy" instead. Learn more: https://nextjs.org/docs/messages/middleware-to-proxy
  Creating an optimized production build ...
[@sentry/nextjs] DEPRECATION WARNING: disableLogger is deprecated and will be removed in a future version. Use webpack.treeshake.removeDebugLogging instead. (Not supported with Turbopack.)
[@sentry/nextjs] DEPRECATION WARNING: automaticVercelMonitors is deprecated and will be removed in a future version. Use webpack.automaticVercelMonitors instead. (Not supported with Turbopack.)
✓ Compiled successfully in 8.0s
  Running next.config.js provided runAfterProductionCompile ...
✓ Completed runAfterProductionCompile in 23.8s
  Running TypeScript ...
Failed to type check.

./app/admin/disputes/page.tsx:25:25
Type error: Object literal may only specify known properties, and 'booking_ref' does not exist in type 'AdminDispute'.

  23 |     } catch {
  24 |       setDisputes([
> 25 |         { id: 'disp_1', booking_ref: 'KL-2026-00847', renter_name: 'Arundhati Roy', outfit...
     |                         ^
  26 |         { id: 'disp_2', booking_ref: 'KL-2026-00839', renter_name: 'Dia Mirza', outfit_tit...
  27 |       ]);
  28 |     } finally {
Next.js build worker exited with code: 1 and signal: null
