
> frontend@0.1.0 build
> next build

[@sentry/nextjs] DEPRECATION WARNING: disableLogger is deprecated and will be removed in a future version. Use webpack.treeshake.removeDebugLogging instead. (Not supported with Turbopack.)
[@sentry/nextjs] DEPRECATION WARNING: automaticVercelMonitors is deprecated and will be removed in a future version. Use webpack.automaticVercelMonitors instead. (Not supported with Turbopack.)
▲ Next.js 16.2.6 (Turbopack)
- Environments: .env.local
- Experiments (use with caution):
  · clientTraceMetadata

⚠ The "middleware" file convention is deprecated. Please use "proxy" instead. Learn more: https://nextjs.org/docs/messages/middleware-to-proxy
  Creating an optimized production build ...
[@sentry/nextjs] DEPRECATION WARNING: disableLogger is deprecated and will be removed in a future version. Use webpack.treeshake.removeDebugLogging instead. (Not supported with Turbopack.)
[@sentry/nextjs] DEPRECATION WARNING: automaticVercelMonitors is deprecated and will be removed in a future version. Use webpack.automaticVercelMonitors instead. (Not supported with Turbopack.)

> Build error occurred
Error: Turbopack build failed with 1 errors:
./app/globals.css
Error evaluating Node.js code
CssSyntaxError: Y:\swetha\Kloset\frontend\app\globals.css:231:1: Unexpected }
    at Input.error (node_modules/postcss/lib/input.js:135:16) [Y:\swetha\Kloset\frontend\.next\build\chunks\node_modules_13sb.px._.js:4692:22]
    at error (node_modules/postcss/lib/parser.js:594:22) [Y:\swetha\Kloset\frontend\.next\build\chunks\node_modules_13sb.px._.js:5878:26]
    at unexpectedClose (node_modules/postcss/lib/parser.js:337:12) [Y:\swetha\Kloset\frontend\.next\build\chunks\node_modules_13sb.px._.js:5651:18]
    at end (node_modules/postcss/lib/parser.js:463:16) [Y:\swetha\Kloset\frontend\.next\build\chunks\node_modules_13sb.px._.js:5762:26]
    at parse (node_modules/postcss/lib/parse.js:11:12) [Y:\swetha\Kloset\frontend\.next\build\chunks\node_modules_13sb.px._.js:5911:16]
    at parser (node_modules/postcss/lib/lazy-result.js:165:16) [Y:\swetha\Kloset\frontend\.next\build\chunks\node_modules_13sb.px._.js:6163:24]
    at Processor.process (node_modules/postcss/lib/processor.js:53:14) [Y:\swetha\Kloset\frontend\.next\build\chunks\node_modules_13sb.px._.js:6638:20]
    at process (turbopack:///[turbopack-node]/transforms/postcss.ts:70:51) [Y:\swetha\Kloset\frontend\.next\build\chunks\[root-of-the-server]__0d-m0h0._.js:146:52]
    at getValue (turbopack:///[turbopack-node]/child_process/evaluate.ts:89:29) [Y:\swetha\Kloset\frontend\.next\build\chunks\[root-of-the-server]__0ubbtyl._.js:443:37]
    at run (turbopack:///[turbopack-node]/child_process/evaluate.ts:112:11) [Y:\swetha\Kloset\frontend\.next\build\chunks\[root-of-the-server]__0ubbtyl._.js:464:25]

Import trace:
  Client Component Browser:
    ./app/globals.css [Client Component Browser]
    ./app/layout.tsx [Server Component]


    at process (turbopack:///[turbopack-node]/transforms/postcss.ts:70:51) [Y:\swetha\Kloset\frontend\.next\build\chunks\[root-of-the-server]__0d-m0h0._.js:146:52])
    at getValue (turbopack:///[turbopack-node]/child_process/evaluate.ts:89:29) [Y:\swetha\Kloset\frontend\.next\build\chunks\[root-of-the-server]__0ubbtyl._.js:443:37])
    at run (turbopack:///[turbopack-node]/child_process/evaluate.ts:112:11) [Y:\swetha\Kloset\frontend\.next\build\chunks\[root-of-the-server]__0ubbtyl._.js:464:25])
