Using API URL: http://127.0.0.1:8080/api/v1
Loaded Razorpay Webhook Secret from backend/.env successfully.

======================================================
   🌸 KLOSET AUTOMATED END-TO-END VALIDATION SUITE 🌸
======================================================

🔑 Authenticating Admin Client...
  ✅ [Admin Journey] Login Admin Account 

💼 Starting Seller Signup & Listing Creation...
  ✅ [Seller Journey] Register Seller Account 
  ✅ [Seller Journey] Login Seller Account 
  ✅ [Seller Journey] Submit KYC Verification 
  ✅ [Admin Journey] Approve Seller KYC 
  ✅ [Seller Journey] Create Listing Form Draft - Outfit ID: 23d8e380-6c7b-4cab-9dc6-98381f5ee31c
  ✅ [Seller Journey] Submit Listing for Verification 
  ✅ [Admin Journey] Approve Outfit Listing 
  ✅ [Seller Journey] Edit Listing Parameters 

👗 Starting Renter Journey...
  ✅ [Renter Journey] Register Renter Account 
  ✅ [Renter Journey] Login Renter Account 
  ✅ [Renter Journey] Browse Catalog - Picked Outfit ID: 23d8e380-6c7b-4cab-9dc6-98381f5ee31c
  ✅ [Renter Journey] Add Item to Wishlist 
  ✅ [Renter Journey] Add to Cart & Checkout (Draft Booking) - Booking ID: c0c3934a-47fc-4ce8-b591-33f34ad943fb
  ✅ [Renter Journey] Razorpay Payment & Signature Verification 
  ✅ [Renter Journey] Track Order Detail 
  ✅ [Renter Journey] Advance Lifecycle (picked_up -> in_use -> return_initiated) 

💼 Starting Seller Completion & Feedback...
  ✅ [Seller Journey] Verify Returned Garment & Complete Booking 
  ✅ [Renter Journey] Review Outfit Rating Feedback 
  ✅ [Seller Journey] View Received Bookings & Revenue Stats 

🎫 Starting Customer Support Journey...
  ✅ [Support Journey] Create Customer Support Ticket - Ticket ID: TKT-16434700
  ✅ [Support Journey] Admin View Tickets List 
  ✅ [Support Journey] Admin Reply to Support Chat 
  ✅ [Support Journey] Admin Resolve and Close Ticket 

⚖️ Starting Booking Dispute Resolution Journey...
  ✅ [Admin Journey] Renter Raises Booking Dispute - Dispute ID: 4b56221c-123c-47e3-90e5-2bf11fd0c61b
  ✅ [Admin Journey] Admin Resolves Dispute (Dismiss Fee) 

🔐 Testing OAuth Session Verification & OTP Hardened Rate Limits...
  ✅ [Admin Journey] Google Session & OAuth Claim Verification 
  ✅ [Launch Infrastructure] OTP Verification Code Dispatch 
  ✅ [Launch Infrastructure] OTP Cooldown Enforcement (60s) 

📊 Auditing Telemetry & Monitoring...
  ✅ [Launch Infrastructure] Platform healthz & readyz check 
  ✅ [Launch Infrastructure] Retrieve Administrator Diagnostics Metrics 

Platform Diagnostics Metrics: {
  "api_configurations": {
    "cloudinary_configured": true,
    "gemini_configured": true,
    "razorpay_configured": true,
    "resend_configured": true
  },
  "app_environment": "development",
  "database_stats": {
    "idle": 3,
    "in_use": 0,
    "max_open_connections": 25,
    "open_connections": 3,
    "wait_count": 0,
    "wait_duration_ms": 0
  },
  "failed_emails_cnt": 3,
  "recent_errors_cnt": 0,
  "redis_status": "disabled",
  "server_time": "2026-06-11T12:05:36.1082312+05:30"
}

======================================================
🏁 E2E VERIFICATION RUN COMPLETED
======================================================
Passed: 31 / 31 (100%)
Report written to public/e2e-report.json

