
> frontend@0.1.0 dev
> next dev

▲ Next.js 16.2.6 (Turbopack)
- Local:         http://localhost:3000
- Network:       http://192.168.1.10:3000
- Environments: .env.local
✓ Ready in 1430ms
⚠ The "middleware" file convention is deprecated. Please use "proxy" instead. Learn more: https://nextjs.org/docs/messages/middleware-to-proxy

 GET / 200 in 1062ms (next.js: 501ms, application-code: 561ms)
[browser] Image with src "https://images.unsplash.com/photo-1490481651871-ab68de25d43d?w=800&q=80" has "fill" but is missing "sizes" prop. Please add it to improve page performance. Read more: https://nextjs.org/docs/api-reference/next/image#sizes
⨯ upstream image response failed for https://images.unsplash.com/photo-1610030469983-398883ce42d1?w=400&h=600&fit=crop 404
⨯ upstream image response failed for https://images.unsplash.com/photo-1583391733956-6c78276477e2?w=400&h=600&fit=crop 404
⨯ upstream image response failed for https://images.unsplash.com/photo-1583391733956-6c78276477e2?w=800 404
⨯ upstream image response failed for https://images.unsplash.com/photo-1595777457583-95e700c37ae4?w=800 404
⨯ upstream image response failed for https://images.unsplash.com/photo-1610030469983-398883ce42d1?w=800 404
✓ Compiled in 1239ms
 GET / 200 in 242ms (next.js: 174ms, application-code: 68ms)
✓ Compiled in 152ms
 GET / 200 in 265ms (next.js: 194ms, application-code: 71ms)
 GET / 200 in 441ms (next.js: 10ms, application-code: 431ms)
[browser] Image with src "https://images.unsplash.com/photo-1490481651871-ab68de25d43d?w=800&q=80" has "fill" but is missing "sizes" prop. Please add it to improve page performance. Read more: https://nextjs.org/docs/api-reference/next/image#sizes
✓ Compiled in 111ms
 GET / 200 in 177ms (next.js: 131ms, application-code: 46ms)
 GET / 200 in 145ms (next.js: 94ms, application-code: 51ms)
 GET / 200 in 88ms (next.js: 56ms, application-code: 33ms)
 GET / 200 in 384ms (next.js: 9ms, application-code: 375ms)
[browser] Image with src "https://images.unsplash.com/photo-1490481651871-ab68de25d43d?w=800&q=80" has "fill" but is missing "sizes" prop. Please add it to improve page performance. Read more: https://nextjs.org/docs/api-reference/next/image#sizes
 GET / 200 in 779ms (next.js: 237ms, application-code: 542ms)
[browser] Image with src "https://images.unsplash.com/photo-1490481651871-ab68de25d43d?w=800&q=80" has "fill" but is missing "sizes" prop. Please add it to improve page performance. Read more: https://nextjs.org/docs/api-reference/next/image#sizes
 GET /discover 200 in 239ms (next.js: 200ms, application-code: 39ms)
 GET /discover 200 in 40ms (next.js: 7ms, application-code: 33ms)
 GET /discover 200 in 33ms (next.js: 5ms, application-code: 28ms)
 GET /discover 200 in 32ms (next.js: 8ms, application-code: 24ms)
 GET /discover 200 in 31ms (next.js: 5ms, application-code: 26ms)
 GET /register?role=seller 200 in 349ms (next.js: 115ms, proxy.ts: 195ms, application-code: 40ms)
 GET /faq 200 in 104ms (next.js: 74ms, application-code: 30ms)
 GET /contact 200 in 88ms (next.js: 63ms, application-code: 26ms)
 GET /help 200 in 97ms (next.js: 62ms, application-code: 34ms)
✓ Compiled in 1755ms
 GET /help 200 in 969ms (next.js: 729ms, application-code: 240ms)
✓ Compiled in 812ms
