
> frontend@0.1.0 build
> next build

[@sentry/nextjs] DEPRECATION WARNING: disableLogger is deprecated and will be removed in a future version. Use webpack.treeshake.removeDebugLogging instead. (Not supported with Turbopack.)
[@sentry/nextjs] DEPRECATION WARNING: automaticVercelMonitors is deprecated and will be removed in a future version. Use webpack.automaticVercelMonitors instead. (Not supported with Turbopack.)
▲ Next.js 16.2.6 (Turbopack)
- Environments: .env.local
- Experiments (use with caution):
  · clientTraceMetadata

⚠ The "middleware" file convention is deprecated. Please use "proxy" instead. Learn more: https://nextjs.org/docs/messages/middleware-to-proxy
  Creating an optimized production build ...
[@sentry/nextjs] DEPRECATION WARNING: disableLogger is deprecated and will be removed in a future version. Use webpack.treeshake.removeDebugLogging instead. (Not supported with Turbopack.)
[@sentry/nextjs] DEPRECATION WARNING: automaticVercelMonitors is deprecated and will be removed in a future version. Use webpack.automaticVercelMonitors instead. (Not supported with Turbopack.)
Found 1 warning while optimizing generated CSS:

│   }
│ }
│ @import url('https://fonts.googleapis.com/css2?family=Inter:wght@300;400;500;600;700;800&family=Playfair+Display:ital,wght@0,400;0,500;0,600;0,700;0,800;1,400;1,500&display=swap');
┆        ^-- @import rules must precede all rules aside from @charset and @layer statements
┆
│ :root {
│   --font-display: 'Playfair Display', serif;

✓ Compiled successfully in 37.6s
  Running next.config.js provided runAfterProductionCompile ...
✓ Completed runAfterProductionCompile in 46s
  Running TypeScript ...
Failed to type check.

./app/seller/listings/page.tsx:199:15
Type error: Type '{ emoji: string; title: string; description: string; actionLabel: string; onAction: () => void; actionHref: string | undefined; }' is not assignable to type 'IntrinsicAttributes & EmptyStateProps'.
  Property 'emoji' does not exist on type 'IntrinsicAttributes & EmptyStateProps'.

  197 |           ) : filteredOutfits.length === 0 ? (
  198 |             <EmptyState
> 199 |               emoji="👗"
      |               ^
  200 |               title="No outfits found"
  201 |               description={searchQuery || statusFilter !== 'all'
  202 |                 ? 'Try adjusting your filters or search query.'
Next.js build worker exited with code: 1 and signal: null
