?   	github.com/kloset/backend/cmd/check_db	[no test files]
?   	github.com/kloset/backend/cmd/fix_db	[no test files]
?   	github.com/kloset/backend/cmd/inspect_db	[no test files]
?   	github.com/kloset/backend/cmd/migrate	[no test files]
?   	github.com/kloset/backend/cmd/seed	[no test files]
?   	github.com/kloset/backend/cmd/server	[no test files]
?   	github.com/kloset/backend/cmd/test_conn	[no test files]
?   	github.com/kloset/backend/internal/admin	[no test files]
?   	github.com/kloset/backend/internal/ai	[no test files]
ok  	github.com/kloset/backend/internal/auth	2.026s
?   	github.com/kloset/backend/internal/booking	[no test files]
?   	github.com/kloset/backend/internal/config	[no test files]
?   	github.com/kloset/backend/internal/database	[no test files]
?   	github.com/kloset/backend/internal/dispute	[no test files]
?   	github.com/kloset/backend/internal/email	[no test files]
?   	github.com/kloset/backend/internal/logging	[no test files]
?   	github.com/kloset/backend/internal/middleware	[no test files]
?   	github.com/kloset/backend/internal/monitoring	[no test files]
?   	github.com/kloset/backend/internal/notification	[no test files]
?   	github.com/kloset/backend/internal/outfit	[no test files]
?   	github.com/kloset/backend/internal/payment	[no test files]
?   	github.com/kloset/backend/internal/review	[no test files]
?   	github.com/kloset/backend/internal/support	[no test files]
?   	github.com/kloset/backend/internal/user	[no test files]
?   	github.com/kloset/backend/pkg/payment	[no test files]
?   	github.com/kloset/backend/pkg/response	[no test files]
?   	github.com/kloset/backend/pkg/utils	[no test files]
