Using API URL: http://127.0.0.1:8080/api/v1
Loaded Razorpay Webhook Secret from backend/.env successfully.

======================================================
   🌸 KLOSET AUTOMATED END-TO-END VALIDATION SUITE 🌸
======================================================

🔑 Authenticating Admin Client...
  ❌ [Admin Journey] Login Admin Account - {"success":false,"error":"invalid email or password"}

💼 Starting Seller Signup & Listing Creation...
  ✅ [Seller Journey] Register Seller Account 
  ✅ [Seller Journey] Login Seller Account 
  ✅ [Seller Journey] Submit KYC Verification 
  ✅ [Seller Journey] Create Listing Form Draft - Outfit ID: a26256c1-9561-4dd4-91f0-986d9ef7eab5
  ✅ [Seller Journey] Submit Listing for Verification 
  ✅ [Seller Journey] Edit Listing Parameters 

👗 Starting Renter Journey...
  ✅ [Renter Journey] Register Renter Account 
  ✅ [Renter Journey] Login Renter Account 
  ❌ [Renter Journey] Browse Catalog - Catalog returned 0 items

💼 Starting Seller Completion & Feedback...
  ✅ [Seller Journey] View Received Bookings & Revenue Stats 

🎫 Starting Customer Support Journey...
  ✅ [Support Journey] Create Customer Support Ticket - Ticket ID: TKT-61715500

⚖️ Starting Booking Dispute Resolution Journey...

🔐 Testing OAuth Session Verification & OTP Hardened Rate Limits...
  ✅ [Admin Journey] Google Session & OAuth Claim Verification 
  ✅ [Launch Infrastructure] OTP Verification Code Dispatch 
  ✅ [Launch Infrastructure] OTP Cooldown Enforcement (60s) 

📊 Auditing Telemetry & Monitoring...
  ✅ [Launch Infrastructure] Platform healthz & readyz check 

======================================================
🏁 E2E VERIFICATION RUN COMPLETED
======================================================
Passed: 14 / 16 (88%)
Report written to public/e2e-report.json

