
> frontend@0.1.0 build
> next build

[@sentry/nextjs] DEPRECATION WARNING: disableLogger is deprecated and will be removed in a future version. Use webpack.treeshake.removeDebugLogging instead. (Not supported with Turbopack.)
[@sentry/nextjs] DEPRECATION WARNING: automaticVercelMonitors is deprecated and will be removed in a future version. Use webpack.automaticVercelMonitors instead. (Not supported with Turbopack.)
▲ Next.js 16.2.6 (Turbopack)
- Environments: .env.local
- Experiments (use with caution):
  · clientTraceMetadata

⚠ The "middleware" file convention is deprecated. Please use "proxy" instead. Learn more: https://nextjs.org/docs/messages/middleware-to-proxy
  Creating an optimized production build ...
[@sentry/nextjs] DEPRECATION WARNING: disableLogger is deprecated and will be removed in a future version. Use webpack.treeshake.removeDebugLogging instead. (Not supported with Turbopack.)
[@sentry/nextjs] DEPRECATION WARNING: automaticVercelMonitors is deprecated and will be removed in a future version. Use webpack.automaticVercelMonitors instead. (Not supported with Turbopack.)

> Build error occurred
Error: Turbopack build failed with 6 errors:
./components/layout/RenterFooter.tsx:4:1
Export Facebook doesn't exist in target module
  2 |
  3 | import Link from 'next/link';
> 4 | import { Mail, Facebook, Instagram, Twitter } from 'lucide-react';
    | ^^^^^^^^^^^^^^^^^^^^^^^^^^^^^^^^^^^^^^^^^^^^^^^^^^^^^^^^^^^^^^^^^^
  5 |
  6 | export default function RenterFooter() {
  7 |   return (

The export Facebook was not found in module [project]/node_modules/lucide-react/dist/esm/lucide-react.mjs [app-client] (ecmascript).
Did you mean to import Webhook?
All exports of the module are statically known (It doesn't have dynamic exports). So it's known statically that the requested export doesn't exist.

Import traces:
  Client Component Browser:
    ./components/layout/RenterFooter.tsx [Client Component Browser]
    ./components/layout/AppShell.tsx [Client Component Browser]
    ./components/layout/AppShell.tsx [Server Component]
    ./app/layout.tsx [Server Component]

  Client Component SSR:
    ./components/layout/RenterFooter.tsx [Client Component SSR]
    ./components/layout/AppShell.tsx [Client Component SSR]
    ./components/layout/AppShell.tsx [Server Component]
    ./app/layout.tsx [Server Component]


./components/layout/RenterFooter.tsx:4:1
Export Facebook doesn't exist in target module
  2 |
  3 | import Link from 'next/link';
> 4 | import { Mail, Facebook, Instagram, Twitter } from 'lucide-react';
    | ^^^^^^^^^^^^^^^^^^^^^^^^^^^^^^^^^^^^^^^^^^^^^^^^^^^^^^^^^^^^^^^^^^
  5 |
  6 | export default function RenterFooter() {
  7 |   return (

The export Facebook was not found in module [project]/node_modules/lucide-react/dist/esm/lucide-react.mjs [app-ssr] (ecmascript).
Did you mean to import Webhook?
All exports of the module are statically known (It doesn't have dynamic exports). So it's known statically that the requested export doesn't exist.

Import traces:
  Client Component Browser:
    ./components/layout/RenterFooter.tsx [Client Component Browser]
    ./components/layout/AppShell.tsx [Client Component Browser]
    ./components/layout/AppShell.tsx [Server Component]
    ./app/layout.tsx [Server Component]

  Client Component SSR:
    ./components/layout/RenterFooter.tsx [Client Component SSR]
    ./components/layout/AppShell.tsx [Client Component SSR]
    ./components/layout/AppShell.tsx [Server Component]
    ./app/layout.tsx [Server Component]


./components/layout/RenterFooter.tsx:4:1
Export Instagram doesn't exist in target module
  2 |
  3 | import Link from 'next/link';
> 4 | import { Mail, Facebook, Instagram, Twitter } from 'lucide-react';
    | ^^^^^^^^^^^^^^^^^^^^^^^^^^^^^^^^^^^^^^^^^^^^^^^^^^^^^^^^^^^^^^^^^^
  5 |
  6 | export default function RenterFooter() {
  7 |   return (

The export Instagram was not found in module [project]/node_modules/lucide-react/dist/esm/lucide-react.mjs [app-client] (ecmascript).
Did you mean to import Star?
All exports of the module are statically known (It doesn't have dynamic exports). So it's known statically that the requested export doesn't exist.

Import traces:
  Client Component Browser:
    ./components/layout/RenterFooter.tsx [Client Component Browser]
    ./components/layout/AppShell.tsx [Client Component Browser]
    ./components/layout/AppShell.tsx [Server Component]
    ./app/layout.tsx [Server Component]

  Client Component SSR:
    ./components/layout/RenterFooter.tsx [Client Component SSR]
    ./components/layout/AppShell.tsx [Client Component SSR]
    ./components/layout/AppShell.tsx [Server Component]
    ./app/layout.tsx [Server Component]


./components/layout/RenterFooter.tsx:4:1
Export Instagram doesn't exist in target module
  2 |
  3 | import Link from 'next/link';
> 4 | import { Mail, Facebook, Instagram, Twitter } from 'lucide-react';
    | ^^^^^^^^^^^^^^^^^^^^^^^^^^^^^^^^^^^^^^^^^^^^^^^^^^^^^^^^^^^^^^^^^^
  5 |
  6 | export default function RenterFooter() {
  7 |   return (

The export Instagram was not found in module [project]/node_modules/lucide-react/dist/esm/lucide-react.mjs [app-ssr] (ecmascript).
Did you mean to import Star?
All exports of the module are statically known (It doesn't have dynamic exports). So it's known statically that the requested export doesn't exist.

Import traces:
  Client Component Browser:
    ./components/layout/RenterFooter.tsx [Client Component Browser]
    ./components/layout/AppShell.tsx [Client Component Browser]
    ./components/layout/AppShell.tsx [Server Component]
    ./app/layout.tsx [Server Component]

  Client Component SSR:
    ./components/layout/RenterFooter.tsx [Client Component SSR]
    ./components/layout/AppShell.tsx [Client Component SSR]
    ./components/layout/AppShell.tsx [Server Component]
    ./app/layout.tsx [Server Component]


./components/layout/RenterFooter.tsx:4:1
Export Twitter doesn't exist in target module
  2 |
  3 | import Link from 'next/link';
> 4 | import { Mail, Facebook, Instagram, Twitter } from 'lucide-react';
    | ^^^^^^^^^^^^^^^^^^^^^^^^^^^^^^^^^^^^^^^^^^^^^^^^^^^^^^^^^^^^^^^^^^
  5 |
  6 | export default function RenterFooter() {
  7 |   return (

The export Twitter was not found in module [project]/node_modules/lucide-react/dist/esm/lucide-react.mjs [app-client] (ecmascript).
Did you mean to import Timer?
All exports of the module are statically known (It doesn't have dynamic exports). So it's known statically that the requested export doesn't exist.

Import traces:
  Client Component Browser:
    ./components/layout/RenterFooter.tsx [Client Component Browser]
    ./components/layout/AppShell.tsx [Client Component Browser]
    ./components/layout/AppShell.tsx [Server Component]
    ./app/layout.tsx [Server Component]

  Client Component SSR:
    ./components/layout/RenterFooter.tsx [Client Component SSR]
    ./components/layout/AppShell.tsx [Client Component SSR]
    ./components/layout/AppShell.tsx [Server Component]
    ./app/layout.tsx [Server Component]


./components/layout/RenterFooter.tsx:4:1
Export Twitter doesn't exist in target module
  2 |
  3 | import Link from 'next/link';
> 4 | import { Mail, Facebook, Instagram, Twitter } from 'lucide-react';
    | ^^^^^^^^^^^^^^^^^^^^^^^^^^^^^^^^^^^^^^^^^^^^^^^^^^^^^^^^^^^^^^^^^^
  5 |
  6 | export default function RenterFooter() {
  7 |   return (

The export Twitter was not found in module [project]/node_modules/lucide-react/dist/esm/lucide-react.mjs [app-ssr] (ecmascript).
Did you mean to import Timer?
All exports of the module are statically known (It doesn't have dynamic exports). So it's known statically that the requested export doesn't exist.

Import traces:
  Client Component Browser:
    ./components/layout/RenterFooter.tsx [Client Component Browser]
    ./components/layout/AppShell.tsx [Client Component Browser]
    ./components/layout/AppShell.tsx [Server Component]
    ./app/layout.tsx [Server Component]

  Client Component SSR:
    ./components/layout/RenterFooter.tsx [Client Component SSR]
    ./components/layout/AppShell.tsx [Client Component SSR]
    ./components/layout/AppShell.tsx [Server Component]
    ./app/layout.tsx [Server Component]


    at <unknown> (./components/layout/RenterFooter.tsx:4:1)
    at <unknown> (./components/layout/RenterFooter.tsx:4:1)
    at <unknown> (./components/layout/RenterFooter.tsx:4:1)
    at <unknown> (./components/layout/RenterFooter.tsx:4:1)
    at <unknown> (./components/layout/RenterFooter.tsx:4:1)
    at <unknown> (./components/layout/RenterFooter.tsx:4:1)
