
> frontend@0.1.0 build
> next build

▲ Next.js 16.2.6 (Turbopack)
- Environments: .env.local

⚠ The "middleware" file convention is deprecated. Please use "proxy" instead. Learn more: https://nextjs.org/docs/messages/middleware-to-proxy
  Creating an optimized production build ...
✓ Compiled successfully in 5.1s
  Running TypeScript ...
  Finished TypeScript in 24.2s ...
  Collecting page data using 19 workers ...
  Generating static pages using 19 workers (0/27) ...
  Generating static pages using 19 workers (6/27) 
  Generating static pages using 19 workers (13/27) 
  Generating static pages using 19 workers (20/27) 
✓ Generating static pages using 19 workers (27/27) in 4.1s
  Finalizing page optimization ...

Route (app)
┌ ○ /
├ ○ /_not-found
├ ○ /admin-studio
├ ○ /admin/dashboard
├ ○ /booking/checkout
├ ○ /booking/confirmation
├ ○ /cancellation-policy
├ ○ /contact
├ ○ /damage-protection-policy
├ ○ /discover
├ ○ /faq
├ ○ /help
├ ○ /login
├ ƒ /outfit/[id]
├ ○ /outfit/new
├ ○ /privacy
├ ○ /refund-policy
├ ○ /register
├ ○ /rental-agreement
├ ○ /renter/dashboard
├ ○ /seller-agreement
├ ○ /seller/dashboard
├ ○ /seller/outfits
├ ○ /shipping-policy
├ ○ /terms
└ ○ /test-center


ƒ Proxy (Middleware)

○  (Static)   prerendered as static content
ƒ  (Dynamic)  server-rendered on demand

